2025-12-04 09:53:16,743-DEBUG-root-18608::logging_config::logger|189:: Log file created: 'Log\GESIT03\TIR__20251204095316739.log'
2025-12-04 09:53:16,744-INFO-root-18608::base::Start|1183:: TIR Version: 2.4.3
2025-12-04 09:53:16,744-INFO-root-18608::base::Start|1184:: Python Version: 3.12.10
2025-12-04 09:53:16,744-INFO-root-18608::base::Start|1185:: Starting the browser
2025-12-04 09:53:24,152-INFO-root-18608::base::get_url|1294:: Page is ready!
2025-12-04 09:53:24,155-INFO-root-18608::base::Start|1256:: Browser maximized to 1936x1048
2025-12-04 09:53:24,156-INFO-root-18608::base::Start|1258:: Screen size is different from default used in headless mode
2025-12-04 09:53:24,738-INFO-root-18608::webapp_internal::Setup|247:: ***System Info*** in Setup():
2025-12-04 09:53:24,739-DEBUG-root-18608::psutil_info::system_info|5:: CPU USAGE: 22.3%
2025-12-04 09:53:24,739-DEBUG-root-18608::psutil_info::system_info|6:: MEMORY USAGE: 91.5%
2025-12-04 09:53:24,740-DEBUG-root-18608::psutil_info::system_info|7:: MEMORY AVAILABLE: 8.5%
2025-12-04 09:53:24,746-INFO-root-18608::base::webapp_shadowroot|1394:: Webapp: 10.1.6-RC4
2025-12-04 09:53:24,772-INFO-root-18608::webapp_internal::filling_initial_program|449:: Filling Initial Program: "SIGAMDI"
2025-12-04 09:53:24,772-DEBUG-root-18608::webapp_internal::wait_element|7623:: Waiting for element
2025-12-04 09:53:24,831-DEBUG-root-18608::webapp_internal::wait_element|7653:: Element found! Waiting for element to be displayed.
2025-12-04 09:53:24,987-DEBUG-root-18608::base::click|192:: Click Type: ClickType.JS
2025-12-04 09:53:24,993-DEBUG-root-18608::webapp_internal::try_send_keys|7976:: Trying to send keys to element using technique 0
2025-12-04 09:53:25,334-DEBUG-root-18608::webapp_internal::get_web_value|3232:: Current value: SIGAMDI
2025-12-04 09:53:25,334-INFO-root-18608::webapp_internal::filling_server_environment|463:: Filling Server Environment: "POUPEX_TST"
2025-12-04 09:53:25,334-DEBUG-root-18608::webapp_internal::wait_element|7623:: Waiting for element
2025-12-04 09:53:25,357-DEBUG-root-18608::webapp_internal::wait_element|7653:: Element found! Waiting for element to be displayed.
2025-12-04 09:53:25,519-DEBUG-root-18608::base::click|192:: Click Type: ClickType.JS
2025-12-04 09:53:25,524-DEBUG-root-18608::webapp_internal::try_send_keys|7976:: Trying to send keys to element using technique 0
2025-12-04 09:53:25,860-DEBUG-root-18608::webapp_internal::get_web_value|3232:: Current value: POUPEX_TST
2025-12-04 09:53:25,880-DEBUG-root-18608::base::click|192:: Click Type: ClickType.JS
2025-12-04 09:53:25,892-DEBUG-root-18608::webapp_internal::user_screen|519:: Filling user screen
2025-12-04 09:53:31,791-DEBUG-root-18608::webapp_internal::wait_element_timeout|7726:: Element found! Waiting for element to be displayed.
2025-12-04 09:53:31,846-DEBUG-root-18608::base::scroll_to_element|759:: ********Warining scroll_to_element exception: Message: TypeError: can't access property "scrollIntoView", arguments[0] is null
Stacktrace:
@https://qasrverp:10020/webapp/:2:7
@https://qasrverp:10020/webapp/:3:8
*********
2025-12-04 09:53:31,978-INFO-root-18608::webapp_internal::user_screen|561:: Filling User
2025-12-04 09:53:32,005-DEBUG-root-18608::base::double_click|259:: Click Type: ClickType.SELENIUM
2025-12-04 09:53:32,204-DEBUG-root-18608::webapp_internal::get_web_value|3232:: Current value: 97137227104
2025-12-04 09:53:32,231-INFO-root-18608::webapp_internal::user_screen|621:: Filling Password
2025-12-04 09:53:32,254-DEBUG-root-18608::base::click|192:: Click Type: ClickType.JS
2025-12-04 09:53:32,338-DEBUG-root-18608::webapp_internal::get_web_value|3232:: Current value: Val20221080080094+
2025-12-04 09:53:32,338-DEBUG-root-18608::webapp_internal::wait_blocker|2444:: Waiting blocker to continue...
2025-12-04 09:53:32,365-DEBUG-root-18608::webapp_internal::wait_blocker|2469:: Blocker status: None
2025-12-04 09:53:32,388-DEBUG-root-18608::webapp_internal::wait_blocker|2444:: Waiting blocker to continue...
2025-12-04 09:53:32,420-DEBUG-root-18608::webapp_internal::wait_blocker|2469:: Blocker status: None
2025-12-04 09:53:32,454-DEBUG-root-18608::webapp_internal::wait_blocker|2444:: Waiting blocker to continue...
2025-12-04 09:53:32,480-DEBUG-root-18608::webapp_internal::wait_blocker|2469:: Blocker status: None
2025-12-04 09:53:32,480-DEBUG-root-18608::webapp_internal::send_action|10480:: Trying to send action
2025-12-04 09:53:32,488-DEBUG-root-18608::base::click|192:: Click Type: ClickType.JS
2025-12-04 09:53:33,537-DEBUG-root-18608::webapp_internal::send_action|10522:: send_action method result = True
2025-12-04 09:53:33,538-DEBUG-root-18608::webapp_internal::send_action|10523:: send_action selenium status: False
2025-12-04 09:53:35,962-DEBUG-root-18608::base::scroll_to_element|759:: ********Warining scroll_to_element exception: Message: TypeError: can't access property "scrollIntoView", arguments[0] is null
Stacktrace:
@https://qasrverp:10020/webapp/:2:7
@https://qasrverp:10020/webapp/:3:8
*********
2025-12-04 09:53:36,018-INFO-root-18608::webapp_internal::filling_date|885:: Filling Date: "04/11/2025"
2025-12-04 09:53:36,018-DEBUG-root-18608::webapp_internal::wait_blocker|2444:: Waiting blocker to continue...
2025-12-04 09:53:36,055-DEBUG-root-18608::webapp_internal::wait_blocker|2469:: Blocker status: None
2025-12-04 09:53:36,058-DEBUG-root-18608::base::click|192:: Click Type: ClickType.JS
2025-12-04 09:53:36,077-DEBUG-root-18608::webapp_internal::try_send_keys|7976:: Trying to send keys to element using technique 1
2025-12-04 09:53:36,178-DEBUG-root-18608::webapp_internal::get_web_value|3232:: Current value: 04/11/2025
2025-12-04 09:53:37,305-INFO-root-18608::webapp_internal::filling_group|955:: Filling Group: "02"
2025-12-04 09:53:37,305-DEBUG-root-18608::webapp_internal::wait_blocker|2444:: Waiting blocker to continue...
2025-12-04 09:53:37,372-DEBUG-root-18608::webapp_internal::wait_blocker|2469:: Blocker status: None
2025-12-04 09:53:37,377-DEBUG-root-18608::base::click|192:: Click Type: ClickType.JS
2025-12-04 09:53:37,454-DEBUG-root-18608::webapp_internal::get_web_value|3232:: Current value: 02
2025-12-04 09:53:38,528-INFO-root-18608::webapp_internal::filling_branch|1047:: Filling Branch: "02DF0001"
2025-12-04 09:53:38,528-DEBUG-root-18608::webapp_internal::wait_blocker|2444:: Waiting blocker to continue...
2025-12-04 09:53:38,565-DEBUG-root-18608::webapp_internal::wait_blocker|2469:: Blocker status: None
2025-12-04 09:53:38,568-DEBUG-root-18608::base::click|192:: Click Type: ClickType.JS
2025-12-04 09:53:38,642-DEBUG-root-18608::webapp_internal::get_web_value|3232:: Current value: 02DF0001
2025-12-04 09:53:39,732-INFO-root-18608::webapp_internal::filling_environment|1113:: Filling Environment: "07"
2025-12-04 09:53:39,732-DEBUG-root-18608::webapp_internal::wait_blocker|2444:: Waiting blocker to continue...
2025-12-04 09:53:39,779-DEBUG-root-18608::webapp_internal::wait_blocker|2469:: Blocker status: None
2025-12-04 09:53:39,782-DEBUG-root-18608::base::click|192:: Click Type: ClickType.JS
2025-12-04 09:53:39,858-DEBUG-root-18608::webapp_internal::get_web_value|3232:: Current value: 07
2025-12-04 09:53:40,871-DEBUG-root-18608::webapp_internal::close_warning_screen|1489:: Closing warning screen!
2025-12-04 09:53:41,908-DEBUG-root-18608::webapp_internal::check_screen_element|1291:: Checking screen element: "Atenção": False
2025-12-04 09:53:43,020-INFO-root-18608::webapp_internal::environment_screen|796:: Clicking on Button
2025-12-04 09:53:43,020-DEBUG-root-18608::webapp_internal::wait_blocker|2444:: Waiting blocker to continue...
2025-12-04 09:53:43,064-DEBUG-root-18608::webapp_internal::wait_blocker|2469:: Blocker status: None
2025-12-04 09:53:43,069-DEBUG-root-18608::base::click|192:: Click Type: ClickType.JS
2025-12-04 09:53:44,093-DEBUG-root-18608::base::click|192:: Click Type: ClickType.JS
2025-12-04 09:53:45,106-DEBUG-root-18608::base::click|192:: Click Type: ClickType.JS
2025-12-04 09:53:46,117-DEBUG-root-18608::base::click|192:: Click Type: ClickType.JS
2025-12-04 09:53:47,126-DEBUG-root-18608::base::click|192:: Click Type: ClickType.JS
2025-12-04 09:53:48,138-DEBUG-root-18608::base::click|192:: Click Type: ClickType.JS
2025-12-04 09:53:49,145-DEBUG-root-18608::webapp_internal::close_screen_before_menu|368:: Closing screen before the menu
2025-12-04 09:53:49,198-DEBUG-root-18608::webapp_internal::close_warning_screen|1489:: Closing warning screen!
2025-12-04 09:53:50,258-DEBUG-root-18608::webapp_internal::check_screen_element|1291:: Checking screen element: "Atenção": False
2025-12-04 09:53:50,258-DEBUG-root-18608::webapp_internal::close_coin_screen|1424:: Closing coin screen!
2025-12-04 09:53:50,824-DEBUG-root-18608::base::click|192:: Click Type: ClickType.JS
2025-12-04 09:53:50,918-DEBUG-root-18608::webapp_internal::close_warning_screen|1489:: Closing warning screen!
2025-12-04 09:53:51,984-DEBUG-root-18608::webapp_internal::check_screen_element|1291:: Checking screen element: "Atenção": False
2025-12-04 09:53:51,985-DEBUG-root-18608::webapp_internal::close_coin_screen|1424:: Closing coin screen!
2025-12-04 09:53:52,110-INFO-root-18608::webapp_internal::set_log_info|1623:: Getting log info
2025-12-04 09:53:52,110-INFO-root-18608::webapp_internal::SetLateralMenu|4184:: Navigating lateral menu: Ajuda > Sobre
2025-12-04 09:53:52,125-DEBUG-root-18608::webapp_internal::wait_element|7623:: Waiting for element
2025-12-04 09:53:52,174-DEBUG-root-18608::webapp_internal::wait_element|7653:: Element found! Waiting for element to be displayed.
2025-12-04 09:53:52,381-INFO-root-18608::webapp_internal::SetLateralMenu|4203:: Menu item: "Ajuda"
2025-12-04 09:53:52,381-DEBUG-root-18608::webapp_internal::wait_blocker|2444:: Waiting blocker to continue...
2025-12-04 09:53:52,472-DEBUG-root-18608::webapp_internal::wait_blocker|2469:: Blocker status: False
2025-12-04 09:53:52,992-DEBUG-root-18608::webapp_internal::wait_element_timeout|7726:: Element found! Waiting for element to be displayed.
2025-12-04 09:53:53,434-DEBUG-root-18608::webapp_internal::wait_blocker|2444:: Waiting blocker to continue...
2025-12-04 09:53:53,518-DEBUG-root-18608::webapp_internal::wait_blocker|2469:: Blocker status: False
2025-12-04 09:53:55,821-INFO-root-18608::webapp_internal::SetLateralMenu|4203:: Menu item: "Sobre"
2025-12-04 09:53:55,821-DEBUG-root-18608::webapp_internal::wait_blocker|2444:: Waiting blocker to continue...
2025-12-04 09:53:55,900-DEBUG-root-18608::webapp_internal::wait_blocker|2469:: Blocker status: False
2025-12-04 09:53:56,408-DEBUG-root-18608::webapp_internal::wait_element_timeout|7726:: Element found! Waiting for element to be displayed.
2025-12-04 09:53:56,904-DEBUG-root-18608::webapp_internal::wait_blocker|2444:: Waiting blocker to continue...
2025-12-04 09:53:56,988-DEBUG-root-18608::webapp_internal::wait_blocker|2469:: Blocker status: False
2025-12-04 09:53:59,696-DEBUG-root-18608::webapp_internal::wait_blocker|2444:: Waiting blocker to continue...
2025-12-04 09:53:59,771-DEBUG-root-18608::webapp_internal::wait_blocker|2469:: Blocker status: False
2025-12-04 09:53:59,858-DEBUG-root-18608::webapp_internal::wait_element|7623:: Waiting for element
2025-12-04 09:53:59,929-DEBUG-root-18608::webapp_internal::wait_element|7653:: Element found! Waiting for element to be displayed.
2025-12-04 09:54:00,151-INFO-root-18608::webapp_internal::SetButton|4444:: Clicking on Fechar
2025-12-04 09:54:00,151-DEBUG-root-18608::webapp_internal::wait_blocker|2444:: Waiting blocker to continue...
2025-12-04 09:54:00,234-DEBUG-root-18608::webapp_internal::wait_blocker|2469:: Blocker status: False
2025-12-04 09:54:00,442-DEBUG-root-18608::webapp_internal::wait_element_timeout|7726:: Element found! Waiting for element to be displayed.
2025-12-04 09:54:00,531-DEBUG-root-18608::webapp_internal::SetButton|4481:: ***System Info*** Before Clicking on button:Fechar
2025-12-04 09:54:00,532-DEBUG-root-18608::psutil_info::system_info|5:: CPU USAGE: 8.7%
2025-12-04 09:54:00,532-DEBUG-root-18608::psutil_info::system_info|6:: MEMORY USAGE: 92.9%
2025-12-04 09:54:00,532-DEBUG-root-18608::psutil_info::system_info|7:: MEMORY AVAILABLE: 7.13%
2025-12-04 09:54:00,705-DEBUG-root-18608::webapp_internal::wait_element_timeout|7726:: Element found! Waiting for element to be displayed.
2025-12-04 09:54:00,836-DEBUG-root-18608::webapp_internal::wait_blocker|2444:: Waiting blocker to continue...
2025-12-04 09:54:00,925-DEBUG-root-18608::webapp_internal::wait_blocker|2469:: Blocker status: False
2025-12-04 09:54:00,942-DEBUG-root-18608::webapp_internal::wait_blocker|2444:: Waiting blocker to continue...
2025-12-04 09:54:01,030-DEBUG-root-18608::webapp_internal::wait_blocker|2469:: Blocker status: False
2025-12-04 09:54:01,030-DEBUG-root-18608::webapp_internal::send_action|10480:: Trying to send action
2025-12-04 09:54:01,033-DEBUG-root-18608::base::click|192:: Click Type: ClickType.JS
2025-12-04 09:54:02,066-DEBUG-root-18608::webapp_internal::send_action|10522:: send_action method result = True
2025-12-04 09:54:02,066-DEBUG-root-18608::webapp_internal::send_action|10523:: send_action selenium status: False
2025-12-04 09:54:02,066-DEBUG-root-18608::webapp_internal::SetButton|4683:: ***System Info*** After Clicking on button:
2025-12-04 09:54:02,067-DEBUG-root-18608::psutil_info::system_info|5:: CPU USAGE: 7.5%
2025-12-04 09:54:02,067-DEBUG-root-18608::psutil_info::system_info|6:: MEMORY USAGE: 92.8%
2025-12-04 09:54:02,067-DEBUG-root-18608::psutil_info::system_info|7:: MEMORY AVAILABLE: 7.19%
2025-12-04 09:54:02,068-DEBUG-root-18608::webapp_internal::wait_element|7623:: Waiting for element
2025-12-04 09:54:02,245-INFO-root-18608::webapp_internal::SetLateralMenu|4184:: Navigating lateral menu: Atualizações > Especificos > Tipo de Convenio
2025-12-04 09:54:02,262-DEBUG-root-18608::webapp_internal::wait_element|7623:: Waiting for element
2025-12-04 09:54:02,314-DEBUG-root-18608::webapp_internal::wait_element|7653:: Element found! Waiting for element to be displayed.
2025-12-04 09:54:02,514-INFO-root-18608::webapp_internal::SetLateralMenu|4203:: Menu item: "Atualizações"
2025-12-04 09:54:02,514-DEBUG-root-18608::webapp_internal::wait_blocker|2444:: Waiting blocker to continue...
2025-12-04 09:54:02,647-DEBUG-root-18608::webapp_internal::wait_blocker|2469:: Blocker status: False
2025-12-04 09:54:03,267-DEBUG-root-18608::webapp_internal::wait_element_timeout|7726:: Element found! Waiting for element to be displayed.
2025-12-04 09:54:03,721-DEBUG-root-18608::webapp_internal::wait_blocker|2444:: Waiting blocker to continue...
2025-12-04 09:54:03,798-DEBUG-root-18608::webapp_internal::wait_blocker|2469:: Blocker status: False
2025-12-04 09:54:06,091-INFO-root-18608::webapp_internal::SetLateralMenu|4203:: Menu item: "Especificos"
2025-12-04 09:54:06,091-DEBUG-root-18608::webapp_internal::wait_blocker|2444:: Waiting blocker to continue...
2025-12-04 09:54:06,183-DEBUG-root-18608::webapp_internal::wait_blocker|2469:: Blocker status: False
2025-12-04 09:54:06,990-DEBUG-root-18608::webapp_internal::wait_element_timeout|7726:: Element found! Waiting for element to be displayed.
2025-12-04 09:54:07,692-DEBUG-root-18608::webapp_internal::wait_blocker|2444:: Waiting blocker to continue...
2025-12-04 09:54:07,777-DEBUG-root-18608::webapp_internal::wait_blocker|2469:: Blocker status: False
2025-12-04 09:54:10,075-INFO-root-18608::webapp_internal::SetLateralMenu|4203:: Menu item: "Tipo de Convenio"
2025-12-04 09:54:10,076-DEBUG-root-18608::webapp_internal::wait_blocker|2444:: Waiting blocker to continue...
2025-12-04 09:54:10,188-DEBUG-root-18608::webapp_internal::wait_blocker|2469:: Blocker status: False
2025-12-04 09:54:11,971-DEBUG-root-18608::webapp_internal::wait_element_timeout|7726:: Element found! Waiting for element to be displayed.
2025-12-04 09:54:13,730-DEBUG-root-18608::webapp_internal::wait_blocker|2444:: Waiting blocker to continue...
2025-12-04 09:54:13,829-DEBUG-root-18608::webapp_internal::wait_blocker|2469:: Blocker status: False
2025-12-04 09:54:18,394-DEBUG-root-18608::webapp_internal::wait_blocker|2444:: Waiting blocker to continue...
2025-12-04 09:54:18,501-DEBUG-root-18608::webapp_internal::wait_blocker|2469:: Blocker status: False
2025-12-04 09:54:18,608-INFO-root-18608::webapp_internal::WaitShow|4980:: Waiting show text 'Este ambiente utiliza base de Homologação.'...
2025-12-04 09:54:23,968-DEBUG-root-18608::log::checks_empty_line|221:: Checking empty default log info
2025-12-04 09:54:23,972-DEBUG-root-18608::log::generate_log|503:: Json log_data: {'cLogDtExec': '04/12/2025 09:54:23', 'cLogNomUsr': '97137227104', 'cLogNomEst': 'GESIT03', 'cLogProgra': None, 'cLogDtProg': '', 'cLogHrProg': '', 'nLogCtsOk': 1, 'nLogCtsNok': 0, 'nLogCtsSeg': 67.35, 'cLogVersao': '12', 'cLogReleas': '12.1.2410', 'nLogCtsErr': '', 'cLogBancod': 'ORACLE', 'cLogIdenti': '', 'cLogIdExec': '20251204', 'cLogPais': 'BRA', 'cLogTool': 'TIR', 'cLogSequen': '9896d2', 'nLogCtsTot': 1, 'cLogDtExea': '04/12/2025', 'cLogHrExea': '09:54:23', 'cLogArea': 'Desenvolvimento', 'cLogMnExec': 1.1224999999999998}
2025-12-04 09:54:23,972-INFO-root-18608::log::send_log_with_retries|515:: Saving log locally.
2025-12-04 09:54:23,972-INFO-root-18608::log::save_log_locally|548:: [FwSendLog]: Não foi possível enviar o log após todas as tentativas.
2025-12-04 09:54:23,973-INFO-root-18608::log::save_log_locally|555:: [FwSendLog]: Log salvo localmente em C:\TIR_TESTE\1764852863.json.
2025-12-04 09:54:23,974-INFO-root-18608::webapp_internal::WaitShow|4980:: Waiting show text 'Moedas'...
2025-12-04 09:54:29,291-INFO-root-18608::webapp_internal::WaitShow|4980:: Waiting show text 'Tipos de Convênios'...
2025-12-04 09:54:29,363-INFO-root-18608::webapp_internal::WaitShow|4996:: Text found! 
2025-12-04 09:54:29,363-INFO-root-18608::webapp_internal::SetButton|4444:: Clicking on Incluir
2025-12-04 09:54:29,363-DEBUG-root-18608::webapp_internal::wait_blocker|2444:: Waiting blocker to continue...
2025-12-04 09:54:29,476-DEBUG-root-18608::webapp_internal::wait_blocker|2469:: Blocker status: False
2025-12-04 09:54:29,878-DEBUG-root-18608::webapp_internal::wait_element_timeout|7726:: Element found! Waiting for element to be displayed.
2025-12-04 09:54:30,144-DEBUG-root-18608::webapp_internal::SetButton|4481:: ***System Info*** Before Clicking on button:Incluir
2025-12-04 09:54:30,144-DEBUG-root-18608::psutil_info::system_info|5:: CPU USAGE: 11.6%
2025-12-04 09:54:30,145-DEBUG-root-18608::psutil_info::system_info|6:: MEMORY USAGE: 93.9%
2025-12-04 09:54:30,145-DEBUG-root-18608::psutil_info::system_info|7:: MEMORY AVAILABLE: 6.11%
2025-12-04 09:54:30,514-DEBUG-root-18608::webapp_internal::wait_element_timeout|7726:: Element found! Waiting for element to be displayed.
2025-12-04 09:54:30,837-DEBUG-root-18608::webapp_internal::wait_blocker|2444:: Waiting blocker to continue...
2025-12-04 09:54:30,946-DEBUG-root-18608::webapp_internal::wait_blocker|2469:: Blocker status: False
2025-12-04 09:54:30,976-DEBUG-root-18608::webapp_internal::wait_blocker|2444:: Waiting blocker to continue...
2025-12-04 09:54:31,088-DEBUG-root-18608::webapp_internal::wait_blocker|2469:: Blocker status: False
2025-12-04 09:54:31,088-DEBUG-root-18608::webapp_internal::send_action|10480:: Trying to send action
2025-12-04 09:54:31,091-DEBUG-root-18608::base::click|192:: Click Type: ClickType.JS
2025-12-04 09:54:32,142-DEBUG-root-18608::webapp_internal::send_action|10522:: send_action method result = True
2025-12-04 09:54:32,142-DEBUG-root-18608::webapp_internal::send_action|10523:: send_action selenium status: False
2025-12-04 09:54:32,142-DEBUG-root-18608::webapp_internal::SetButton|4683:: ***System Info*** After Clicking on button:
2025-12-04 09:54:32,143-DEBUG-root-18608::psutil_info::system_info|5:: CPU USAGE: 10.1%
2025-12-04 09:54:32,143-DEBUG-root-18608::psutil_info::system_info|6:: MEMORY USAGE: 94.0%
2025-12-04 09:54:32,143-DEBUG-root-18608::psutil_info::system_info|7:: MEMORY AVAILABLE: 5.96%
2025-12-04 09:54:32,143-INFO-root-18608::webapp_internal::WaitShow|4980:: Waiting show text 'Tipos de Convenios - INCLUIR'...
2025-12-04 09:54:32,275-INFO-root-18608::webapp_internal::WaitShow|4996:: Text found! 
2025-12-04 09:54:32,275-DEBUG-root-18608::webapp_internal::SetFocus|6011:: Setting focus on element ZD_DESCONV.
2025-12-04 09:54:32,434-DEBUG-root-18608::base::click|192:: Click Type: ClickType.SELENIUM
2025-12-04 09:54:32,504-DEBUG-root-18608::webapp_internal::wait_blocker|2444:: Waiting blocker to continue...
2025-12-04 09:54:32,626-DEBUG-root-18608::webapp_internal::wait_blocker|2469:: Blocker status: False
2025-12-04 09:54:32,626-DEBUG-root-18608::webapp_internal::wait_element|7623:: Waiting for element
2025-12-04 09:54:32,697-DEBUG-root-18608::webapp_internal::wait_element|7653:: Element found! Waiting for element to be displayed.
2025-12-04 09:54:32,762-INFO-root-18608::webapp_internal::input_value|2941:: Looking for element: ZD_DESCONV
2025-12-04 09:54:32,901-INFO-root-18608::webapp_internal::input_value|2951:: Element: ZD_DESCONV Found!
2025-12-04 09:54:32,902-INFO-root-18608::webapp_internal::input_value|2953:: Filling element: ZD_DESCONV
2025-12-04 09:54:32,927-DEBUG-root-18608::webapp_internal::get_web_value|3232:: Current value:                                                             
2025-12-04 09:54:32,959-DEBUG-root-18608::base::double_click|259:: Click Type: ClickType.SELENIUM
2025-12-04 09:54:33,208-DEBUG-root-18608::webapp_internal::wait_blocker|2444:: Waiting blocker to continue...
2025-12-04 09:54:33,348-DEBUG-root-18608::webapp_internal::wait_blocker|2469:: Blocker status: False
2025-12-04 09:54:33,694-DEBUG-root-18608::webapp_internal::get_web_value|3232:: Current value: TESTE INCLUSAO 01                                           
2025-12-04 09:54:33,695-INFO-root-18608::webapp_internal::input_value|3059:: Current field value: TESTE INCLUSAO 01
2025-12-04 09:54:33,724-DEBUG-root-18608::webapp_internal::wait_blocker|2444:: Waiting blocker to continue...
2025-12-04 09:54:33,918-DEBUG-root-18608::webapp_internal::wait_blocker|2469:: Blocker status: False
2025-12-04 09:54:33,918-INFO-root-18608::webapp_internal::SetKey|5822:: Key pressed: TAB
2025-12-04 09:54:33,918-DEBUG-root-18608::webapp_internal::SetKey|5857:: Trying press key
2025-12-04 09:54:35,922-DEBUG-root-18608::webapp_internal::wait_blocker|2444:: Waiting blocker to continue...
2025-12-04 09:54:36,045-DEBUG-root-18608::webapp_internal::wait_blocker|2469:: Blocker status: False
2025-12-04 09:54:36,073-DEBUG-root-18608::webapp_internal::wait_blocker|2444:: Waiting blocker to continue...
2025-12-04 09:54:36,204-DEBUG-root-18608::webapp_internal::wait_blocker|2469:: Blocker status: False
2025-12-04 09:54:36,205-DEBUG-root-18608::webapp_internal::send_action|10480:: Trying to send action
2025-12-04 09:54:37,241-DEBUG-root-18608::webapp_internal::send_action|10522:: send_action method result = True
2025-12-04 09:54:37,242-DEBUG-root-18608::webapp_internal::send_action|10523:: send_action selenium status: False
2025-12-04 09:54:37,242-DEBUG-root-18608::webapp_internal::wait_blocker|2444:: Waiting blocker to continue...
2025-12-04 09:54:37,364-DEBUG-root-18608::webapp_internal::wait_blocker|2469:: Blocker status: False
2025-12-04 09:54:37,364-DEBUG-root-18608::webapp_internal::wait_element|7623:: Waiting for element
2025-12-04 09:54:37,440-DEBUG-root-18608::webapp_internal::wait_element|7653:: Element found! Waiting for element to be displayed.
2025-12-04 09:54:37,504-INFO-root-18608::webapp_internal::input_value|2941:: Looking for element: ZD_TPMOV
2025-12-04 09:54:37,613-INFO-root-18608::webapp_internal::input_value|2951:: Element: ZD_TPMOV Found!
2025-12-04 09:54:37,613-INFO-root-18608::webapp_internal::input_value|2953:: Filling element: ZD_TPMOV
2025-12-04 09:54:38,795-INFO-root-18608::base::select_combo|871:: Selected value for combo is: 1 - Titular
2025-12-04 09:54:38,848-DEBUG-root-18608::webapp_internal::wait_blocker|2444:: Waiting blocker to continue...
2025-12-04 09:54:38,974-DEBUG-root-18608::webapp_internal::wait_blocker|2469:: Blocker status: False
2025-12-04 09:54:38,974-DEBUG-root-18608::webapp_internal::wait_element|7623:: Waiting for element
2025-12-04 09:54:39,046-DEBUG-root-18608::webapp_internal::wait_element|7653:: Element found! Waiting for element to be displayed.
2025-12-04 09:54:39,108-INFO-root-18608::webapp_internal::input_value|2941:: Looking for element: ZD_TPALTSA
2025-12-04 09:54:39,218-INFO-root-18608::webapp_internal::input_value|2951:: Element: ZD_TPALTSA Found!
2025-12-04 09:54:39,218-INFO-root-18608::webapp_internal::input_value|2953:: Filling element: ZD_TPALTSA
2025-12-04 09:54:39,242-DEBUG-root-18608::webapp_internal::get_web_value|3232:: Current value:    
2025-12-04 09:54:39,276-DEBUG-root-18608::base::double_click|259:: Click Type: ClickType.SELENIUM
2025-12-04 09:54:39,546-DEBUG-root-18608::webapp_internal::wait_blocker|2444:: Waiting blocker to continue...
2025-12-04 09:54:39,692-DEBUG-root-18608::webapp_internal::wait_blocker|2469:: Blocker status: False
2025-12-04 09:54:40,018-DEBUG-root-18608::webapp_internal::get_web_value|3232:: Current value: 003
2025-12-04 09:54:40,020-INFO-root-18608::webapp_internal::input_value|3059:: Current field value: 003
2025-12-04 09:54:40,027-INFO-root-18608::webapp_internal::WaitShow|4980:: Waiting show text 'Histórico'...
2025-12-04 09:54:41,852-INFO-root-18608::webapp_internal::WaitShow|4996:: Text found! 
2025-12-04 09:54:41,853-DEBUG-root-18608::webapp_internal::wait_blocker|2444:: Waiting blocker to continue...
2025-12-04 09:54:41,986-DEBUG-root-18608::webapp_internal::wait_blocker|2469:: Blocker status: False
2025-12-04 09:54:41,986-INFO-root-18608::webapp_internal::SetKey|5822:: Key pressed: TAB
2025-12-04 09:54:41,986-DEBUG-root-18608::webapp_internal::SetKey|5857:: Trying press key
2025-12-04 09:54:41,987-DEBUG-root-18608::webapp_internal::wait_element|7623:: Waiting for element
2025-12-04 09:54:42,068-DEBUG-root-18608::webapp_internal::wait_element|7653:: Element found! Waiting for element to be displayed.
2025-12-04 09:54:42,295-DEBUG-root-18608::webapp_internal::wait_blocker|2444:: Waiting blocker to continue...
2025-12-04 09:54:42,480-DEBUG-root-18608::webapp_internal::wait_blocker|2469:: Blocker status: False
2025-12-04 09:54:42,480-INFO-root-18608::webapp_internal::LoadGrid|6298:: Filling grid field: Data Inicio
2025-12-04 09:54:42,480-DEBUG-root-18608::webapp_internal::fill_grid|6399:: Grid loading...
2025-12-04 09:54:42,614-DEBUG-root-18608::webapp_internal::fill_grid|6466:: Column found!
2025-12-04 09:54:42,660-DEBUG-root-18608::base::click|192:: Click Type: ClickType.ACTIONCHAINS
2025-12-04 09:54:48,120-DEBUG-root-18608::webapp_internal::fill_grid|6498:: Trying open cell in grid!
2025-12-04 09:54:48,397-DEBUG-root-18608::webapp_internal::wait_blocker|2444:: Waiting blocker to continue...
2025-12-04 09:54:48,557-DEBUG-root-18608::webapp_internal::wait_blocker|2469:: Blocker status: False
2025-12-04 09:54:48,737-DEBUG-root-18608::webapp_internal::wait_element_timeout|7726:: Element found! Waiting for element to be displayed.
2025-12-04 09:54:49,072-DEBUG-root-18608::webapp_internal::fill_grid|6577:: Sending keys: 04/11/2025
2025-12-04 09:54:49,390-DEBUG-root-18608::webapp_internal::wait_blocker|2444:: Waiting blocker to continue...
2025-12-04 09:54:49,544-DEBUG-root-18608::webapp_internal::wait_blocker|2469:: Blocker status: True
2025-12-04 09:54:49,677-DEBUG-root-18608::webapp_internal::wait_blocker|2469:: Blocker status: False
2025-12-04 09:54:55,040-DEBUG-root-18608::webapp_internal::wait_blocker|2444:: Waiting blocker to continue...
2025-12-04 09:54:55,161-DEBUG-root-18608::webapp_internal::wait_blocker|2469:: Blocker status: False
2025-12-04 09:54:55,187-DEBUG-root-18608::webapp_internal::wait_blocker|2444:: Waiting blocker to continue...
2025-12-04 09:54:55,314-DEBUG-root-18608::webapp_internal::wait_blocker|2469:: Blocker status: False
2025-12-04 09:54:55,314-DEBUG-root-18608::webapp_internal::send_action|10480:: Trying to send action
2025-12-04 09:54:56,351-DEBUG-root-18608::webapp_internal::send_action|10522:: send_action method result = True
2025-12-04 09:54:56,351-DEBUG-root-18608::webapp_internal::send_action|10523:: send_action selenium status: False
2025-12-04 09:53:16,743-DEBUG-root-18608::logging_config::logger|189:: Log file created: 'Log\GESIT03\TIR__20251204095316739.log'
2025-12-04 09:53:16,744-INFO-root-18608::base::Start|1183:: TIR Version: 2.4.3
2025-12-04 09:53:16,744-INFO-root-18608::base::Start|1184:: Python Version: 3.12.10
2025-12-04 09:53:16,744-INFO-root-18608::base::Start|1185:: Starting the browser
2025-12-04 09:53:24,152-INFO-root-18608::base::get_url|1294:: Page is ready!
2025-12-04 09:53:24,155-INFO-root-18608::base::Start|1256:: Browser maximized to 1936x1048
2025-12-04 09:53:24,156-INFO-root-18608::base::Start|1258:: Screen size is different from default used in headless mode
2025-12-04 09:53:24,738-INFO-root-18608::webapp_internal::Setup|247:: ***System Info*** in Setup():
2025-12-04 09:53:24,739-DEBUG-root-18608::psutil_info::system_info|5:: CPU USAGE: 22.3%
2025-12-04 09:53:24,739-DEBUG-root-18608::psutil_info::system_info|6:: MEMORY USAGE: 91.5%
2025-12-04 09:53:24,740-DEBUG-root-18608::psutil_info::system_info|7:: MEMORY AVAILABLE: 8.5%
2025-12-04 09:53:24,746-INFO-root-18608::base::webapp_shadowroot|1394:: Webapp: 10.1.6-RC4
2025-12-04 09:53:24,772-INFO-root-18608::webapp_internal::filling_initial_program|449:: Filling Initial Program: "SIGAMDI"
2025-12-04 09:53:24,772-DEBUG-root-18608::webapp_internal::wait_element|7623:: Waiting for element
2025-12-04 09:53:24,831-DEBUG-root-18608::webapp_internal::wait_element|7653:: Element found! Waiting for element to be displayed.
2025-12-04 09:53:24,987-DEBUG-root-18608::base::click|192:: Click Type: ClickType.JS
2025-12-04 09:53:24,993-DEBUG-root-18608::webapp_internal::try_send_keys|7976:: Trying to send keys to element using technique 0
2025-12-04 09:53:25,334-DEBUG-root-18608::webapp_internal::get_web_value|3232:: Current value: SIGAMDI
2025-12-04 09:53:25,334-INFO-root-18608::webapp_internal::filling_server_environment|463:: Filling Server Environment: "POUPEX_TST"
2025-12-04 09:53:25,334-DEBUG-root-18608::webapp_internal::wait_element|7623:: Waiting for element
2025-12-04 09:53:25,357-DEBUG-root-18608::webapp_internal::wait_element|7653:: Element found! Waiting for element to be displayed.
2025-12-04 09:53:25,519-DEBUG-root-18608::base::click|192:: Click Type: ClickType.JS
2025-12-04 09:53:25,524-DEBUG-root-18608::webapp_internal::try_send_keys|7976:: Trying to send keys to element using technique 0
2025-12-04 09:53:25,860-DEBUG-root-18608::webapp_internal::get_web_value|3232:: Current value: POUPEX_TST
2025-12-04 09:53:25,880-DEBUG-root-18608::base::click|192:: Click Type: ClickType.JS
2025-12-04 09:53:25,892-DEBUG-root-18608::webapp_internal::user_screen|519:: Filling user screen
2025-12-04 09:53:31,791-DEBUG-root-18608::webapp_internal::wait_element_timeout|7726:: Element found! Waiting for element to be displayed.
2025-12-04 09:53:31,846-DEBUG-root-18608::base::scroll_to_element|759:: ********Warining scroll_to_element exception: Message: TypeError: can't access property "scrollIntoView", arguments[0] is null
Stacktrace:
@https://qasrverp:10020/webapp/:2:7
@https://qasrverp:10020/webapp/:3:8
*********
2025-12-04 09:53:31,978-INFO-root-18608::webapp_internal::user_screen|561:: Filling User
2025-12-04 09:53:32,005-DEBUG-root-18608::base::double_click|259:: Click Type: ClickType.SELENIUM
2025-12-04 09:53:32,204-DEBUG-root-18608::webapp_internal::get_web_value|3232:: Current value: 97137227104
2025-12-04 09:53:32,231-INFO-root-18608::webapp_internal::user_screen|621:: Filling Password
2025-12-04 09:53:32,254-DEBUG-root-18608::base::click|192:: Click Type: ClickType.JS
2025-12-04 09:53:32,338-DEBUG-root-18608::webapp_internal::get_web_value|3232:: Current value: Val20221080080094+
2025-12-04 09:53:32,338-DEBUG-root-18608::webapp_internal::wait_blocker|2444:: Waiting blocker to continue...
2025-12-04 09:53:32,365-DEBUG-root-18608::webapp_internal::wait_blocker|2469:: Blocker status: None
2025-12-04 09:53:32,388-DEBUG-root-18608::webapp_internal::wait_blocker|2444:: Waiting blocker to continue...
2025-12-04 09:53:32,420-DEBUG-root-18608::webapp_internal::wait_blocker|2469:: Blocker status: None
2025-12-04 09:53:32,454-DEBUG-root-18608::webapp_internal::wait_blocker|2444:: Waiting blocker to continue...
2025-12-04 09:53:32,480-DEBUG-root-18608::webapp_internal::wait_blocker|2469:: Blocker status: None
2025-12-04 09:53:32,480-DEBUG-root-18608::webapp_internal::send_action|10480:: Trying to send action
2025-12-04 09:53:32,488-DEBUG-root-18608::base::click|192:: Click Type: ClickType.JS
2025-12-04 09:53:33,537-DEBUG-root-18608::webapp_internal::send_action|10522:: send_action method result = True
2025-12-04 09:53:33,538-DEBUG-root-18608::webapp_internal::send_action|10523:: send_action selenium status: False
2025-12-04 09:53:35,962-DEBUG-root-18608::base::scroll_to_element|759:: ********Warining scroll_to_element exception: Message: TypeError: can't access property "scrollIntoView", arguments[0] is null
Stacktrace:
@https://qasrverp:10020/webapp/:2:7
@https://qasrverp:10020/webapp/:3:8
*********
2025-12-04 09:53:36,018-INFO-root-18608::webapp_internal::filling_date|885:: Filling Date: "04/11/2025"
2025-12-04 09:53:36,018-DEBUG-root-18608::webapp_internal::wait_blocker|2444:: Waiting blocker to continue...
2025-12-04 09:53:36,055-DEBUG-root-18608::webapp_internal::wait_blocker|2469:: Blocker status: None
2025-12-04 09:53:36,058-DEBUG-root-18608::base::click|192:: Click Type: ClickType.JS
2025-12-04 09:53:36,077-DEBUG-root-18608::webapp_internal::try_send_keys|7976:: Trying to send keys to element using technique 1
2025-12-04 09:53:36,178-DEBUG-root-18608::webapp_internal::get_web_value|3232:: Current value: 04/11/2025
2025-12-04 09:53:37,305-INFO-root-18608::webapp_internal::filling_group|955:: Filling Group: "02"
2025-12-04 09:53:37,305-DEBUG-root-18608::webapp_internal::wait_blocker|2444:: Waiting blocker to continue...
2025-12-04 09:53:37,372-DEBUG-root-18608::webapp_internal::wait_blocker|2469:: Blocker status: None
2025-12-04 09:53:37,377-DEBUG-root-18608::base::click|192:: Click Type: ClickType.JS
2025-12-04 09:53:37,454-DEBUG-root-18608::webapp_internal::get_web_value|3232:: Current value: 02
2025-12-04 09:53:38,528-INFO-root-18608::webapp_internal::filling_branch|1047:: Filling Branch: "02DF0001"
2025-12-04 09:53:38,528-DEBUG-root-18608::webapp_internal::wait_blocker|2444:: Waiting blocker to continue...
2025-12-04 09:53:38,565-DEBUG-root-18608::webapp_internal::wait_blocker|2469:: Blocker status: None
2025-12-04 09:53:38,568-DEBUG-root-18608::base::click|192:: Click Type: ClickType.JS
2025-12-04 09:53:38,642-DEBUG-root-18608::webapp_internal::get_web_value|3232:: Current value: 02DF0001
2025-12-04 09:53:39,732-INFO-root-18608::webapp_internal::filling_environment|1113:: Filling Environment: "07"
2025-12-04 09:53:39,732-DEBUG-root-18608::webapp_internal::wait_blocker|2444:: Waiting blocker to continue...
2025-12-04 09:53:39,779-DEBUG-root-18608::webapp_internal::wait_blocker|2469:: Blocker status: None
2025-12-04 09:53:39,782-DEBUG-root-18608::base::click|192:: Click Type: ClickType.JS
2025-12-04 09:53:39,858-DEBUG-root-18608::webapp_internal::get_web_value|3232:: Current value: 07
2025-12-04 09:53:40,871-DEBUG-root-18608::webapp_internal::close_warning_screen|1489:: Closing warning screen!
2025-12-04 09:53:41,908-DEBUG-root-18608::webapp_internal::check_screen_element|1291:: Checking screen element: "Atenção": False
2025-12-04 09:53:43,020-INFO-root-18608::webapp_internal::environment_screen|796:: Clicking on Button
2025-12-04 09:53:43,020-DEBUG-root-18608::webapp_internal::wait_blocker|2444:: Waiting blocker to continue...
2025-12-04 09:53:43,064-DEBUG-root-18608::webapp_internal::wait_blocker|2469:: Blocker status: None
2025-12-04 09:53:43,069-DEBUG-root-18608::base::click|192:: Click Type: ClickType.JS
2025-12-04 09:53:44,093-DEBUG-root-18608::base::click|192:: Click Type: ClickType.JS
2025-12-04 09:53:45,106-DEBUG-root-18608::base::click|192:: Click Type: ClickType.JS
2025-12-04 09:53:46,117-DEBUG-root-18608::base::click|192:: Click Type: ClickType.JS
2025-12-04 09:53:47,126-DEBUG-root-18608::base::click|192:: Click Type: ClickType.JS
2025-12-04 09:53:48,138-DEBUG-root-18608::base::click|192:: Click Type: ClickType.JS
2025-12-04 09:53:49,145-DEBUG-root-18608::webapp_internal::close_screen_before_menu|368:: Closing screen before the menu
2025-12-04 09:53:49,198-DEBUG-root-18608::webapp_internal::close_warning_screen|1489:: Closing warning screen!
2025-12-04 09:53:50,258-DEBUG-root-18608::webapp_internal::check_screen_element|1291:: Checking screen element: "Atenção": False
2025-12-04 09:53:50,258-DEBUG-root-18608::webapp_internal::close_coin_screen|1424:: Closing coin screen!
2025-12-04 09:53:50,824-DEBUG-root-18608::base::click|192:: Click Type: ClickType.JS
2025-12-04 09:53:50,918-DEBUG-root-18608::webapp_internal::close_warning_screen|1489:: Closing warning screen!
2025-12-04 09:53:51,984-DEBUG-root-18608::webapp_internal::check_screen_element|1291:: Checking screen element: "Atenção": False
2025-12-04 09:53:51,985-DEBUG-root-18608::webapp_internal::close_coin_screen|1424:: Closing coin screen!
2025-12-04 09:53:52,110-INFO-root-18608::webapp_internal::set_log_info|1623:: Getting log info
2025-12-04 09:53:52,110-INFO-root-18608::webapp_internal::SetLateralMenu|4184:: Navigating lateral menu: Ajuda > Sobre
2025-12-04 09:53:52,125-DEBUG-root-18608::webapp_internal::wait_element|7623:: Waiting for element
2025-12-04 09:53:52,174-DEBUG-root-18608::webapp_internal::wait_element|7653:: Element found! Waiting for element to be displayed.
2025-12-04 09:53:52,381-INFO-root-18608::webapp_internal::SetLateralMenu|4203:: Menu item: "Ajuda"
2025-12-04 09:53:52,381-DEBUG-root-18608::webapp_internal::wait_blocker|2444:: Waiting blocker to continue...
2025-12-04 09:53:52,472-DEBUG-root-18608::webapp_internal::wait_blocker|2469:: Blocker status: False
2025-12-04 09:53:52,992-DEBUG-root-18608::webapp_internal::wait_element_timeout|7726:: Element found! Waiting for element to be displayed.
2025-12-04 09:53:53,434-DEBUG-root-18608::webapp_internal::wait_blocker|2444:: Waiting blocker to continue...
2025-12-04 09:53:53,518-DEBUG-root-18608::webapp_internal::wait_blocker|2469:: Blocker status: False
2025-12-04 09:53:55,821-INFO-root-18608::webapp_internal::SetLateralMenu|4203:: Menu item: "Sobre"
2025-12-04 09:53:55,821-DEBUG-root-18608::webapp_internal::wait_blocker|2444:: Waiting blocker to continue...
2025-12-04 09:53:55,900-DEBUG-root-18608::webapp_internal::wait_blocker|2469:: Blocker status: False
2025-12-04 09:53:56,408-DEBUG-root-18608::webapp_internal::wait_element_timeout|7726:: Element found! Waiting for element to be displayed.
2025-12-04 09:53:56,904-DEBUG-root-18608::webapp_internal::wait_blocker|2444:: Waiting blocker to continue...
2025-12-04 09:53:56,988-DEBUG-root-18608::webapp_internal::wait_blocker|2469:: Blocker status: False
2025-12-04 09:53:59,696-DEBUG-root-18608::webapp_internal::wait_blocker|2444:: Waiting blocker to continue...
2025-12-04 09:53:59,771-DEBUG-root-18608::webapp_internal::wait_blocker|2469:: Blocker status: False
2025-12-04 09:53:59,858-DEBUG-root-18608::webapp_internal::wait_element|7623:: Waiting for element
2025-12-04 09:53:59,929-DEBUG-root-18608::webapp_internal::wait_element|7653:: Element found! Waiting for element to be displayed.
2025-12-04 09:54:00,151-INFO-root-18608::webapp_internal::SetButton|4444:: Clicking on Fechar
2025-12-04 09:54:00,151-DEBUG-root-18608::webapp_internal::wait_blocker|2444:: Waiting blocker to continue...
2025-12-04 09:54:00,234-DEBUG-root-18608::webapp_internal::wait_blocker|2469:: Blocker status: False
2025-12-04 09:54:00,442-DEBUG-root-18608::webapp_internal::wait_element_timeout|7726:: Element found! Waiting for element to be displayed.
2025-12-04 09:54:00,531-DEBUG-root-18608::webapp_internal::SetButton|4481:: ***System Info*** Before Clicking on button:Fechar
2025-12-04 09:54:00,532-DEBUG-root-18608::psutil_info::system_info|5:: CPU USAGE: 8.7%
2025-12-04 09:54:00,532-DEBUG-root-18608::psutil_info::system_info|6:: MEMORY USAGE: 92.9%
2025-12-04 09:54:00,532-DEBUG-root-18608::psutil_info::system_info|7:: MEMORY AVAILABLE: 7.13%
2025-12-04 09:54:00,705-DEBUG-root-18608::webapp_internal::wait_element_timeout|7726:: Element found! Waiting for element to be displayed.
2025-12-04 09:54:00,836-DEBUG-root-18608::webapp_internal::wait_blocker|2444:: Waiting blocker to continue...
2025-12-04 09:54:00,925-DEBUG-root-18608::webapp_internal::wait_blocker|2469:: Blocker status: False
2025-12-04 09:54:00,942-DEBUG-root-18608::webapp_internal::wait_blocker|2444:: Waiting blocker to continue...
2025-12-04 09:54:01,030-DEBUG-root-18608::webapp_internal::wait_blocker|2469:: Blocker status: False
2025-12-04 09:54:01,030-DEBUG-root-18608::webapp_internal::send_action|10480:: Trying to send action
2025-12-04 09:54:01,033-DEBUG-root-18608::base::click|192:: Click Type: ClickType.JS
2025-12-04 09:54:02,066-DEBUG-root-18608::webapp_internal::send_action|10522:: send_action method result = True
2025-12-04 09:54:02,066-DEBUG-root-18608::webapp_internal::send_action|10523:: send_action selenium status: False
2025-12-04 09:54:02,066-DEBUG-root-18608::webapp_internal::SetButton|4683:: ***System Info*** After Clicking on button:
2025-12-04 09:54:02,067-DEBUG-root-18608::psutil_info::system_info|5:: CPU USAGE: 7.5%
2025-12-04 09:54:02,067-DEBUG-root-18608::psutil_info::system_info|6:: MEMORY USAGE: 92.8%
2025-12-04 09:54:02,067-DEBUG-root-18608::psutil_info::system_info|7:: MEMORY AVAILABLE: 7.19%
2025-12-04 09:54:02,068-DEBUG-root-18608::webapp_internal::wait_element|7623:: Waiting for element
2025-12-04 09:54:02,245-INFO-root-18608::webapp_internal::SetLateralMenu|4184:: Navigating lateral menu: Atualizações > Especificos > Tipo de Convenio
2025-12-04 09:54:02,262-DEBUG-root-18608::webapp_internal::wait_element|7623:: Waiting for element
2025-12-04 09:54:02,314-DEBUG-root-18608::webapp_internal::wait_element|7653:: Element found! Waiting for element to be displayed.
2025-12-04 09:54:02,514-INFO-root-18608::webapp_internal::SetLateralMenu|4203:: Menu item: "Atualizações"
2025-12-04 09:54:02,514-DEBUG-root-18608::webapp_internal::wait_blocker|2444:: Waiting blocker to continue...
2025-12-04 09:54:02,647-DEBUG-root-18608::webapp_internal::wait_blocker|2469:: Blocker status: False
2025-12-04 09:54:03,267-DEBUG-root-18608::webapp_internal::wait_element_timeout|7726:: Element found! Waiting for element to be displayed.
2025-12-04 09:54:03,721-DEBUG-root-18608::webapp_internal::wait_blocker|2444:: Waiting blocker to continue...
2025-12-04 09:54:03,798-DEBUG-root-18608::webapp_internal::wait_blocker|2469:: Blocker status: False
2025-12-04 09:54:06,091-INFO-root-18608::webapp_internal::SetLateralMenu|4203:: Menu item: "Especificos"
2025-12-04 09:54:06,091-DEBUG-root-18608::webapp_internal::wait_blocker|2444:: Waiting blocker to continue...
2025-12-04 09:54:06,183-DEBUG-root-18608::webapp_internal::wait_blocker|2469:: Blocker status: False
2025-12-04 09:54:06,990-DEBUG-root-18608::webapp_internal::wait_element_timeout|7726:: Element found! Waiting for element to be displayed.
2025-12-04 09:54:07,692-DEBUG-root-18608::webapp_internal::wait_blocker|2444:: Waiting blocker to continue...
2025-12-04 09:54:07,777-DEBUG-root-18608::webapp_internal::wait_blocker|2469:: Blocker status: False
2025-12-04 09:54:10,075-INFO-root-18608::webapp_internal::SetLateralMenu|4203:: Menu item: "Tipo de Convenio"
2025-12-04 09:54:10,076-DEBUG-root-18608::webapp_internal::wait_blocker|2444:: Waiting blocker to continue...
2025-12-04 09:54:10,188-DEBUG-root-18608::webapp_internal::wait_blocker|2469:: Blocker status: False
2025-12-04 09:54:11,971-DEBUG-root-18608::webapp_internal::wait_element_timeout|7726:: Element found! Waiting for element to be displayed.
2025-12-04 09:54:13,730-DEBUG-root-18608::webapp_internal::wait_blocker|2444:: Waiting blocker to continue...
2025-12-04 09:54:13,829-DEBUG-root-18608::webapp_internal::wait_blocker|2469:: Blocker status: False
2025-12-04 09:54:18,394-DEBUG-root-18608::webapp_internal::wait_blocker|2444:: Waiting blocker to continue...
2025-12-04 09:54:18,501-DEBUG-root-18608::webapp_internal::wait_blocker|2469:: Blocker status: False
2025-12-04 09:54:18,608-INFO-root-18608::webapp_internal::WaitShow|4980:: Waiting show text 'Este ambiente utiliza base de Homologação.'...
2025-12-04 09:54:23,968-DEBUG-root-18608::log::checks_empty_line|221:: Checking empty default log info
2025-12-04 09:54:23,972-DEBUG-root-18608::log::generate_log|503:: Json log_data: {'cLogDtExec': '04/12/2025 09:54:23', 'cLogNomUsr': '97137227104', 'cLogNomEst': 'GESIT03', 'cLogProgra': None, 'cLogDtProg': '', 'cLogHrProg': '', 'nLogCtsOk': 1, 'nLogCtsNok': 0, 'nLogCtsSeg': 67.35, 'cLogVersao': '12', 'cLogReleas': '12.1.2410', 'nLogCtsErr': '', 'cLogBancod': 'ORACLE', 'cLogIdenti': '', 'cLogIdExec': '20251204', 'cLogPais': 'BRA', 'cLogTool': 'TIR', 'cLogSequen': '9896d2', 'nLogCtsTot': 1, 'cLogDtExea': '04/12/2025', 'cLogHrExea': '09:54:23', 'cLogArea': 'Desenvolvimento', 'cLogMnExec': 1.1224999999999998}
2025-12-04 09:54:23,972-INFO-root-18608::log::send_log_with_retries|515:: Saving log locally.
2025-12-04 09:54:23,972-INFO-root-18608::log::save_log_locally|548:: [FwSendLog]: Não foi possível enviar o log após todas as tentativas.
2025-12-04 09:54:23,973-INFO-root-18608::log::save_log_locally|555:: [FwSendLog]: Log salvo localmente em C:\TIR_TESTE\1764852863.json.
2025-12-04 09:54:23,974-INFO-root-18608::webapp_internal::WaitShow|4980:: Waiting show text 'Moedas'...
2025-12-04 09:54:29,291-INFO-root-18608::webapp_internal::WaitShow|4980:: Waiting show text 'Tipos de Convênios'...
2025-12-04 09:54:29,363-INFO-root-18608::webapp_internal::WaitShow|4996:: Text found! 
2025-12-04 09:54:29,363-INFO-root-18608::webapp_internal::SetButton|4444:: Clicking on Incluir
2025-12-04 09:54:29,363-DEBUG-root-18608::webapp_internal::wait_blocker|2444:: Waiting blocker to continue...
2025-12-04 09:54:29,476-DEBUG-root-18608::webapp_internal::wait_blocker|2469:: Blocker status: False
2025-12-04 09:54:29,878-DEBUG-root-18608::webapp_internal::wait_element_timeout|7726:: Element found! Waiting for element to be displayed.
2025-12-04 09:54:30,144-DEBUG-root-18608::webapp_internal::SetButton|4481:: ***System Info*** Before Clicking on button:Incluir
2025-12-04 09:54:30,144-DEBUG-root-18608::psutil_info::system_info|5:: CPU USAGE: 11.6%
2025-12-04 09:54:30,145-DEBUG-root-18608::psutil_info::system_info|6:: MEMORY USAGE: 93.9%
2025-12-04 09:54:30,145-DEBUG-root-18608::psutil_info::system_info|7:: MEMORY AVAILABLE: 6.11%
2025-12-04 09:54:30,514-DEBUG-root-18608::webapp_internal::wait_element_timeout|7726:: Element found! Waiting for element to be displayed.
2025-12-04 09:54:30,837-DEBUG-root-18608::webapp_internal::wait_blocker|2444:: Waiting blocker to continue...
2025-12-04 09:54:30,946-DEBUG-root-18608::webapp_internal::wait_blocker|2469:: Blocker status: False
2025-12-04 09:54:30,976-DEBUG-root-18608::webapp_internal::wait_blocker|2444:: Waiting blocker to continue...
2025-12-04 09:54:31,088-DEBUG-root-18608::webapp_internal::wait_blocker|2469:: Blocker status: False
2025-12-04 09:54:31,088-DEBUG-root-18608::webapp_internal::send_action|10480:: Trying to send action
2025-12-04 09:54:31,091-DEBUG-root-18608::base::click|192:: Click Type: ClickType.JS
2025-12-04 09:54:32,142-DEBUG-root-18608::webapp_internal::send_action|10522:: send_action method result = True
2025-12-04 09:54:32,142-DEBUG-root-18608::webapp_internal::send_action|10523:: send_action selenium status: False
2025-12-04 09:54:32,142-DEBUG-root-18608::webapp_internal::SetButton|4683:: ***System Info*** After Clicking on button:
2025-12-04 09:54:32,143-DEBUG-root-18608::psutil_info::system_info|5:: CPU USAGE: 10.1%
2025-12-04 09:54:32,143-DEBUG-root-18608::psutil_info::system_info|6:: MEMORY USAGE: 94.0%
2025-12-04 09:54:32,143-DEBUG-root-18608::psutil_info::system_info|7:: MEMORY AVAILABLE: 5.96%
2025-12-04 09:54:32,143-INFO-root-18608::webapp_internal::WaitShow|4980:: Waiting show text 'Tipos de Convenios - INCLUIR'...
2025-12-04 09:54:32,275-INFO-root-18608::webapp_internal::WaitShow|4996:: Text found! 
2025-12-04 09:54:32,275-DEBUG-root-18608::webapp_internal::SetFocus|6011:: Setting focus on element ZD_DESCONV.
2025-12-04 09:54:32,434-DEBUG-root-18608::base::click|192:: Click Type: ClickType.SELENIUM
2025-12-04 09:54:32,504-DEBUG-root-18608::webapp_internal::wait_blocker|2444:: Waiting blocker to continue...
2025-12-04 09:54:32,626-DEBUG-root-18608::webapp_internal::wait_blocker|2469:: Blocker status: False
2025-12-04 09:54:32,626-DEBUG-root-18608::webapp_internal::wait_element|7623:: Waiting for element
2025-12-04 09:54:32,697-DEBUG-root-18608::webapp_internal::wait_element|7653:: Element found! Waiting for element to be displayed.
2025-12-04 09:54:32,762-INFO-root-18608::webapp_internal::input_value|2941:: Looking for element: ZD_DESCONV
2025-12-04 09:54:32,901-INFO-root-18608::webapp_internal::input_value|2951:: Element: ZD_DESCONV Found!
2025-12-04 09:54:32,902-INFO-root-18608::webapp_internal::input_value|2953:: Filling element: ZD_DESCONV
2025-12-04 09:54:32,927-DEBUG-root-18608::webapp_internal::get_web_value|3232:: Current value:                                                             
2025-12-04 09:54:32,959-DEBUG-root-18608::base::double_click|259:: Click Type: ClickType.SELENIUM
2025-12-04 09:54:33,208-DEBUG-root-18608::webapp_internal::wait_blocker|2444:: Waiting blocker to continue...
2025-12-04 09:54:33,348-DEBUG-root-18608::webapp_internal::wait_blocker|2469:: Blocker status: False
2025-12-04 09:54:33,694-DEBUG-root-18608::webapp_internal::get_web_value|3232:: Current value: TESTE INCLUSAO 01                                           
2025-12-04 09:54:33,695-INFO-root-18608::webapp_internal::input_value|3059:: Current field value: TESTE INCLUSAO 01
2025-12-04 09:54:33,724-DEBUG-root-18608::webapp_internal::wait_blocker|2444:: Waiting blocker to continue...
2025-12-04 09:54:33,918-DEBUG-root-18608::webapp_internal::wait_blocker|2469:: Blocker status: False
2025-12-04 09:54:33,918-INFO-root-18608::webapp_internal::SetKey|5822:: Key pressed: TAB
2025-12-04 09:54:33,918-DEBUG-root-18608::webapp_internal::SetKey|5857:: Trying press key
2025-12-04 09:54:35,922-DEBUG-root-18608::webapp_internal::wait_blocker|2444:: Waiting blocker to continue...
2025-12-04 09:54:36,045-DEBUG-root-18608::webapp_internal::wait_blocker|2469:: Blocker status: False
2025-12-04 09:54:36,073-DEBUG-root-18608::webapp_internal::wait_blocker|2444:: Waiting blocker to continue...
2025-12-04 09:54:36,204-DEBUG-root-18608::webapp_internal::wait_blocker|2469:: Blocker status: False
2025-12-04 09:54:36,205-DEBUG-root-18608::webapp_internal::send_action|10480:: Trying to send action
2025-12-04 09:54:37,241-DEBUG-root-18608::webapp_internal::send_action|10522:: send_action method result = True
2025-12-04 09:54:37,242-DEBUG-root-18608::webapp_internal::send_action|10523:: send_action selenium status: False
2025-12-04 09:54:37,242-DEBUG-root-18608::webapp_internal::wait_blocker|2444:: Waiting blocker to continue...
2025-12-04 09:54:37,364-DEBUG-root-18608::webapp_internal::wait_blocker|2469:: Blocker status: False
2025-12-04 09:54:37,364-DEBUG-root-18608::webapp_internal::wait_element|7623:: Waiting for element
2025-12-04 09:54:37,440-DEBUG-root-18608::webapp_internal::wait_element|7653:: Element found! Waiting for element to be displayed.
2025-12-04 09:54:37,504-INFO-root-18608::webapp_internal::input_value|2941:: Looking for element: ZD_TPMOV
2025-12-04 09:54:37,613-INFO-root-18608::webapp_internal::input_value|2951:: Element: ZD_TPMOV Found!
2025-12-04 09:54:37,613-INFO-root-18608::webapp_internal::input_value|2953:: Filling element: ZD_TPMOV
2025-12-04 09:54:38,795-INFO-root-18608::base::select_combo|871:: Selected value for combo is: 1 - Titular
2025-12-04 09:54:38,848-DEBUG-root-18608::webapp_internal::wait_blocker|2444:: Waiting blocker to continue...
2025-12-04 09:54:38,974-DEBUG-root-18608::webapp_internal::wait_blocker|2469:: Blocker status: False
2025-12-04 09:54:38,974-DEBUG-root-18608::webapp_internal::wait_element|7623:: Waiting for element
2025-12-04 09:54:39,046-DEBUG-root-18608::webapp_internal::wait_element|7653:: Element found! Waiting for element to be displayed.
2025-12-04 09:54:39,108-INFO-root-18608::webapp_internal::input_value|2941:: Looking for element: ZD_TPALTSA
2025-12-04 09:54:39,218-INFO-root-18608::webapp_internal::input_value|2951:: Element: ZD_TPALTSA Found!
2025-12-04 09:54:39,218-INFO-root-18608::webapp_internal::input_value|2953:: Filling element: ZD_TPALTSA
2025-12-04 09:54:39,242-DEBUG-root-18608::webapp_internal::get_web_value|3232:: Current value:    
2025-12-04 09:54:39,276-DEBUG-root-18608::base::double_click|259:: Click Type: ClickType.SELENIUM
2025-12-04 09:54:39,546-DEBUG-root-18608::webapp_internal::wait_blocker|2444:: Waiting blocker to continue...
2025-12-04 09:54:39,692-DEBUG-root-18608::webapp_internal::wait_blocker|2469:: Blocker status: False
2025-12-04 09:54:40,018-DEBUG-root-18608::webapp_internal::get_web_value|3232:: Current value: 003
2025-12-04 09:54:40,020-INFO-root-18608::webapp_internal::input_value|3059:: Current field value: 003
2025-12-04 09:54:40,027-INFO-root-18608::webapp_internal::WaitShow|4980:: Waiting show text 'Histórico'...
2025-12-04 09:54:41,852-INFO-root-18608::webapp_internal::WaitShow|4996:: Text found! 
2025-12-04 09:54:41,853-DEBUG-root-18608::webapp_internal::wait_blocker|2444:: Waiting blocker to continue...
2025-12-04 09:54:41,986-DEBUG-root-18608::webapp_internal::wait_blocker|2469:: Blocker status: False
2025-12-04 09:54:41,986-INFO-root-18608::webapp_internal::SetKey|5822:: Key pressed: TAB
2025-12-04 09:54:41,986-DEBUG-root-18608::webapp_internal::SetKey|5857:: Trying press key
2025-12-04 09:54:41,987-DEBUG-root-18608::webapp_internal::wait_element|7623:: Waiting for element
2025-12-04 09:54:42,068-DEBUG-root-18608::webapp_internal::wait_element|7653:: Element found! Waiting for element to be displayed.
2025-12-04 09:54:42,295-DEBUG-root-18608::webapp_internal::wait_blocker|2444:: Waiting blocker to continue...
2025-12-04 09:54:42,480-DEBUG-root-18608::webapp_internal::wait_blocker|2469:: Blocker status: False
2025-12-04 09:54:42,480-INFO-root-18608::webapp_internal::LoadGrid|6298:: Filling grid field: Data Inicio
2025-12-04 09:54:42,480-DEBUG-root-18608::webapp_internal::fill_grid|6399:: Grid loading...
2025-12-04 09:54:42,614-DEBUG-root-18608::webapp_internal::fill_grid|6466:: Column found!
2025-12-04 09:54:42,660-DEBUG-root-18608::base::click|192:: Click Type: ClickType.ACTIONCHAINS
2025-12-04 09:54:48,120-DEBUG-root-18608::webapp_internal::fill_grid|6498:: Trying open cell in grid!
2025-12-04 09:54:48,397-DEBUG-root-18608::webapp_internal::wait_blocker|2444:: Waiting blocker to continue...
2025-12-04 09:54:48,557-DEBUG-root-18608::webapp_internal::wait_blocker|2469:: Blocker status: False
2025-12-04 09:54:48,737-DEBUG-root-18608::webapp_internal::wait_element_timeout|7726:: Element found! Waiting for element to be displayed.
2025-12-04 09:54:49,072-DEBUG-root-18608::webapp_internal::fill_grid|6577:: Sending keys: 04/11/2025
2025-12-04 09:54:49,390-DEBUG-root-18608::webapp_internal::wait_blocker|2444:: Waiting blocker to continue...
2025-12-04 09:54:49,544-DEBUG-root-18608::webapp_internal::wait_blocker|2469:: Blocker status: True
2025-12-04 09:54:49,677-DEBUG-root-18608::webapp_internal::wait_blocker|2469:: Blocker status: False
2025-12-04 09:54:55,040-DEBUG-root-18608::webapp_internal::wait_blocker|2444:: Waiting blocker to continue...
2025-12-04 09:54:55,161-DEBUG-root-18608::webapp_internal::wait_blocker|2469:: Blocker status: False
2025-12-04 09:54:55,187-DEBUG-root-18608::webapp_internal::wait_blocker|2444:: Waiting blocker to continue...
2025-12-04 09:54:55,314-DEBUG-root-18608::webapp_internal::wait_blocker|2469:: Blocker status: False
2025-12-04 09:54:55,314-DEBUG-root-18608::webapp_internal::send_action|10480:: Trying to send action
2025-12-04 09:54:56,351-DEBUG-root-18608::webapp_internal::send_action|10522:: send_action method result = True
2025-12-04 09:54:56,351-DEBUG-root-18608::webapp_internal::send_action|10523:: send_action selenium status: False
