2025-12-15 09:21:29,451-DEBUG-root-40768::logging_config::logger|189:: Log file created: 'Log\GESIT03\TIR__20251215092129440.log'
2025-12-15 09:21:29,453-INFO-root-40768::base::Start|1183:: TIR Version: 2.4.3
2025-12-15 09:21:29,453-INFO-root-40768::base::Start|1184:: Python Version: 3.12.10
2025-12-15 09:21:29,453-INFO-root-40768::base::Start|1185:: Starting the browser
2025-12-15 09:21:37,885-INFO-root-40768::base::get_url|1294:: Page is ready!
2025-12-15 09:21:37,910-INFO-root-40768::base::Start|1256:: Browser maximized to 1936x1048
2025-12-15 09:21:37,912-INFO-root-40768::base::Start|1258:: Screen size is different from default used in headless mode
2025-12-15 09:21:38,717-INFO-root-40768::webapp_internal::Setup|247:: ***System Info*** in Setup():
2025-12-15 09:21:38,719-DEBUG-root-40768::psutil_info::system_info|5:: CPU USAGE: 26.4%
2025-12-15 09:21:38,720-DEBUG-root-40768::psutil_info::system_info|6:: MEMORY USAGE: 95.3%
2025-12-15 09:21:38,721-DEBUG-root-40768::psutil_info::system_info|7:: MEMORY AVAILABLE: 4.67%
2025-12-15 09:21:38,736-INFO-root-40768::base::webapp_shadowroot|1394:: Webapp: 10.1.6-RC4
2025-12-15 09:21:38,779-INFO-root-40768::webapp_internal::filling_initial_program|449:: Filling Initial Program: "SIGAMDI"
2025-12-15 09:21:38,780-DEBUG-root-40768::webapp_internal::wait_element|7623:: Waiting for element
2025-12-15 09:21:38,853-DEBUG-root-40768::webapp_internal::wait_element|7653:: Element found! Waiting for element to be displayed.
2025-12-15 09:21:39,015-DEBUG-root-40768::base::click|192:: Click Type: ClickType.JS
2025-12-15 09:21:39,019-DEBUG-root-40768::webapp_internal::try_send_keys|7976:: Trying to send keys to element using technique 0
2025-12-15 09:21:39,993-DEBUG-root-40768::webapp_internal::get_web_value|3232:: Current value: SIGAMDI
2025-12-15 09:21:39,993-INFO-root-40768::webapp_internal::filling_server_environment|463:: Filling Server Environment: "POUPEX_TST"
2025-12-15 09:21:39,993-DEBUG-root-40768::webapp_internal::wait_element|7623:: Waiting for element
2025-12-15 09:21:40,048-DEBUG-root-40768::webapp_internal::wait_element|7653:: Element found! Waiting for element to be displayed.
2025-12-15 09:21:40,226-DEBUG-root-40768::base::click|192:: Click Type: ClickType.JS
2025-12-15 09:21:40,230-DEBUG-root-40768::webapp_internal::try_send_keys|7976:: Trying to send keys to element using technique 0
2025-12-15 09:21:40,558-DEBUG-root-40768::webapp_internal::get_web_value|3232:: Current value: POUPEX_TST
2025-12-15 09:21:40,588-DEBUG-root-40768::base::click|192:: Click Type: ClickType.JS
2025-12-15 09:21:40,607-DEBUG-root-40768::webapp_internal::user_screen|519:: Filling user screen
2025-12-15 09:21:46,995-DEBUG-root-40768::webapp_internal::wait_element_timeout|7726:: Element found! Waiting for element to be displayed.
2025-12-15 09:21:47,037-DEBUG-root-40768::base::scroll_to_element|759:: ********Warining scroll_to_element exception: Message: TypeError: can't access property "scrollIntoView", arguments[0] is null
Stacktrace:
@https://qasrverp:10020/webapp/:2:7
@https://qasrverp:10020/webapp/:3:8
*********
2025-12-15 09:21:47,181-INFO-root-40768::webapp_internal::user_screen|561:: Filling User
2025-12-15 09:21:47,210-DEBUG-root-40768::base::double_click|259:: Click Type: ClickType.SELENIUM
2025-12-15 09:21:47,390-DEBUG-root-40768::webapp_internal::get_web_value|3232:: Current value: 97137227104
2025-12-15 09:21:47,413-INFO-root-40768::webapp_internal::user_screen|621:: Filling Password
2025-12-15 09:21:47,435-DEBUG-root-40768::base::click|192:: Click Type: ClickType.JS
2025-12-15 09:21:47,510-DEBUG-root-40768::webapp_internal::get_web_value|3232:: Current value: Deire20191817+
2025-12-15 09:21:47,510-DEBUG-root-40768::webapp_internal::wait_blocker|2444:: Waiting blocker to continue...
2025-12-15 09:21:47,540-DEBUG-root-40768::webapp_internal::wait_blocker|2469:: Blocker status: None
2025-12-15 09:21:47,564-DEBUG-root-40768::webapp_internal::wait_blocker|2444:: Waiting blocker to continue...
2025-12-15 09:21:47,594-DEBUG-root-40768::webapp_internal::wait_blocker|2469:: Blocker status: None
2025-12-15 09:21:47,631-DEBUG-root-40768::webapp_internal::wait_blocker|2444:: Waiting blocker to continue...
2025-12-15 09:21:47,668-DEBUG-root-40768::webapp_internal::wait_blocker|2469:: Blocker status: None
2025-12-15 09:21:47,668-DEBUG-root-40768::webapp_internal::send_action|10480:: Trying to send action
2025-12-15 09:21:47,676-DEBUG-root-40768::base::click|192:: Click Type: ClickType.JS
2025-12-15 09:21:48,720-DEBUG-root-40768::webapp_internal::send_action|10522:: send_action method result = True
2025-12-15 09:21:48,720-DEBUG-root-40768::webapp_internal::send_action|10523:: send_action selenium status: False
2025-12-15 09:21:51,217-DEBUG-root-40768::base::scroll_to_element|759:: ********Warining scroll_to_element exception: Message: TypeError: can't access property "scrollIntoView", arguments[0] is null
Stacktrace:
@https://qasrverp:10020/webapp/:2:7
@https://qasrverp:10020/webapp/:3:8
*********
2025-12-15 09:21:51,284-INFO-root-40768::webapp_internal::filling_date|885:: Filling Date: "15/12/2025"
2025-12-15 09:21:51,284-DEBUG-root-40768::webapp_internal::wait_blocker|2444:: Waiting blocker to continue...
2025-12-15 09:21:51,322-DEBUG-root-40768::webapp_internal::wait_blocker|2469:: Blocker status: None
2025-12-15 09:21:51,325-DEBUG-root-40768::base::click|192:: Click Type: ClickType.JS
2025-12-15 09:21:51,345-DEBUG-root-40768::webapp_internal::try_send_keys|7976:: Trying to send keys to element using technique 1
2025-12-15 09:21:51,442-DEBUG-root-40768::webapp_internal::get_web_value|3232:: Current value: 15/12/2025
2025-12-15 09:21:52,542-INFO-root-40768::webapp_internal::filling_group|955:: Filling Group: "02"
2025-12-15 09:21:52,543-DEBUG-root-40768::webapp_internal::wait_blocker|2444:: Waiting blocker to continue...
2025-12-15 09:21:52,577-DEBUG-root-40768::webapp_internal::wait_blocker|2469:: Blocker status: None
2025-12-15 09:21:52,580-DEBUG-root-40768::base::click|192:: Click Type: ClickType.JS
2025-12-15 09:21:52,640-DEBUG-root-40768::webapp_internal::get_web_value|3232:: Current value: 02
2025-12-15 09:21:53,730-INFO-root-40768::webapp_internal::filling_branch|1047:: Filling Branch: "02DF0001"
2025-12-15 09:21:53,730-DEBUG-root-40768::webapp_internal::wait_blocker|2444:: Waiting blocker to continue...
2025-12-15 09:21:53,770-DEBUG-root-40768::webapp_internal::wait_blocker|2469:: Blocker status: None
2025-12-15 09:21:53,775-DEBUG-root-40768::base::click|192:: Click Type: ClickType.JS
2025-12-15 09:21:53,836-DEBUG-root-40768::webapp_internal::get_web_value|3232:: Current value: 02DF0001
2025-12-15 09:21:54,932-INFO-root-40768::webapp_internal::filling_environment|1113:: Filling Environment: "07"
2025-12-15 09:21:54,932-DEBUG-root-40768::webapp_internal::wait_blocker|2444:: Waiting blocker to continue...
2025-12-15 09:21:54,969-DEBUG-root-40768::webapp_internal::wait_blocker|2469:: Blocker status: None
2025-12-15 09:21:54,973-DEBUG-root-40768::base::click|192:: Click Type: ClickType.JS
2025-12-15 09:21:55,030-DEBUG-root-40768::webapp_internal::get_web_value|3232:: Current value: 07
2025-12-15 09:21:56,040-DEBUG-root-40768::webapp_internal::close_warning_screen|1489:: Closing warning screen!
2025-12-15 09:21:57,075-DEBUG-root-40768::webapp_internal::check_screen_element|1291:: Checking screen element: "Atenção": False
2025-12-15 09:21:58,180-INFO-root-40768::webapp_internal::environment_screen|796:: Clicking on Button
2025-12-15 09:21:58,180-DEBUG-root-40768::webapp_internal::wait_blocker|2444:: Waiting blocker to continue...
2025-12-15 09:21:58,215-DEBUG-root-40768::webapp_internal::wait_blocker|2469:: Blocker status: None
2025-12-15 09:21:58,219-DEBUG-root-40768::base::click|192:: Click Type: ClickType.JS
2025-12-15 09:21:59,229-DEBUG-root-40768::base::click|192:: Click Type: ClickType.JS
2025-12-15 09:22:00,240-DEBUG-root-40768::base::click|192:: Click Type: ClickType.JS
2025-12-15 09:22:01,247-DEBUG-root-40768::base::click|192:: Click Type: ClickType.JS
2025-12-15 09:22:02,256-DEBUG-root-40768::base::click|192:: Click Type: ClickType.JS
2025-12-15 09:22:03,264-DEBUG-root-40768::base::click|192:: Click Type: ClickType.JS
2025-12-15 09:22:04,275-DEBUG-root-40768::webapp_internal::close_screen_before_menu|368:: Closing screen before the menu
2025-12-15 09:22:04,355-DEBUG-root-40768::webapp_internal::close_warning_screen|1489:: Closing warning screen!
2025-12-15 09:22:05,397-DEBUG-root-40768::webapp_internal::check_screen_element|1291:: Checking screen element: "Atenção": False
2025-12-15 09:22:05,398-DEBUG-root-40768::webapp_internal::close_coin_screen|1424:: Closing coin screen!
2025-12-15 09:22:05,960-DEBUG-root-40768::base::click|192:: Click Type: ClickType.JS
2025-12-15 09:22:06,023-DEBUG-root-40768::webapp_internal::close_warning_screen|1489:: Closing warning screen!
2025-12-15 09:22:07,093-DEBUG-root-40768::webapp_internal::check_screen_element|1291:: Checking screen element: "Atenção": False
2025-12-15 09:22:07,093-DEBUG-root-40768::webapp_internal::close_coin_screen|1424:: Closing coin screen!
2025-12-15 09:22:07,199-INFO-root-40768::webapp_internal::set_log_info|1623:: Getting log info
2025-12-15 09:22:07,199-INFO-root-40768::webapp_internal::SetLateralMenu|4184:: Navigating lateral menu: Ajuda > Sobre
2025-12-15 09:22:07,210-DEBUG-root-40768::webapp_internal::wait_element|7623:: Waiting for element
2025-12-15 09:22:07,246-DEBUG-root-40768::webapp_internal::wait_element|7653:: Element found! Waiting for element to be displayed.
2025-12-15 09:22:07,414-INFO-root-40768::webapp_internal::SetLateralMenu|4203:: Menu item: "Ajuda"
2025-12-15 09:22:07,414-DEBUG-root-40768::webapp_internal::wait_blocker|2444:: Waiting blocker to continue...
2025-12-15 09:22:07,488-DEBUG-root-40768::webapp_internal::wait_blocker|2469:: Blocker status: False
2025-12-15 09:22:07,827-DEBUG-root-40768::webapp_internal::wait_element_timeout|7726:: Element found! Waiting for element to be displayed.
2025-12-15 09:22:08,128-DEBUG-root-40768::webapp_internal::wait_blocker|2444:: Waiting blocker to continue...
2025-12-15 09:22:08,204-DEBUG-root-40768::webapp_internal::wait_blocker|2469:: Blocker status: False
2025-12-15 09:22:10,500-INFO-root-40768::webapp_internal::SetLateralMenu|4203:: Menu item: "Sobre"
2025-12-15 09:22:10,500-DEBUG-root-40768::webapp_internal::wait_blocker|2444:: Waiting blocker to continue...
2025-12-15 09:22:10,565-DEBUG-root-40768::webapp_internal::wait_blocker|2469:: Blocker status: False
2025-12-15 09:22:10,995-DEBUG-root-40768::webapp_internal::wait_element_timeout|7726:: Element found! Waiting for element to be displayed.
2025-12-15 09:22:11,386-DEBUG-root-40768::webapp_internal::wait_blocker|2444:: Waiting blocker to continue...
2025-12-15 09:22:11,449-DEBUG-root-40768::webapp_internal::wait_blocker|2469:: Blocker status: False
2025-12-15 09:22:14,085-DEBUG-root-40768::webapp_internal::wait_blocker|2444:: Waiting blocker to continue...
2025-12-15 09:22:14,156-DEBUG-root-40768::webapp_internal::wait_blocker|2469:: Blocker status: False
2025-12-15 09:22:14,225-DEBUG-root-40768::webapp_internal::wait_element|7623:: Waiting for element
2025-12-15 09:22:14,273-DEBUG-root-40768::webapp_internal::wait_element|7653:: Element found! Waiting for element to be displayed.
2025-12-15 09:22:14,445-INFO-root-40768::webapp_internal::SetButton|4444:: Clicking on Fechar
2025-12-15 09:22:14,445-DEBUG-root-40768::webapp_internal::wait_blocker|2444:: Waiting blocker to continue...
2025-12-15 09:22:14,526-DEBUG-root-40768::webapp_internal::wait_blocker|2469:: Blocker status: False
2025-12-15 09:22:14,707-DEBUG-root-40768::webapp_internal::wait_element_timeout|7726:: Element found! Waiting for element to be displayed.
2025-12-15 09:22:14,785-DEBUG-root-40768::webapp_internal::SetButton|4481:: ***System Info*** Before Clicking on button:Fechar
2025-12-15 09:22:14,785-DEBUG-root-40768::psutil_info::system_info|5:: CPU USAGE: 13.5%
2025-12-15 09:22:14,786-DEBUG-root-40768::psutil_info::system_info|6:: MEMORY USAGE: 95.9%
2025-12-15 09:22:14,786-DEBUG-root-40768::psutil_info::system_info|7:: MEMORY AVAILABLE: 4.09%
2025-12-15 09:22:14,963-DEBUG-root-40768::webapp_internal::wait_element_timeout|7726:: Element found! Waiting for element to be displayed.
2025-12-15 09:22:15,073-DEBUG-root-40768::webapp_internal::wait_blocker|2444:: Waiting blocker to continue...
2025-12-15 09:22:15,144-DEBUG-root-40768::webapp_internal::wait_blocker|2469:: Blocker status: False
2025-12-15 09:22:15,162-DEBUG-root-40768::webapp_internal::wait_blocker|2444:: Waiting blocker to continue...
2025-12-15 09:22:15,254-DEBUG-root-40768::webapp_internal::wait_blocker|2469:: Blocker status: False
2025-12-15 09:22:15,254-DEBUG-root-40768::webapp_internal::send_action|10480:: Trying to send action
2025-12-15 09:22:15,257-DEBUG-root-40768::base::click|192:: Click Type: ClickType.JS
2025-12-15 09:22:16,291-DEBUG-root-40768::webapp_internal::send_action|10522:: send_action method result = True
2025-12-15 09:22:16,291-DEBUG-root-40768::webapp_internal::send_action|10523:: send_action selenium status: False
2025-12-15 09:22:16,292-DEBUG-root-40768::webapp_internal::SetButton|4683:: ***System Info*** After Clicking on button:
2025-12-15 09:22:16,292-DEBUG-root-40768::psutil_info::system_info|5:: CPU USAGE: 9.2%
2025-12-15 09:22:16,292-DEBUG-root-40768::psutil_info::system_info|6:: MEMORY USAGE: 95.4%
2025-12-15 09:22:16,293-DEBUG-root-40768::psutil_info::system_info|7:: MEMORY AVAILABLE: 4.64%
2025-12-15 09:22:16,293-DEBUG-root-40768::webapp_internal::wait_element|7623:: Waiting for element
2025-12-15 09:22:16,382-INFO-root-40768::webapp_internal::SetLateralMenu|4184:: Navigating lateral menu: Atualizações > Gestao de Viagens > Solicitações
2025-12-15 09:22:16,393-DEBUG-root-40768::webapp_internal::wait_element|7623:: Waiting for element
2025-12-15 09:22:16,435-DEBUG-root-40768::webapp_internal::wait_element|7653:: Element found! Waiting for element to be displayed.
2025-12-15 09:22:16,609-INFO-root-40768::webapp_internal::SetLateralMenu|4203:: Menu item: "Atualizações"
2025-12-15 09:22:16,610-DEBUG-root-40768::webapp_internal::wait_blocker|2444:: Waiting blocker to continue...
2025-12-15 09:22:16,684-DEBUG-root-40768::webapp_internal::wait_blocker|2469:: Blocker status: False
2025-12-15 09:22:17,099-DEBUG-root-40768::webapp_internal::wait_element_timeout|7726:: Element found! Waiting for element to be displayed.
2025-12-15 09:22:17,493-DEBUG-root-40768::webapp_internal::wait_blocker|2444:: Waiting blocker to continue...
2025-12-15 09:22:17,560-DEBUG-root-40768::webapp_internal::wait_blocker|2469:: Blocker status: False
2025-12-15 09:22:19,867-INFO-root-40768::webapp_internal::SetLateralMenu|4203:: Menu item: "Gestao de Viagens"
2025-12-15 09:22:19,868-DEBUG-root-40768::webapp_internal::wait_blocker|2444:: Waiting blocker to continue...
2025-12-15 09:22:19,974-DEBUG-root-40768::webapp_internal::wait_blocker|2469:: Blocker status: False
2025-12-15 09:22:20,743-DEBUG-root-40768::webapp_internal::wait_element_timeout|7726:: Element found! Waiting for element to be displayed.
2025-12-15 09:22:21,522-DEBUG-root-40768::webapp_internal::wait_blocker|2444:: Waiting blocker to continue...
2025-12-15 09:22:21,614-DEBUG-root-40768::webapp_internal::wait_blocker|2469:: Blocker status: False
2025-12-15 09:22:23,909-INFO-root-40768::webapp_internal::SetLateralMenu|4203:: Menu item: "Solicitações"
2025-12-15 09:22:23,909-DEBUG-root-40768::webapp_internal::wait_blocker|2444:: Waiting blocker to continue...
2025-12-15 09:22:23,998-DEBUG-root-40768::webapp_internal::wait_blocker|2469:: Blocker status: False
2025-12-15 09:22:24,859-DEBUG-root-40768::webapp_internal::wait_element_timeout|7726:: Element found! Waiting for element to be displayed.
2025-12-15 09:22:25,690-DEBUG-root-40768::webapp_internal::wait_blocker|2444:: Waiting blocker to continue...
2025-12-15 09:22:25,772-DEBUG-root-40768::webapp_internal::wait_blocker|2469:: Blocker status: False
2025-12-15 09:22:29,307-DEBUG-root-40768::webapp_internal::wait_blocker|2444:: Waiting blocker to continue...
2025-12-15 09:22:29,386-DEBUG-root-40768::webapp_internal::wait_blocker|2469:: Blocker status: False
2025-12-15 09:22:29,462-INFO-root-40768::webapp_internal::WaitShow|4980:: Waiting show text 'Este ambiente utiliza base de Homologação.'...
2025-12-15 09:22:34,620-INFO-root-40768::webapp_internal::WaitShow|4980:: Waiting show text 'Moedas'...
2025-12-15 09:22:40,114-INFO-root-40768::webapp_internal::WaitShow|4980:: Waiting show text 'Solicitação de Viagens/Treinamento'...
2025-12-15 09:22:40,176-INFO-root-40768::webapp_internal::WaitShow|4996:: Text found! 
2025-12-15 09:22:40,177-INFO-root-40768::webapp_internal::ClickFolder|5081:: Clicking on folder: Filtrar
2025-12-15 09:22:40,177-DEBUG-root-40768::webapp_internal::wait_blocker|2444:: Waiting blocker to continue...
2025-12-15 09:22:40,276-DEBUG-root-40768::webapp_internal::wait_blocker|2469:: Blocker status: False
2025-12-15 09:22:40,321-DEBUG-root-40768::webapp_internal::wait_element|7623:: Waiting for element
2025-12-15 09:24:40,438-DEBUG-root-40768::webapp_internal::wait_element|7643:: wait_element doesn't found term: Filtrar
2025-12-15 09:24:40,438-WARNING-root-40768::webapp_internal::log_error|8143:: Warning log_error Element 'Filtrar' not found!
2025-12-15 09:24:40,438-DEBUG-root-40768::webapp_internal::log_error|8146:: ***System Info*** in log_error():
2025-12-15 09:24:40,438-DEBUG-root-40768::psutil_info::system_info|5:: CPU USAGE: 12.6%
2025-12-15 09:24:40,439-DEBUG-root-40768::psutil_info::system_info|6:: MEMORY USAGE: 92.5%
2025-12-15 09:24:40,439-DEBUG-root-40768::psutil_info::system_info|7:: MEMORY AVAILABLE: 7.47%
2025-12-15 09:24:40,453-DEBUG-root-40768::log::take_screenshot_log|612:: take_screenshot_log in:2025-12-15 09:24:40.453308

2025-12-15 09:24:40,545-DEBUG-root-40768::log::take_screenshot_log|627:: Screenshot file created successfully: Log\GESIT03\97137227104_20251215092440453_Viagem -_test_Cadastro_Orcamento_Viagem.png
2025-12-15 09:24:41,556-DEBUG-root-40768::log::checks_empty_line|221:: Checking empty default log info
2025-12-15 09:24:41,558-DEBUG-root-40768::log::generate_log|503:: Json log_data: {'cLogDtExec': '15/12/2025 09:24:41', 'cLogNomUsr': '97137227104', 'cLogNomEst': 'GESIT03', 'cLogProgra': None, 'cLogDtProg': '', 'cLogHrProg': '', 'nLogCtsOk': 0, 'nLogCtsNok': 1, 'nLogCtsSeg': 191.48, 'cLogVersao': '12', 'cLogReleas': '12.1.2410', 'nLogCtsErr': "Viagem - Element 'Filtrar' not found!", 'cLogBancod': 'ORACLE', 'cLogIdenti': '', 'cLogIdExec': '20251215', 'cLogPais': 'BRA', 'cLogTool': 'TIR', 'cLogSequen': '17d45a', 'nLogCtsTot': 1, 'cLogDtExea': '15/12/2025', 'cLogHrExea': '09:24:41', 'cLogArea': 'Desenvolvimento', 'cLogMnExec': 3.191333333333333}
2025-12-15 09:24:41,559-INFO-root-40768::log::send_log_with_retries|515:: Saving log locally.
2025-12-15 09:24:41,559-INFO-root-40768::log::save_log_locally|548:: [FwSendLog]: Não foi possível enviar o log após todas as tentativas.
2025-12-15 09:24:41,560-INFO-root-40768::log::save_log_locally|555:: [FwSendLog]: Log salvo localmente em C:\TIR_TESTE\1765801481.json.
2025-12-15 09:24:43,056-ERROR-root-40768::webapp_internal::TearDown|9654:: Warning tearDown Close Message: Tried to run command without establishing a connection
Traceback (most recent call last):
  File "C:\TIR_TESTE\venv\Lib\site-packages\tir\technologies\webapp_internal.py", line 9652, in TearDown
    self.driver.close()
  File "C:\TIR_TESTE\venv\Lib\site-packages\selenium\webdriver\remote\webdriver.py", line 458, in close
    self.execute(Command.CLOSE)
  File "C:\TIR_TESTE\venv\Lib\site-packages\selenium\webdriver\remote\webdriver.py", line 347, in execute
    self.error_handler.check_response(response)
  File "C:\TIR_TESTE\venv\Lib\site-packages\selenium\webdriver\remote\errorhandler.py", line 229, in check_response
    raise exception_class(message, screen, stacktrace)
selenium.common.exceptions.InvalidSessionIdException: Message: Tried to run command without establishing a connection

2025-12-15 09:21:29,451-DEBUG-root-40768::logging_config::logger|189:: Log file created: 'Log\GESIT03\TIR__20251215092129440.log'
2025-12-15 09:21:29,453-INFO-root-40768::base::Start|1183:: TIR Version: 2.4.3
2025-12-15 09:21:29,453-INFO-root-40768::base::Start|1184:: Python Version: 3.12.10
2025-12-15 09:21:29,453-INFO-root-40768::base::Start|1185:: Starting the browser
2025-12-15 09:21:37,885-INFO-root-40768::base::get_url|1294:: Page is ready!
2025-12-15 09:21:37,910-INFO-root-40768::base::Start|1256:: Browser maximized to 1936x1048
2025-12-15 09:21:37,912-INFO-root-40768::base::Start|1258:: Screen size is different from default used in headless mode
2025-12-15 09:21:38,717-INFO-root-40768::webapp_internal::Setup|247:: ***System Info*** in Setup():
2025-12-15 09:21:38,719-DEBUG-root-40768::psutil_info::system_info|5:: CPU USAGE: 26.4%
2025-12-15 09:21:38,720-DEBUG-root-40768::psutil_info::system_info|6:: MEMORY USAGE: 95.3%
2025-12-15 09:21:38,721-DEBUG-root-40768::psutil_info::system_info|7:: MEMORY AVAILABLE: 4.67%
2025-12-15 09:21:38,736-INFO-root-40768::base::webapp_shadowroot|1394:: Webapp: 10.1.6-RC4
2025-12-15 09:21:38,779-INFO-root-40768::webapp_internal::filling_initial_program|449:: Filling Initial Program: "SIGAMDI"
2025-12-15 09:21:38,780-DEBUG-root-40768::webapp_internal::wait_element|7623:: Waiting for element
2025-12-15 09:21:38,853-DEBUG-root-40768::webapp_internal::wait_element|7653:: Element found! Waiting for element to be displayed.
2025-12-15 09:21:39,015-DEBUG-root-40768::base::click|192:: Click Type: ClickType.JS
2025-12-15 09:21:39,019-DEBUG-root-40768::webapp_internal::try_send_keys|7976:: Trying to send keys to element using technique 0
2025-12-15 09:21:39,993-DEBUG-root-40768::webapp_internal::get_web_value|3232:: Current value: SIGAMDI
2025-12-15 09:21:39,993-INFO-root-40768::webapp_internal::filling_server_environment|463:: Filling Server Environment: "POUPEX_TST"
2025-12-15 09:21:39,993-DEBUG-root-40768::webapp_internal::wait_element|7623:: Waiting for element
2025-12-15 09:21:40,048-DEBUG-root-40768::webapp_internal::wait_element|7653:: Element found! Waiting for element to be displayed.
2025-12-15 09:21:40,226-DEBUG-root-40768::base::click|192:: Click Type: ClickType.JS
2025-12-15 09:21:40,230-DEBUG-root-40768::webapp_internal::try_send_keys|7976:: Trying to send keys to element using technique 0
2025-12-15 09:21:40,558-DEBUG-root-40768::webapp_internal::get_web_value|3232:: Current value: POUPEX_TST
2025-12-15 09:21:40,588-DEBUG-root-40768::base::click|192:: Click Type: ClickType.JS
2025-12-15 09:21:40,607-DEBUG-root-40768::webapp_internal::user_screen|519:: Filling user screen
2025-12-15 09:21:46,995-DEBUG-root-40768::webapp_internal::wait_element_timeout|7726:: Element found! Waiting for element to be displayed.
2025-12-15 09:21:47,037-DEBUG-root-40768::base::scroll_to_element|759:: ********Warining scroll_to_element exception: Message: TypeError: can't access property "scrollIntoView", arguments[0] is null
Stacktrace:
@https://qasrverp:10020/webapp/:2:7
@https://qasrverp:10020/webapp/:3:8
*********
2025-12-15 09:21:47,181-INFO-root-40768::webapp_internal::user_screen|561:: Filling User
2025-12-15 09:21:47,210-DEBUG-root-40768::base::double_click|259:: Click Type: ClickType.SELENIUM
2025-12-15 09:21:47,390-DEBUG-root-40768::webapp_internal::get_web_value|3232:: Current value: 97137227104
2025-12-15 09:21:47,413-INFO-root-40768::webapp_internal::user_screen|621:: Filling Password
2025-12-15 09:21:47,435-DEBUG-root-40768::base::click|192:: Click Type: ClickType.JS
2025-12-15 09:21:47,510-DEBUG-root-40768::webapp_internal::get_web_value|3232:: Current value: Deire20191817+
2025-12-15 09:21:47,510-DEBUG-root-40768::webapp_internal::wait_blocker|2444:: Waiting blocker to continue...
2025-12-15 09:21:47,540-DEBUG-root-40768::webapp_internal::wait_blocker|2469:: Blocker status: None
2025-12-15 09:21:47,564-DEBUG-root-40768::webapp_internal::wait_blocker|2444:: Waiting blocker to continue...
2025-12-15 09:21:47,594-DEBUG-root-40768::webapp_internal::wait_blocker|2469:: Blocker status: None
2025-12-15 09:21:47,631-DEBUG-root-40768::webapp_internal::wait_blocker|2444:: Waiting blocker to continue...
2025-12-15 09:21:47,668-DEBUG-root-40768::webapp_internal::wait_blocker|2469:: Blocker status: None
2025-12-15 09:21:47,668-DEBUG-root-40768::webapp_internal::send_action|10480:: Trying to send action
2025-12-15 09:21:47,676-DEBUG-root-40768::base::click|192:: Click Type: ClickType.JS
2025-12-15 09:21:48,720-DEBUG-root-40768::webapp_internal::send_action|10522:: send_action method result = True
2025-12-15 09:21:48,720-DEBUG-root-40768::webapp_internal::send_action|10523:: send_action selenium status: False
2025-12-15 09:21:51,217-DEBUG-root-40768::base::scroll_to_element|759:: ********Warining scroll_to_element exception: Message: TypeError: can't access property "scrollIntoView", arguments[0] is null
Stacktrace:
@https://qasrverp:10020/webapp/:2:7
@https://qasrverp:10020/webapp/:3:8
*********
2025-12-15 09:21:51,284-INFO-root-40768::webapp_internal::filling_date|885:: Filling Date: "15/12/2025"
2025-12-15 09:21:51,284-DEBUG-root-40768::webapp_internal::wait_blocker|2444:: Waiting blocker to continue...
2025-12-15 09:21:51,322-DEBUG-root-40768::webapp_internal::wait_blocker|2469:: Blocker status: None
2025-12-15 09:21:51,325-DEBUG-root-40768::base::click|192:: Click Type: ClickType.JS
2025-12-15 09:21:51,345-DEBUG-root-40768::webapp_internal::try_send_keys|7976:: Trying to send keys to element using technique 1
2025-12-15 09:21:51,442-DEBUG-root-40768::webapp_internal::get_web_value|3232:: Current value: 15/12/2025
2025-12-15 09:21:52,542-INFO-root-40768::webapp_internal::filling_group|955:: Filling Group: "02"
2025-12-15 09:21:52,543-DEBUG-root-40768::webapp_internal::wait_blocker|2444:: Waiting blocker to continue...
2025-12-15 09:21:52,577-DEBUG-root-40768::webapp_internal::wait_blocker|2469:: Blocker status: None
2025-12-15 09:21:52,580-DEBUG-root-40768::base::click|192:: Click Type: ClickType.JS
2025-12-15 09:21:52,640-DEBUG-root-40768::webapp_internal::get_web_value|3232:: Current value: 02
2025-12-15 09:21:53,730-INFO-root-40768::webapp_internal::filling_branch|1047:: Filling Branch: "02DF0001"
2025-12-15 09:21:53,730-DEBUG-root-40768::webapp_internal::wait_blocker|2444:: Waiting blocker to continue...
2025-12-15 09:21:53,770-DEBUG-root-40768::webapp_internal::wait_blocker|2469:: Blocker status: None
2025-12-15 09:21:53,775-DEBUG-root-40768::base::click|192:: Click Type: ClickType.JS
2025-12-15 09:21:53,836-DEBUG-root-40768::webapp_internal::get_web_value|3232:: Current value: 02DF0001
2025-12-15 09:21:54,932-INFO-root-40768::webapp_internal::filling_environment|1113:: Filling Environment: "07"
2025-12-15 09:21:54,932-DEBUG-root-40768::webapp_internal::wait_blocker|2444:: Waiting blocker to continue...
2025-12-15 09:21:54,969-DEBUG-root-40768::webapp_internal::wait_blocker|2469:: Blocker status: None
2025-12-15 09:21:54,973-DEBUG-root-40768::base::click|192:: Click Type: ClickType.JS
2025-12-15 09:21:55,030-DEBUG-root-40768::webapp_internal::get_web_value|3232:: Current value: 07
2025-12-15 09:21:56,040-DEBUG-root-40768::webapp_internal::close_warning_screen|1489:: Closing warning screen!
2025-12-15 09:21:57,075-DEBUG-root-40768::webapp_internal::check_screen_element|1291:: Checking screen element: "Atenção": False
2025-12-15 09:21:58,180-INFO-root-40768::webapp_internal::environment_screen|796:: Clicking on Button
2025-12-15 09:21:58,180-DEBUG-root-40768::webapp_internal::wait_blocker|2444:: Waiting blocker to continue...
2025-12-15 09:21:58,215-DEBUG-root-40768::webapp_internal::wait_blocker|2469:: Blocker status: None
2025-12-15 09:21:58,219-DEBUG-root-40768::base::click|192:: Click Type: ClickType.JS
2025-12-15 09:21:59,229-DEBUG-root-40768::base::click|192:: Click Type: ClickType.JS
2025-12-15 09:22:00,240-DEBUG-root-40768::base::click|192:: Click Type: ClickType.JS
2025-12-15 09:22:01,247-DEBUG-root-40768::base::click|192:: Click Type: ClickType.JS
2025-12-15 09:22:02,256-DEBUG-root-40768::base::click|192:: Click Type: ClickType.JS
2025-12-15 09:22:03,264-DEBUG-root-40768::base::click|192:: Click Type: ClickType.JS
2025-12-15 09:22:04,275-DEBUG-root-40768::webapp_internal::close_screen_before_menu|368:: Closing screen before the menu
2025-12-15 09:22:04,355-DEBUG-root-40768::webapp_internal::close_warning_screen|1489:: Closing warning screen!
2025-12-15 09:22:05,397-DEBUG-root-40768::webapp_internal::check_screen_element|1291:: Checking screen element: "Atenção": False
2025-12-15 09:22:05,398-DEBUG-root-40768::webapp_internal::close_coin_screen|1424:: Closing coin screen!
2025-12-15 09:22:05,960-DEBUG-root-40768::base::click|192:: Click Type: ClickType.JS
2025-12-15 09:22:06,023-DEBUG-root-40768::webapp_internal::close_warning_screen|1489:: Closing warning screen!
2025-12-15 09:22:07,093-DEBUG-root-40768::webapp_internal::check_screen_element|1291:: Checking screen element: "Atenção": False
2025-12-15 09:22:07,093-DEBUG-root-40768::webapp_internal::close_coin_screen|1424:: Closing coin screen!
2025-12-15 09:22:07,199-INFO-root-40768::webapp_internal::set_log_info|1623:: Getting log info
2025-12-15 09:22:07,199-INFO-root-40768::webapp_internal::SetLateralMenu|4184:: Navigating lateral menu: Ajuda > Sobre
2025-12-15 09:22:07,210-DEBUG-root-40768::webapp_internal::wait_element|7623:: Waiting for element
2025-12-15 09:22:07,246-DEBUG-root-40768::webapp_internal::wait_element|7653:: Element found! Waiting for element to be displayed.
2025-12-15 09:22:07,414-INFO-root-40768::webapp_internal::SetLateralMenu|4203:: Menu item: "Ajuda"
2025-12-15 09:22:07,414-DEBUG-root-40768::webapp_internal::wait_blocker|2444:: Waiting blocker to continue...
2025-12-15 09:22:07,488-DEBUG-root-40768::webapp_internal::wait_blocker|2469:: Blocker status: False
2025-12-15 09:22:07,827-DEBUG-root-40768::webapp_internal::wait_element_timeout|7726:: Element found! Waiting for element to be displayed.
2025-12-15 09:22:08,128-DEBUG-root-40768::webapp_internal::wait_blocker|2444:: Waiting blocker to continue...
2025-12-15 09:22:08,204-DEBUG-root-40768::webapp_internal::wait_blocker|2469:: Blocker status: False
2025-12-15 09:22:10,500-INFO-root-40768::webapp_internal::SetLateralMenu|4203:: Menu item: "Sobre"
2025-12-15 09:22:10,500-DEBUG-root-40768::webapp_internal::wait_blocker|2444:: Waiting blocker to continue...
2025-12-15 09:22:10,565-DEBUG-root-40768::webapp_internal::wait_blocker|2469:: Blocker status: False
2025-12-15 09:22:10,995-DEBUG-root-40768::webapp_internal::wait_element_timeout|7726:: Element found! Waiting for element to be displayed.
2025-12-15 09:22:11,386-DEBUG-root-40768::webapp_internal::wait_blocker|2444:: Waiting blocker to continue...
2025-12-15 09:22:11,449-DEBUG-root-40768::webapp_internal::wait_blocker|2469:: Blocker status: False
2025-12-15 09:22:14,085-DEBUG-root-40768::webapp_internal::wait_blocker|2444:: Waiting blocker to continue...
2025-12-15 09:22:14,156-DEBUG-root-40768::webapp_internal::wait_blocker|2469:: Blocker status: False
2025-12-15 09:22:14,225-DEBUG-root-40768::webapp_internal::wait_element|7623:: Waiting for element
2025-12-15 09:22:14,273-DEBUG-root-40768::webapp_internal::wait_element|7653:: Element found! Waiting for element to be displayed.
2025-12-15 09:22:14,445-INFO-root-40768::webapp_internal::SetButton|4444:: Clicking on Fechar
2025-12-15 09:22:14,445-DEBUG-root-40768::webapp_internal::wait_blocker|2444:: Waiting blocker to continue...
2025-12-15 09:22:14,526-DEBUG-root-40768::webapp_internal::wait_blocker|2469:: Blocker status: False
2025-12-15 09:22:14,707-DEBUG-root-40768::webapp_internal::wait_element_timeout|7726:: Element found! Waiting for element to be displayed.
2025-12-15 09:22:14,785-DEBUG-root-40768::webapp_internal::SetButton|4481:: ***System Info*** Before Clicking on button:Fechar
2025-12-15 09:22:14,785-DEBUG-root-40768::psutil_info::system_info|5:: CPU USAGE: 13.5%
2025-12-15 09:22:14,786-DEBUG-root-40768::psutil_info::system_info|6:: MEMORY USAGE: 95.9%
2025-12-15 09:22:14,786-DEBUG-root-40768::psutil_info::system_info|7:: MEMORY AVAILABLE: 4.09%
2025-12-15 09:22:14,963-DEBUG-root-40768::webapp_internal::wait_element_timeout|7726:: Element found! Waiting for element to be displayed.
2025-12-15 09:22:15,073-DEBUG-root-40768::webapp_internal::wait_blocker|2444:: Waiting blocker to continue...
2025-12-15 09:22:15,144-DEBUG-root-40768::webapp_internal::wait_blocker|2469:: Blocker status: False
2025-12-15 09:22:15,162-DEBUG-root-40768::webapp_internal::wait_blocker|2444:: Waiting blocker to continue...
2025-12-15 09:22:15,254-DEBUG-root-40768::webapp_internal::wait_blocker|2469:: Blocker status: False
2025-12-15 09:22:15,254-DEBUG-root-40768::webapp_internal::send_action|10480:: Trying to send action
2025-12-15 09:22:15,257-DEBUG-root-40768::base::click|192:: Click Type: ClickType.JS
2025-12-15 09:22:16,291-DEBUG-root-40768::webapp_internal::send_action|10522:: send_action method result = True
2025-12-15 09:22:16,291-DEBUG-root-40768::webapp_internal::send_action|10523:: send_action selenium status: False
2025-12-15 09:22:16,292-DEBUG-root-40768::webapp_internal::SetButton|4683:: ***System Info*** After Clicking on button:
2025-12-15 09:22:16,292-DEBUG-root-40768::psutil_info::system_info|5:: CPU USAGE: 9.2%
2025-12-15 09:22:16,292-DEBUG-root-40768::psutil_info::system_info|6:: MEMORY USAGE: 95.4%
2025-12-15 09:22:16,293-DEBUG-root-40768::psutil_info::system_info|7:: MEMORY AVAILABLE: 4.64%
2025-12-15 09:22:16,293-DEBUG-root-40768::webapp_internal::wait_element|7623:: Waiting for element
2025-12-15 09:22:16,382-INFO-root-40768::webapp_internal::SetLateralMenu|4184:: Navigating lateral menu: Atualizações > Gestao de Viagens > Solicitações
2025-12-15 09:22:16,393-DEBUG-root-40768::webapp_internal::wait_element|7623:: Waiting for element
2025-12-15 09:22:16,435-DEBUG-root-40768::webapp_internal::wait_element|7653:: Element found! Waiting for element to be displayed.
2025-12-15 09:22:16,609-INFO-root-40768::webapp_internal::SetLateralMenu|4203:: Menu item: "Atualizações"
2025-12-15 09:22:16,610-DEBUG-root-40768::webapp_internal::wait_blocker|2444:: Waiting blocker to continue...
2025-12-15 09:22:16,684-DEBUG-root-40768::webapp_internal::wait_blocker|2469:: Blocker status: False
2025-12-15 09:22:17,099-DEBUG-root-40768::webapp_internal::wait_element_timeout|7726:: Element found! Waiting for element to be displayed.
2025-12-15 09:22:17,493-DEBUG-root-40768::webapp_internal::wait_blocker|2444:: Waiting blocker to continue...
2025-12-15 09:22:17,560-DEBUG-root-40768::webapp_internal::wait_blocker|2469:: Blocker status: False
2025-12-15 09:22:19,867-INFO-root-40768::webapp_internal::SetLateralMenu|4203:: Menu item: "Gestao de Viagens"
2025-12-15 09:22:19,868-DEBUG-root-40768::webapp_internal::wait_blocker|2444:: Waiting blocker to continue...
2025-12-15 09:22:19,974-DEBUG-root-40768::webapp_internal::wait_blocker|2469:: Blocker status: False
2025-12-15 09:22:20,743-DEBUG-root-40768::webapp_internal::wait_element_timeout|7726:: Element found! Waiting for element to be displayed.
2025-12-15 09:22:21,522-DEBUG-root-40768::webapp_internal::wait_blocker|2444:: Waiting blocker to continue...
2025-12-15 09:22:21,614-DEBUG-root-40768::webapp_internal::wait_blocker|2469:: Blocker status: False
2025-12-15 09:22:23,909-INFO-root-40768::webapp_internal::SetLateralMenu|4203:: Menu item: "Solicitações"
2025-12-15 09:22:23,909-DEBUG-root-40768::webapp_internal::wait_blocker|2444:: Waiting blocker to continue...
2025-12-15 09:22:23,998-DEBUG-root-40768::webapp_internal::wait_blocker|2469:: Blocker status: False
2025-12-15 09:22:24,859-DEBUG-root-40768::webapp_internal::wait_element_timeout|7726:: Element found! Waiting for element to be displayed.
2025-12-15 09:22:25,690-DEBUG-root-40768::webapp_internal::wait_blocker|2444:: Waiting blocker to continue...
2025-12-15 09:22:25,772-DEBUG-root-40768::webapp_internal::wait_blocker|2469:: Blocker status: False
2025-12-15 09:22:29,307-DEBUG-root-40768::webapp_internal::wait_blocker|2444:: Waiting blocker to continue...
2025-12-15 09:22:29,386-DEBUG-root-40768::webapp_internal::wait_blocker|2469:: Blocker status: False
2025-12-15 09:22:29,462-INFO-root-40768::webapp_internal::WaitShow|4980:: Waiting show text 'Este ambiente utiliza base de Homologação.'...
2025-12-15 09:22:34,620-INFO-root-40768::webapp_internal::WaitShow|4980:: Waiting show text 'Moedas'...
2025-12-15 09:22:40,114-INFO-root-40768::webapp_internal::WaitShow|4980:: Waiting show text 'Solicitação de Viagens/Treinamento'...
2025-12-15 09:22:40,176-INFO-root-40768::webapp_internal::WaitShow|4996:: Text found! 
2025-12-15 09:22:40,177-INFO-root-40768::webapp_internal::ClickFolder|5081:: Clicking on folder: Filtrar
2025-12-15 09:22:40,177-DEBUG-root-40768::webapp_internal::wait_blocker|2444:: Waiting blocker to continue...
2025-12-15 09:22:40,276-DEBUG-root-40768::webapp_internal::wait_blocker|2469:: Blocker status: False
2025-12-15 09:22:40,321-DEBUG-root-40768::webapp_internal::wait_element|7623:: Waiting for element
2025-12-15 09:24:40,438-DEBUG-root-40768::webapp_internal::wait_element|7643:: wait_element doesn't found term: Filtrar
2025-12-15 09:24:40,438-WARNING-root-40768::webapp_internal::log_error|8143:: Warning log_error Element 'Filtrar' not found!
2025-12-15 09:24:40,438-DEBUG-root-40768::webapp_internal::log_error|8146:: ***System Info*** in log_error():
2025-12-15 09:24:40,438-DEBUG-root-40768::psutil_info::system_info|5:: CPU USAGE: 12.6%
2025-12-15 09:24:40,439-DEBUG-root-40768::psutil_info::system_info|6:: MEMORY USAGE: 92.5%
2025-12-15 09:24:40,439-DEBUG-root-40768::psutil_info::system_info|7:: MEMORY AVAILABLE: 7.47%
2025-12-15 09:24:40,453-DEBUG-root-40768::log::take_screenshot_log|612:: take_screenshot_log in:2025-12-15 09:24:40.453308

2025-12-15 09:24:40,545-DEBUG-root-40768::log::take_screenshot_log|627:: Screenshot file created successfully: Log\GESIT03\97137227104_20251215092440453_Viagem -_test_Cadastro_Orcamento_Viagem.png
2025-12-15 09:24:41,556-DEBUG-root-40768::log::checks_empty_line|221:: Checking empty default log info
2025-12-15 09:24:41,558-DEBUG-root-40768::log::generate_log|503:: Json log_data: {'cLogDtExec': '15/12/2025 09:24:41', 'cLogNomUsr': '97137227104', 'cLogNomEst': 'GESIT03', 'cLogProgra': None, 'cLogDtProg': '', 'cLogHrProg': '', 'nLogCtsOk': 0, 'nLogCtsNok': 1, 'nLogCtsSeg': 191.48, 'cLogVersao': '12', 'cLogReleas': '12.1.2410', 'nLogCtsErr': "Viagem - Element 'Filtrar' not found!", 'cLogBancod': 'ORACLE', 'cLogIdenti': '', 'cLogIdExec': '20251215', 'cLogPais': 'BRA', 'cLogTool': 'TIR', 'cLogSequen': '17d45a', 'nLogCtsTot': 1, 'cLogDtExea': '15/12/2025', 'cLogHrExea': '09:24:41', 'cLogArea': 'Desenvolvimento', 'cLogMnExec': 3.191333333333333}
2025-12-15 09:24:41,559-INFO-root-40768::log::send_log_with_retries|515:: Saving log locally.
2025-12-15 09:24:41,559-INFO-root-40768::log::save_log_locally|548:: [FwSendLog]: Não foi possível enviar o log após todas as tentativas.
2025-12-15 09:24:41,560-INFO-root-40768::log::save_log_locally|555:: [FwSendLog]: Log salvo localmente em C:\TIR_TESTE\1765801481.json.
2025-12-15 09:24:43,056-ERROR-root-40768::webapp_internal::TearDown|9654:: Warning tearDown Close Message: Tried to run command without establishing a connection
Traceback (most recent call last):
  File "C:\TIR_TESTE\venv\Lib\site-packages\tir\technologies\webapp_internal.py", line 9652, in TearDown
    self.driver.close()
  File "C:\TIR_TESTE\venv\Lib\site-packages\selenium\webdriver\remote\webdriver.py", line 458, in close
    self.execute(Command.CLOSE)
  File "C:\TIR_TESTE\venv\Lib\site-packages\selenium\webdriver\remote\webdriver.py", line 347, in execute
    self.error_handler.check_response(response)
  File "C:\TIR_TESTE\venv\Lib\site-packages\selenium\webdriver\remote\errorhandler.py", line 229, in check_response
    raise exception_class(message, screen, stacktrace)
selenium.common.exceptions.InvalidSessionIdException: Message: Tried to run command without establishing a connection

