2025-12-15 09:53:14,337-DEBUG-root-37696::logging_config::logger|189:: Log file created: 'Log\GESIT03\TIR__20251215095314330.log'
2025-12-15 09:53:14,337-INFO-root-37696::base::Start|1183:: TIR Version: 2.4.3
2025-12-15 09:53:14,337-INFO-root-37696::base::Start|1184:: Python Version: 3.12.10
2025-12-15 09:53:14,337-INFO-root-37696::base::Start|1185:: Starting the browser
2025-12-15 09:53:21,906-INFO-root-37696::base::get_url|1294:: Page is ready!
2025-12-15 09:53:21,913-INFO-root-37696::base::Start|1256:: Browser maximized to 1936x1048
2025-12-15 09:53:21,914-INFO-root-37696::base::Start|1258:: Screen size is different from default used in headless mode
2025-12-15 09:53:22,081-INFO-root-37696::webapp_internal::Setup|247:: ***System Info*** in Setup():
2025-12-15 09:53:22,082-DEBUG-root-37696::psutil_info::system_info|5:: CPU USAGE: 24.7%
2025-12-15 09:53:22,083-DEBUG-root-37696::psutil_info::system_info|6:: MEMORY USAGE: 94.0%
2025-12-15 09:53:22,084-DEBUG-root-37696::psutil_info::system_info|7:: MEMORY AVAILABLE: 5.99%
2025-12-15 09:53:22,097-INFO-root-37696::base::webapp_shadowroot|1394:: Webapp: 10.1.6-RC4
2025-12-15 09:53:22,158-INFO-root-37696::webapp_internal::filling_initial_program|449:: Filling Initial Program: "SIGAMDI"
2025-12-15 09:53:22,158-DEBUG-root-37696::webapp_internal::wait_element|7623:: Waiting for element
2025-12-15 09:53:22,200-DEBUG-root-37696::webapp_internal::wait_element|7653:: Element found! Waiting for element to be displayed.
2025-12-15 09:53:22,374-DEBUG-root-37696::base::click|192:: Click Type: ClickType.JS
2025-12-15 09:53:22,381-DEBUG-root-37696::webapp_internal::try_send_keys|7976:: Trying to send keys to element using technique 0
2025-12-15 09:53:22,790-DEBUG-root-37696::webapp_internal::get_web_value|3232:: Current value: SIGAMDI
2025-12-15 09:53:22,790-INFO-root-37696::webapp_internal::filling_server_environment|463:: Filling Server Environment: "POUPEX_TST"
2025-12-15 09:53:22,791-DEBUG-root-37696::webapp_internal::wait_element|7623:: Waiting for element
2025-12-15 09:53:22,850-DEBUG-root-37696::webapp_internal::wait_element|7653:: Element found! Waiting for element to be displayed.
2025-12-15 09:53:23,038-DEBUG-root-37696::base::click|192:: Click Type: ClickType.JS
2025-12-15 09:53:23,046-DEBUG-root-37696::webapp_internal::try_send_keys|7976:: Trying to send keys to element using technique 0
2025-12-15 09:53:24,653-DEBUG-root-37696::webapp_internal::get_web_value|3232:: Current value: POUPEX_TST
2025-12-15 09:53:24,782-DEBUG-root-37696::base::click|192:: Click Type: ClickType.JS
2025-12-15 09:53:24,798-DEBUG-root-37696::webapp_internal::user_screen|519:: Filling user screen
2025-12-15 09:53:31,783-DEBUG-root-37696::webapp_internal::wait_element_timeout|7726:: Element found! Waiting for element to be displayed.
2025-12-15 09:53:31,857-DEBUG-root-37696::base::scroll_to_element|759:: ********Warining scroll_to_element exception: Message: TypeError: can't access property "scrollIntoView", arguments[0] is null
Stacktrace:
@https://qasrverp:10020/webapp/:2:7
@https://qasrverp:10020/webapp/:3:8
*********
2025-12-15 09:53:32,071-INFO-root-37696::webapp_internal::user_screen|561:: Filling User
2025-12-15 09:53:32,109-DEBUG-root-37696::base::double_click|259:: Click Type: ClickType.SELENIUM
2025-12-15 09:53:32,321-DEBUG-root-37696::webapp_internal::get_web_value|3232:: Current value: 97137227104
2025-12-15 09:53:32,352-INFO-root-37696::webapp_internal::user_screen|621:: Filling Password
2025-12-15 09:53:32,381-DEBUG-root-37696::base::click|192:: Click Type: ClickType.JS
2025-12-15 09:53:32,476-DEBUG-root-37696::webapp_internal::get_web_value|3232:: Current value: Deire20191817+
2025-12-15 09:53:32,476-DEBUG-root-37696::webapp_internal::wait_blocker|2444:: Waiting blocker to continue...
2025-12-15 09:53:32,520-DEBUG-root-37696::webapp_internal::wait_blocker|2469:: Blocker status: None
2025-12-15 09:53:32,549-DEBUG-root-37696::webapp_internal::wait_blocker|2444:: Waiting blocker to continue...
2025-12-15 09:53:32,595-DEBUG-root-37696::webapp_internal::wait_blocker|2469:: Blocker status: None
2025-12-15 09:53:32,651-DEBUG-root-37696::webapp_internal::wait_blocker|2444:: Waiting blocker to continue...
2025-12-15 09:53:32,691-DEBUG-root-37696::webapp_internal::wait_blocker|2469:: Blocker status: None
2025-12-15 09:53:32,692-DEBUG-root-37696::webapp_internal::send_action|10480:: Trying to send action
2025-12-15 09:53:32,699-DEBUG-root-37696::base::click|192:: Click Type: ClickType.JS
2025-12-15 09:53:33,744-DEBUG-root-37696::webapp_internal::send_action|10522:: send_action method result = True
2025-12-15 09:53:33,745-DEBUG-root-37696::webapp_internal::send_action|10523:: send_action selenium status: False
2025-12-15 09:53:36,476-DEBUG-root-37696::base::scroll_to_element|759:: ********Warining scroll_to_element exception: Message: TypeError: can't access property "scrollIntoView", arguments[0] is null
Stacktrace:
@https://qasrverp:10020/webapp/:2:7
@https://qasrverp:10020/webapp/:3:8
*********
2025-12-15 09:53:36,554-INFO-root-37696::webapp_internal::filling_date|885:: Filling Date: "15/12/2025"
2025-12-15 09:53:36,555-DEBUG-root-37696::webapp_internal::wait_blocker|2444:: Waiting blocker to continue...
2025-12-15 09:53:36,607-DEBUG-root-37696::webapp_internal::wait_blocker|2469:: Blocker status: None
2025-12-15 09:53:36,612-DEBUG-root-37696::base::click|192:: Click Type: ClickType.JS
2025-12-15 09:53:36,636-DEBUG-root-37696::webapp_internal::try_send_keys|7976:: Trying to send keys to element using technique 1
2025-12-15 09:53:36,756-DEBUG-root-37696::webapp_internal::get_web_value|3232:: Current value: 15/12/2025
2025-12-15 09:53:37,872-INFO-root-37696::webapp_internal::filling_group|955:: Filling Group: "02"
2025-12-15 09:53:37,872-DEBUG-root-37696::webapp_internal::wait_blocker|2444:: Waiting blocker to continue...
2025-12-15 09:53:37,918-DEBUG-root-37696::webapp_internal::wait_blocker|2469:: Blocker status: None
2025-12-15 09:53:37,921-DEBUG-root-37696::base::click|192:: Click Type: ClickType.JS
2025-12-15 09:53:37,990-DEBUG-root-37696::webapp_internal::get_web_value|3232:: Current value: 02
2025-12-15 09:53:39,058-INFO-root-37696::webapp_internal::filling_branch|1047:: Filling Branch: "02DF0001"
2025-12-15 09:53:39,058-DEBUG-root-37696::webapp_internal::wait_blocker|2444:: Waiting blocker to continue...
2025-12-15 09:53:39,096-DEBUG-root-37696::webapp_internal::wait_blocker|2469:: Blocker status: None
2025-12-15 09:53:39,100-DEBUG-root-37696::base::click|192:: Click Type: ClickType.JS
2025-12-15 09:53:39,150-DEBUG-root-37696::webapp_internal::get_web_value|3232:: Current value: 02DF0001
2025-12-15 09:53:40,261-INFO-root-37696::webapp_internal::filling_environment|1113:: Filling Environment: "07"
2025-12-15 09:53:40,261-DEBUG-root-37696::webapp_internal::wait_blocker|2444:: Waiting blocker to continue...
2025-12-15 09:53:40,297-DEBUG-root-37696::webapp_internal::wait_blocker|2469:: Blocker status: None
2025-12-15 09:53:40,299-DEBUG-root-37696::base::click|192:: Click Type: ClickType.JS
2025-12-15 09:53:40,359-DEBUG-root-37696::webapp_internal::get_web_value|3232:: Current value: 07
2025-12-15 09:53:41,367-DEBUG-root-37696::webapp_internal::close_warning_screen|1489:: Closing warning screen!
2025-12-15 09:53:42,401-DEBUG-root-37696::webapp_internal::check_screen_element|1291:: Checking screen element: "Atenção": False
2025-12-15 09:53:43,505-INFO-root-37696::webapp_internal::environment_screen|796:: Clicking on Button
2025-12-15 09:53:43,506-DEBUG-root-37696::webapp_internal::wait_blocker|2444:: Waiting blocker to continue...
2025-12-15 09:53:43,541-DEBUG-root-37696::webapp_internal::wait_blocker|2469:: Blocker status: None
2025-12-15 09:53:43,546-DEBUG-root-37696::base::click|192:: Click Type: ClickType.JS
2025-12-15 09:53:44,563-DEBUG-root-37696::base::click|192:: Click Type: ClickType.JS
2025-12-15 09:53:45,572-DEBUG-root-37696::base::click|192:: Click Type: ClickType.JS
2025-12-15 09:53:46,579-DEBUG-root-37696::base::click|192:: Click Type: ClickType.JS
2025-12-15 09:53:47,588-DEBUG-root-37696::base::click|192:: Click Type: ClickType.JS
2025-12-15 09:53:48,597-DEBUG-root-37696::base::click|192:: Click Type: ClickType.JS
2025-12-15 09:53:49,607-DEBUG-root-37696::webapp_internal::close_screen_before_menu|368:: Closing screen before the menu
2025-12-15 09:53:49,657-DEBUG-root-37696::webapp_internal::close_warning_screen|1489:: Closing warning screen!
2025-12-15 09:53:50,699-DEBUG-root-37696::webapp_internal::check_screen_element|1291:: Checking screen element: "Atenção": False
2025-12-15 09:53:50,699-DEBUG-root-37696::webapp_internal::close_coin_screen|1424:: Closing coin screen!
2025-12-15 09:53:51,267-DEBUG-root-37696::base::click|192:: Click Type: ClickType.JS
2025-12-15 09:53:51,331-DEBUG-root-37696::webapp_internal::close_warning_screen|1489:: Closing warning screen!
2025-12-15 09:53:52,383-DEBUG-root-37696::webapp_internal::check_screen_element|1291:: Checking screen element: "Atenção": False
2025-12-15 09:53:52,383-DEBUG-root-37696::webapp_internal::close_coin_screen|1424:: Closing coin screen!
2025-12-15 09:53:52,489-INFO-root-37696::webapp_internal::set_log_info|1623:: Getting log info
2025-12-15 09:53:52,489-INFO-root-37696::webapp_internal::SetLateralMenu|4184:: Navigating lateral menu: Ajuda > Sobre
2025-12-15 09:53:52,498-DEBUG-root-37696::webapp_internal::wait_element|7623:: Waiting for element
2025-12-15 09:53:52,533-DEBUG-root-37696::webapp_internal::wait_element|7653:: Element found! Waiting for element to be displayed.
2025-12-15 09:53:52,697-INFO-root-37696::webapp_internal::SetLateralMenu|4203:: Menu item: "Ajuda"
2025-12-15 09:53:52,698-DEBUG-root-37696::webapp_internal::wait_blocker|2444:: Waiting blocker to continue...
2025-12-15 09:53:52,764-DEBUG-root-37696::webapp_internal::wait_blocker|2469:: Blocker status: False
2025-12-15 09:53:53,106-DEBUG-root-37696::webapp_internal::wait_element_timeout|7726:: Element found! Waiting for element to be displayed.
2025-12-15 09:53:53,395-DEBUG-root-37696::webapp_internal::wait_blocker|2444:: Waiting blocker to continue...
2025-12-15 09:53:53,460-DEBUG-root-37696::webapp_internal::wait_blocker|2469:: Blocker status: False
2025-12-15 09:53:55,764-INFO-root-37696::webapp_internal::SetLateralMenu|4203:: Menu item: "Sobre"
2025-12-15 09:53:55,765-DEBUG-root-37696::webapp_internal::wait_blocker|2444:: Waiting blocker to continue...
2025-12-15 09:53:55,844-DEBUG-root-37696::webapp_internal::wait_blocker|2469:: Blocker status: False
2025-12-15 09:53:56,317-DEBUG-root-37696::webapp_internal::wait_element_timeout|7726:: Element found! Waiting for element to be displayed.
2025-12-15 09:53:56,670-DEBUG-root-37696::webapp_internal::wait_blocker|2444:: Waiting blocker to continue...
2025-12-15 09:53:56,741-DEBUG-root-37696::webapp_internal::wait_blocker|2469:: Blocker status: False
2025-12-15 09:53:59,391-DEBUG-root-37696::webapp_internal::wait_blocker|2444:: Waiting blocker to continue...
2025-12-15 09:53:59,496-DEBUG-root-37696::webapp_internal::wait_blocker|2469:: Blocker status: False
2025-12-15 09:53:59,579-DEBUG-root-37696::webapp_internal::wait_element|7623:: Waiting for element
2025-12-15 09:53:59,630-DEBUG-root-37696::webapp_internal::wait_element|7653:: Element found! Waiting for element to be displayed.
2025-12-15 09:53:59,849-INFO-root-37696::webapp_internal::SetButton|4444:: Clicking on Fechar
2025-12-15 09:53:59,850-DEBUG-root-37696::webapp_internal::wait_blocker|2444:: Waiting blocker to continue...
2025-12-15 09:53:59,928-DEBUG-root-37696::webapp_internal::wait_blocker|2469:: Blocker status: False
2025-12-15 09:54:00,114-DEBUG-root-37696::webapp_internal::wait_element_timeout|7726:: Element found! Waiting for element to be displayed.
2025-12-15 09:54:00,201-DEBUG-root-37696::webapp_internal::SetButton|4481:: ***System Info*** Before Clicking on button:Fechar
2025-12-15 09:54:00,201-DEBUG-root-37696::psutil_info::system_info|5:: CPU USAGE: 17.0%
2025-12-15 09:54:00,202-DEBUG-root-37696::psutil_info::system_info|6:: MEMORY USAGE: 94.3%
2025-12-15 09:54:00,202-DEBUG-root-37696::psutil_info::system_info|7:: MEMORY AVAILABLE: 5.73%
2025-12-15 09:54:00,389-DEBUG-root-37696::webapp_internal::wait_element_timeout|7726:: Element found! Waiting for element to be displayed.
2025-12-15 09:54:00,499-DEBUG-root-37696::webapp_internal::wait_blocker|2444:: Waiting blocker to continue...
2025-12-15 09:54:00,576-DEBUG-root-37696::webapp_internal::wait_blocker|2469:: Blocker status: False
2025-12-15 09:54:00,593-DEBUG-root-37696::webapp_internal::wait_blocker|2444:: Waiting blocker to continue...
2025-12-15 09:54:00,678-DEBUG-root-37696::webapp_internal::wait_blocker|2469:: Blocker status: False
2025-12-15 09:54:00,678-DEBUG-root-37696::webapp_internal::send_action|10480:: Trying to send action
2025-12-15 09:54:00,681-DEBUG-root-37696::base::click|192:: Click Type: ClickType.JS
2025-12-15 09:54:01,721-DEBUG-root-37696::webapp_internal::send_action|10522:: send_action method result = True
2025-12-15 09:54:01,721-DEBUG-root-37696::webapp_internal::send_action|10523:: send_action selenium status: False
2025-12-15 09:54:01,722-DEBUG-root-37696::webapp_internal::SetButton|4683:: ***System Info*** After Clicking on button:
2025-12-15 09:54:01,722-DEBUG-root-37696::psutil_info::system_info|5:: CPU USAGE: 11.4%
2025-12-15 09:54:01,722-DEBUG-root-37696::psutil_info::system_info|6:: MEMORY USAGE: 93.5%
2025-12-15 09:54:01,723-DEBUG-root-37696::psutil_info::system_info|7:: MEMORY AVAILABLE: 6.47%
2025-12-15 09:54:01,723-DEBUG-root-37696::webapp_internal::wait_element|7623:: Waiting for element
2025-12-15 09:54:01,806-INFO-root-37696::webapp_internal::SetLateralMenu|4184:: Navigating lateral menu: Atualizações > Gestao de Viagens > Solicitações
2025-12-15 09:54:01,815-DEBUG-root-37696::webapp_internal::wait_element|7623:: Waiting for element
2025-12-15 09:54:01,849-DEBUG-root-37696::webapp_internal::wait_element|7653:: Element found! Waiting for element to be displayed.
2025-12-15 09:54:02,016-INFO-root-37696::webapp_internal::SetLateralMenu|4203:: Menu item: "Atualizações"
2025-12-15 09:54:02,016-DEBUG-root-37696::webapp_internal::wait_blocker|2444:: Waiting blocker to continue...
2025-12-15 09:54:02,091-DEBUG-root-37696::webapp_internal::wait_blocker|2469:: Blocker status: False
2025-12-15 09:54:02,539-DEBUG-root-37696::webapp_internal::wait_element_timeout|7726:: Element found! Waiting for element to be displayed.
2025-12-15 09:54:02,948-DEBUG-root-37696::webapp_internal::wait_blocker|2444:: Waiting blocker to continue...
2025-12-15 09:54:03,026-DEBUG-root-37696::webapp_internal::wait_blocker|2469:: Blocker status: False
2025-12-15 09:54:05,318-INFO-root-37696::webapp_internal::SetLateralMenu|4203:: Menu item: "Gestao de Viagens"
2025-12-15 09:54:05,318-DEBUG-root-37696::webapp_internal::wait_blocker|2444:: Waiting blocker to continue...
2025-12-15 09:54:05,417-DEBUG-root-37696::webapp_internal::wait_blocker|2469:: Blocker status: False
2025-12-15 09:54:06,188-DEBUG-root-37696::webapp_internal::wait_element_timeout|7726:: Element found! Waiting for element to be displayed.
2025-12-15 09:54:06,906-DEBUG-root-37696::webapp_internal::wait_blocker|2444:: Waiting blocker to continue...
2025-12-15 09:54:07,000-DEBUG-root-37696::webapp_internal::wait_blocker|2469:: Blocker status: False
2025-12-15 09:54:09,300-INFO-root-37696::webapp_internal::SetLateralMenu|4203:: Menu item: "Solicitações"
2025-12-15 09:54:09,301-DEBUG-root-37696::webapp_internal::wait_blocker|2444:: Waiting blocker to continue...
2025-12-15 09:54:09,391-DEBUG-root-37696::webapp_internal::wait_blocker|2469:: Blocker status: False
2025-12-15 09:54:10,223-DEBUG-root-37696::webapp_internal::wait_element_timeout|7726:: Element found! Waiting for element to be displayed.
2025-12-15 09:54:11,038-DEBUG-root-37696::webapp_internal::wait_blocker|2444:: Waiting blocker to continue...
2025-12-15 09:54:11,120-DEBUG-root-37696::webapp_internal::wait_blocker|2469:: Blocker status: False
2025-12-15 09:54:14,641-DEBUG-root-37696::webapp_internal::wait_blocker|2444:: Waiting blocker to continue...
2025-12-15 09:54:14,721-DEBUG-root-37696::webapp_internal::wait_blocker|2469:: Blocker status: False
2025-12-15 09:54:14,801-INFO-root-37696::webapp_internal::WaitShow|4980:: Waiting show text 'Este ambiente utiliza base de Homologação.'...
2025-12-15 09:54:20,065-INFO-root-37696::webapp_internal::WaitShow|4980:: Waiting show text 'Moedas'...
2025-12-15 09:54:25,425-INFO-root-37696::webapp_internal::WaitShow|4980:: Waiting show text 'Solicitação de Viagens/Treinamento'...
2025-12-15 09:54:25,503-INFO-root-37696::webapp_internal::WaitShow|4996:: Text found! 
2025-12-15 09:54:25,504-INFO-root-37696::webapp_internal::SetButton|4444:: Clicking on Filtrar
2025-12-15 09:54:25,504-DEBUG-root-37696::webapp_internal::wait_blocker|2444:: Waiting blocker to continue...
2025-12-15 09:54:25,611-DEBUG-root-37696::webapp_internal::wait_blocker|2469:: Blocker status: False
2025-12-15 09:54:26,093-DEBUG-root-37696::webapp_internal::wait_element_timeout|7726:: Element found! Waiting for element to be displayed.
2025-12-15 09:54:26,425-DEBUG-root-37696::webapp_internal::SetButton|4481:: ***System Info*** Before Clicking on button:Filtrar
2025-12-15 09:54:26,426-DEBUG-root-37696::psutil_info::system_info|5:: CPU USAGE: 12.1%
2025-12-15 09:54:26,426-DEBUG-root-37696::psutil_info::system_info|6:: MEMORY USAGE: 94.0%
2025-12-15 09:54:26,427-DEBUG-root-37696::psutil_info::system_info|7:: MEMORY AVAILABLE: 6.04%
2025-12-15 09:54:26,792-DEBUG-root-37696::webapp_internal::wait_element_timeout|7726:: Element found! Waiting for element to be displayed.
2025-12-15 09:54:27,126-DEBUG-root-37696::webapp_internal::wait_blocker|2444:: Waiting blocker to continue...
2025-12-15 09:54:27,235-DEBUG-root-37696::webapp_internal::wait_blocker|2469:: Blocker status: False
2025-12-15 09:54:27,261-DEBUG-root-37696::webapp_internal::wait_blocker|2444:: Waiting blocker to continue...
2025-12-15 09:54:27,358-DEBUG-root-37696::webapp_internal::wait_blocker|2469:: Blocker status: False
2025-12-15 09:54:27,358-DEBUG-root-37696::webapp_internal::send_action|10480:: Trying to send action
2025-12-15 09:54:27,360-DEBUG-root-37696::base::click|192:: Click Type: ClickType.JS
2025-12-15 09:54:28,398-DEBUG-root-37696::webapp_internal::send_action|10522:: send_action method result = True
2025-12-15 09:54:28,398-DEBUG-root-37696::webapp_internal::send_action|10523:: send_action selenium status: False
2025-12-15 09:54:28,398-DEBUG-root-37696::webapp_internal::SetButton|4683:: ***System Info*** After Clicking on button:
2025-12-15 09:54:28,399-DEBUG-root-37696::psutil_info::system_info|5:: CPU USAGE: 11.5%
2025-12-15 09:54:28,399-DEBUG-root-37696::psutil_info::system_info|6:: MEMORY USAGE: 94.0%
2025-12-15 09:54:28,399-DEBUG-root-37696::psutil_info::system_info|7:: MEMORY AVAILABLE: 5.97%
2025-12-15 09:54:28,600-INFO-root-37696::webapp_internal::ClickCheckBox|8826:: ClickCheckBox - Clicking on Solicitação em Aberto
2025-12-15 09:54:28,600-DEBUG-root-37696::webapp_internal::wait_element|7623:: Waiting for element
2025-12-15 09:54:28,650-DEBUG-root-37696::webapp_internal::wait_element|7653:: Element found! Waiting for element to be displayed.
2025-12-15 09:54:28,891-DEBUG-root-37696::webapp_internal::wait_blocker|2444:: Waiting blocker to continue...
2025-12-15 09:54:29,016-DEBUG-root-37696::webapp_internal::wait_blocker|2469:: Blocker status: False
2025-12-15 09:54:29,051-DEBUG-root-37696::webapp_internal::wait_blocker|2444:: Waiting blocker to continue...
2025-12-15 09:54:29,180-DEBUG-root-37696::webapp_internal::wait_blocker|2469:: Blocker status: False
2025-12-15 09:54:29,180-DEBUG-root-37696::webapp_internal::send_action|10480:: Trying to send action
2025-12-15 09:54:29,196-DEBUG-root-37696::base::click|192:: Click Type: ClickType.JS
2025-12-15 09:54:30,246-DEBUG-root-37696::webapp_internal::send_action|10522:: send_action method result = True
2025-12-15 09:54:30,246-DEBUG-root-37696::webapp_internal::send_action|10523:: send_action selenium status: False
2025-12-15 09:54:30,391-DEBUG-root-37696::webapp_internal::wait_blocker|2444:: Waiting blocker to continue...
2025-12-15 09:54:30,525-DEBUG-root-37696::webapp_internal::wait_blocker|2469:: Blocker status: False
2025-12-15 09:54:30,566-DEBUG-root-37696::webapp_internal::wait_blocker|2444:: Waiting blocker to continue...
2025-12-15 09:54:30,706-DEBUG-root-37696::webapp_internal::wait_blocker|2469:: Blocker status: False
2025-12-15 09:54:30,706-DEBUG-root-37696::webapp_internal::send_action|10480:: Trying to send action
2025-12-15 09:54:30,716-DEBUG-root-37696::base::click|192:: Click Type: ClickType.JS
2025-12-15 09:54:31,796-DEBUG-root-37696::webapp_internal::send_action|10480:: Trying to send action
2025-12-15 09:54:31,808-DEBUG-root-37696::base::click|192:: Click Type: ClickType.SELENIUM
2025-12-15 09:54:32,930-DEBUG-root-37696::webapp_internal::send_action|10522:: send_action method result = True
2025-12-15 09:54:32,931-DEBUG-root-37696::webapp_internal::send_action|10523:: send_action selenium status: False
2025-12-15 09:54:32,980-INFO-root-37696::webapp_internal::SetButton|4444:: Clicking on Aplicar filtros selecionados
2025-12-15 09:54:32,980-DEBUG-root-37696::webapp_internal::wait_blocker|2444:: Waiting blocker to continue...
2025-12-15 09:54:33,111-DEBUG-root-37696::webapp_internal::wait_blocker|2469:: Blocker status: False
2025-12-15 09:54:33,446-DEBUG-root-37696::webapp_internal::wait_element_timeout|7726:: Element found! Waiting for element to be displayed.
2025-12-15 09:54:33,649-DEBUG-root-37696::webapp_internal::SetButton|4481:: ***System Info*** Before Clicking on button:Aplicar filtros selecionados
2025-12-15 09:54:33,649-DEBUG-root-37696::psutil_info::system_info|5:: CPU USAGE: 10.8%
2025-12-15 09:54:33,649-DEBUG-root-37696::psutil_info::system_info|6:: MEMORY USAGE: 93.8%
2025-12-15 09:54:33,650-DEBUG-root-37696::psutil_info::system_info|7:: MEMORY AVAILABLE: 6.15%
2025-12-15 09:54:33,958-DEBUG-root-37696::webapp_internal::wait_element_timeout|7726:: Element found! Waiting for element to be displayed.
2025-12-15 09:54:34,267-DEBUG-root-37696::webapp_internal::wait_blocker|2444:: Waiting blocker to continue...
2025-12-15 09:54:34,401-DEBUG-root-37696::webapp_internal::wait_blocker|2469:: Blocker status: False
2025-12-15 09:54:34,430-DEBUG-root-37696::webapp_internal::wait_blocker|2444:: Waiting blocker to continue...
2025-12-15 09:54:34,566-DEBUG-root-37696::webapp_internal::wait_blocker|2469:: Blocker status: False
2025-12-15 09:54:34,566-DEBUG-root-37696::webapp_internal::send_action|10480:: Trying to send action
2025-12-15 09:54:34,568-DEBUG-root-37696::base::click|192:: Click Type: ClickType.JS
2025-12-15 09:54:35,610-DEBUG-root-37696::webapp_internal::send_action|10522:: send_action method result = True
2025-12-15 09:54:35,610-DEBUG-root-37696::webapp_internal::send_action|10523:: send_action selenium status: False
2025-12-15 09:54:35,610-DEBUG-root-37696::webapp_internal::SetButton|4683:: ***System Info*** After Clicking on button:
2025-12-15 09:54:35,610-DEBUG-root-37696::psutil_info::system_info|5:: CPU USAGE: 11.8%
2025-12-15 09:54:35,611-DEBUG-root-37696::psutil_info::system_info|6:: MEMORY USAGE: 93.8%
2025-12-15 09:54:35,611-DEBUG-root-37696::psutil_info::system_info|7:: MEMORY AVAILABLE: 6.24%
2025-12-15 09:54:36,512-INFO-root-37696::webapp_internal::SetButton|4444:: Clicking on Outras Ações
2025-12-15 09:54:36,512-DEBUG-root-37696::webapp_internal::wait_blocker|2444:: Waiting blocker to continue...
2025-12-15 09:54:36,635-DEBUG-root-37696::webapp_internal::wait_blocker|2469:: Blocker status: False
2025-12-15 09:54:36,963-DEBUG-root-37696::webapp_internal::wait_element_timeout|7726:: Element found! Waiting for element to be displayed.
2025-12-15 09:54:37,079-DEBUG-root-37696::webapp_internal::SetButton|4481:: ***System Info*** Before Clicking on button:Outras Ações
2025-12-15 09:54:37,079-DEBUG-root-37696::psutil_info::system_info|5:: CPU USAGE: 9.5%
2025-12-15 09:54:37,079-DEBUG-root-37696::psutil_info::system_info|6:: MEMORY USAGE: 94.1%
2025-12-15 09:54:37,080-DEBUG-root-37696::psutil_info::system_info|7:: MEMORY AVAILABLE: 5.92%
2025-12-15 09:54:37,500-DEBUG-root-37696::webapp_internal::wait_element_timeout|7726:: Element found! Waiting for element to be displayed.
2025-12-15 09:54:37,901-DEBUG-root-37696::webapp_internal::wait_blocker|2444:: Waiting blocker to continue...
2025-12-15 09:54:38,010-DEBUG-root-37696::webapp_internal::wait_blocker|2469:: Blocker status: False
2025-12-15 09:54:38,031-DEBUG-root-37696::webapp_internal::wait_blocker|2444:: Waiting blocker to continue...
2025-12-15 09:54:38,128-DEBUG-root-37696::webapp_internal::wait_blocker|2469:: Blocker status: False
2025-12-15 09:54:38,128-DEBUG-root-37696::webapp_internal::send_action|10480:: Trying to send action
2025-12-15 09:54:38,131-DEBUG-root-37696::base::click|192:: Click Type: ClickType.JS
2025-12-15 09:54:39,177-DEBUG-root-37696::webapp_internal::send_action|10522:: send_action method result = True
2025-12-15 09:54:39,177-DEBUG-root-37696::webapp_internal::send_action|10523:: send_action selenium status: True
2025-12-15 09:54:39,312-DEBUG-root-37696::webapp_internal::wait_element_timeout|7726:: Element found! Waiting for element to be displayed.
2025-12-15 09:54:39,358-INFO-root-37696::webapp_internal::SetButton|4588:: Clicking on Env. p/ Aprovação
2025-12-15 09:54:39,497-DEBUG-root-37696::webapp_internal::wait_element_timeout|7726:: Element found! Waiting for element to be displayed.
2025-12-15 09:54:39,676-DEBUG-root-37696::base::click|192:: Click Type: ClickType.JS
2025-12-15 09:54:39,688-DEBUG-root-37696::webapp_internal::SetButton|4683:: ***System Info*** After Clicking on button:
2025-12-15 09:54:39,688-DEBUG-root-37696::psutil_info::system_info|5:: CPU USAGE: 10.8%
2025-12-15 09:54:39,690-DEBUG-root-37696::psutil_info::system_info|6:: MEMORY USAGE: 94.1%
2025-12-15 09:54:39,690-DEBUG-root-37696::psutil_info::system_info|7:: MEMORY AVAILABLE: 5.94%
2025-12-15 09:54:40,591-INFO-root-37696::webapp_internal::WaitShow|4980:: Waiting show text 'ZA1MAIL'...
2025-12-15 09:54:46,056-INFO-root-37696::webapp_internal::WaitShow|4980:: Waiting show text 'ZA1MAIL'...
2025-12-15 09:54:51,565-INFO-root-37696::webapp_internal::WaitShow|4980:: Waiting show text 'MTALCDOC'...
2025-12-15 09:54:57,155-DEBUG-root-37696::log::checks_empty_line|221:: Checking empty default log info
2025-12-15 09:54:57,159-DEBUG-root-37696::log::generate_log|503:: Json log_data: {'cLogDtExec': '15/12/2025 09:54:57', 'cLogNomUsr': '97137227104', 'cLogNomEst': 'GESIT03', 'cLogProgra': None, 'cLogDtProg': '', 'cLogHrProg': '', 'nLogCtsOk': 1, 'nLogCtsNok': 0, 'nLogCtsSeg': 102.95, 'cLogVersao': '12', 'cLogReleas': '12.1.2410', 'nLogCtsErr': '', 'cLogBancod': 'ORACLE', 'cLogIdenti': '', 'cLogIdExec': '20251215', 'cLogPais': 'BRA', 'cLogTool': 'TIR', 'cLogSequen': 'd772db', 'nLogCtsTot': 1, 'cLogDtExea': '15/12/2025', 'cLogHrExea': '09:54:57', 'cLogArea': 'Desenvolvimento', 'cLogMnExec': 1.7158333333333333}
2025-12-15 09:54:57,159-INFO-root-37696::log::send_log_with_retries|515:: Saving log locally.
2025-12-15 09:54:57,159-INFO-root-37696::log::save_log_locally|548:: [FwSendLog]: Não foi possível enviar o log após todas as tentativas.
2025-12-15 09:54:57,160-INFO-root-37696::log::save_log_locally|555:: [FwSendLog]: Log salvo localmente em C:\TIR_TESTE\1765803297.json.
2025-12-15 09:53:14,337-DEBUG-root-37696::logging_config::logger|189:: Log file created: 'Log\GESIT03\TIR__20251215095314330.log'
2025-12-15 09:53:14,337-INFO-root-37696::base::Start|1183:: TIR Version: 2.4.3
2025-12-15 09:53:14,337-INFO-root-37696::base::Start|1184:: Python Version: 3.12.10
2025-12-15 09:53:14,337-INFO-root-37696::base::Start|1185:: Starting the browser
2025-12-15 09:53:21,906-INFO-root-37696::base::get_url|1294:: Page is ready!
2025-12-15 09:53:21,913-INFO-root-37696::base::Start|1256:: Browser maximized to 1936x1048
2025-12-15 09:53:21,914-INFO-root-37696::base::Start|1258:: Screen size is different from default used in headless mode
2025-12-15 09:53:22,081-INFO-root-37696::webapp_internal::Setup|247:: ***System Info*** in Setup():
2025-12-15 09:53:22,082-DEBUG-root-37696::psutil_info::system_info|5:: CPU USAGE: 24.7%
2025-12-15 09:53:22,083-DEBUG-root-37696::psutil_info::system_info|6:: MEMORY USAGE: 94.0%
2025-12-15 09:53:22,084-DEBUG-root-37696::psutil_info::system_info|7:: MEMORY AVAILABLE: 5.99%
2025-12-15 09:53:22,097-INFO-root-37696::base::webapp_shadowroot|1394:: Webapp: 10.1.6-RC4
2025-12-15 09:53:22,158-INFO-root-37696::webapp_internal::filling_initial_program|449:: Filling Initial Program: "SIGAMDI"
2025-12-15 09:53:22,158-DEBUG-root-37696::webapp_internal::wait_element|7623:: Waiting for element
2025-12-15 09:53:22,200-DEBUG-root-37696::webapp_internal::wait_element|7653:: Element found! Waiting for element to be displayed.
2025-12-15 09:53:22,374-DEBUG-root-37696::base::click|192:: Click Type: ClickType.JS
2025-12-15 09:53:22,381-DEBUG-root-37696::webapp_internal::try_send_keys|7976:: Trying to send keys to element using technique 0
2025-12-15 09:53:22,790-DEBUG-root-37696::webapp_internal::get_web_value|3232:: Current value: SIGAMDI
2025-12-15 09:53:22,790-INFO-root-37696::webapp_internal::filling_server_environment|463:: Filling Server Environment: "POUPEX_TST"
2025-12-15 09:53:22,791-DEBUG-root-37696::webapp_internal::wait_element|7623:: Waiting for element
2025-12-15 09:53:22,850-DEBUG-root-37696::webapp_internal::wait_element|7653:: Element found! Waiting for element to be displayed.
2025-12-15 09:53:23,038-DEBUG-root-37696::base::click|192:: Click Type: ClickType.JS
2025-12-15 09:53:23,046-DEBUG-root-37696::webapp_internal::try_send_keys|7976:: Trying to send keys to element using technique 0
2025-12-15 09:53:24,653-DEBUG-root-37696::webapp_internal::get_web_value|3232:: Current value: POUPEX_TST
2025-12-15 09:53:24,782-DEBUG-root-37696::base::click|192:: Click Type: ClickType.JS
2025-12-15 09:53:24,798-DEBUG-root-37696::webapp_internal::user_screen|519:: Filling user screen
2025-12-15 09:53:31,783-DEBUG-root-37696::webapp_internal::wait_element_timeout|7726:: Element found! Waiting for element to be displayed.
2025-12-15 09:53:31,857-DEBUG-root-37696::base::scroll_to_element|759:: ********Warining scroll_to_element exception: Message: TypeError: can't access property "scrollIntoView", arguments[0] is null
Stacktrace:
@https://qasrverp:10020/webapp/:2:7
@https://qasrverp:10020/webapp/:3:8
*********
2025-12-15 09:53:32,071-INFO-root-37696::webapp_internal::user_screen|561:: Filling User
2025-12-15 09:53:32,109-DEBUG-root-37696::base::double_click|259:: Click Type: ClickType.SELENIUM
2025-12-15 09:53:32,321-DEBUG-root-37696::webapp_internal::get_web_value|3232:: Current value: 97137227104
2025-12-15 09:53:32,352-INFO-root-37696::webapp_internal::user_screen|621:: Filling Password
2025-12-15 09:53:32,381-DEBUG-root-37696::base::click|192:: Click Type: ClickType.JS
2025-12-15 09:53:32,476-DEBUG-root-37696::webapp_internal::get_web_value|3232:: Current value: Deire20191817+
2025-12-15 09:53:32,476-DEBUG-root-37696::webapp_internal::wait_blocker|2444:: Waiting blocker to continue...
2025-12-15 09:53:32,520-DEBUG-root-37696::webapp_internal::wait_blocker|2469:: Blocker status: None
2025-12-15 09:53:32,549-DEBUG-root-37696::webapp_internal::wait_blocker|2444:: Waiting blocker to continue...
2025-12-15 09:53:32,595-DEBUG-root-37696::webapp_internal::wait_blocker|2469:: Blocker status: None
2025-12-15 09:53:32,651-DEBUG-root-37696::webapp_internal::wait_blocker|2444:: Waiting blocker to continue...
2025-12-15 09:53:32,691-DEBUG-root-37696::webapp_internal::wait_blocker|2469:: Blocker status: None
2025-12-15 09:53:32,692-DEBUG-root-37696::webapp_internal::send_action|10480:: Trying to send action
2025-12-15 09:53:32,699-DEBUG-root-37696::base::click|192:: Click Type: ClickType.JS
2025-12-15 09:53:33,744-DEBUG-root-37696::webapp_internal::send_action|10522:: send_action method result = True
2025-12-15 09:53:33,745-DEBUG-root-37696::webapp_internal::send_action|10523:: send_action selenium status: False
2025-12-15 09:53:36,476-DEBUG-root-37696::base::scroll_to_element|759:: ********Warining scroll_to_element exception: Message: TypeError: can't access property "scrollIntoView", arguments[0] is null
Stacktrace:
@https://qasrverp:10020/webapp/:2:7
@https://qasrverp:10020/webapp/:3:8
*********
2025-12-15 09:53:36,554-INFO-root-37696::webapp_internal::filling_date|885:: Filling Date: "15/12/2025"
2025-12-15 09:53:36,555-DEBUG-root-37696::webapp_internal::wait_blocker|2444:: Waiting blocker to continue...
2025-12-15 09:53:36,607-DEBUG-root-37696::webapp_internal::wait_blocker|2469:: Blocker status: None
2025-12-15 09:53:36,612-DEBUG-root-37696::base::click|192:: Click Type: ClickType.JS
2025-12-15 09:53:36,636-DEBUG-root-37696::webapp_internal::try_send_keys|7976:: Trying to send keys to element using technique 1
2025-12-15 09:53:36,756-DEBUG-root-37696::webapp_internal::get_web_value|3232:: Current value: 15/12/2025
2025-12-15 09:53:37,872-INFO-root-37696::webapp_internal::filling_group|955:: Filling Group: "02"
2025-12-15 09:53:37,872-DEBUG-root-37696::webapp_internal::wait_blocker|2444:: Waiting blocker to continue...
2025-12-15 09:53:37,918-DEBUG-root-37696::webapp_internal::wait_blocker|2469:: Blocker status: None
2025-12-15 09:53:37,921-DEBUG-root-37696::base::click|192:: Click Type: ClickType.JS
2025-12-15 09:53:37,990-DEBUG-root-37696::webapp_internal::get_web_value|3232:: Current value: 02
2025-12-15 09:53:39,058-INFO-root-37696::webapp_internal::filling_branch|1047:: Filling Branch: "02DF0001"
2025-12-15 09:53:39,058-DEBUG-root-37696::webapp_internal::wait_blocker|2444:: Waiting blocker to continue...
2025-12-15 09:53:39,096-DEBUG-root-37696::webapp_internal::wait_blocker|2469:: Blocker status: None
2025-12-15 09:53:39,100-DEBUG-root-37696::base::click|192:: Click Type: ClickType.JS
2025-12-15 09:53:39,150-DEBUG-root-37696::webapp_internal::get_web_value|3232:: Current value: 02DF0001
2025-12-15 09:53:40,261-INFO-root-37696::webapp_internal::filling_environment|1113:: Filling Environment: "07"
2025-12-15 09:53:40,261-DEBUG-root-37696::webapp_internal::wait_blocker|2444:: Waiting blocker to continue...
2025-12-15 09:53:40,297-DEBUG-root-37696::webapp_internal::wait_blocker|2469:: Blocker status: None
2025-12-15 09:53:40,299-DEBUG-root-37696::base::click|192:: Click Type: ClickType.JS
2025-12-15 09:53:40,359-DEBUG-root-37696::webapp_internal::get_web_value|3232:: Current value: 07
2025-12-15 09:53:41,367-DEBUG-root-37696::webapp_internal::close_warning_screen|1489:: Closing warning screen!
2025-12-15 09:53:42,401-DEBUG-root-37696::webapp_internal::check_screen_element|1291:: Checking screen element: "Atenção": False
2025-12-15 09:53:43,505-INFO-root-37696::webapp_internal::environment_screen|796:: Clicking on Button
2025-12-15 09:53:43,506-DEBUG-root-37696::webapp_internal::wait_blocker|2444:: Waiting blocker to continue...
2025-12-15 09:53:43,541-DEBUG-root-37696::webapp_internal::wait_blocker|2469:: Blocker status: None
2025-12-15 09:53:43,546-DEBUG-root-37696::base::click|192:: Click Type: ClickType.JS
2025-12-15 09:53:44,563-DEBUG-root-37696::base::click|192:: Click Type: ClickType.JS
2025-12-15 09:53:45,572-DEBUG-root-37696::base::click|192:: Click Type: ClickType.JS
2025-12-15 09:53:46,579-DEBUG-root-37696::base::click|192:: Click Type: ClickType.JS
2025-12-15 09:53:47,588-DEBUG-root-37696::base::click|192:: Click Type: ClickType.JS
2025-12-15 09:53:48,597-DEBUG-root-37696::base::click|192:: Click Type: ClickType.JS
2025-12-15 09:53:49,607-DEBUG-root-37696::webapp_internal::close_screen_before_menu|368:: Closing screen before the menu
2025-12-15 09:53:49,657-DEBUG-root-37696::webapp_internal::close_warning_screen|1489:: Closing warning screen!
2025-12-15 09:53:50,699-DEBUG-root-37696::webapp_internal::check_screen_element|1291:: Checking screen element: "Atenção": False
2025-12-15 09:53:50,699-DEBUG-root-37696::webapp_internal::close_coin_screen|1424:: Closing coin screen!
2025-12-15 09:53:51,267-DEBUG-root-37696::base::click|192:: Click Type: ClickType.JS
2025-12-15 09:53:51,331-DEBUG-root-37696::webapp_internal::close_warning_screen|1489:: Closing warning screen!
2025-12-15 09:53:52,383-DEBUG-root-37696::webapp_internal::check_screen_element|1291:: Checking screen element: "Atenção": False
2025-12-15 09:53:52,383-DEBUG-root-37696::webapp_internal::close_coin_screen|1424:: Closing coin screen!
2025-12-15 09:53:52,489-INFO-root-37696::webapp_internal::set_log_info|1623:: Getting log info
2025-12-15 09:53:52,489-INFO-root-37696::webapp_internal::SetLateralMenu|4184:: Navigating lateral menu: Ajuda > Sobre
2025-12-15 09:53:52,498-DEBUG-root-37696::webapp_internal::wait_element|7623:: Waiting for element
2025-12-15 09:53:52,533-DEBUG-root-37696::webapp_internal::wait_element|7653:: Element found! Waiting for element to be displayed.
2025-12-15 09:53:52,697-INFO-root-37696::webapp_internal::SetLateralMenu|4203:: Menu item: "Ajuda"
2025-12-15 09:53:52,698-DEBUG-root-37696::webapp_internal::wait_blocker|2444:: Waiting blocker to continue...
2025-12-15 09:53:52,764-DEBUG-root-37696::webapp_internal::wait_blocker|2469:: Blocker status: False
2025-12-15 09:53:53,106-DEBUG-root-37696::webapp_internal::wait_element_timeout|7726:: Element found! Waiting for element to be displayed.
2025-12-15 09:53:53,395-DEBUG-root-37696::webapp_internal::wait_blocker|2444:: Waiting blocker to continue...
2025-12-15 09:53:53,460-DEBUG-root-37696::webapp_internal::wait_blocker|2469:: Blocker status: False
2025-12-15 09:53:55,764-INFO-root-37696::webapp_internal::SetLateralMenu|4203:: Menu item: "Sobre"
2025-12-15 09:53:55,765-DEBUG-root-37696::webapp_internal::wait_blocker|2444:: Waiting blocker to continue...
2025-12-15 09:53:55,844-DEBUG-root-37696::webapp_internal::wait_blocker|2469:: Blocker status: False
2025-12-15 09:53:56,317-DEBUG-root-37696::webapp_internal::wait_element_timeout|7726:: Element found! Waiting for element to be displayed.
2025-12-15 09:53:56,670-DEBUG-root-37696::webapp_internal::wait_blocker|2444:: Waiting blocker to continue...
2025-12-15 09:53:56,741-DEBUG-root-37696::webapp_internal::wait_blocker|2469:: Blocker status: False
2025-12-15 09:53:59,391-DEBUG-root-37696::webapp_internal::wait_blocker|2444:: Waiting blocker to continue...
2025-12-15 09:53:59,496-DEBUG-root-37696::webapp_internal::wait_blocker|2469:: Blocker status: False
2025-12-15 09:53:59,579-DEBUG-root-37696::webapp_internal::wait_element|7623:: Waiting for element
2025-12-15 09:53:59,630-DEBUG-root-37696::webapp_internal::wait_element|7653:: Element found! Waiting for element to be displayed.
2025-12-15 09:53:59,849-INFO-root-37696::webapp_internal::SetButton|4444:: Clicking on Fechar
2025-12-15 09:53:59,850-DEBUG-root-37696::webapp_internal::wait_blocker|2444:: Waiting blocker to continue...
2025-12-15 09:53:59,928-DEBUG-root-37696::webapp_internal::wait_blocker|2469:: Blocker status: False
2025-12-15 09:54:00,114-DEBUG-root-37696::webapp_internal::wait_element_timeout|7726:: Element found! Waiting for element to be displayed.
2025-12-15 09:54:00,201-DEBUG-root-37696::webapp_internal::SetButton|4481:: ***System Info*** Before Clicking on button:Fechar
2025-12-15 09:54:00,201-DEBUG-root-37696::psutil_info::system_info|5:: CPU USAGE: 17.0%
2025-12-15 09:54:00,202-DEBUG-root-37696::psutil_info::system_info|6:: MEMORY USAGE: 94.3%
2025-12-15 09:54:00,202-DEBUG-root-37696::psutil_info::system_info|7:: MEMORY AVAILABLE: 5.73%
2025-12-15 09:54:00,389-DEBUG-root-37696::webapp_internal::wait_element_timeout|7726:: Element found! Waiting for element to be displayed.
2025-12-15 09:54:00,499-DEBUG-root-37696::webapp_internal::wait_blocker|2444:: Waiting blocker to continue...
2025-12-15 09:54:00,576-DEBUG-root-37696::webapp_internal::wait_blocker|2469:: Blocker status: False
2025-12-15 09:54:00,593-DEBUG-root-37696::webapp_internal::wait_blocker|2444:: Waiting blocker to continue...
2025-12-15 09:54:00,678-DEBUG-root-37696::webapp_internal::wait_blocker|2469:: Blocker status: False
2025-12-15 09:54:00,678-DEBUG-root-37696::webapp_internal::send_action|10480:: Trying to send action
2025-12-15 09:54:00,681-DEBUG-root-37696::base::click|192:: Click Type: ClickType.JS
2025-12-15 09:54:01,721-DEBUG-root-37696::webapp_internal::send_action|10522:: send_action method result = True
2025-12-15 09:54:01,721-DEBUG-root-37696::webapp_internal::send_action|10523:: send_action selenium status: False
2025-12-15 09:54:01,722-DEBUG-root-37696::webapp_internal::SetButton|4683:: ***System Info*** After Clicking on button:
2025-12-15 09:54:01,722-DEBUG-root-37696::psutil_info::system_info|5:: CPU USAGE: 11.4%
2025-12-15 09:54:01,722-DEBUG-root-37696::psutil_info::system_info|6:: MEMORY USAGE: 93.5%
2025-12-15 09:54:01,723-DEBUG-root-37696::psutil_info::system_info|7:: MEMORY AVAILABLE: 6.47%
2025-12-15 09:54:01,723-DEBUG-root-37696::webapp_internal::wait_element|7623:: Waiting for element
2025-12-15 09:54:01,806-INFO-root-37696::webapp_internal::SetLateralMenu|4184:: Navigating lateral menu: Atualizações > Gestao de Viagens > Solicitações
2025-12-15 09:54:01,815-DEBUG-root-37696::webapp_internal::wait_element|7623:: Waiting for element
2025-12-15 09:54:01,849-DEBUG-root-37696::webapp_internal::wait_element|7653:: Element found! Waiting for element to be displayed.
2025-12-15 09:54:02,016-INFO-root-37696::webapp_internal::SetLateralMenu|4203:: Menu item: "Atualizações"
2025-12-15 09:54:02,016-DEBUG-root-37696::webapp_internal::wait_blocker|2444:: Waiting blocker to continue...
2025-12-15 09:54:02,091-DEBUG-root-37696::webapp_internal::wait_blocker|2469:: Blocker status: False
2025-12-15 09:54:02,539-DEBUG-root-37696::webapp_internal::wait_element_timeout|7726:: Element found! Waiting for element to be displayed.
2025-12-15 09:54:02,948-DEBUG-root-37696::webapp_internal::wait_blocker|2444:: Waiting blocker to continue...
2025-12-15 09:54:03,026-DEBUG-root-37696::webapp_internal::wait_blocker|2469:: Blocker status: False
2025-12-15 09:54:05,318-INFO-root-37696::webapp_internal::SetLateralMenu|4203:: Menu item: "Gestao de Viagens"
2025-12-15 09:54:05,318-DEBUG-root-37696::webapp_internal::wait_blocker|2444:: Waiting blocker to continue...
2025-12-15 09:54:05,417-DEBUG-root-37696::webapp_internal::wait_blocker|2469:: Blocker status: False
2025-12-15 09:54:06,188-DEBUG-root-37696::webapp_internal::wait_element_timeout|7726:: Element found! Waiting for element to be displayed.
2025-12-15 09:54:06,906-DEBUG-root-37696::webapp_internal::wait_blocker|2444:: Waiting blocker to continue...
2025-12-15 09:54:07,000-DEBUG-root-37696::webapp_internal::wait_blocker|2469:: Blocker status: False
2025-12-15 09:54:09,300-INFO-root-37696::webapp_internal::SetLateralMenu|4203:: Menu item: "Solicitações"
2025-12-15 09:54:09,301-DEBUG-root-37696::webapp_internal::wait_blocker|2444:: Waiting blocker to continue...
2025-12-15 09:54:09,391-DEBUG-root-37696::webapp_internal::wait_blocker|2469:: Blocker status: False
2025-12-15 09:54:10,223-DEBUG-root-37696::webapp_internal::wait_element_timeout|7726:: Element found! Waiting for element to be displayed.
2025-12-15 09:54:11,038-DEBUG-root-37696::webapp_internal::wait_blocker|2444:: Waiting blocker to continue...
2025-12-15 09:54:11,120-DEBUG-root-37696::webapp_internal::wait_blocker|2469:: Blocker status: False
2025-12-15 09:54:14,641-DEBUG-root-37696::webapp_internal::wait_blocker|2444:: Waiting blocker to continue...
2025-12-15 09:54:14,721-DEBUG-root-37696::webapp_internal::wait_blocker|2469:: Blocker status: False
2025-12-15 09:54:14,801-INFO-root-37696::webapp_internal::WaitShow|4980:: Waiting show text 'Este ambiente utiliza base de Homologação.'...
2025-12-15 09:54:20,065-INFO-root-37696::webapp_internal::WaitShow|4980:: Waiting show text 'Moedas'...
2025-12-15 09:54:25,425-INFO-root-37696::webapp_internal::WaitShow|4980:: Waiting show text 'Solicitação de Viagens/Treinamento'...
2025-12-15 09:54:25,503-INFO-root-37696::webapp_internal::WaitShow|4996:: Text found! 
2025-12-15 09:54:25,504-INFO-root-37696::webapp_internal::SetButton|4444:: Clicking on Filtrar
2025-12-15 09:54:25,504-DEBUG-root-37696::webapp_internal::wait_blocker|2444:: Waiting blocker to continue...
2025-12-15 09:54:25,611-DEBUG-root-37696::webapp_internal::wait_blocker|2469:: Blocker status: False
2025-12-15 09:54:26,093-DEBUG-root-37696::webapp_internal::wait_element_timeout|7726:: Element found! Waiting for element to be displayed.
2025-12-15 09:54:26,425-DEBUG-root-37696::webapp_internal::SetButton|4481:: ***System Info*** Before Clicking on button:Filtrar
2025-12-15 09:54:26,426-DEBUG-root-37696::psutil_info::system_info|5:: CPU USAGE: 12.1%
2025-12-15 09:54:26,426-DEBUG-root-37696::psutil_info::system_info|6:: MEMORY USAGE: 94.0%
2025-12-15 09:54:26,427-DEBUG-root-37696::psutil_info::system_info|7:: MEMORY AVAILABLE: 6.04%
2025-12-15 09:54:26,792-DEBUG-root-37696::webapp_internal::wait_element_timeout|7726:: Element found! Waiting for element to be displayed.
2025-12-15 09:54:27,126-DEBUG-root-37696::webapp_internal::wait_blocker|2444:: Waiting blocker to continue...
2025-12-15 09:54:27,235-DEBUG-root-37696::webapp_internal::wait_blocker|2469:: Blocker status: False
2025-12-15 09:54:27,261-DEBUG-root-37696::webapp_internal::wait_blocker|2444:: Waiting blocker to continue...
2025-12-15 09:54:27,358-DEBUG-root-37696::webapp_internal::wait_blocker|2469:: Blocker status: False
2025-12-15 09:54:27,358-DEBUG-root-37696::webapp_internal::send_action|10480:: Trying to send action
2025-12-15 09:54:27,360-DEBUG-root-37696::base::click|192:: Click Type: ClickType.JS
2025-12-15 09:54:28,398-DEBUG-root-37696::webapp_internal::send_action|10522:: send_action method result = True
2025-12-15 09:54:28,398-DEBUG-root-37696::webapp_internal::send_action|10523:: send_action selenium status: False
2025-12-15 09:54:28,398-DEBUG-root-37696::webapp_internal::SetButton|4683:: ***System Info*** After Clicking on button:
2025-12-15 09:54:28,399-DEBUG-root-37696::psutil_info::system_info|5:: CPU USAGE: 11.5%
2025-12-15 09:54:28,399-DEBUG-root-37696::psutil_info::system_info|6:: MEMORY USAGE: 94.0%
2025-12-15 09:54:28,399-DEBUG-root-37696::psutil_info::system_info|7:: MEMORY AVAILABLE: 5.97%
2025-12-15 09:54:28,600-INFO-root-37696::webapp_internal::ClickCheckBox|8826:: ClickCheckBox - Clicking on Solicitação em Aberto
2025-12-15 09:54:28,600-DEBUG-root-37696::webapp_internal::wait_element|7623:: Waiting for element
2025-12-15 09:54:28,650-DEBUG-root-37696::webapp_internal::wait_element|7653:: Element found! Waiting for element to be displayed.
2025-12-15 09:54:28,891-DEBUG-root-37696::webapp_internal::wait_blocker|2444:: Waiting blocker to continue...
2025-12-15 09:54:29,016-DEBUG-root-37696::webapp_internal::wait_blocker|2469:: Blocker status: False
2025-12-15 09:54:29,051-DEBUG-root-37696::webapp_internal::wait_blocker|2444:: Waiting blocker to continue...
2025-12-15 09:54:29,180-DEBUG-root-37696::webapp_internal::wait_blocker|2469:: Blocker status: False
2025-12-15 09:54:29,180-DEBUG-root-37696::webapp_internal::send_action|10480:: Trying to send action
2025-12-15 09:54:29,196-DEBUG-root-37696::base::click|192:: Click Type: ClickType.JS
2025-12-15 09:54:30,246-DEBUG-root-37696::webapp_internal::send_action|10522:: send_action method result = True
2025-12-15 09:54:30,246-DEBUG-root-37696::webapp_internal::send_action|10523:: send_action selenium status: False
2025-12-15 09:54:30,391-DEBUG-root-37696::webapp_internal::wait_blocker|2444:: Waiting blocker to continue...
2025-12-15 09:54:30,525-DEBUG-root-37696::webapp_internal::wait_blocker|2469:: Blocker status: False
2025-12-15 09:54:30,566-DEBUG-root-37696::webapp_internal::wait_blocker|2444:: Waiting blocker to continue...
2025-12-15 09:54:30,706-DEBUG-root-37696::webapp_internal::wait_blocker|2469:: Blocker status: False
2025-12-15 09:54:30,706-DEBUG-root-37696::webapp_internal::send_action|10480:: Trying to send action
2025-12-15 09:54:30,716-DEBUG-root-37696::base::click|192:: Click Type: ClickType.JS
2025-12-15 09:54:31,796-DEBUG-root-37696::webapp_internal::send_action|10480:: Trying to send action
2025-12-15 09:54:31,808-DEBUG-root-37696::base::click|192:: Click Type: ClickType.SELENIUM
2025-12-15 09:54:32,930-DEBUG-root-37696::webapp_internal::send_action|10522:: send_action method result = True
2025-12-15 09:54:32,931-DEBUG-root-37696::webapp_internal::send_action|10523:: send_action selenium status: False
2025-12-15 09:54:32,980-INFO-root-37696::webapp_internal::SetButton|4444:: Clicking on Aplicar filtros selecionados
2025-12-15 09:54:32,980-DEBUG-root-37696::webapp_internal::wait_blocker|2444:: Waiting blocker to continue...
2025-12-15 09:54:33,111-DEBUG-root-37696::webapp_internal::wait_blocker|2469:: Blocker status: False
2025-12-15 09:54:33,446-DEBUG-root-37696::webapp_internal::wait_element_timeout|7726:: Element found! Waiting for element to be displayed.
2025-12-15 09:54:33,649-DEBUG-root-37696::webapp_internal::SetButton|4481:: ***System Info*** Before Clicking on button:Aplicar filtros selecionados
2025-12-15 09:54:33,649-DEBUG-root-37696::psutil_info::system_info|5:: CPU USAGE: 10.8%
2025-12-15 09:54:33,649-DEBUG-root-37696::psutil_info::system_info|6:: MEMORY USAGE: 93.8%
2025-12-15 09:54:33,650-DEBUG-root-37696::psutil_info::system_info|7:: MEMORY AVAILABLE: 6.15%
2025-12-15 09:54:33,958-DEBUG-root-37696::webapp_internal::wait_element_timeout|7726:: Element found! Waiting for element to be displayed.
2025-12-15 09:54:34,267-DEBUG-root-37696::webapp_internal::wait_blocker|2444:: Waiting blocker to continue...
2025-12-15 09:54:34,401-DEBUG-root-37696::webapp_internal::wait_blocker|2469:: Blocker status: False
2025-12-15 09:54:34,430-DEBUG-root-37696::webapp_internal::wait_blocker|2444:: Waiting blocker to continue...
2025-12-15 09:54:34,566-DEBUG-root-37696::webapp_internal::wait_blocker|2469:: Blocker status: False
2025-12-15 09:54:34,566-DEBUG-root-37696::webapp_internal::send_action|10480:: Trying to send action
2025-12-15 09:54:34,568-DEBUG-root-37696::base::click|192:: Click Type: ClickType.JS
2025-12-15 09:54:35,610-DEBUG-root-37696::webapp_internal::send_action|10522:: send_action method result = True
2025-12-15 09:54:35,610-DEBUG-root-37696::webapp_internal::send_action|10523:: send_action selenium status: False
2025-12-15 09:54:35,610-DEBUG-root-37696::webapp_internal::SetButton|4683:: ***System Info*** After Clicking on button:
2025-12-15 09:54:35,610-DEBUG-root-37696::psutil_info::system_info|5:: CPU USAGE: 11.8%
2025-12-15 09:54:35,611-DEBUG-root-37696::psutil_info::system_info|6:: MEMORY USAGE: 93.8%
2025-12-15 09:54:35,611-DEBUG-root-37696::psutil_info::system_info|7:: MEMORY AVAILABLE: 6.24%
2025-12-15 09:54:36,512-INFO-root-37696::webapp_internal::SetButton|4444:: Clicking on Outras Ações
2025-12-15 09:54:36,512-DEBUG-root-37696::webapp_internal::wait_blocker|2444:: Waiting blocker to continue...
2025-12-15 09:54:36,635-DEBUG-root-37696::webapp_internal::wait_blocker|2469:: Blocker status: False
2025-12-15 09:54:36,963-DEBUG-root-37696::webapp_internal::wait_element_timeout|7726:: Element found! Waiting for element to be displayed.
2025-12-15 09:54:37,079-DEBUG-root-37696::webapp_internal::SetButton|4481:: ***System Info*** Before Clicking on button:Outras Ações
2025-12-15 09:54:37,079-DEBUG-root-37696::psutil_info::system_info|5:: CPU USAGE: 9.5%
2025-12-15 09:54:37,079-DEBUG-root-37696::psutil_info::system_info|6:: MEMORY USAGE: 94.1%
2025-12-15 09:54:37,080-DEBUG-root-37696::psutil_info::system_info|7:: MEMORY AVAILABLE: 5.92%
2025-12-15 09:54:37,500-DEBUG-root-37696::webapp_internal::wait_element_timeout|7726:: Element found! Waiting for element to be displayed.
2025-12-15 09:54:37,901-DEBUG-root-37696::webapp_internal::wait_blocker|2444:: Waiting blocker to continue...
2025-12-15 09:54:38,010-DEBUG-root-37696::webapp_internal::wait_blocker|2469:: Blocker status: False
2025-12-15 09:54:38,031-DEBUG-root-37696::webapp_internal::wait_blocker|2444:: Waiting blocker to continue...
2025-12-15 09:54:38,128-DEBUG-root-37696::webapp_internal::wait_blocker|2469:: Blocker status: False
2025-12-15 09:54:38,128-DEBUG-root-37696::webapp_internal::send_action|10480:: Trying to send action
2025-12-15 09:54:38,131-DEBUG-root-37696::base::click|192:: Click Type: ClickType.JS
2025-12-15 09:54:39,177-DEBUG-root-37696::webapp_internal::send_action|10522:: send_action method result = True
2025-12-15 09:54:39,177-DEBUG-root-37696::webapp_internal::send_action|10523:: send_action selenium status: True
2025-12-15 09:54:39,312-DEBUG-root-37696::webapp_internal::wait_element_timeout|7726:: Element found! Waiting for element to be displayed.
2025-12-15 09:54:39,358-INFO-root-37696::webapp_internal::SetButton|4588:: Clicking on Env. p/ Aprovação
2025-12-15 09:54:39,497-DEBUG-root-37696::webapp_internal::wait_element_timeout|7726:: Element found! Waiting for element to be displayed.
2025-12-15 09:54:39,676-DEBUG-root-37696::base::click|192:: Click Type: ClickType.JS
2025-12-15 09:54:39,688-DEBUG-root-37696::webapp_internal::SetButton|4683:: ***System Info*** After Clicking on button:
2025-12-15 09:54:39,688-DEBUG-root-37696::psutil_info::system_info|5:: CPU USAGE: 10.8%
2025-12-15 09:54:39,690-DEBUG-root-37696::psutil_info::system_info|6:: MEMORY USAGE: 94.1%
2025-12-15 09:54:39,690-DEBUG-root-37696::psutil_info::system_info|7:: MEMORY AVAILABLE: 5.94%
2025-12-15 09:54:40,591-INFO-root-37696::webapp_internal::WaitShow|4980:: Waiting show text 'ZA1MAIL'...
2025-12-15 09:54:46,056-INFO-root-37696::webapp_internal::WaitShow|4980:: Waiting show text 'ZA1MAIL'...
2025-12-15 09:54:51,565-INFO-root-37696::webapp_internal::WaitShow|4980:: Waiting show text 'MTALCDOC'...
2025-12-15 09:54:57,155-DEBUG-root-37696::log::checks_empty_line|221:: Checking empty default log info
2025-12-15 09:54:57,159-DEBUG-root-37696::log::generate_log|503:: Json log_data: {'cLogDtExec': '15/12/2025 09:54:57', 'cLogNomUsr': '97137227104', 'cLogNomEst': 'GESIT03', 'cLogProgra': None, 'cLogDtProg': '', 'cLogHrProg': '', 'nLogCtsOk': 1, 'nLogCtsNok': 0, 'nLogCtsSeg': 102.95, 'cLogVersao': '12', 'cLogReleas': '12.1.2410', 'nLogCtsErr': '', 'cLogBancod': 'ORACLE', 'cLogIdenti': '', 'cLogIdExec': '20251215', 'cLogPais': 'BRA', 'cLogTool': 'TIR', 'cLogSequen': 'd772db', 'nLogCtsTot': 1, 'cLogDtExea': '15/12/2025', 'cLogHrExea': '09:54:57', 'cLogArea': 'Desenvolvimento', 'cLogMnExec': 1.7158333333333333}
2025-12-15 09:54:57,159-INFO-root-37696::log::send_log_with_retries|515:: Saving log locally.
2025-12-15 09:54:57,159-INFO-root-37696::log::save_log_locally|548:: [FwSendLog]: Não foi possível enviar o log após todas as tentativas.
2025-12-15 09:54:57,160-INFO-root-37696::log::save_log_locally|555:: [FwSendLog]: Log salvo localmente em C:\TIR_TESTE\1765803297.json.
