2025-12-04 09:59:13,399-DEBUG-root-40864::logging_config::logger|189:: Log file created: 'Log\GESIT03\TIR__20251204095913392.log'
2025-12-04 09:59:13,400-INFO-root-40864::base::Start|1183:: TIR Version: 2.4.3
2025-12-04 09:59:13,400-INFO-root-40864::base::Start|1184:: Python Version: 3.12.10
2025-12-04 09:59:13,400-INFO-root-40864::base::Start|1185:: Starting the browser
2025-12-04 09:59:20,802-INFO-root-40864::base::get_url|1294:: Page is ready!
2025-12-04 09:59:20,828-INFO-root-40864::base::Start|1256:: Browser maximized to 1936x1048
2025-12-04 09:59:20,828-INFO-root-40864::base::Start|1258:: Screen size is different from default used in headless mode
2025-12-04 09:59:21,104-INFO-root-40864::webapp_internal::Setup|247:: ***System Info*** in Setup():
2025-12-04 09:59:21,105-DEBUG-root-40864::psutil_info::system_info|5:: CPU USAGE: 20.8%
2025-12-04 09:59:21,105-DEBUG-root-40864::psutil_info::system_info|6:: MEMORY USAGE: 94.0%
2025-12-04 09:59:21,106-DEBUG-root-40864::psutil_info::system_info|7:: MEMORY AVAILABLE: 5.98%
2025-12-04 09:59:21,166-INFO-root-40864::base::webapp_shadowroot|1394:: Webapp: 10.1.6-RC4
2025-12-04 09:59:21,226-INFO-root-40864::webapp_internal::filling_initial_program|449:: Filling Initial Program: "SIGAMDI"
2025-12-04 09:59:21,226-DEBUG-root-40864::webapp_internal::wait_element|7623:: Waiting for element
2025-12-04 09:59:21,254-DEBUG-root-40864::webapp_internal::wait_element|7653:: Element found! Waiting for element to be displayed.
2025-12-04 09:59:21,415-DEBUG-root-40864::base::click|192:: Click Type: ClickType.JS
2025-12-04 09:59:21,419-DEBUG-root-40864::webapp_internal::try_send_keys|7976:: Trying to send keys to element using technique 0
2025-12-04 09:59:21,745-DEBUG-root-40864::webapp_internal::get_web_value|3232:: Current value: SIGAMDI
2025-12-04 09:59:21,745-INFO-root-40864::webapp_internal::filling_server_environment|463:: Filling Server Environment: "POUPEX_TST"
2025-12-04 09:59:21,745-DEBUG-root-40864::webapp_internal::wait_element|7623:: Waiting for element
2025-12-04 09:59:21,776-DEBUG-root-40864::webapp_internal::wait_element|7653:: Element found! Waiting for element to be displayed.
2025-12-04 09:59:21,948-DEBUG-root-40864::base::click|192:: Click Type: ClickType.JS
2025-12-04 09:59:21,954-DEBUG-root-40864::webapp_internal::try_send_keys|7976:: Trying to send keys to element using technique 0
2025-12-04 09:59:22,642-DEBUG-root-40864::webapp_internal::get_web_value|3232:: Current value: POUPEX_TST
2025-12-04 09:59:22,662-DEBUG-root-40864::base::click|192:: Click Type: ClickType.JS
2025-12-04 09:59:22,703-DEBUG-root-40864::webapp_internal::user_screen|519:: Filling user screen
2025-12-04 09:59:28,859-DEBUG-root-40864::webapp_internal::wait_element_timeout|7726:: Element found! Waiting for element to be displayed.
2025-12-04 09:59:28,922-DEBUG-root-40864::base::scroll_to_element|759:: ********Warining scroll_to_element exception: Message: TypeError: can't access property "scrollIntoView", arguments[0] is null
Stacktrace:
@https://qasrverp:10020/webapp/:2:7
@https://qasrverp:10020/webapp/:3:8
*********
2025-12-04 09:59:29,056-INFO-root-40864::webapp_internal::user_screen|561:: Filling User
2025-12-04 09:59:29,085-DEBUG-root-40864::base::double_click|259:: Click Type: ClickType.SELENIUM
2025-12-04 09:59:29,275-DEBUG-root-40864::webapp_internal::get_web_value|3232:: Current value: 97137227104
2025-12-04 09:59:29,299-INFO-root-40864::webapp_internal::user_screen|621:: Filling Password
2025-12-04 09:59:29,323-DEBUG-root-40864::base::click|192:: Click Type: ClickType.JS
2025-12-04 09:59:29,393-DEBUG-root-40864::webapp_internal::get_web_value|3232:: Current value: Val20221080080094+
2025-12-04 09:59:29,393-DEBUG-root-40864::webapp_internal::wait_blocker|2444:: Waiting blocker to continue...
2025-12-04 09:59:29,423-DEBUG-root-40864::webapp_internal::wait_blocker|2469:: Blocker status: None
2025-12-04 09:59:29,451-DEBUG-root-40864::webapp_internal::wait_blocker|2444:: Waiting blocker to continue...
2025-12-04 09:59:29,479-DEBUG-root-40864::webapp_internal::wait_blocker|2469:: Blocker status: None
2025-12-04 09:59:29,516-DEBUG-root-40864::webapp_internal::wait_blocker|2444:: Waiting blocker to continue...
2025-12-04 09:59:29,554-DEBUG-root-40864::webapp_internal::wait_blocker|2469:: Blocker status: None
2025-12-04 09:59:29,554-DEBUG-root-40864::webapp_internal::send_action|10480:: Trying to send action
2025-12-04 09:59:29,559-DEBUG-root-40864::base::click|192:: Click Type: ClickType.JS
2025-12-04 09:59:30,605-DEBUG-root-40864::webapp_internal::send_action|10522:: send_action method result = True
2025-12-04 09:59:30,605-DEBUG-root-40864::webapp_internal::send_action|10523:: send_action selenium status: False
2025-12-04 09:59:33,063-DEBUG-root-40864::base::scroll_to_element|759:: ********Warining scroll_to_element exception: Message: TypeError: can't access property "scrollIntoView", arguments[0] is null
Stacktrace:
@https://qasrverp:10020/webapp/:2:7
@https://qasrverp:10020/webapp/:3:8
*********
2025-12-04 09:59:33,114-INFO-root-40864::webapp_internal::filling_date|885:: Filling Date: "04/11/2025"
2025-12-04 09:59:33,114-DEBUG-root-40864::webapp_internal::wait_blocker|2444:: Waiting blocker to continue...
2025-12-04 09:59:33,149-DEBUG-root-40864::webapp_internal::wait_blocker|2469:: Blocker status: None
2025-12-04 09:59:33,153-DEBUG-root-40864::base::click|192:: Click Type: ClickType.JS
2025-12-04 09:59:33,170-DEBUG-root-40864::webapp_internal::try_send_keys|7976:: Trying to send keys to element using technique 1
2025-12-04 09:59:33,259-DEBUG-root-40864::webapp_internal::get_web_value|3232:: Current value: 04/11/2025
2025-12-04 09:59:34,341-INFO-root-40864::webapp_internal::filling_group|955:: Filling Group: "02"
2025-12-04 09:59:34,341-DEBUG-root-40864::webapp_internal::wait_blocker|2444:: Waiting blocker to continue...
2025-12-04 09:59:34,374-DEBUG-root-40864::webapp_internal::wait_blocker|2469:: Blocker status: None
2025-12-04 09:59:34,377-DEBUG-root-40864::base::click|192:: Click Type: ClickType.JS
2025-12-04 09:59:34,430-DEBUG-root-40864::webapp_internal::get_web_value|3232:: Current value: 02
2025-12-04 09:59:35,494-INFO-root-40864::webapp_internal::filling_branch|1047:: Filling Branch: "02DF0001"
2025-12-04 09:59:35,495-DEBUG-root-40864::webapp_internal::wait_blocker|2444:: Waiting blocker to continue...
2025-12-04 09:59:35,527-DEBUG-root-40864::webapp_internal::wait_blocker|2469:: Blocker status: None
2025-12-04 09:59:35,531-DEBUG-root-40864::base::click|192:: Click Type: ClickType.JS
2025-12-04 09:59:35,585-DEBUG-root-40864::webapp_internal::get_web_value|3232:: Current value: 02DF0001
2025-12-04 09:59:36,666-INFO-root-40864::webapp_internal::filling_environment|1113:: Filling Environment: "07"
2025-12-04 09:59:36,666-DEBUG-root-40864::webapp_internal::wait_blocker|2444:: Waiting blocker to continue...
2025-12-04 09:59:36,701-DEBUG-root-40864::webapp_internal::wait_blocker|2469:: Blocker status: None
2025-12-04 09:59:36,703-DEBUG-root-40864::base::click|192:: Click Type: ClickType.JS
2025-12-04 09:59:36,749-DEBUG-root-40864::webapp_internal::get_web_value|3232:: Current value: 07
2025-12-04 09:59:37,762-DEBUG-root-40864::webapp_internal::close_warning_screen|1489:: Closing warning screen!
2025-12-04 09:59:38,797-DEBUG-root-40864::webapp_internal::check_screen_element|1291:: Checking screen element: "Atenção": False
2025-12-04 09:59:39,915-INFO-root-40864::webapp_internal::environment_screen|796:: Clicking on Button
2025-12-04 09:59:39,916-DEBUG-root-40864::webapp_internal::wait_blocker|2444:: Waiting blocker to continue...
2025-12-04 09:59:39,949-DEBUG-root-40864::webapp_internal::wait_blocker|2469:: Blocker status: None
2025-12-04 09:59:39,952-DEBUG-root-40864::base::click|192:: Click Type: ClickType.JS
2025-12-04 09:59:40,967-DEBUG-root-40864::base::click|192:: Click Type: ClickType.JS
2025-12-04 09:59:41,975-DEBUG-root-40864::base::click|192:: Click Type: ClickType.JS
2025-12-04 09:59:42,983-DEBUG-root-40864::base::click|192:: Click Type: ClickType.JS
2025-12-04 09:59:43,991-DEBUG-root-40864::base::click|192:: Click Type: ClickType.JS
2025-12-04 09:59:44,998-DEBUG-root-40864::base::click|192:: Click Type: ClickType.JS
2025-12-04 09:59:46,006-DEBUG-root-40864::webapp_internal::close_screen_before_menu|368:: Closing screen before the menu
2025-12-04 09:59:46,054-DEBUG-root-40864::webapp_internal::close_warning_screen|1489:: Closing warning screen!
2025-12-04 09:59:47,103-DEBUG-root-40864::webapp_internal::check_screen_element|1291:: Checking screen element: "Atenção": False
2025-12-04 09:59:47,104-DEBUG-root-40864::webapp_internal::close_coin_screen|1424:: Closing coin screen!
2025-12-04 09:59:47,689-DEBUG-root-40864::base::click|192:: Click Type: ClickType.JS
2025-12-04 09:59:47,750-DEBUG-root-40864::webapp_internal::close_warning_screen|1489:: Closing warning screen!
2025-12-04 09:59:48,801-DEBUG-root-40864::webapp_internal::check_screen_element|1291:: Checking screen element: "Atenção": False
2025-12-04 09:59:48,801-DEBUG-root-40864::webapp_internal::close_coin_screen|1424:: Closing coin screen!
2025-12-04 09:59:48,923-INFO-root-40864::webapp_internal::set_log_info|1623:: Getting log info
2025-12-04 09:59:48,923-INFO-root-40864::webapp_internal::SetLateralMenu|4184:: Navigating lateral menu: Ajuda > Sobre
2025-12-04 09:59:48,948-DEBUG-root-40864::webapp_internal::wait_element|7623:: Waiting for element
2025-12-04 09:59:48,991-DEBUG-root-40864::webapp_internal::wait_element|7653:: Element found! Waiting for element to be displayed.
2025-12-04 09:59:49,197-INFO-root-40864::webapp_internal::SetLateralMenu|4203:: Menu item: "Ajuda"
2025-12-04 09:59:49,197-DEBUG-root-40864::webapp_internal::wait_blocker|2444:: Waiting blocker to continue...
2025-12-04 09:59:49,289-DEBUG-root-40864::webapp_internal::wait_blocker|2469:: Blocker status: False
2025-12-04 09:59:49,642-DEBUG-root-40864::webapp_internal::wait_element_timeout|7726:: Element found! Waiting for element to be displayed.
2025-12-04 09:59:49,944-DEBUG-root-40864::webapp_internal::wait_blocker|2444:: Waiting blocker to continue...
2025-12-04 09:59:50,006-DEBUG-root-40864::webapp_internal::wait_blocker|2469:: Blocker status: False
2025-12-04 09:59:52,293-INFO-root-40864::webapp_internal::SetLateralMenu|4203:: Menu item: "Sobre"
2025-12-04 09:59:52,293-DEBUG-root-40864::webapp_internal::wait_blocker|2444:: Waiting blocker to continue...
2025-12-04 09:59:52,359-DEBUG-root-40864::webapp_internal::wait_blocker|2469:: Blocker status: False
2025-12-04 09:59:52,774-DEBUG-root-40864::webapp_internal::wait_element_timeout|7726:: Element found! Waiting for element to be displayed.
2025-12-04 09:59:53,121-DEBUG-root-40864::webapp_internal::wait_blocker|2444:: Waiting blocker to continue...
2025-12-04 09:59:53,183-DEBUG-root-40864::webapp_internal::wait_blocker|2469:: Blocker status: False
2025-12-04 09:59:55,803-DEBUG-root-40864::webapp_internal::wait_blocker|2444:: Waiting blocker to continue...
2025-12-04 09:59:55,875-DEBUG-root-40864::webapp_internal::wait_blocker|2469:: Blocker status: False
2025-12-04 09:59:55,956-DEBUG-root-40864::webapp_internal::wait_element|7623:: Waiting for element
2025-12-04 09:59:55,999-DEBUG-root-40864::webapp_internal::wait_element|7653:: Element found! Waiting for element to be displayed.
2025-12-04 09:59:56,166-INFO-root-40864::webapp_internal::SetButton|4444:: Clicking on Fechar
2025-12-04 09:59:56,166-DEBUG-root-40864::webapp_internal::wait_blocker|2444:: Waiting blocker to continue...
2025-12-04 09:59:56,235-DEBUG-root-40864::webapp_internal::wait_blocker|2469:: Blocker status: False
2025-12-04 09:59:56,415-DEBUG-root-40864::webapp_internal::wait_element_timeout|7726:: Element found! Waiting for element to be displayed.
2025-12-04 09:59:56,495-DEBUG-root-40864::webapp_internal::SetButton|4481:: ***System Info*** Before Clicking on button:Fechar
2025-12-04 09:59:56,495-DEBUG-root-40864::psutil_info::system_info|5:: CPU USAGE: 8.9%
2025-12-04 09:59:56,495-DEBUG-root-40864::psutil_info::system_info|6:: MEMORY USAGE: 93.5%
2025-12-04 09:59:56,496-DEBUG-root-40864::psutil_info::system_info|7:: MEMORY AVAILABLE: 6.5%
2025-12-04 09:59:56,659-DEBUG-root-40864::webapp_internal::wait_element_timeout|7726:: Element found! Waiting for element to be displayed.
2025-12-04 09:59:56,762-DEBUG-root-40864::webapp_internal::wait_blocker|2444:: Waiting blocker to continue...
2025-12-04 09:59:56,833-DEBUG-root-40864::webapp_internal::wait_blocker|2469:: Blocker status: False
2025-12-04 09:59:56,852-DEBUG-root-40864::webapp_internal::wait_blocker|2444:: Waiting blocker to continue...
2025-12-04 09:59:56,933-DEBUG-root-40864::webapp_internal::wait_blocker|2469:: Blocker status: False
2025-12-04 09:59:56,933-DEBUG-root-40864::webapp_internal::send_action|10480:: Trying to send action
2025-12-04 09:59:56,935-DEBUG-root-40864::base::click|192:: Click Type: ClickType.JS
2025-12-04 09:59:57,964-DEBUG-root-40864::webapp_internal::send_action|10522:: send_action method result = True
2025-12-04 09:59:57,965-DEBUG-root-40864::webapp_internal::send_action|10523:: send_action selenium status: False
2025-12-04 09:59:57,965-DEBUG-root-40864::webapp_internal::SetButton|4683:: ***System Info*** After Clicking on button:
2025-12-04 09:59:57,965-DEBUG-root-40864::psutil_info::system_info|5:: CPU USAGE: 5.0%
2025-12-04 09:59:57,965-DEBUG-root-40864::psutil_info::system_info|6:: MEMORY USAGE: 93.3%
2025-12-04 09:59:57,966-DEBUG-root-40864::psutil_info::system_info|7:: MEMORY AVAILABLE: 6.72%
2025-12-04 09:59:57,966-DEBUG-root-40864::webapp_internal::wait_element|7623:: Waiting for element
2025-12-04 09:59:58,049-INFO-root-40864::webapp_internal::SetLateralMenu|4184:: Navigating lateral menu: Atualizações > Especificos > Tipo de Convenio
2025-12-04 09:59:58,059-DEBUG-root-40864::webapp_internal::wait_element|7623:: Waiting for element
2025-12-04 09:59:58,095-DEBUG-root-40864::webapp_internal::wait_element|7653:: Element found! Waiting for element to be displayed.
2025-12-04 09:59:58,254-INFO-root-40864::webapp_internal::SetLateralMenu|4203:: Menu item: "Atualizações"
2025-12-04 09:59:58,255-DEBUG-root-40864::webapp_internal::wait_blocker|2444:: Waiting blocker to continue...
2025-12-04 09:59:58,325-DEBUG-root-40864::webapp_internal::wait_blocker|2469:: Blocker status: False
2025-12-04 09:59:58,722-DEBUG-root-40864::webapp_internal::wait_element_timeout|7726:: Element found! Waiting for element to be displayed.
2025-12-04 09:59:59,089-DEBUG-root-40864::webapp_internal::wait_blocker|2444:: Waiting blocker to continue...
2025-12-04 09:59:59,151-DEBUG-root-40864::webapp_internal::wait_blocker|2469:: Blocker status: False
2025-12-04 10:00:01,453-INFO-root-40864::webapp_internal::SetLateralMenu|4203:: Menu item: "Especificos"
2025-12-04 10:00:01,453-DEBUG-root-40864::webapp_internal::wait_blocker|2444:: Waiting blocker to continue...
2025-12-04 10:00:01,597-DEBUG-root-40864::webapp_internal::wait_blocker|2469:: Blocker status: False
2025-12-04 10:00:02,337-DEBUG-root-40864::webapp_internal::wait_element_timeout|7726:: Element found! Waiting for element to be displayed.
2025-12-04 10:00:03,045-DEBUG-root-40864::webapp_internal::wait_blocker|2444:: Waiting blocker to continue...
2025-12-04 10:00:03,152-DEBUG-root-40864::webapp_internal::wait_blocker|2469:: Blocker status: False
2025-12-04 10:00:05,456-INFO-root-40864::webapp_internal::SetLateralMenu|4203:: Menu item: "Tipo de Convenio"
2025-12-04 10:00:05,456-DEBUG-root-40864::webapp_internal::wait_blocker|2444:: Waiting blocker to continue...
2025-12-04 10:00:05,558-DEBUG-root-40864::webapp_internal::wait_blocker|2469:: Blocker status: False
2025-12-04 10:00:07,069-DEBUG-root-40864::webapp_internal::wait_element_timeout|7726:: Element found! Waiting for element to be displayed.
2025-12-04 10:00:08,594-DEBUG-root-40864::webapp_internal::wait_blocker|2444:: Waiting blocker to continue...
2025-12-04 10:00:08,694-DEBUG-root-40864::webapp_internal::wait_blocker|2469:: Blocker status: False
2025-12-04 10:00:13,204-DEBUG-root-40864::webapp_internal::wait_blocker|2444:: Waiting blocker to continue...
2025-12-04 10:00:13,300-DEBUG-root-40864::webapp_internal::wait_blocker|2469:: Blocker status: False
2025-12-04 10:00:13,403-INFO-root-40864::webapp_internal::WaitShow|4980:: Waiting show text 'Este ambiente utiliza base de Homologação.'...
2025-12-04 10:00:18,848-DEBUG-root-40864::log::checks_empty_line|221:: Checking empty default log info
2025-12-04 10:00:18,853-DEBUG-root-40864::log::generate_log|503:: Json log_data: {'cLogDtExec': '04/12/2025 10:00:18', 'cLogNomUsr': '97137227104', 'cLogNomEst': 'GESIT03', 'cLogProgra': None, 'cLogDtProg': '', 'cLogHrProg': '', 'nLogCtsOk': 1, 'nLogCtsNok': 0, 'nLogCtsSeg': 65.58, 'cLogVersao': '12', 'cLogReleas': '12.1.2410', 'nLogCtsErr': '', 'cLogBancod': 'ORACLE', 'cLogIdenti': '', 'cLogIdExec': '20251204', 'cLogPais': 'BRA', 'cLogTool': 'TIR', 'cLogSequen': 'f1abf8', 'nLogCtsTot': 1, 'cLogDtExea': '04/12/2025', 'cLogHrExea': '10:00:18', 'cLogArea': 'Desenvolvimento', 'cLogMnExec': 1.093}
2025-12-04 10:00:18,853-INFO-root-40864::log::send_log_with_retries|515:: Saving log locally.
2025-12-04 10:00:18,854-INFO-root-40864::log::save_log_locally|548:: [FwSendLog]: Não foi possível enviar o log após todas as tentativas.
2025-12-04 10:00:18,855-INFO-root-40864::log::save_log_locally|555:: [FwSendLog]: Log salvo localmente em C:\TIR_TESTE\1764853218.json.
2025-12-04 10:00:18,856-INFO-root-40864::webapp_internal::WaitShow|4980:: Waiting show text 'Moedas'...
2025-12-04 10:00:24,155-INFO-root-40864::webapp_internal::WaitShow|4980:: Waiting show text 'Tipos de Convênios'...
2025-12-04 10:00:24,226-INFO-root-40864::webapp_internal::WaitShow|4996:: Text found! 
2025-12-04 10:00:24,227-INFO-root-40864::webapp_internal::SetButton|4444:: Clicking on Incluir
2025-12-04 10:00:24,227-DEBUG-root-40864::webapp_internal::wait_blocker|2444:: Waiting blocker to continue...
2025-12-04 10:00:24,361-DEBUG-root-40864::webapp_internal::wait_blocker|2469:: Blocker status: False
2025-12-04 10:00:24,846-DEBUG-root-40864::webapp_internal::wait_element_timeout|7726:: Element found! Waiting for element to be displayed.
2025-12-04 10:00:25,112-DEBUG-root-40864::webapp_internal::SetButton|4481:: ***System Info*** Before Clicking on button:Incluir
2025-12-04 10:00:25,112-DEBUG-root-40864::psutil_info::system_info|5:: CPU USAGE: 10.4%
2025-12-04 10:00:25,113-DEBUG-root-40864::psutil_info::system_info|6:: MEMORY USAGE: 94.6%
2025-12-04 10:00:25,113-DEBUG-root-40864::psutil_info::system_info|7:: MEMORY AVAILABLE: 5.42%
2025-12-04 10:00:25,485-DEBUG-root-40864::webapp_internal::wait_element_timeout|7726:: Element found! Waiting for element to be displayed.
2025-12-04 10:00:25,930-DEBUG-root-40864::webapp_internal::wait_blocker|2444:: Waiting blocker to continue...
2025-12-04 10:00:26,055-DEBUG-root-40864::webapp_internal::wait_blocker|2469:: Blocker status: False
2025-12-04 10:00:26,087-DEBUG-root-40864::webapp_internal::wait_blocker|2444:: Waiting blocker to continue...
2025-12-04 10:00:26,196-DEBUG-root-40864::webapp_internal::wait_blocker|2469:: Blocker status: False
2025-12-04 10:00:26,196-DEBUG-root-40864::webapp_internal::send_action|10480:: Trying to send action
2025-12-04 10:00:26,199-DEBUG-root-40864::base::click|192:: Click Type: ClickType.JS
2025-12-04 10:00:27,255-DEBUG-root-40864::webapp_internal::send_action|10522:: send_action method result = True
2025-12-04 10:00:27,255-DEBUG-root-40864::webapp_internal::send_action|10523:: send_action selenium status: False
2025-12-04 10:00:27,255-DEBUG-root-40864::webapp_internal::SetButton|4683:: ***System Info*** After Clicking on button:
2025-12-04 10:00:27,255-DEBUG-root-40864::psutil_info::system_info|5:: CPU USAGE: 12.8%
2025-12-04 10:00:27,256-DEBUG-root-40864::psutil_info::system_info|6:: MEMORY USAGE: 94.8%
2025-12-04 10:00:27,256-DEBUG-root-40864::psutil_info::system_info|7:: MEMORY AVAILABLE: 5.2%
2025-12-04 10:00:27,256-INFO-root-40864::webapp_internal::WaitShow|4980:: Waiting show text 'Tipos de Convenios - INCLUIR'...
2025-12-04 10:00:27,395-INFO-root-40864::webapp_internal::WaitShow|4996:: Text found! 
2025-12-04 10:00:27,395-DEBUG-root-40864::webapp_internal::SetFocus|6011:: Setting focus on element ZD_DESCONV.
2025-12-04 10:00:27,577-DEBUG-root-40864::base::click|192:: Click Type: ClickType.SELENIUM
2025-12-04 10:00:27,653-DEBUG-root-40864::webapp_internal::wait_blocker|2444:: Waiting blocker to continue...
2025-12-04 10:00:27,791-DEBUG-root-40864::webapp_internal::wait_blocker|2469:: Blocker status: False
2025-12-04 10:00:27,791-DEBUG-root-40864::webapp_internal::wait_element|7623:: Waiting for element
2025-12-04 10:00:27,891-DEBUG-root-40864::webapp_internal::wait_element|7653:: Element found! Waiting for element to be displayed.
2025-12-04 10:00:27,959-INFO-root-40864::webapp_internal::input_value|2941:: Looking for element: ZD_DESCONV
2025-12-04 10:00:28,074-INFO-root-40864::webapp_internal::input_value|2951:: Element: ZD_DESCONV Found!
2025-12-04 10:00:28,074-INFO-root-40864::webapp_internal::input_value|2953:: Filling element: ZD_DESCONV
2025-12-04 10:00:28,104-DEBUG-root-40864::webapp_internal::get_web_value|3232:: Current value:                                                             
2025-12-04 10:00:28,139-DEBUG-root-40864::base::double_click|259:: Click Type: ClickType.SELENIUM
2025-12-04 10:00:28,397-DEBUG-root-40864::webapp_internal::wait_blocker|2444:: Waiting blocker to continue...
2025-12-04 10:00:28,536-DEBUG-root-40864::webapp_internal::wait_blocker|2469:: Blocker status: False
2025-12-04 10:00:28,880-DEBUG-root-40864::webapp_internal::get_web_value|3232:: Current value: TESTE INCLUSAO 01                                           
2025-12-04 10:00:28,880-INFO-root-40864::webapp_internal::input_value|3059:: Current field value: TESTE INCLUSAO 01
2025-12-04 10:00:28,907-DEBUG-root-40864::webapp_internal::wait_blocker|2444:: Waiting blocker to continue...
2025-12-04 10:00:29,044-DEBUG-root-40864::webapp_internal::wait_blocker|2469:: Blocker status: False
2025-12-04 10:00:29,044-INFO-root-40864::webapp_internal::SetKey|5822:: Key pressed: TAB
2025-12-04 10:00:29,044-DEBUG-root-40864::webapp_internal::SetKey|5857:: Trying press key
2025-12-04 10:00:31,048-DEBUG-root-40864::webapp_internal::wait_blocker|2444:: Waiting blocker to continue...
2025-12-04 10:00:31,178-DEBUG-root-40864::webapp_internal::wait_blocker|2469:: Blocker status: False
2025-12-04 10:00:31,202-DEBUG-root-40864::webapp_internal::wait_blocker|2444:: Waiting blocker to continue...
2025-12-04 10:00:31,362-DEBUG-root-40864::webapp_internal::wait_blocker|2469:: Blocker status: False
2025-12-04 10:00:31,362-DEBUG-root-40864::webapp_internal::send_action|10480:: Trying to send action
2025-12-04 10:00:32,401-DEBUG-root-40864::webapp_internal::send_action|10522:: send_action method result = True
2025-12-04 10:00:32,401-DEBUG-root-40864::webapp_internal::send_action|10523:: send_action selenium status: False
2025-12-04 10:00:32,402-DEBUG-root-40864::webapp_internal::wait_blocker|2444:: Waiting blocker to continue...
2025-12-04 10:00:32,544-DEBUG-root-40864::webapp_internal::wait_blocker|2469:: Blocker status: False
2025-12-04 10:00:32,544-DEBUG-root-40864::webapp_internal::wait_element|7623:: Waiting for element
2025-12-04 10:00:32,616-DEBUG-root-40864::webapp_internal::wait_element|7653:: Element found! Waiting for element to be displayed.
2025-12-04 10:00:32,681-INFO-root-40864::webapp_internal::input_value|2941:: Looking for element: ZD_TPMOV
2025-12-04 10:00:32,792-INFO-root-40864::webapp_internal::input_value|2951:: Element: ZD_TPMOV Found!
2025-12-04 10:00:32,792-INFO-root-40864::webapp_internal::input_value|2953:: Filling element: ZD_TPMOV
2025-12-04 10:00:33,986-INFO-root-40864::base::select_combo|871:: Selected value for combo is: 1 - Titular
2025-12-04 10:00:34,031-DEBUG-root-40864::webapp_internal::wait_blocker|2444:: Waiting blocker to continue...
2025-12-04 10:00:34,157-DEBUG-root-40864::webapp_internal::wait_blocker|2469:: Blocker status: False
2025-12-04 10:00:34,157-DEBUG-root-40864::webapp_internal::wait_element|7623:: Waiting for element
2025-12-04 10:00:34,236-DEBUG-root-40864::webapp_internal::wait_element|7653:: Element found! Waiting for element to be displayed.
2025-12-04 10:00:34,300-INFO-root-40864::webapp_internal::input_value|2941:: Looking for element: ZD_TPALTSA
2025-12-04 10:00:34,410-INFO-root-40864::webapp_internal::input_value|2951:: Element: ZD_TPALTSA Found!
2025-12-04 10:00:34,410-INFO-root-40864::webapp_internal::input_value|2953:: Filling element: ZD_TPALTSA
2025-12-04 10:00:34,438-DEBUG-root-40864::webapp_internal::get_web_value|3232:: Current value:    
2025-12-04 10:00:34,472-DEBUG-root-40864::base::double_click|259:: Click Type: ClickType.SELENIUM
2025-12-04 10:00:34,734-DEBUG-root-40864::webapp_internal::wait_blocker|2444:: Waiting blocker to continue...
2025-12-04 10:00:34,862-DEBUG-root-40864::webapp_internal::wait_blocker|2469:: Blocker status: False
2025-12-04 10:00:35,188-DEBUG-root-40864::webapp_internal::get_web_value|3232:: Current value: 003
2025-12-04 10:00:35,188-INFO-root-40864::webapp_internal::input_value|3059:: Current field value: 003
2025-12-04 10:00:35,199-INFO-root-40864::webapp_internal::WaitShow|4980:: Waiting show text 'Histórico'...
2025-12-04 10:00:37,055-INFO-root-40864::webapp_internal::WaitShow|4996:: Text found! 
2025-12-04 10:00:37,056-DEBUG-root-40864::webapp_internal::wait_blocker|2444:: Waiting blocker to continue...
2025-12-04 10:00:37,183-DEBUG-root-40864::webapp_internal::wait_blocker|2469:: Blocker status: False
2025-12-04 10:00:37,183-INFO-root-40864::webapp_internal::SetKey|5822:: Key pressed: TAB
2025-12-04 10:00:37,183-DEBUG-root-40864::webapp_internal::SetKey|5857:: Trying press key
2025-12-04 10:00:37,183-DEBUG-root-40864::webapp_internal::wait_element|7623:: Waiting for element
2025-12-04 10:00:37,259-DEBUG-root-40864::webapp_internal::wait_element|7653:: Element found! Waiting for element to be displayed.
2025-12-04 10:00:37,490-DEBUG-root-40864::webapp_internal::wait_blocker|2444:: Waiting blocker to continue...
2025-12-04 10:00:37,616-DEBUG-root-40864::webapp_internal::wait_blocker|2469:: Blocker status: False
2025-12-04 10:00:37,616-INFO-root-40864::webapp_internal::LoadGrid|6298:: Filling grid field: Data Inicio
2025-12-04 10:00:37,616-DEBUG-root-40864::webapp_internal::fill_grid|6399:: Grid loading...
2025-12-04 10:00:37,772-DEBUG-root-40864::webapp_internal::fill_grid|6466:: Column found!
2025-12-04 10:00:37,808-DEBUG-root-40864::base::click|192:: Click Type: ClickType.ACTIONCHAINS
2025-12-04 10:00:43,093-DEBUG-root-40864::webapp_internal::fill_grid|6498:: Trying open cell in grid!
2025-12-04 10:00:43,357-DEBUG-root-40864::webapp_internal::wait_blocker|2444:: Waiting blocker to continue...
2025-12-04 10:00:43,493-DEBUG-root-40864::webapp_internal::wait_blocker|2469:: Blocker status: False
2025-12-04 10:00:43,682-DEBUG-root-40864::webapp_internal::wait_element_timeout|7726:: Element found! Waiting for element to be displayed.
2025-12-04 10:00:44,027-DEBUG-root-40864::webapp_internal::fill_grid|6577:: Sending keys: 04/11/2025
2025-12-04 10:00:44,328-DEBUG-root-40864::webapp_internal::wait_blocker|2444:: Waiting blocker to continue...
2025-12-04 10:00:44,464-DEBUG-root-40864::webapp_internal::wait_blocker|2469:: Blocker status: False
2025-12-04 10:00:49,873-DEBUG-root-40864::webapp_internal::wait_blocker|2444:: Waiting blocker to continue...
2025-12-04 10:00:50,032-DEBUG-root-40864::webapp_internal::wait_blocker|2469:: Blocker status: False
2025-12-04 10:00:50,062-DEBUG-root-40864::webapp_internal::wait_blocker|2444:: Waiting blocker to continue...
2025-12-04 10:00:50,223-DEBUG-root-40864::webapp_internal::wait_blocker|2469:: Blocker status: False
2025-12-04 10:00:50,223-DEBUG-root-40864::webapp_internal::send_action|10480:: Trying to send action
2025-12-04 10:00:51,259-DEBUG-root-40864::webapp_internal::send_action|10522:: send_action method result = True
2025-12-04 10:00:51,259-DEBUG-root-40864::webapp_internal::send_action|10523:: send_action selenium status: False
2025-12-04 09:59:13,399-DEBUG-root-40864::logging_config::logger|189:: Log file created: 'Log\GESIT03\TIR__20251204095913392.log'
2025-12-04 09:59:13,400-INFO-root-40864::base::Start|1183:: TIR Version: 2.4.3
2025-12-04 09:59:13,400-INFO-root-40864::base::Start|1184:: Python Version: 3.12.10
2025-12-04 09:59:13,400-INFO-root-40864::base::Start|1185:: Starting the browser
2025-12-04 09:59:20,802-INFO-root-40864::base::get_url|1294:: Page is ready!
2025-12-04 09:59:20,828-INFO-root-40864::base::Start|1256:: Browser maximized to 1936x1048
2025-12-04 09:59:20,828-INFO-root-40864::base::Start|1258:: Screen size is different from default used in headless mode
2025-12-04 09:59:21,104-INFO-root-40864::webapp_internal::Setup|247:: ***System Info*** in Setup():
2025-12-04 09:59:21,105-DEBUG-root-40864::psutil_info::system_info|5:: CPU USAGE: 20.8%
2025-12-04 09:59:21,105-DEBUG-root-40864::psutil_info::system_info|6:: MEMORY USAGE: 94.0%
2025-12-04 09:59:21,106-DEBUG-root-40864::psutil_info::system_info|7:: MEMORY AVAILABLE: 5.98%
2025-12-04 09:59:21,166-INFO-root-40864::base::webapp_shadowroot|1394:: Webapp: 10.1.6-RC4
2025-12-04 09:59:21,226-INFO-root-40864::webapp_internal::filling_initial_program|449:: Filling Initial Program: "SIGAMDI"
2025-12-04 09:59:21,226-DEBUG-root-40864::webapp_internal::wait_element|7623:: Waiting for element
2025-12-04 09:59:21,254-DEBUG-root-40864::webapp_internal::wait_element|7653:: Element found! Waiting for element to be displayed.
2025-12-04 09:59:21,415-DEBUG-root-40864::base::click|192:: Click Type: ClickType.JS
2025-12-04 09:59:21,419-DEBUG-root-40864::webapp_internal::try_send_keys|7976:: Trying to send keys to element using technique 0
2025-12-04 09:59:21,745-DEBUG-root-40864::webapp_internal::get_web_value|3232:: Current value: SIGAMDI
2025-12-04 09:59:21,745-INFO-root-40864::webapp_internal::filling_server_environment|463:: Filling Server Environment: "POUPEX_TST"
2025-12-04 09:59:21,745-DEBUG-root-40864::webapp_internal::wait_element|7623:: Waiting for element
2025-12-04 09:59:21,776-DEBUG-root-40864::webapp_internal::wait_element|7653:: Element found! Waiting for element to be displayed.
2025-12-04 09:59:21,948-DEBUG-root-40864::base::click|192:: Click Type: ClickType.JS
2025-12-04 09:59:21,954-DEBUG-root-40864::webapp_internal::try_send_keys|7976:: Trying to send keys to element using technique 0
2025-12-04 09:59:22,642-DEBUG-root-40864::webapp_internal::get_web_value|3232:: Current value: POUPEX_TST
2025-12-04 09:59:22,662-DEBUG-root-40864::base::click|192:: Click Type: ClickType.JS
2025-12-04 09:59:22,703-DEBUG-root-40864::webapp_internal::user_screen|519:: Filling user screen
2025-12-04 09:59:28,859-DEBUG-root-40864::webapp_internal::wait_element_timeout|7726:: Element found! Waiting for element to be displayed.
2025-12-04 09:59:28,922-DEBUG-root-40864::base::scroll_to_element|759:: ********Warining scroll_to_element exception: Message: TypeError: can't access property "scrollIntoView", arguments[0] is null
Stacktrace:
@https://qasrverp:10020/webapp/:2:7
@https://qasrverp:10020/webapp/:3:8
*********
2025-12-04 09:59:29,056-INFO-root-40864::webapp_internal::user_screen|561:: Filling User
2025-12-04 09:59:29,085-DEBUG-root-40864::base::double_click|259:: Click Type: ClickType.SELENIUM
2025-12-04 09:59:29,275-DEBUG-root-40864::webapp_internal::get_web_value|3232:: Current value: 97137227104
2025-12-04 09:59:29,299-INFO-root-40864::webapp_internal::user_screen|621:: Filling Password
2025-12-04 09:59:29,323-DEBUG-root-40864::base::click|192:: Click Type: ClickType.JS
2025-12-04 09:59:29,393-DEBUG-root-40864::webapp_internal::get_web_value|3232:: Current value: Val20221080080094+
2025-12-04 09:59:29,393-DEBUG-root-40864::webapp_internal::wait_blocker|2444:: Waiting blocker to continue...
2025-12-04 09:59:29,423-DEBUG-root-40864::webapp_internal::wait_blocker|2469:: Blocker status: None
2025-12-04 09:59:29,451-DEBUG-root-40864::webapp_internal::wait_blocker|2444:: Waiting blocker to continue...
2025-12-04 09:59:29,479-DEBUG-root-40864::webapp_internal::wait_blocker|2469:: Blocker status: None
2025-12-04 09:59:29,516-DEBUG-root-40864::webapp_internal::wait_blocker|2444:: Waiting blocker to continue...
2025-12-04 09:59:29,554-DEBUG-root-40864::webapp_internal::wait_blocker|2469:: Blocker status: None
2025-12-04 09:59:29,554-DEBUG-root-40864::webapp_internal::send_action|10480:: Trying to send action
2025-12-04 09:59:29,559-DEBUG-root-40864::base::click|192:: Click Type: ClickType.JS
2025-12-04 09:59:30,605-DEBUG-root-40864::webapp_internal::send_action|10522:: send_action method result = True
2025-12-04 09:59:30,605-DEBUG-root-40864::webapp_internal::send_action|10523:: send_action selenium status: False
2025-12-04 09:59:33,063-DEBUG-root-40864::base::scroll_to_element|759:: ********Warining scroll_to_element exception: Message: TypeError: can't access property "scrollIntoView", arguments[0] is null
Stacktrace:
@https://qasrverp:10020/webapp/:2:7
@https://qasrverp:10020/webapp/:3:8
*********
2025-12-04 09:59:33,114-INFO-root-40864::webapp_internal::filling_date|885:: Filling Date: "04/11/2025"
2025-12-04 09:59:33,114-DEBUG-root-40864::webapp_internal::wait_blocker|2444:: Waiting blocker to continue...
2025-12-04 09:59:33,149-DEBUG-root-40864::webapp_internal::wait_blocker|2469:: Blocker status: None
2025-12-04 09:59:33,153-DEBUG-root-40864::base::click|192:: Click Type: ClickType.JS
2025-12-04 09:59:33,170-DEBUG-root-40864::webapp_internal::try_send_keys|7976:: Trying to send keys to element using technique 1
2025-12-04 09:59:33,259-DEBUG-root-40864::webapp_internal::get_web_value|3232:: Current value: 04/11/2025
2025-12-04 09:59:34,341-INFO-root-40864::webapp_internal::filling_group|955:: Filling Group: "02"
2025-12-04 09:59:34,341-DEBUG-root-40864::webapp_internal::wait_blocker|2444:: Waiting blocker to continue...
2025-12-04 09:59:34,374-DEBUG-root-40864::webapp_internal::wait_blocker|2469:: Blocker status: None
2025-12-04 09:59:34,377-DEBUG-root-40864::base::click|192:: Click Type: ClickType.JS
2025-12-04 09:59:34,430-DEBUG-root-40864::webapp_internal::get_web_value|3232:: Current value: 02
2025-12-04 09:59:35,494-INFO-root-40864::webapp_internal::filling_branch|1047:: Filling Branch: "02DF0001"
2025-12-04 09:59:35,495-DEBUG-root-40864::webapp_internal::wait_blocker|2444:: Waiting blocker to continue...
2025-12-04 09:59:35,527-DEBUG-root-40864::webapp_internal::wait_blocker|2469:: Blocker status: None
2025-12-04 09:59:35,531-DEBUG-root-40864::base::click|192:: Click Type: ClickType.JS
2025-12-04 09:59:35,585-DEBUG-root-40864::webapp_internal::get_web_value|3232:: Current value: 02DF0001
2025-12-04 09:59:36,666-INFO-root-40864::webapp_internal::filling_environment|1113:: Filling Environment: "07"
2025-12-04 09:59:36,666-DEBUG-root-40864::webapp_internal::wait_blocker|2444:: Waiting blocker to continue...
2025-12-04 09:59:36,701-DEBUG-root-40864::webapp_internal::wait_blocker|2469:: Blocker status: None
2025-12-04 09:59:36,703-DEBUG-root-40864::base::click|192:: Click Type: ClickType.JS
2025-12-04 09:59:36,749-DEBUG-root-40864::webapp_internal::get_web_value|3232:: Current value: 07
2025-12-04 09:59:37,762-DEBUG-root-40864::webapp_internal::close_warning_screen|1489:: Closing warning screen!
2025-12-04 09:59:38,797-DEBUG-root-40864::webapp_internal::check_screen_element|1291:: Checking screen element: "Atenção": False
2025-12-04 09:59:39,915-INFO-root-40864::webapp_internal::environment_screen|796:: Clicking on Button
2025-12-04 09:59:39,916-DEBUG-root-40864::webapp_internal::wait_blocker|2444:: Waiting blocker to continue...
2025-12-04 09:59:39,949-DEBUG-root-40864::webapp_internal::wait_blocker|2469:: Blocker status: None
2025-12-04 09:59:39,952-DEBUG-root-40864::base::click|192:: Click Type: ClickType.JS
2025-12-04 09:59:40,967-DEBUG-root-40864::base::click|192:: Click Type: ClickType.JS
2025-12-04 09:59:41,975-DEBUG-root-40864::base::click|192:: Click Type: ClickType.JS
2025-12-04 09:59:42,983-DEBUG-root-40864::base::click|192:: Click Type: ClickType.JS
2025-12-04 09:59:43,991-DEBUG-root-40864::base::click|192:: Click Type: ClickType.JS
2025-12-04 09:59:44,998-DEBUG-root-40864::base::click|192:: Click Type: ClickType.JS
2025-12-04 09:59:46,006-DEBUG-root-40864::webapp_internal::close_screen_before_menu|368:: Closing screen before the menu
2025-12-04 09:59:46,054-DEBUG-root-40864::webapp_internal::close_warning_screen|1489:: Closing warning screen!
2025-12-04 09:59:47,103-DEBUG-root-40864::webapp_internal::check_screen_element|1291:: Checking screen element: "Atenção": False
2025-12-04 09:59:47,104-DEBUG-root-40864::webapp_internal::close_coin_screen|1424:: Closing coin screen!
2025-12-04 09:59:47,689-DEBUG-root-40864::base::click|192:: Click Type: ClickType.JS
2025-12-04 09:59:47,750-DEBUG-root-40864::webapp_internal::close_warning_screen|1489:: Closing warning screen!
2025-12-04 09:59:48,801-DEBUG-root-40864::webapp_internal::check_screen_element|1291:: Checking screen element: "Atenção": False
2025-12-04 09:59:48,801-DEBUG-root-40864::webapp_internal::close_coin_screen|1424:: Closing coin screen!
2025-12-04 09:59:48,923-INFO-root-40864::webapp_internal::set_log_info|1623:: Getting log info
2025-12-04 09:59:48,923-INFO-root-40864::webapp_internal::SetLateralMenu|4184:: Navigating lateral menu: Ajuda > Sobre
2025-12-04 09:59:48,948-DEBUG-root-40864::webapp_internal::wait_element|7623:: Waiting for element
2025-12-04 09:59:48,991-DEBUG-root-40864::webapp_internal::wait_element|7653:: Element found! Waiting for element to be displayed.
2025-12-04 09:59:49,197-INFO-root-40864::webapp_internal::SetLateralMenu|4203:: Menu item: "Ajuda"
2025-12-04 09:59:49,197-DEBUG-root-40864::webapp_internal::wait_blocker|2444:: Waiting blocker to continue...
2025-12-04 09:59:49,289-DEBUG-root-40864::webapp_internal::wait_blocker|2469:: Blocker status: False
2025-12-04 09:59:49,642-DEBUG-root-40864::webapp_internal::wait_element_timeout|7726:: Element found! Waiting for element to be displayed.
2025-12-04 09:59:49,944-DEBUG-root-40864::webapp_internal::wait_blocker|2444:: Waiting blocker to continue...
2025-12-04 09:59:50,006-DEBUG-root-40864::webapp_internal::wait_blocker|2469:: Blocker status: False
2025-12-04 09:59:52,293-INFO-root-40864::webapp_internal::SetLateralMenu|4203:: Menu item: "Sobre"
2025-12-04 09:59:52,293-DEBUG-root-40864::webapp_internal::wait_blocker|2444:: Waiting blocker to continue...
2025-12-04 09:59:52,359-DEBUG-root-40864::webapp_internal::wait_blocker|2469:: Blocker status: False
2025-12-04 09:59:52,774-DEBUG-root-40864::webapp_internal::wait_element_timeout|7726:: Element found! Waiting for element to be displayed.
2025-12-04 09:59:53,121-DEBUG-root-40864::webapp_internal::wait_blocker|2444:: Waiting blocker to continue...
2025-12-04 09:59:53,183-DEBUG-root-40864::webapp_internal::wait_blocker|2469:: Blocker status: False
2025-12-04 09:59:55,803-DEBUG-root-40864::webapp_internal::wait_blocker|2444:: Waiting blocker to continue...
2025-12-04 09:59:55,875-DEBUG-root-40864::webapp_internal::wait_blocker|2469:: Blocker status: False
2025-12-04 09:59:55,956-DEBUG-root-40864::webapp_internal::wait_element|7623:: Waiting for element
2025-12-04 09:59:55,999-DEBUG-root-40864::webapp_internal::wait_element|7653:: Element found! Waiting for element to be displayed.
2025-12-04 09:59:56,166-INFO-root-40864::webapp_internal::SetButton|4444:: Clicking on Fechar
2025-12-04 09:59:56,166-DEBUG-root-40864::webapp_internal::wait_blocker|2444:: Waiting blocker to continue...
2025-12-04 09:59:56,235-DEBUG-root-40864::webapp_internal::wait_blocker|2469:: Blocker status: False
2025-12-04 09:59:56,415-DEBUG-root-40864::webapp_internal::wait_element_timeout|7726:: Element found! Waiting for element to be displayed.
2025-12-04 09:59:56,495-DEBUG-root-40864::webapp_internal::SetButton|4481:: ***System Info*** Before Clicking on button:Fechar
2025-12-04 09:59:56,495-DEBUG-root-40864::psutil_info::system_info|5:: CPU USAGE: 8.9%
2025-12-04 09:59:56,495-DEBUG-root-40864::psutil_info::system_info|6:: MEMORY USAGE: 93.5%
2025-12-04 09:59:56,496-DEBUG-root-40864::psutil_info::system_info|7:: MEMORY AVAILABLE: 6.5%
2025-12-04 09:59:56,659-DEBUG-root-40864::webapp_internal::wait_element_timeout|7726:: Element found! Waiting for element to be displayed.
2025-12-04 09:59:56,762-DEBUG-root-40864::webapp_internal::wait_blocker|2444:: Waiting blocker to continue...
2025-12-04 09:59:56,833-DEBUG-root-40864::webapp_internal::wait_blocker|2469:: Blocker status: False
2025-12-04 09:59:56,852-DEBUG-root-40864::webapp_internal::wait_blocker|2444:: Waiting blocker to continue...
2025-12-04 09:59:56,933-DEBUG-root-40864::webapp_internal::wait_blocker|2469:: Blocker status: False
2025-12-04 09:59:56,933-DEBUG-root-40864::webapp_internal::send_action|10480:: Trying to send action
2025-12-04 09:59:56,935-DEBUG-root-40864::base::click|192:: Click Type: ClickType.JS
2025-12-04 09:59:57,964-DEBUG-root-40864::webapp_internal::send_action|10522:: send_action method result = True
2025-12-04 09:59:57,965-DEBUG-root-40864::webapp_internal::send_action|10523:: send_action selenium status: False
2025-12-04 09:59:57,965-DEBUG-root-40864::webapp_internal::SetButton|4683:: ***System Info*** After Clicking on button:
2025-12-04 09:59:57,965-DEBUG-root-40864::psutil_info::system_info|5:: CPU USAGE: 5.0%
2025-12-04 09:59:57,965-DEBUG-root-40864::psutil_info::system_info|6:: MEMORY USAGE: 93.3%
2025-12-04 09:59:57,966-DEBUG-root-40864::psutil_info::system_info|7:: MEMORY AVAILABLE: 6.72%
2025-12-04 09:59:57,966-DEBUG-root-40864::webapp_internal::wait_element|7623:: Waiting for element
2025-12-04 09:59:58,049-INFO-root-40864::webapp_internal::SetLateralMenu|4184:: Navigating lateral menu: Atualizações > Especificos > Tipo de Convenio
2025-12-04 09:59:58,059-DEBUG-root-40864::webapp_internal::wait_element|7623:: Waiting for element
2025-12-04 09:59:58,095-DEBUG-root-40864::webapp_internal::wait_element|7653:: Element found! Waiting for element to be displayed.
2025-12-04 09:59:58,254-INFO-root-40864::webapp_internal::SetLateralMenu|4203:: Menu item: "Atualizações"
2025-12-04 09:59:58,255-DEBUG-root-40864::webapp_internal::wait_blocker|2444:: Waiting blocker to continue...
2025-12-04 09:59:58,325-DEBUG-root-40864::webapp_internal::wait_blocker|2469:: Blocker status: False
2025-12-04 09:59:58,722-DEBUG-root-40864::webapp_internal::wait_element_timeout|7726:: Element found! Waiting for element to be displayed.
2025-12-04 09:59:59,089-DEBUG-root-40864::webapp_internal::wait_blocker|2444:: Waiting blocker to continue...
2025-12-04 09:59:59,151-DEBUG-root-40864::webapp_internal::wait_blocker|2469:: Blocker status: False
2025-12-04 10:00:01,453-INFO-root-40864::webapp_internal::SetLateralMenu|4203:: Menu item: "Especificos"
2025-12-04 10:00:01,453-DEBUG-root-40864::webapp_internal::wait_blocker|2444:: Waiting blocker to continue...
2025-12-04 10:00:01,597-DEBUG-root-40864::webapp_internal::wait_blocker|2469:: Blocker status: False
2025-12-04 10:00:02,337-DEBUG-root-40864::webapp_internal::wait_element_timeout|7726:: Element found! Waiting for element to be displayed.
2025-12-04 10:00:03,045-DEBUG-root-40864::webapp_internal::wait_blocker|2444:: Waiting blocker to continue...
2025-12-04 10:00:03,152-DEBUG-root-40864::webapp_internal::wait_blocker|2469:: Blocker status: False
2025-12-04 10:00:05,456-INFO-root-40864::webapp_internal::SetLateralMenu|4203:: Menu item: "Tipo de Convenio"
2025-12-04 10:00:05,456-DEBUG-root-40864::webapp_internal::wait_blocker|2444:: Waiting blocker to continue...
2025-12-04 10:00:05,558-DEBUG-root-40864::webapp_internal::wait_blocker|2469:: Blocker status: False
2025-12-04 10:00:07,069-DEBUG-root-40864::webapp_internal::wait_element_timeout|7726:: Element found! Waiting for element to be displayed.
2025-12-04 10:00:08,594-DEBUG-root-40864::webapp_internal::wait_blocker|2444:: Waiting blocker to continue...
2025-12-04 10:00:08,694-DEBUG-root-40864::webapp_internal::wait_blocker|2469:: Blocker status: False
2025-12-04 10:00:13,204-DEBUG-root-40864::webapp_internal::wait_blocker|2444:: Waiting blocker to continue...
2025-12-04 10:00:13,300-DEBUG-root-40864::webapp_internal::wait_blocker|2469:: Blocker status: False
2025-12-04 10:00:13,403-INFO-root-40864::webapp_internal::WaitShow|4980:: Waiting show text 'Este ambiente utiliza base de Homologação.'...
2025-12-04 10:00:18,848-DEBUG-root-40864::log::checks_empty_line|221:: Checking empty default log info
2025-12-04 10:00:18,853-DEBUG-root-40864::log::generate_log|503:: Json log_data: {'cLogDtExec': '04/12/2025 10:00:18', 'cLogNomUsr': '97137227104', 'cLogNomEst': 'GESIT03', 'cLogProgra': None, 'cLogDtProg': '', 'cLogHrProg': '', 'nLogCtsOk': 1, 'nLogCtsNok': 0, 'nLogCtsSeg': 65.58, 'cLogVersao': '12', 'cLogReleas': '12.1.2410', 'nLogCtsErr': '', 'cLogBancod': 'ORACLE', 'cLogIdenti': '', 'cLogIdExec': '20251204', 'cLogPais': 'BRA', 'cLogTool': 'TIR', 'cLogSequen': 'f1abf8', 'nLogCtsTot': 1, 'cLogDtExea': '04/12/2025', 'cLogHrExea': '10:00:18', 'cLogArea': 'Desenvolvimento', 'cLogMnExec': 1.093}
2025-12-04 10:00:18,853-INFO-root-40864::log::send_log_with_retries|515:: Saving log locally.
2025-12-04 10:00:18,854-INFO-root-40864::log::save_log_locally|548:: [FwSendLog]: Não foi possível enviar o log após todas as tentativas.
2025-12-04 10:00:18,855-INFO-root-40864::log::save_log_locally|555:: [FwSendLog]: Log salvo localmente em C:\TIR_TESTE\1764853218.json.
2025-12-04 10:00:18,856-INFO-root-40864::webapp_internal::WaitShow|4980:: Waiting show text 'Moedas'...
2025-12-04 10:00:24,155-INFO-root-40864::webapp_internal::WaitShow|4980:: Waiting show text 'Tipos de Convênios'...
2025-12-04 10:00:24,226-INFO-root-40864::webapp_internal::WaitShow|4996:: Text found! 
2025-12-04 10:00:24,227-INFO-root-40864::webapp_internal::SetButton|4444:: Clicking on Incluir
2025-12-04 10:00:24,227-DEBUG-root-40864::webapp_internal::wait_blocker|2444:: Waiting blocker to continue...
2025-12-04 10:00:24,361-DEBUG-root-40864::webapp_internal::wait_blocker|2469:: Blocker status: False
2025-12-04 10:00:24,846-DEBUG-root-40864::webapp_internal::wait_element_timeout|7726:: Element found! Waiting for element to be displayed.
2025-12-04 10:00:25,112-DEBUG-root-40864::webapp_internal::SetButton|4481:: ***System Info*** Before Clicking on button:Incluir
2025-12-04 10:00:25,112-DEBUG-root-40864::psutil_info::system_info|5:: CPU USAGE: 10.4%
2025-12-04 10:00:25,113-DEBUG-root-40864::psutil_info::system_info|6:: MEMORY USAGE: 94.6%
2025-12-04 10:00:25,113-DEBUG-root-40864::psutil_info::system_info|7:: MEMORY AVAILABLE: 5.42%
2025-12-04 10:00:25,485-DEBUG-root-40864::webapp_internal::wait_element_timeout|7726:: Element found! Waiting for element to be displayed.
2025-12-04 10:00:25,930-DEBUG-root-40864::webapp_internal::wait_blocker|2444:: Waiting blocker to continue...
2025-12-04 10:00:26,055-DEBUG-root-40864::webapp_internal::wait_blocker|2469:: Blocker status: False
2025-12-04 10:00:26,087-DEBUG-root-40864::webapp_internal::wait_blocker|2444:: Waiting blocker to continue...
2025-12-04 10:00:26,196-DEBUG-root-40864::webapp_internal::wait_blocker|2469:: Blocker status: False
2025-12-04 10:00:26,196-DEBUG-root-40864::webapp_internal::send_action|10480:: Trying to send action
2025-12-04 10:00:26,199-DEBUG-root-40864::base::click|192:: Click Type: ClickType.JS
2025-12-04 10:00:27,255-DEBUG-root-40864::webapp_internal::send_action|10522:: send_action method result = True
2025-12-04 10:00:27,255-DEBUG-root-40864::webapp_internal::send_action|10523:: send_action selenium status: False
2025-12-04 10:00:27,255-DEBUG-root-40864::webapp_internal::SetButton|4683:: ***System Info*** After Clicking on button:
2025-12-04 10:00:27,255-DEBUG-root-40864::psutil_info::system_info|5:: CPU USAGE: 12.8%
2025-12-04 10:00:27,256-DEBUG-root-40864::psutil_info::system_info|6:: MEMORY USAGE: 94.8%
2025-12-04 10:00:27,256-DEBUG-root-40864::psutil_info::system_info|7:: MEMORY AVAILABLE: 5.2%
2025-12-04 10:00:27,256-INFO-root-40864::webapp_internal::WaitShow|4980:: Waiting show text 'Tipos de Convenios - INCLUIR'...
2025-12-04 10:00:27,395-INFO-root-40864::webapp_internal::WaitShow|4996:: Text found! 
2025-12-04 10:00:27,395-DEBUG-root-40864::webapp_internal::SetFocus|6011:: Setting focus on element ZD_DESCONV.
2025-12-04 10:00:27,577-DEBUG-root-40864::base::click|192:: Click Type: ClickType.SELENIUM
2025-12-04 10:00:27,653-DEBUG-root-40864::webapp_internal::wait_blocker|2444:: Waiting blocker to continue...
2025-12-04 10:00:27,791-DEBUG-root-40864::webapp_internal::wait_blocker|2469:: Blocker status: False
2025-12-04 10:00:27,791-DEBUG-root-40864::webapp_internal::wait_element|7623:: Waiting for element
2025-12-04 10:00:27,891-DEBUG-root-40864::webapp_internal::wait_element|7653:: Element found! Waiting for element to be displayed.
2025-12-04 10:00:27,959-INFO-root-40864::webapp_internal::input_value|2941:: Looking for element: ZD_DESCONV
2025-12-04 10:00:28,074-INFO-root-40864::webapp_internal::input_value|2951:: Element: ZD_DESCONV Found!
2025-12-04 10:00:28,074-INFO-root-40864::webapp_internal::input_value|2953:: Filling element: ZD_DESCONV
2025-12-04 10:00:28,104-DEBUG-root-40864::webapp_internal::get_web_value|3232:: Current value:                                                             
2025-12-04 10:00:28,139-DEBUG-root-40864::base::double_click|259:: Click Type: ClickType.SELENIUM
2025-12-04 10:00:28,397-DEBUG-root-40864::webapp_internal::wait_blocker|2444:: Waiting blocker to continue...
2025-12-04 10:00:28,536-DEBUG-root-40864::webapp_internal::wait_blocker|2469:: Blocker status: False
2025-12-04 10:00:28,880-DEBUG-root-40864::webapp_internal::get_web_value|3232:: Current value: TESTE INCLUSAO 01                                           
2025-12-04 10:00:28,880-INFO-root-40864::webapp_internal::input_value|3059:: Current field value: TESTE INCLUSAO 01
2025-12-04 10:00:28,907-DEBUG-root-40864::webapp_internal::wait_blocker|2444:: Waiting blocker to continue...
2025-12-04 10:00:29,044-DEBUG-root-40864::webapp_internal::wait_blocker|2469:: Blocker status: False
2025-12-04 10:00:29,044-INFO-root-40864::webapp_internal::SetKey|5822:: Key pressed: TAB
2025-12-04 10:00:29,044-DEBUG-root-40864::webapp_internal::SetKey|5857:: Trying press key
2025-12-04 10:00:31,048-DEBUG-root-40864::webapp_internal::wait_blocker|2444:: Waiting blocker to continue...
2025-12-04 10:00:31,178-DEBUG-root-40864::webapp_internal::wait_blocker|2469:: Blocker status: False
2025-12-04 10:00:31,202-DEBUG-root-40864::webapp_internal::wait_blocker|2444:: Waiting blocker to continue...
2025-12-04 10:00:31,362-DEBUG-root-40864::webapp_internal::wait_blocker|2469:: Blocker status: False
2025-12-04 10:00:31,362-DEBUG-root-40864::webapp_internal::send_action|10480:: Trying to send action
2025-12-04 10:00:32,401-DEBUG-root-40864::webapp_internal::send_action|10522:: send_action method result = True
2025-12-04 10:00:32,401-DEBUG-root-40864::webapp_internal::send_action|10523:: send_action selenium status: False
2025-12-04 10:00:32,402-DEBUG-root-40864::webapp_internal::wait_blocker|2444:: Waiting blocker to continue...
2025-12-04 10:00:32,544-DEBUG-root-40864::webapp_internal::wait_blocker|2469:: Blocker status: False
2025-12-04 10:00:32,544-DEBUG-root-40864::webapp_internal::wait_element|7623:: Waiting for element
2025-12-04 10:00:32,616-DEBUG-root-40864::webapp_internal::wait_element|7653:: Element found! Waiting for element to be displayed.
2025-12-04 10:00:32,681-INFO-root-40864::webapp_internal::input_value|2941:: Looking for element: ZD_TPMOV
2025-12-04 10:00:32,792-INFO-root-40864::webapp_internal::input_value|2951:: Element: ZD_TPMOV Found!
2025-12-04 10:00:32,792-INFO-root-40864::webapp_internal::input_value|2953:: Filling element: ZD_TPMOV
2025-12-04 10:00:33,986-INFO-root-40864::base::select_combo|871:: Selected value for combo is: 1 - Titular
2025-12-04 10:00:34,031-DEBUG-root-40864::webapp_internal::wait_blocker|2444:: Waiting blocker to continue...
2025-12-04 10:00:34,157-DEBUG-root-40864::webapp_internal::wait_blocker|2469:: Blocker status: False
2025-12-04 10:00:34,157-DEBUG-root-40864::webapp_internal::wait_element|7623:: Waiting for element
2025-12-04 10:00:34,236-DEBUG-root-40864::webapp_internal::wait_element|7653:: Element found! Waiting for element to be displayed.
2025-12-04 10:00:34,300-INFO-root-40864::webapp_internal::input_value|2941:: Looking for element: ZD_TPALTSA
2025-12-04 10:00:34,410-INFO-root-40864::webapp_internal::input_value|2951:: Element: ZD_TPALTSA Found!
2025-12-04 10:00:34,410-INFO-root-40864::webapp_internal::input_value|2953:: Filling element: ZD_TPALTSA
2025-12-04 10:00:34,438-DEBUG-root-40864::webapp_internal::get_web_value|3232:: Current value:    
2025-12-04 10:00:34,472-DEBUG-root-40864::base::double_click|259:: Click Type: ClickType.SELENIUM
2025-12-04 10:00:34,734-DEBUG-root-40864::webapp_internal::wait_blocker|2444:: Waiting blocker to continue...
2025-12-04 10:00:34,862-DEBUG-root-40864::webapp_internal::wait_blocker|2469:: Blocker status: False
2025-12-04 10:00:35,188-DEBUG-root-40864::webapp_internal::get_web_value|3232:: Current value: 003
2025-12-04 10:00:35,188-INFO-root-40864::webapp_internal::input_value|3059:: Current field value: 003
2025-12-04 10:00:35,199-INFO-root-40864::webapp_internal::WaitShow|4980:: Waiting show text 'Histórico'...
2025-12-04 10:00:37,055-INFO-root-40864::webapp_internal::WaitShow|4996:: Text found! 
2025-12-04 10:00:37,056-DEBUG-root-40864::webapp_internal::wait_blocker|2444:: Waiting blocker to continue...
2025-12-04 10:00:37,183-DEBUG-root-40864::webapp_internal::wait_blocker|2469:: Blocker status: False
2025-12-04 10:00:37,183-INFO-root-40864::webapp_internal::SetKey|5822:: Key pressed: TAB
2025-12-04 10:00:37,183-DEBUG-root-40864::webapp_internal::SetKey|5857:: Trying press key
2025-12-04 10:00:37,183-DEBUG-root-40864::webapp_internal::wait_element|7623:: Waiting for element
2025-12-04 10:00:37,259-DEBUG-root-40864::webapp_internal::wait_element|7653:: Element found! Waiting for element to be displayed.
2025-12-04 10:00:37,490-DEBUG-root-40864::webapp_internal::wait_blocker|2444:: Waiting blocker to continue...
2025-12-04 10:00:37,616-DEBUG-root-40864::webapp_internal::wait_blocker|2469:: Blocker status: False
2025-12-04 10:00:37,616-INFO-root-40864::webapp_internal::LoadGrid|6298:: Filling grid field: Data Inicio
2025-12-04 10:00:37,616-DEBUG-root-40864::webapp_internal::fill_grid|6399:: Grid loading...
2025-12-04 10:00:37,772-DEBUG-root-40864::webapp_internal::fill_grid|6466:: Column found!
2025-12-04 10:00:37,808-DEBUG-root-40864::base::click|192:: Click Type: ClickType.ACTIONCHAINS
2025-12-04 10:00:43,093-DEBUG-root-40864::webapp_internal::fill_grid|6498:: Trying open cell in grid!
2025-12-04 10:00:43,357-DEBUG-root-40864::webapp_internal::wait_blocker|2444:: Waiting blocker to continue...
2025-12-04 10:00:43,493-DEBUG-root-40864::webapp_internal::wait_blocker|2469:: Blocker status: False
2025-12-04 10:00:43,682-DEBUG-root-40864::webapp_internal::wait_element_timeout|7726:: Element found! Waiting for element to be displayed.
2025-12-04 10:00:44,027-DEBUG-root-40864::webapp_internal::fill_grid|6577:: Sending keys: 04/11/2025
2025-12-04 10:00:44,328-DEBUG-root-40864::webapp_internal::wait_blocker|2444:: Waiting blocker to continue...
2025-12-04 10:00:44,464-DEBUG-root-40864::webapp_internal::wait_blocker|2469:: Blocker status: False
2025-12-04 10:00:49,873-DEBUG-root-40864::webapp_internal::wait_blocker|2444:: Waiting blocker to continue...
2025-12-04 10:00:50,032-DEBUG-root-40864::webapp_internal::wait_blocker|2469:: Blocker status: False
2025-12-04 10:00:50,062-DEBUG-root-40864::webapp_internal::wait_blocker|2444:: Waiting blocker to continue...
2025-12-04 10:00:50,223-DEBUG-root-40864::webapp_internal::wait_blocker|2469:: Blocker status: False
2025-12-04 10:00:50,223-DEBUG-root-40864::webapp_internal::send_action|10480:: Trying to send action
2025-12-04 10:00:51,259-DEBUG-root-40864::webapp_internal::send_action|10522:: send_action method result = True
2025-12-04 10:00:51,259-DEBUG-root-40864::webapp_internal::send_action|10523:: send_action selenium status: False
