2025-12-05 09:43:21,022-DEBUG-root-22100::logging_config::logger|189:: Log file created: 'Log\GESIT03\TIR__20251205094321015.log'
2025-12-05 09:43:21,022-INFO-root-22100::base::Start|1183:: TIR Version: 2.4.3
2025-12-05 09:43:21,022-INFO-root-22100::base::Start|1184:: Python Version: 3.12.10
2025-12-05 09:43:21,023-INFO-root-22100::base::Start|1185:: Starting the browser
2025-12-05 09:43:28,397-INFO-root-22100::base::get_url|1294:: Page is ready!
2025-12-05 09:43:28,417-INFO-root-22100::base::Start|1256:: Browser maximized to 1936x1048
2025-12-05 09:43:28,417-INFO-root-22100::base::Start|1258:: Screen size is different from default used in headless mode
2025-12-05 09:43:28,523-INFO-root-22100::webapp_internal::Setup|247:: ***System Info*** in Setup():
2025-12-05 09:43:28,523-DEBUG-root-22100::psutil_info::system_info|5:: CPU USAGE: 19.6%
2025-12-05 09:43:28,524-DEBUG-root-22100::psutil_info::system_info|6:: MEMORY USAGE: 92.3%
2025-12-05 09:43:28,524-DEBUG-root-22100::psutil_info::system_info|7:: MEMORY AVAILABLE: 7.71%
2025-12-05 09:43:28,531-INFO-root-22100::base::webapp_shadowroot|1394:: Webapp: 10.1.6-RC4
2025-12-05 09:43:28,553-INFO-root-22100::webapp_internal::filling_initial_program|449:: Filling Initial Program: "SIGAMDI"
2025-12-05 09:43:28,554-DEBUG-root-22100::webapp_internal::wait_element|7623:: Waiting for element
2025-12-05 09:43:28,606-DEBUG-root-22100::webapp_internal::wait_element|7653:: Element found! Waiting for element to be displayed.
2025-12-05 09:43:28,755-DEBUG-root-22100::base::click|192:: Click Type: ClickType.JS
2025-12-05 09:43:28,759-DEBUG-root-22100::webapp_internal::try_send_keys|7976:: Trying to send keys to element using technique 0
2025-12-05 09:43:29,497-DEBUG-root-22100::webapp_internal::get_web_value|3232:: Current value: SIGAMDI
2025-12-05 09:43:29,498-INFO-root-22100::webapp_internal::filling_server_environment|463:: Filling Server Environment: "POUPEX_TST"
2025-12-05 09:43:29,498-DEBUG-root-22100::webapp_internal::wait_element|7623:: Waiting for element
2025-12-05 09:43:29,526-DEBUG-root-22100::webapp_internal::wait_element|7653:: Element found! Waiting for element to be displayed.
2025-12-05 09:43:29,713-DEBUG-root-22100::base::click|192:: Click Type: ClickType.JS
2025-12-05 09:43:29,718-DEBUG-root-22100::webapp_internal::try_send_keys|7976:: Trying to send keys to element using technique 0
2025-12-05 09:43:30,028-DEBUG-root-22100::webapp_internal::get_web_value|3232:: Current value: POUPEX_TST
2025-12-05 09:43:30,048-DEBUG-root-22100::base::click|192:: Click Type: ClickType.JS
2025-12-05 09:43:30,060-DEBUG-root-22100::webapp_internal::user_screen|519:: Filling user screen
2025-12-05 09:43:36,833-DEBUG-root-22100::webapp_internal::wait_element_timeout|7726:: Element found! Waiting for element to be displayed.
2025-12-05 09:43:36,877-DEBUG-root-22100::base::scroll_to_element|759:: ********Warining scroll_to_element exception: Message: TypeError: can't access property "scrollIntoView", arguments[0] is null
Stacktrace:
@https://qasrverp:10020/webapp/:2:7
@https://qasrverp:10020/webapp/:3:8
*********
2025-12-05 09:43:37,013-INFO-root-22100::webapp_internal::user_screen|561:: Filling User
2025-12-05 09:43:37,038-DEBUG-root-22100::base::double_click|259:: Click Type: ClickType.SELENIUM
2025-12-05 09:43:37,217-DEBUG-root-22100::webapp_internal::get_web_value|3232:: Current value: 97137227104
2025-12-05 09:43:37,238-INFO-root-22100::webapp_internal::user_screen|621:: Filling Password
2025-12-05 09:43:37,259-DEBUG-root-22100::base::click|192:: Click Type: ClickType.JS
2025-12-05 09:43:37,334-DEBUG-root-22100::webapp_internal::get_web_value|3232:: Current value: Val20221080080094+
2025-12-05 09:43:37,334-DEBUG-root-22100::webapp_internal::wait_blocker|2444:: Waiting blocker to continue...
2025-12-05 09:43:37,361-DEBUG-root-22100::webapp_internal::wait_blocker|2469:: Blocker status: None
2025-12-05 09:43:37,380-DEBUG-root-22100::webapp_internal::wait_blocker|2444:: Waiting blocker to continue...
2025-12-05 09:43:37,406-DEBUG-root-22100::webapp_internal::wait_blocker|2469:: Blocker status: None
2025-12-05 09:43:37,441-DEBUG-root-22100::webapp_internal::wait_blocker|2444:: Waiting blocker to continue...
2025-12-05 09:43:37,469-DEBUG-root-22100::webapp_internal::wait_blocker|2469:: Blocker status: None
2025-12-05 09:43:37,469-DEBUG-root-22100::webapp_internal::send_action|10480:: Trying to send action
2025-12-05 09:43:37,478-DEBUG-root-22100::base::click|192:: Click Type: ClickType.JS
2025-12-05 09:43:38,520-DEBUG-root-22100::webapp_internal::send_action|10522:: send_action method result = True
2025-12-05 09:43:38,520-DEBUG-root-22100::webapp_internal::send_action|10523:: send_action selenium status: False
2025-12-05 09:43:40,761-DEBUG-root-22100::base::scroll_to_element|759:: ********Warining scroll_to_element exception: Message: TypeError: can't access property "scrollIntoView", arguments[0] is null
Stacktrace:
@https://qasrverp:10020/webapp/:2:7
@https://qasrverp:10020/webapp/:3:8
*********
2025-12-05 09:43:40,813-INFO-root-22100::webapp_internal::filling_date|885:: Filling Date: "05/12/2025"
2025-12-05 09:43:40,813-DEBUG-root-22100::webapp_internal::wait_blocker|2444:: Waiting blocker to continue...
2025-12-05 09:43:40,849-DEBUG-root-22100::webapp_internal::wait_blocker|2469:: Blocker status: None
2025-12-05 09:43:40,853-DEBUG-root-22100::base::click|192:: Click Type: ClickType.JS
2025-12-05 09:43:40,873-DEBUG-root-22100::webapp_internal::try_send_keys|7976:: Trying to send keys to element using technique 1
2025-12-05 09:43:40,957-DEBUG-root-22100::webapp_internal::get_web_value|3232:: Current value: 05/12/2025
2025-12-05 09:43:42,039-INFO-root-22100::webapp_internal::filling_group|955:: Filling Group: "02"
2025-12-05 09:43:42,039-DEBUG-root-22100::webapp_internal::wait_blocker|2444:: Waiting blocker to continue...
2025-12-05 09:43:42,070-DEBUG-root-22100::webapp_internal::wait_blocker|2469:: Blocker status: None
2025-12-05 09:43:42,073-DEBUG-root-22100::base::click|192:: Click Type: ClickType.JS
2025-12-05 09:43:42,124-DEBUG-root-22100::webapp_internal::get_web_value|3232:: Current value: 02
2025-12-05 09:43:43,185-INFO-root-22100::webapp_internal::filling_branch|1047:: Filling Branch: "02DF0001"
2025-12-05 09:43:43,185-DEBUG-root-22100::webapp_internal::wait_blocker|2444:: Waiting blocker to continue...
2025-12-05 09:43:43,218-DEBUG-root-22100::webapp_internal::wait_blocker|2469:: Blocker status: None
2025-12-05 09:43:43,222-DEBUG-root-22100::base::click|192:: Click Type: ClickType.JS
2025-12-05 09:43:43,278-DEBUG-root-22100::webapp_internal::get_web_value|3232:: Current value: 02DF0001
2025-12-05 09:43:44,359-INFO-root-22100::webapp_internal::filling_environment|1113:: Filling Environment: "07"
2025-12-05 09:43:44,359-DEBUG-root-22100::webapp_internal::wait_blocker|2444:: Waiting blocker to continue...
2025-12-05 09:43:44,393-DEBUG-root-22100::webapp_internal::wait_blocker|2469:: Blocker status: None
2025-12-05 09:43:44,396-DEBUG-root-22100::base::click|192:: Click Type: ClickType.JS
2025-12-05 09:43:44,453-DEBUG-root-22100::webapp_internal::get_web_value|3232:: Current value: 07
2025-12-05 09:43:45,463-DEBUG-root-22100::webapp_internal::close_warning_screen|1489:: Closing warning screen!
2025-12-05 09:43:46,495-DEBUG-root-22100::webapp_internal::check_screen_element|1291:: Checking screen element: "Atenção": False
2025-12-05 09:43:47,601-INFO-root-22100::webapp_internal::environment_screen|796:: Clicking on Button
2025-12-05 09:43:47,602-DEBUG-root-22100::webapp_internal::wait_blocker|2444:: Waiting blocker to continue...
2025-12-05 09:43:47,650-DEBUG-root-22100::webapp_internal::wait_blocker|2469:: Blocker status: None
2025-12-05 09:43:47,654-DEBUG-root-22100::base::click|192:: Click Type: ClickType.JS
2025-12-05 09:43:48,662-DEBUG-root-22100::base::click|192:: Click Type: ClickType.JS
2025-12-05 09:43:49,671-DEBUG-root-22100::base::click|192:: Click Type: ClickType.JS
2025-12-05 09:43:50,679-DEBUG-root-22100::base::click|192:: Click Type: ClickType.JS
2025-12-05 09:43:51,686-DEBUG-root-22100::base::click|192:: Click Type: ClickType.JS
2025-12-05 09:43:52,694-DEBUG-root-22100::base::click|192:: Click Type: ClickType.JS
2025-12-05 09:43:53,702-DEBUG-root-22100::webapp_internal::close_screen_before_menu|368:: Closing screen before the menu
2025-12-05 09:43:53,749-DEBUG-root-22100::webapp_internal::close_warning_screen|1489:: Closing warning screen!
2025-12-05 09:43:54,790-DEBUG-root-22100::webapp_internal::check_screen_element|1291:: Checking screen element: "Atenção": False
2025-12-05 09:43:54,790-DEBUG-root-22100::webapp_internal::close_coin_screen|1424:: Closing coin screen!
2025-12-05 09:43:55,347-DEBUG-root-22100::base::click|192:: Click Type: ClickType.JS
2025-12-05 09:43:55,419-DEBUG-root-22100::webapp_internal::close_warning_screen|1489:: Closing warning screen!
2025-12-05 09:43:56,468-DEBUG-root-22100::webapp_internal::check_screen_element|1291:: Checking screen element: "Atenção": False
2025-12-05 09:43:56,469-DEBUG-root-22100::webapp_internal::close_coin_screen|1424:: Closing coin screen!
2025-12-05 09:43:56,583-INFO-root-22100::webapp_internal::set_log_info|1623:: Getting log info
2025-12-05 09:43:56,584-INFO-root-22100::webapp_internal::SetLateralMenu|4184:: Navigating lateral menu: Ajuda > Sobre
2025-12-05 09:43:56,593-DEBUG-root-22100::webapp_internal::wait_element|7623:: Waiting for element
2025-12-05 09:43:56,631-DEBUG-root-22100::webapp_internal::wait_element|7653:: Element found! Waiting for element to be displayed.
2025-12-05 09:43:56,792-INFO-root-22100::webapp_internal::SetLateralMenu|4203:: Menu item: "Ajuda"
2025-12-05 09:43:56,792-DEBUG-root-22100::webapp_internal::wait_blocker|2444:: Waiting blocker to continue...
2025-12-05 09:43:56,857-DEBUG-root-22100::webapp_internal::wait_blocker|2469:: Blocker status: False
2025-12-05 09:43:57,200-DEBUG-root-22100::webapp_internal::wait_element_timeout|7726:: Element found! Waiting for element to be displayed.
2025-12-05 09:43:57,529-DEBUG-root-22100::webapp_internal::wait_blocker|2444:: Waiting blocker to continue...
2025-12-05 09:43:57,593-DEBUG-root-22100::webapp_internal::wait_blocker|2469:: Blocker status: False
2025-12-05 09:43:59,895-INFO-root-22100::webapp_internal::SetLateralMenu|4203:: Menu item: "Sobre"
2025-12-05 09:43:59,895-DEBUG-root-22100::webapp_internal::wait_blocker|2444:: Waiting blocker to continue...
2025-12-05 09:43:59,953-DEBUG-root-22100::webapp_internal::wait_blocker|2469:: Blocker status: False
2025-12-05 09:44:00,368-DEBUG-root-22100::webapp_internal::wait_element_timeout|7726:: Element found! Waiting for element to be displayed.
2025-12-05 09:44:00,706-DEBUG-root-22100::webapp_internal::wait_blocker|2444:: Waiting blocker to continue...
2025-12-05 09:44:00,765-DEBUG-root-22100::webapp_internal::wait_blocker|2469:: Blocker status: False
2025-12-05 09:44:03,372-DEBUG-root-22100::webapp_internal::wait_blocker|2444:: Waiting blocker to continue...
2025-12-05 09:44:03,442-DEBUG-root-22100::webapp_internal::wait_blocker|2469:: Blocker status: False
2025-12-05 09:44:03,516-DEBUG-root-22100::webapp_internal::wait_element|7623:: Waiting for element
2025-12-05 09:44:03,558-DEBUG-root-22100::webapp_internal::wait_element|7653:: Element found! Waiting for element to be displayed.
2025-12-05 09:44:03,726-INFO-root-22100::webapp_internal::SetButton|4444:: Clicking on Fechar
2025-12-05 09:44:03,726-DEBUG-root-22100::webapp_internal::wait_blocker|2444:: Waiting blocker to continue...
2025-12-05 09:44:03,793-DEBUG-root-22100::webapp_internal::wait_blocker|2469:: Blocker status: False
2025-12-05 09:44:03,966-DEBUG-root-22100::webapp_internal::wait_element_timeout|7726:: Element found! Waiting for element to be displayed.
2025-12-05 09:44:04,031-DEBUG-root-22100::webapp_internal::SetButton|4481:: ***System Info*** Before Clicking on button:Fechar
2025-12-05 09:44:04,032-DEBUG-root-22100::psutil_info::system_info|5:: CPU USAGE: 8.0%
2025-12-05 09:44:04,032-DEBUG-root-22100::psutil_info::system_info|6:: MEMORY USAGE: 89.1%
2025-12-05 09:44:04,032-DEBUG-root-22100::psutil_info::system_info|7:: MEMORY AVAILABLE: 10.93%
2025-12-05 09:44:04,195-DEBUG-root-22100::webapp_internal::wait_element_timeout|7726:: Element found! Waiting for element to be displayed.
2025-12-05 09:44:04,297-DEBUG-root-22100::webapp_internal::wait_blocker|2444:: Waiting blocker to continue...
2025-12-05 09:44:04,376-DEBUG-root-22100::webapp_internal::wait_blocker|2469:: Blocker status: False
2025-12-05 09:44:04,397-DEBUG-root-22100::webapp_internal::wait_blocker|2444:: Waiting blocker to continue...
2025-12-05 09:44:04,483-DEBUG-root-22100::webapp_internal::wait_blocker|2469:: Blocker status: False
2025-12-05 09:44:04,483-DEBUG-root-22100::webapp_internal::send_action|10480:: Trying to send action
2025-12-05 09:44:04,487-DEBUG-root-22100::base::click|192:: Click Type: ClickType.JS
2025-12-05 09:44:05,526-DEBUG-root-22100::webapp_internal::send_action|10522:: send_action method result = True
2025-12-05 09:44:05,526-DEBUG-root-22100::webapp_internal::send_action|10523:: send_action selenium status: False
2025-12-05 09:44:05,526-DEBUG-root-22100::webapp_internal::SetButton|4683:: ***System Info*** After Clicking on button:
2025-12-05 09:44:05,526-DEBUG-root-22100::psutil_info::system_info|5:: CPU USAGE: 7.7%
2025-12-05 09:44:05,527-DEBUG-root-22100::psutil_info::system_info|6:: MEMORY USAGE: 89.2%
2025-12-05 09:44:05,527-DEBUG-root-22100::psutil_info::system_info|7:: MEMORY AVAILABLE: 10.75%
2025-12-05 09:44:05,527-DEBUG-root-22100::webapp_internal::wait_element|7623:: Waiting for element
2025-12-05 09:44:05,608-INFO-root-22100::webapp_internal::SetLateralMenu|4184:: Navigating lateral menu: Atualizações > Gestao de Viagens > Cadastro (5) > Orcamento por UTA
2025-12-05 09:44:05,617-DEBUG-root-22100::webapp_internal::wait_element|7623:: Waiting for element
2025-12-05 09:44:05,653-DEBUG-root-22100::webapp_internal::wait_element|7653:: Element found! Waiting for element to be displayed.
2025-12-05 09:44:05,814-INFO-root-22100::webapp_internal::SetLateralMenu|4203:: Menu item: "Atualizações"
2025-12-05 09:44:05,814-DEBUG-root-22100::webapp_internal::wait_blocker|2444:: Waiting blocker to continue...
2025-12-05 09:44:05,875-DEBUG-root-22100::webapp_internal::wait_blocker|2469:: Blocker status: False
2025-12-05 09:44:06,260-DEBUG-root-22100::webapp_internal::wait_element_timeout|7726:: Element found! Waiting for element to be displayed.
2025-12-05 09:44:06,663-DEBUG-root-22100::webapp_internal::wait_blocker|2444:: Waiting blocker to continue...
2025-12-05 09:44:06,724-DEBUG-root-22100::webapp_internal::wait_blocker|2469:: Blocker status: False
2025-12-05 09:44:09,017-INFO-root-22100::webapp_internal::SetLateralMenu|4203:: Menu item: "Gestao de Viagens"
2025-12-05 09:44:09,017-DEBUG-root-22100::webapp_internal::wait_blocker|2444:: Waiting blocker to continue...
2025-12-05 09:44:09,106-DEBUG-root-22100::webapp_internal::wait_blocker|2469:: Blocker status: False
2025-12-05 09:44:09,816-DEBUG-root-22100::webapp_internal::wait_element_timeout|7726:: Element found! Waiting for element to be displayed.
2025-12-05 09:44:10,536-DEBUG-root-22100::webapp_internal::wait_blocker|2444:: Waiting blocker to continue...
2025-12-05 09:44:10,653-DEBUG-root-22100::webapp_internal::wait_blocker|2469:: Blocker status: False
2025-12-05 09:44:12,954-INFO-root-22100::webapp_internal::SetLateralMenu|4203:: Menu item: "Cadastro (5)"
2025-12-05 09:44:12,954-DEBUG-root-22100::webapp_internal::wait_blocker|2444:: Waiting blocker to continue...
2025-12-05 09:44:13,028-DEBUG-root-22100::webapp_internal::wait_blocker|2469:: Blocker status: False
2025-12-05 09:44:13,887-DEBUG-root-22100::webapp_internal::wait_element_timeout|7726:: Element found! Waiting for element to be displayed.
2025-12-05 09:44:14,745-DEBUG-root-22100::webapp_internal::wait_blocker|2444:: Waiting blocker to continue...
2025-12-05 09:44:14,859-DEBUG-root-22100::webapp_internal::wait_blocker|2469:: Blocker status: False
2025-12-05 09:44:17,153-INFO-root-22100::webapp_internal::SetLateralMenu|4203:: Menu item: "Orcamento por UTA"
2025-12-05 09:44:17,153-DEBUG-root-22100::webapp_internal::wait_blocker|2444:: Waiting blocker to continue...
2025-12-05 09:44:17,227-DEBUG-root-22100::webapp_internal::wait_blocker|2469:: Blocker status: False
2025-12-05 09:44:18,171-DEBUG-root-22100::webapp_internal::wait_element_timeout|7726:: Element found! Waiting for element to be displayed.
2025-12-05 09:44:19,094-DEBUG-root-22100::webapp_internal::wait_blocker|2444:: Waiting blocker to continue...
2025-12-05 09:44:19,201-DEBUG-root-22100::webapp_internal::wait_blocker|2469:: Blocker status: False
2025-12-05 09:44:22,784-DEBUG-root-22100::webapp_internal::wait_blocker|2444:: Waiting blocker to continue...
2025-12-05 09:44:22,857-DEBUG-root-22100::webapp_internal::wait_blocker|2469:: Blocker status: False
2025-12-05 09:44:22,931-INFO-root-22100::webapp_internal::WaitShow|4980:: Waiting show text 'Este ambiente utiliza base de Homologação.'...
2025-12-05 09:44:28,744-INFO-root-22100::webapp_internal::WaitShow|4980:: Waiting show text 'Moedas'...
2025-12-05 09:44:33,846-INFO-root-22100::webapp_internal::WaitShow|4980:: Waiting show text 'Centro de Custo vs Orçamento'...
2025-12-05 09:44:33,926-INFO-root-22100::webapp_internal::WaitShow|4996:: Text found! 
2025-12-05 09:44:33,926-INFO-root-22100::webapp_internal::SetButton|4444:: Clicking on Incluir
2025-12-05 09:44:33,926-DEBUG-root-22100::webapp_internal::wait_blocker|2444:: Waiting blocker to continue...
2025-12-05 09:44:34,028-DEBUG-root-22100::webapp_internal::wait_blocker|2469:: Blocker status: False
2025-12-05 09:44:34,384-DEBUG-root-22100::webapp_internal::wait_element_timeout|7726:: Element found! Waiting for element to be displayed.
2025-12-05 09:44:34,612-DEBUG-root-22100::webapp_internal::SetButton|4481:: ***System Info*** Before Clicking on button:Incluir
2025-12-05 09:44:34,612-DEBUG-root-22100::psutil_info::system_info|5:: CPU USAGE: 8.5%
2025-12-05 09:44:34,612-DEBUG-root-22100::psutil_info::system_info|6:: MEMORY USAGE: 89.4%
2025-12-05 09:44:34,613-DEBUG-root-22100::psutil_info::system_info|7:: MEMORY AVAILABLE: 10.62%
2025-12-05 09:44:34,947-DEBUG-root-22100::webapp_internal::wait_element_timeout|7726:: Element found! Waiting for element to be displayed.
2025-12-05 09:44:35,238-DEBUG-root-22100::webapp_internal::wait_blocker|2444:: Waiting blocker to continue...
2025-12-05 09:44:35,334-DEBUG-root-22100::webapp_internal::wait_blocker|2469:: Blocker status: False
2025-12-05 09:44:35,357-DEBUG-root-22100::webapp_internal::wait_blocker|2444:: Waiting blocker to continue...
2025-12-05 09:44:35,444-DEBUG-root-22100::webapp_internal::wait_blocker|2469:: Blocker status: False
2025-12-05 09:44:35,444-DEBUG-root-22100::webapp_internal::send_action|10480:: Trying to send action
2025-12-05 09:44:35,446-DEBUG-root-22100::base::click|192:: Click Type: ClickType.JS
2025-12-05 09:44:36,491-DEBUG-root-22100::webapp_internal::send_action|10522:: send_action method result = True
2025-12-05 09:44:36,492-DEBUG-root-22100::webapp_internal::send_action|10523:: send_action selenium status: False
2025-12-05 09:44:36,492-DEBUG-root-22100::webapp_internal::SetButton|4683:: ***System Info*** After Clicking on button:
2025-12-05 09:44:36,492-DEBUG-root-22100::psutil_info::system_info|5:: CPU USAGE: 11.6%
2025-12-05 09:44:36,493-DEBUG-root-22100::psutil_info::system_info|6:: MEMORY USAGE: 89.3%
2025-12-05 09:44:36,493-DEBUG-root-22100::psutil_info::system_info|7:: MEMORY AVAILABLE: 10.7%
2025-12-05 09:44:36,493-INFO-root-22100::webapp_internal::WaitShow|4980:: Waiting show text 'Modelo de Dados do Cadastro Centro de Custo vs Orçamento - INCLUIR'...
2025-12-05 09:44:36,619-INFO-root-22100::webapp_internal::WaitShow|4996:: Text found! 
2025-12-05 09:44:36,619-DEBUG-root-22100::webapp_internal::wait_blocker|2444:: Waiting blocker to continue...
2025-12-05 09:44:36,721-DEBUG-root-22100::webapp_internal::wait_blocker|2469:: Blocker status: False
2025-12-05 09:44:36,722-DEBUG-root-22100::webapp_internal::wait_element|7623:: Waiting for element
2025-12-05 09:44:36,778-DEBUG-root-22100::webapp_internal::wait_element|7653:: Element found! Waiting for element to be displayed.
2025-12-05 09:44:36,826-INFO-root-22100::webapp_internal::input_value|2941:: Looking for element: Z91_ANO
2025-12-05 09:44:36,915-INFO-root-22100::webapp_internal::input_value|2951:: Element: Z91_ANO Found!
2025-12-05 09:44:36,916-INFO-root-22100::webapp_internal::input_value|2953:: Filling element: Z91_ANO
2025-12-05 09:44:36,939-DEBUG-root-22100::webapp_internal::get_web_value|3232:: Current value:     
2025-12-05 09:44:36,966-DEBUG-root-22100::base::double_click|259:: Click Type: ClickType.SELENIUM
2025-12-05 09:44:37,222-DEBUG-root-22100::webapp_internal::wait_blocker|2444:: Waiting blocker to continue...
2025-12-05 09:44:37,326-DEBUG-root-22100::webapp_internal::wait_blocker|2469:: Blocker status: False
2025-12-05 09:44:37,644-DEBUG-root-22100::webapp_internal::get_web_value|3232:: Current value: 2025
2025-12-05 09:44:37,644-INFO-root-22100::webapp_internal::input_value|3059:: Current field value: 2025
2025-12-05 09:44:37,652-DEBUG-root-22100::webapp_internal::wait_blocker|2444:: Waiting blocker to continue...
2025-12-05 09:44:37,759-DEBUG-root-22100::webapp_internal::wait_blocker|2469:: Blocker status: False
2025-12-05 09:44:37,759-DEBUG-root-22100::webapp_internal::wait_element|7623:: Waiting for element
2025-12-05 09:44:37,829-DEBUG-root-22100::webapp_internal::wait_element|7653:: Element found! Waiting for element to be displayed.
2025-12-05 09:44:37,879-INFO-root-22100::webapp_internal::input_value|2941:: Looking for element: Z91_TIPO
2025-12-05 09:44:37,965-INFO-root-22100::webapp_internal::input_value|2951:: Element: Z91_TIPO Found!
2025-12-05 09:44:37,965-INFO-root-22100::webapp_internal::input_value|2953:: Filling element: Z91_TIPO
2025-12-05 09:44:39,140-INFO-root-22100::base::select_combo|871:: Selected value for combo is: 2 - Treinamento
2025-12-05 09:44:39,176-DEBUG-root-22100::webapp_internal::SetFocus|6011:: Setting focus on element Z91_CONTAB.
2025-12-05 09:44:39,295-DEBUG-root-22100::base::click|192:: Click Type: ClickType.SELENIUM
2025-12-05 09:44:39,357-DEBUG-root-22100::webapp_internal::wait_blocker|2444:: Waiting blocker to continue...
2025-12-05 09:44:39,457-DEBUG-root-22100::webapp_internal::wait_blocker|2469:: Blocker status: False
2025-12-05 09:44:39,457-DEBUG-root-22100::webapp_internal::wait_element|7623:: Waiting for element
2025-12-05 09:44:39,516-DEBUG-root-22100::webapp_internal::wait_element|7653:: Element found! Waiting for element to be displayed.
2025-12-05 09:44:39,565-INFO-root-22100::webapp_internal::input_value|2941:: Looking for element: Z91_CONTAB
2025-12-05 09:44:39,700-INFO-root-22100::webapp_internal::input_value|2951:: Element: Z91_CONTAB Found!
2025-12-05 09:44:39,701-INFO-root-22100::webapp_internal::input_value|2953:: Filling element: Z91_CONTAB
2025-12-05 09:44:39,721-DEBUG-root-22100::webapp_internal::get_web_value|3232:: Current value:                     
2025-12-05 09:44:39,750-DEBUG-root-22100::base::double_click|259:: Click Type: ClickType.SELENIUM
2025-12-05 09:44:40,009-DEBUG-root-22100::webapp_internal::wait_blocker|2444:: Waiting blocker to continue...
2025-12-05 09:44:40,110-DEBUG-root-22100::webapp_internal::wait_blocker|2469:: Blocker status: False
2025-12-05 09:44:40,450-DEBUG-root-22100::webapp_internal::get_web_value|3232:: Current value: 817750000000001     
2025-12-05 09:44:40,451-INFO-root-22100::webapp_internal::input_value|3059:: Current field value: 817750000000001
2025-12-05 09:44:40,475-DEBUG-root-22100::webapp_internal::wait_blocker|2444:: Waiting blocker to continue...
2025-12-05 09:44:40,580-DEBUG-root-22100::webapp_internal::wait_blocker|2469:: Blocker status: False
2025-12-05 09:44:40,580-DEBUG-root-22100::webapp_internal::wait_element|7623:: Waiting for element
2025-12-05 09:44:40,635-DEBUG-root-22100::webapp_internal::wait_element|7653:: Element found! Waiting for element to be displayed.
2025-12-05 09:44:40,682-INFO-root-22100::webapp_internal::input_value|2941:: Looking for element: Z91_CC
2025-12-05 09:44:40,766-INFO-root-22100::webapp_internal::input_value|2951:: Element: Z91_CC Found!
2025-12-05 09:44:40,766-INFO-root-22100::webapp_internal::input_value|2953:: Filling element: Z91_CC
2025-12-05 09:44:40,788-DEBUG-root-22100::webapp_internal::get_web_value|3232:: Current value:          
2025-12-05 09:44:40,816-DEBUG-root-22100::base::double_click|259:: Click Type: ClickType.SELENIUM
2025-12-05 09:44:41,061-DEBUG-root-22100::webapp_internal::wait_blocker|2444:: Waiting blocker to continue...
2025-12-05 09:44:41,152-DEBUG-root-22100::webapp_internal::wait_blocker|2469:: Blocker status: False
2025-12-05 09:44:41,472-DEBUG-root-22100::webapp_internal::get_web_value|3232:: Current value: 000000064
2025-12-05 09:44:41,473-INFO-root-22100::webapp_internal::input_value|3059:: Current field value: 000000064
2025-12-05 09:44:41,473-DEBUG-root-22100::webapp_internal::wait_blocker|2444:: Waiting blocker to continue...
2025-12-05 09:44:41,598-DEBUG-root-22100::webapp_internal::wait_blocker|2469:: Blocker status: False
2025-12-05 09:44:41,598-INFO-root-22100::webapp_internal::SetKey|5822:: Key pressed: TAB
2025-12-05 09:44:41,600-DEBUG-root-22100::webapp_internal::SetKey|5857:: Trying press key
2025-12-05 09:44:41,650-WARNING-root-22100::webapp_internal::log_error|8143:: Warning log_error Aguarde para utilizar o <b>TOTVS Linha Protheus</b> Carregando Dicionário de parametros  TOTVS Gestão de Pessoal Veículos Selecione a rotina de cadastro na lista abaixo • Visualizar • Copiar • Incluir • Navegar • Alterar • Excluir • Imprimir Valor KM x UF Selecione a rotina de cadastro na lista abaixo • Visualizar • Copiar • Incluir • Navegar • Alterar • Excluir • Imprimir Diárias x UF Selecione a rotina de cadastro na lista abaixo • Visualizar • Copiar • Incluir • Navegar • Alterar • Excluir • Imprimir Percurso Selecione a rotina de cadastro na lista abaixo • Visualizar • Copiar • Incluir • Navegar • Alterar • Excluir • Imprimir Orcamento por UTA Selecione a rotina de cadastro na lista abaixo • Visualizar • Navegar • Incluir • Alterar • Excluir • Importar Centro de Custo vs Orçamento Modelo de Dados do Cadastro Centro de Custo vs Orçamento - INCLUIR Ano Centro de Custo vs Valor  Total <b>Help: </b>C. Custo<br><br><br><b>Problema: </b> Não existe registro relacionado a chave informada no alias CTT, ordenação 1. <b>Solução: </b>1) Informe um código que exista no cadastro.<br>2) Efetue o cadastro no programa de manutenção do respectivo cadastro.    <br>3) Escolha um registro válido.<br>
2025-12-05 09:44:41,651-DEBUG-root-22100::webapp_internal::log_error|8146:: ***System Info*** in log_error():
2025-12-05 09:44:41,651-DEBUG-root-22100::psutil_info::system_info|5:: CPU USAGE: 8.9%
2025-12-05 09:44:41,652-DEBUG-root-22100::psutil_info::system_info|6:: MEMORY USAGE: 89.8%
2025-12-05 09:44:41,653-DEBUG-root-22100::psutil_info::system_info|7:: MEMORY AVAILABLE: 10.24%
2025-12-05 09:44:41,666-DEBUG-root-22100::log::take_screenshot_log|612:: take_screenshot_log in:2025-12-05 09:44:41.666487

2025-12-05 09:44:41,760-DEBUG-root-22100::log::take_screenshot_log|627:: Screenshot file created successfully: Log\GESIT03\97137227104_20251205094441666_Viagem -_test_Cadastro_Orcamento_Viagem.png
2025-12-05 09:44:42,770-DEBUG-root-22100::log::checks_empty_line|221:: Checking empty default log info
2025-12-05 09:44:42,773-DEBUG-root-22100::log::generate_log|503:: Json log_data: {'cLogDtExec': '05/12/2025 09:44:42', 'cLogNomUsr': '97137227104', 'cLogNomEst': 'GESIT03', 'cLogProgra': None, 'cLogDtProg': '', 'cLogHrProg': '', 'nLogCtsOk': 0, 'nLogCtsNok': 1, 'nLogCtsSeg': 80.76, 'cLogVersao': '12', 'cLogReleas': '12.1.2410', 'nLogCtsErr': 'Viagem - Aguarde para utilizar o <b>TOTVS Linha Protheus</b> Carregando Dicionário de parametros  TOTVS Gestão de Pessoal Veículos Selecione a rotina de cadastro na lista abaixo • Visualizar • Copiar • Incluir • Navegar • Alterar • Excluir • Imprimir Valor KM x UF Selecione a rotina de cadastro na lista abaixo • Visualizar • Copiar • Incluir • Navegar • Alterar • Excluir • Imprimir Diárias x UF Selecione a rotina de cadastro na lista abaixo • Visualizar • Copiar • Incluir • Navegar • Alterar • Excluir • Imprimir Percurso Selecione a rotina de cadastro na lista abaixo • Visualizar • Copiar • In', 'cLogBancod': 'ORACLE', 'cLogIdenti': '', 'cLogIdExec': '20251205', 'cLogPais': 'BRA', 'cLogTool': 'TIR', 'cLogSequen': 'a45596', 'nLogCtsTot': 1, 'cLogDtExea': '05/12/2025', 'cLogHrExea': '09:44:42', 'cLogArea': 'Desenvolvimento', 'cLogMnExec': 1.346}
2025-12-05 09:44:42,773-INFO-root-22100::log::send_log_with_retries|515:: Saving log locally.
2025-12-05 09:44:42,773-INFO-root-22100::log::save_log_locally|548:: [FwSendLog]: Não foi possível enviar o log após todas as tentativas.
2025-12-05 09:44:42,774-INFO-root-22100::log::save_log_locally|555:: [FwSendLog]: Log salvo localmente em C:\TIR_TESTE\1764938682.json.
2025-12-05 09:44:43,826-ERROR-root-22100::webapp_internal::SetKey|5901:: False is not true : Viagem - Aguarde para utilizar o <b>TOTVS Linha Protheus</b> Carregando Dicionário de parametros  TOTVS Gestão de Pessoal Veículos Selecione a rotina de cadastro na lista abaixo • Visualizar • Copiar • Incluir • Navegar • Alterar • Excluir • Imprimir Valor KM x UF Selecione a rotina de cadastro na lista abaixo • Visualizar • Copiar • Incluir • Navegar • Alterar • Excluir • Imprimir Diárias x UF Selecione a rotina de cadastro na lista abaixo • Visualizar • Copiar • Incluir • Navegar • Alterar • Excluir • Imprimir Percurso Selecione a rotina de cadastro na lista abaixo • Visualizar • Copiar • Incluir • Navegar • Alterar • Excluir • Imprimir Orcamento por UTA Selecione a rotina de cadastro na lista abaixo • Visualizar • Navegar • Incluir • Alterar • Excluir • Importar Centro de Custo vs Orçamento Modelo de Dados do Cadastro Centro de Custo vs Orçamento - INCLUIR Ano Centro de Custo vs Valor  Total <b>Help: </b>C. Custo<br><br><br><b>Problema: </b> Não existe registro relacionado a chave informada no alias CTT, ordenação 1. <b>Solução: </b>1) Informe um código que exista no cadastro.<br>2) Efetue o cadastro no programa de manutenção do respectivo cadastro.    <br>3) Escolha um registro válido.<br>
Traceback (most recent call last):
  File "C:\TIR_TESTE\venv\Lib\site-packages\tir\technologies\webapp_internal.py", line 5862, in SetKey
    grids = self.get_grid(grid_list=True)
            ^^^^^^^^^^^^^^^^^^^^^^^^^^^^^
  File "C:\TIR_TESTE\venv\Lib\site-packages\tir\technologies\webapp_internal.py", line 5698, in get_grid
    grids = self.web_scrap(term=term, scrap_type=enum.ScrapType.CSS_SELECTOR)
            ^^^^^^^^^^^^^^^^^^^^^^^^^^^^^^^^^^^^^^^^^^^^^^^^^^^^^^^^^^^^^^^^^
  File "C:\TIR_TESTE\venv\Lib\site-packages\tir\technologies\webapp_internal.py", line 3722, in web_scrap
    self.search_for_errors(check_help)
  File "C:\TIR_TESTE\venv\Lib\site-packages\tir\technologies\webapp_internal.py", line 3970, in search_for_errors
    self.log_error(message)
  File "C:\TIR_TESTE\venv\Lib\site-packages\tir\technologies\webapp_internal.py", line 8206, in log_error
    self.assertTrue(False, log_message)
  File "C:\Users\97137227104\AppData\Local\Programs\Python\Python312\Lib\unittest\case.py", line 727, in assertTrue
    raise self.failureException(msg)
AssertionError: False is not true : Viagem - Aguarde para utilizar o <b>TOTVS Linha Protheus</b> Carregando Dicionário de parametros  TOTVS Gestão de Pessoal Veículos Selecione a rotina de cadastro na lista abaixo • Visualizar • Copiar • Incluir • Navegar • Alterar • Excluir • Imprimir Valor KM x UF Selecione a rotina de cadastro na lista abaixo • Visualizar • Copiar • Incluir • Navegar • Alterar • Excluir • Imprimir Diárias x UF Selecione a rotina de cadastro na lista abaixo • Visualizar • Copiar • Incluir • Navegar • Alterar • Excluir • Imprimir Percurso Selecione a rotina de cadastro na lista abaixo • Visualizar • Copiar • Incluir • Navegar • Alterar • Excluir • Imprimir Orcamento por UTA Selecione a rotina de cadastro na lista abaixo • Visualizar • Navegar • Incluir • Alterar • Excluir • Importar Centro de Custo vs Orçamento Modelo de Dados do Cadastro Centro de Custo vs Orçamento - INCLUIR Ano Centro de Custo vs Valor  Total <b>Help: </b>C. Custo<br><br><br><b>Problema: </b> Não existe registro relacionado a chave informada no alias CTT, ordenação 1. <b>Solução: </b>1) Informe um código que exista no cadastro.<br>2) Efetue o cadastro no programa de manutenção do respectivo cadastro.    <br>3) Escolha um registro válido.<br>
2025-12-05 09:44:43,829-DEBUG-root-22100::webapp_internal::SetFocus|6011:: Setting focus on element Centro de Custo vs Valor.
2025-12-05 09:44:44,183-ERROR-root-22100::webapp_internal::TearDown|9654:: Warning tearDown Close Message: Tried to run command without establishing a connection
Traceback (most recent call last):
  File "C:\TIR_TESTE\venv\Lib\site-packages\tir\technologies\webapp_internal.py", line 9652, in TearDown
    self.driver.close()
  File "C:\TIR_TESTE\venv\Lib\site-packages\selenium\webdriver\remote\webdriver.py", line 458, in close
    self.execute(Command.CLOSE)
  File "C:\TIR_TESTE\venv\Lib\site-packages\selenium\webdriver\remote\webdriver.py", line 347, in execute
    self.error_handler.check_response(response)
  File "C:\TIR_TESTE\venv\Lib\site-packages\selenium\webdriver\remote\errorhandler.py", line 229, in check_response
    raise exception_class(message, screen, stacktrace)
selenium.common.exceptions.InvalidSessionIdException: Message: Tried to run command without establishing a connection

2025-12-05 09:43:21,022-DEBUG-root-22100::logging_config::logger|189:: Log file created: 'Log\GESIT03\TIR__20251205094321015.log'
2025-12-05 09:43:21,022-INFO-root-22100::base::Start|1183:: TIR Version: 2.4.3
2025-12-05 09:43:21,022-INFO-root-22100::base::Start|1184:: Python Version: 3.12.10
2025-12-05 09:43:21,023-INFO-root-22100::base::Start|1185:: Starting the browser
2025-12-05 09:43:28,397-INFO-root-22100::base::get_url|1294:: Page is ready!
2025-12-05 09:43:28,417-INFO-root-22100::base::Start|1256:: Browser maximized to 1936x1048
2025-12-05 09:43:28,417-INFO-root-22100::base::Start|1258:: Screen size is different from default used in headless mode
2025-12-05 09:43:28,523-INFO-root-22100::webapp_internal::Setup|247:: ***System Info*** in Setup():
2025-12-05 09:43:28,523-DEBUG-root-22100::psutil_info::system_info|5:: CPU USAGE: 19.6%
2025-12-05 09:43:28,524-DEBUG-root-22100::psutil_info::system_info|6:: MEMORY USAGE: 92.3%
2025-12-05 09:43:28,524-DEBUG-root-22100::psutil_info::system_info|7:: MEMORY AVAILABLE: 7.71%
2025-12-05 09:43:28,531-INFO-root-22100::base::webapp_shadowroot|1394:: Webapp: 10.1.6-RC4
2025-12-05 09:43:28,553-INFO-root-22100::webapp_internal::filling_initial_program|449:: Filling Initial Program: "SIGAMDI"
2025-12-05 09:43:28,554-DEBUG-root-22100::webapp_internal::wait_element|7623:: Waiting for element
2025-12-05 09:43:28,606-DEBUG-root-22100::webapp_internal::wait_element|7653:: Element found! Waiting for element to be displayed.
2025-12-05 09:43:28,755-DEBUG-root-22100::base::click|192:: Click Type: ClickType.JS
2025-12-05 09:43:28,759-DEBUG-root-22100::webapp_internal::try_send_keys|7976:: Trying to send keys to element using technique 0
2025-12-05 09:43:29,497-DEBUG-root-22100::webapp_internal::get_web_value|3232:: Current value: SIGAMDI
2025-12-05 09:43:29,498-INFO-root-22100::webapp_internal::filling_server_environment|463:: Filling Server Environment: "POUPEX_TST"
2025-12-05 09:43:29,498-DEBUG-root-22100::webapp_internal::wait_element|7623:: Waiting for element
2025-12-05 09:43:29,526-DEBUG-root-22100::webapp_internal::wait_element|7653:: Element found! Waiting for element to be displayed.
2025-12-05 09:43:29,713-DEBUG-root-22100::base::click|192:: Click Type: ClickType.JS
2025-12-05 09:43:29,718-DEBUG-root-22100::webapp_internal::try_send_keys|7976:: Trying to send keys to element using technique 0
2025-12-05 09:43:30,028-DEBUG-root-22100::webapp_internal::get_web_value|3232:: Current value: POUPEX_TST
2025-12-05 09:43:30,048-DEBUG-root-22100::base::click|192:: Click Type: ClickType.JS
2025-12-05 09:43:30,060-DEBUG-root-22100::webapp_internal::user_screen|519:: Filling user screen
2025-12-05 09:43:36,833-DEBUG-root-22100::webapp_internal::wait_element_timeout|7726:: Element found! Waiting for element to be displayed.
2025-12-05 09:43:36,877-DEBUG-root-22100::base::scroll_to_element|759:: ********Warining scroll_to_element exception: Message: TypeError: can't access property "scrollIntoView", arguments[0] is null
Stacktrace:
@https://qasrverp:10020/webapp/:2:7
@https://qasrverp:10020/webapp/:3:8
*********
2025-12-05 09:43:37,013-INFO-root-22100::webapp_internal::user_screen|561:: Filling User
2025-12-05 09:43:37,038-DEBUG-root-22100::base::double_click|259:: Click Type: ClickType.SELENIUM
2025-12-05 09:43:37,217-DEBUG-root-22100::webapp_internal::get_web_value|3232:: Current value: 97137227104
2025-12-05 09:43:37,238-INFO-root-22100::webapp_internal::user_screen|621:: Filling Password
2025-12-05 09:43:37,259-DEBUG-root-22100::base::click|192:: Click Type: ClickType.JS
2025-12-05 09:43:37,334-DEBUG-root-22100::webapp_internal::get_web_value|3232:: Current value: Val20221080080094+
2025-12-05 09:43:37,334-DEBUG-root-22100::webapp_internal::wait_blocker|2444:: Waiting blocker to continue...
2025-12-05 09:43:37,361-DEBUG-root-22100::webapp_internal::wait_blocker|2469:: Blocker status: None
2025-12-05 09:43:37,380-DEBUG-root-22100::webapp_internal::wait_blocker|2444:: Waiting blocker to continue...
2025-12-05 09:43:37,406-DEBUG-root-22100::webapp_internal::wait_blocker|2469:: Blocker status: None
2025-12-05 09:43:37,441-DEBUG-root-22100::webapp_internal::wait_blocker|2444:: Waiting blocker to continue...
2025-12-05 09:43:37,469-DEBUG-root-22100::webapp_internal::wait_blocker|2469:: Blocker status: None
2025-12-05 09:43:37,469-DEBUG-root-22100::webapp_internal::send_action|10480:: Trying to send action
2025-12-05 09:43:37,478-DEBUG-root-22100::base::click|192:: Click Type: ClickType.JS
2025-12-05 09:43:38,520-DEBUG-root-22100::webapp_internal::send_action|10522:: send_action method result = True
2025-12-05 09:43:38,520-DEBUG-root-22100::webapp_internal::send_action|10523:: send_action selenium status: False
2025-12-05 09:43:40,761-DEBUG-root-22100::base::scroll_to_element|759:: ********Warining scroll_to_element exception: Message: TypeError: can't access property "scrollIntoView", arguments[0] is null
Stacktrace:
@https://qasrverp:10020/webapp/:2:7
@https://qasrverp:10020/webapp/:3:8
*********
2025-12-05 09:43:40,813-INFO-root-22100::webapp_internal::filling_date|885:: Filling Date: "05/12/2025"
2025-12-05 09:43:40,813-DEBUG-root-22100::webapp_internal::wait_blocker|2444:: Waiting blocker to continue...
2025-12-05 09:43:40,849-DEBUG-root-22100::webapp_internal::wait_blocker|2469:: Blocker status: None
2025-12-05 09:43:40,853-DEBUG-root-22100::base::click|192:: Click Type: ClickType.JS
2025-12-05 09:43:40,873-DEBUG-root-22100::webapp_internal::try_send_keys|7976:: Trying to send keys to element using technique 1
2025-12-05 09:43:40,957-DEBUG-root-22100::webapp_internal::get_web_value|3232:: Current value: 05/12/2025
2025-12-05 09:43:42,039-INFO-root-22100::webapp_internal::filling_group|955:: Filling Group: "02"
2025-12-05 09:43:42,039-DEBUG-root-22100::webapp_internal::wait_blocker|2444:: Waiting blocker to continue...
2025-12-05 09:43:42,070-DEBUG-root-22100::webapp_internal::wait_blocker|2469:: Blocker status: None
2025-12-05 09:43:42,073-DEBUG-root-22100::base::click|192:: Click Type: ClickType.JS
2025-12-05 09:43:42,124-DEBUG-root-22100::webapp_internal::get_web_value|3232:: Current value: 02
2025-12-05 09:43:43,185-INFO-root-22100::webapp_internal::filling_branch|1047:: Filling Branch: "02DF0001"
2025-12-05 09:43:43,185-DEBUG-root-22100::webapp_internal::wait_blocker|2444:: Waiting blocker to continue...
2025-12-05 09:43:43,218-DEBUG-root-22100::webapp_internal::wait_blocker|2469:: Blocker status: None
2025-12-05 09:43:43,222-DEBUG-root-22100::base::click|192:: Click Type: ClickType.JS
2025-12-05 09:43:43,278-DEBUG-root-22100::webapp_internal::get_web_value|3232:: Current value: 02DF0001
2025-12-05 09:43:44,359-INFO-root-22100::webapp_internal::filling_environment|1113:: Filling Environment: "07"
2025-12-05 09:43:44,359-DEBUG-root-22100::webapp_internal::wait_blocker|2444:: Waiting blocker to continue...
2025-12-05 09:43:44,393-DEBUG-root-22100::webapp_internal::wait_blocker|2469:: Blocker status: None
2025-12-05 09:43:44,396-DEBUG-root-22100::base::click|192:: Click Type: ClickType.JS
2025-12-05 09:43:44,453-DEBUG-root-22100::webapp_internal::get_web_value|3232:: Current value: 07
2025-12-05 09:43:45,463-DEBUG-root-22100::webapp_internal::close_warning_screen|1489:: Closing warning screen!
2025-12-05 09:43:46,495-DEBUG-root-22100::webapp_internal::check_screen_element|1291:: Checking screen element: "Atenção": False
2025-12-05 09:43:47,601-INFO-root-22100::webapp_internal::environment_screen|796:: Clicking on Button
2025-12-05 09:43:47,602-DEBUG-root-22100::webapp_internal::wait_blocker|2444:: Waiting blocker to continue...
2025-12-05 09:43:47,650-DEBUG-root-22100::webapp_internal::wait_blocker|2469:: Blocker status: None
2025-12-05 09:43:47,654-DEBUG-root-22100::base::click|192:: Click Type: ClickType.JS
2025-12-05 09:43:48,662-DEBUG-root-22100::base::click|192:: Click Type: ClickType.JS
2025-12-05 09:43:49,671-DEBUG-root-22100::base::click|192:: Click Type: ClickType.JS
2025-12-05 09:43:50,679-DEBUG-root-22100::base::click|192:: Click Type: ClickType.JS
2025-12-05 09:43:51,686-DEBUG-root-22100::base::click|192:: Click Type: ClickType.JS
2025-12-05 09:43:52,694-DEBUG-root-22100::base::click|192:: Click Type: ClickType.JS
2025-12-05 09:43:53,702-DEBUG-root-22100::webapp_internal::close_screen_before_menu|368:: Closing screen before the menu
2025-12-05 09:43:53,749-DEBUG-root-22100::webapp_internal::close_warning_screen|1489:: Closing warning screen!
2025-12-05 09:43:54,790-DEBUG-root-22100::webapp_internal::check_screen_element|1291:: Checking screen element: "Atenção": False
2025-12-05 09:43:54,790-DEBUG-root-22100::webapp_internal::close_coin_screen|1424:: Closing coin screen!
2025-12-05 09:43:55,347-DEBUG-root-22100::base::click|192:: Click Type: ClickType.JS
2025-12-05 09:43:55,419-DEBUG-root-22100::webapp_internal::close_warning_screen|1489:: Closing warning screen!
2025-12-05 09:43:56,468-DEBUG-root-22100::webapp_internal::check_screen_element|1291:: Checking screen element: "Atenção": False
2025-12-05 09:43:56,469-DEBUG-root-22100::webapp_internal::close_coin_screen|1424:: Closing coin screen!
2025-12-05 09:43:56,583-INFO-root-22100::webapp_internal::set_log_info|1623:: Getting log info
2025-12-05 09:43:56,584-INFO-root-22100::webapp_internal::SetLateralMenu|4184:: Navigating lateral menu: Ajuda > Sobre
2025-12-05 09:43:56,593-DEBUG-root-22100::webapp_internal::wait_element|7623:: Waiting for element
2025-12-05 09:43:56,631-DEBUG-root-22100::webapp_internal::wait_element|7653:: Element found! Waiting for element to be displayed.
2025-12-05 09:43:56,792-INFO-root-22100::webapp_internal::SetLateralMenu|4203:: Menu item: "Ajuda"
2025-12-05 09:43:56,792-DEBUG-root-22100::webapp_internal::wait_blocker|2444:: Waiting blocker to continue...
2025-12-05 09:43:56,857-DEBUG-root-22100::webapp_internal::wait_blocker|2469:: Blocker status: False
2025-12-05 09:43:57,200-DEBUG-root-22100::webapp_internal::wait_element_timeout|7726:: Element found! Waiting for element to be displayed.
2025-12-05 09:43:57,529-DEBUG-root-22100::webapp_internal::wait_blocker|2444:: Waiting blocker to continue...
2025-12-05 09:43:57,593-DEBUG-root-22100::webapp_internal::wait_blocker|2469:: Blocker status: False
2025-12-05 09:43:59,895-INFO-root-22100::webapp_internal::SetLateralMenu|4203:: Menu item: "Sobre"
2025-12-05 09:43:59,895-DEBUG-root-22100::webapp_internal::wait_blocker|2444:: Waiting blocker to continue...
2025-12-05 09:43:59,953-DEBUG-root-22100::webapp_internal::wait_blocker|2469:: Blocker status: False
2025-12-05 09:44:00,368-DEBUG-root-22100::webapp_internal::wait_element_timeout|7726:: Element found! Waiting for element to be displayed.
2025-12-05 09:44:00,706-DEBUG-root-22100::webapp_internal::wait_blocker|2444:: Waiting blocker to continue...
2025-12-05 09:44:00,765-DEBUG-root-22100::webapp_internal::wait_blocker|2469:: Blocker status: False
2025-12-05 09:44:03,372-DEBUG-root-22100::webapp_internal::wait_blocker|2444:: Waiting blocker to continue...
2025-12-05 09:44:03,442-DEBUG-root-22100::webapp_internal::wait_blocker|2469:: Blocker status: False
2025-12-05 09:44:03,516-DEBUG-root-22100::webapp_internal::wait_element|7623:: Waiting for element
2025-12-05 09:44:03,558-DEBUG-root-22100::webapp_internal::wait_element|7653:: Element found! Waiting for element to be displayed.
2025-12-05 09:44:03,726-INFO-root-22100::webapp_internal::SetButton|4444:: Clicking on Fechar
2025-12-05 09:44:03,726-DEBUG-root-22100::webapp_internal::wait_blocker|2444:: Waiting blocker to continue...
2025-12-05 09:44:03,793-DEBUG-root-22100::webapp_internal::wait_blocker|2469:: Blocker status: False
2025-12-05 09:44:03,966-DEBUG-root-22100::webapp_internal::wait_element_timeout|7726:: Element found! Waiting for element to be displayed.
2025-12-05 09:44:04,031-DEBUG-root-22100::webapp_internal::SetButton|4481:: ***System Info*** Before Clicking on button:Fechar
2025-12-05 09:44:04,032-DEBUG-root-22100::psutil_info::system_info|5:: CPU USAGE: 8.0%
2025-12-05 09:44:04,032-DEBUG-root-22100::psutil_info::system_info|6:: MEMORY USAGE: 89.1%
2025-12-05 09:44:04,032-DEBUG-root-22100::psutil_info::system_info|7:: MEMORY AVAILABLE: 10.93%
2025-12-05 09:44:04,195-DEBUG-root-22100::webapp_internal::wait_element_timeout|7726:: Element found! Waiting for element to be displayed.
2025-12-05 09:44:04,297-DEBUG-root-22100::webapp_internal::wait_blocker|2444:: Waiting blocker to continue...
2025-12-05 09:44:04,376-DEBUG-root-22100::webapp_internal::wait_blocker|2469:: Blocker status: False
2025-12-05 09:44:04,397-DEBUG-root-22100::webapp_internal::wait_blocker|2444:: Waiting blocker to continue...
2025-12-05 09:44:04,483-DEBUG-root-22100::webapp_internal::wait_blocker|2469:: Blocker status: False
2025-12-05 09:44:04,483-DEBUG-root-22100::webapp_internal::send_action|10480:: Trying to send action
2025-12-05 09:44:04,487-DEBUG-root-22100::base::click|192:: Click Type: ClickType.JS
2025-12-05 09:44:05,526-DEBUG-root-22100::webapp_internal::send_action|10522:: send_action method result = True
2025-12-05 09:44:05,526-DEBUG-root-22100::webapp_internal::send_action|10523:: send_action selenium status: False
2025-12-05 09:44:05,526-DEBUG-root-22100::webapp_internal::SetButton|4683:: ***System Info*** After Clicking on button:
2025-12-05 09:44:05,526-DEBUG-root-22100::psutil_info::system_info|5:: CPU USAGE: 7.7%
2025-12-05 09:44:05,527-DEBUG-root-22100::psutil_info::system_info|6:: MEMORY USAGE: 89.2%
2025-12-05 09:44:05,527-DEBUG-root-22100::psutil_info::system_info|7:: MEMORY AVAILABLE: 10.75%
2025-12-05 09:44:05,527-DEBUG-root-22100::webapp_internal::wait_element|7623:: Waiting for element
2025-12-05 09:44:05,608-INFO-root-22100::webapp_internal::SetLateralMenu|4184:: Navigating lateral menu: Atualizações > Gestao de Viagens > Cadastro (5) > Orcamento por UTA
2025-12-05 09:44:05,617-DEBUG-root-22100::webapp_internal::wait_element|7623:: Waiting for element
2025-12-05 09:44:05,653-DEBUG-root-22100::webapp_internal::wait_element|7653:: Element found! Waiting for element to be displayed.
2025-12-05 09:44:05,814-INFO-root-22100::webapp_internal::SetLateralMenu|4203:: Menu item: "Atualizações"
2025-12-05 09:44:05,814-DEBUG-root-22100::webapp_internal::wait_blocker|2444:: Waiting blocker to continue...
2025-12-05 09:44:05,875-DEBUG-root-22100::webapp_internal::wait_blocker|2469:: Blocker status: False
2025-12-05 09:44:06,260-DEBUG-root-22100::webapp_internal::wait_element_timeout|7726:: Element found! Waiting for element to be displayed.
2025-12-05 09:44:06,663-DEBUG-root-22100::webapp_internal::wait_blocker|2444:: Waiting blocker to continue...
2025-12-05 09:44:06,724-DEBUG-root-22100::webapp_internal::wait_blocker|2469:: Blocker status: False
2025-12-05 09:44:09,017-INFO-root-22100::webapp_internal::SetLateralMenu|4203:: Menu item: "Gestao de Viagens"
2025-12-05 09:44:09,017-DEBUG-root-22100::webapp_internal::wait_blocker|2444:: Waiting blocker to continue...
2025-12-05 09:44:09,106-DEBUG-root-22100::webapp_internal::wait_blocker|2469:: Blocker status: False
2025-12-05 09:44:09,816-DEBUG-root-22100::webapp_internal::wait_element_timeout|7726:: Element found! Waiting for element to be displayed.
2025-12-05 09:44:10,536-DEBUG-root-22100::webapp_internal::wait_blocker|2444:: Waiting blocker to continue...
2025-12-05 09:44:10,653-DEBUG-root-22100::webapp_internal::wait_blocker|2469:: Blocker status: False
2025-12-05 09:44:12,954-INFO-root-22100::webapp_internal::SetLateralMenu|4203:: Menu item: "Cadastro (5)"
2025-12-05 09:44:12,954-DEBUG-root-22100::webapp_internal::wait_blocker|2444:: Waiting blocker to continue...
2025-12-05 09:44:13,028-DEBUG-root-22100::webapp_internal::wait_blocker|2469:: Blocker status: False
2025-12-05 09:44:13,887-DEBUG-root-22100::webapp_internal::wait_element_timeout|7726:: Element found! Waiting for element to be displayed.
2025-12-05 09:44:14,745-DEBUG-root-22100::webapp_internal::wait_blocker|2444:: Waiting blocker to continue...
2025-12-05 09:44:14,859-DEBUG-root-22100::webapp_internal::wait_blocker|2469:: Blocker status: False
2025-12-05 09:44:17,153-INFO-root-22100::webapp_internal::SetLateralMenu|4203:: Menu item: "Orcamento por UTA"
2025-12-05 09:44:17,153-DEBUG-root-22100::webapp_internal::wait_blocker|2444:: Waiting blocker to continue...
2025-12-05 09:44:17,227-DEBUG-root-22100::webapp_internal::wait_blocker|2469:: Blocker status: False
2025-12-05 09:44:18,171-DEBUG-root-22100::webapp_internal::wait_element_timeout|7726:: Element found! Waiting for element to be displayed.
2025-12-05 09:44:19,094-DEBUG-root-22100::webapp_internal::wait_blocker|2444:: Waiting blocker to continue...
2025-12-05 09:44:19,201-DEBUG-root-22100::webapp_internal::wait_blocker|2469:: Blocker status: False
2025-12-05 09:44:22,784-DEBUG-root-22100::webapp_internal::wait_blocker|2444:: Waiting blocker to continue...
2025-12-05 09:44:22,857-DEBUG-root-22100::webapp_internal::wait_blocker|2469:: Blocker status: False
2025-12-05 09:44:22,931-INFO-root-22100::webapp_internal::WaitShow|4980:: Waiting show text 'Este ambiente utiliza base de Homologação.'...
2025-12-05 09:44:28,744-INFO-root-22100::webapp_internal::WaitShow|4980:: Waiting show text 'Moedas'...
2025-12-05 09:44:33,846-INFO-root-22100::webapp_internal::WaitShow|4980:: Waiting show text 'Centro de Custo vs Orçamento'...
2025-12-05 09:44:33,926-INFO-root-22100::webapp_internal::WaitShow|4996:: Text found! 
2025-12-05 09:44:33,926-INFO-root-22100::webapp_internal::SetButton|4444:: Clicking on Incluir
2025-12-05 09:44:33,926-DEBUG-root-22100::webapp_internal::wait_blocker|2444:: Waiting blocker to continue...
2025-12-05 09:44:34,028-DEBUG-root-22100::webapp_internal::wait_blocker|2469:: Blocker status: False
2025-12-05 09:44:34,384-DEBUG-root-22100::webapp_internal::wait_element_timeout|7726:: Element found! Waiting for element to be displayed.
2025-12-05 09:44:34,612-DEBUG-root-22100::webapp_internal::SetButton|4481:: ***System Info*** Before Clicking on button:Incluir
2025-12-05 09:44:34,612-DEBUG-root-22100::psutil_info::system_info|5:: CPU USAGE: 8.5%
2025-12-05 09:44:34,612-DEBUG-root-22100::psutil_info::system_info|6:: MEMORY USAGE: 89.4%
2025-12-05 09:44:34,613-DEBUG-root-22100::psutil_info::system_info|7:: MEMORY AVAILABLE: 10.62%
2025-12-05 09:44:34,947-DEBUG-root-22100::webapp_internal::wait_element_timeout|7726:: Element found! Waiting for element to be displayed.
2025-12-05 09:44:35,238-DEBUG-root-22100::webapp_internal::wait_blocker|2444:: Waiting blocker to continue...
2025-12-05 09:44:35,334-DEBUG-root-22100::webapp_internal::wait_blocker|2469:: Blocker status: False
2025-12-05 09:44:35,357-DEBUG-root-22100::webapp_internal::wait_blocker|2444:: Waiting blocker to continue...
2025-12-05 09:44:35,444-DEBUG-root-22100::webapp_internal::wait_blocker|2469:: Blocker status: False
2025-12-05 09:44:35,444-DEBUG-root-22100::webapp_internal::send_action|10480:: Trying to send action
2025-12-05 09:44:35,446-DEBUG-root-22100::base::click|192:: Click Type: ClickType.JS
2025-12-05 09:44:36,491-DEBUG-root-22100::webapp_internal::send_action|10522:: send_action method result = True
2025-12-05 09:44:36,492-DEBUG-root-22100::webapp_internal::send_action|10523:: send_action selenium status: False
2025-12-05 09:44:36,492-DEBUG-root-22100::webapp_internal::SetButton|4683:: ***System Info*** After Clicking on button:
2025-12-05 09:44:36,492-DEBUG-root-22100::psutil_info::system_info|5:: CPU USAGE: 11.6%
2025-12-05 09:44:36,493-DEBUG-root-22100::psutil_info::system_info|6:: MEMORY USAGE: 89.3%
2025-12-05 09:44:36,493-DEBUG-root-22100::psutil_info::system_info|7:: MEMORY AVAILABLE: 10.7%
2025-12-05 09:44:36,493-INFO-root-22100::webapp_internal::WaitShow|4980:: Waiting show text 'Modelo de Dados do Cadastro Centro de Custo vs Orçamento - INCLUIR'...
2025-12-05 09:44:36,619-INFO-root-22100::webapp_internal::WaitShow|4996:: Text found! 
2025-12-05 09:44:36,619-DEBUG-root-22100::webapp_internal::wait_blocker|2444:: Waiting blocker to continue...
2025-12-05 09:44:36,721-DEBUG-root-22100::webapp_internal::wait_blocker|2469:: Blocker status: False
2025-12-05 09:44:36,722-DEBUG-root-22100::webapp_internal::wait_element|7623:: Waiting for element
2025-12-05 09:44:36,778-DEBUG-root-22100::webapp_internal::wait_element|7653:: Element found! Waiting for element to be displayed.
2025-12-05 09:44:36,826-INFO-root-22100::webapp_internal::input_value|2941:: Looking for element: Z91_ANO
2025-12-05 09:44:36,915-INFO-root-22100::webapp_internal::input_value|2951:: Element: Z91_ANO Found!
2025-12-05 09:44:36,916-INFO-root-22100::webapp_internal::input_value|2953:: Filling element: Z91_ANO
2025-12-05 09:44:36,939-DEBUG-root-22100::webapp_internal::get_web_value|3232:: Current value:     
2025-12-05 09:44:36,966-DEBUG-root-22100::base::double_click|259:: Click Type: ClickType.SELENIUM
2025-12-05 09:44:37,222-DEBUG-root-22100::webapp_internal::wait_blocker|2444:: Waiting blocker to continue...
2025-12-05 09:44:37,326-DEBUG-root-22100::webapp_internal::wait_blocker|2469:: Blocker status: False
2025-12-05 09:44:37,644-DEBUG-root-22100::webapp_internal::get_web_value|3232:: Current value: 2025
2025-12-05 09:44:37,644-INFO-root-22100::webapp_internal::input_value|3059:: Current field value: 2025
2025-12-05 09:44:37,652-DEBUG-root-22100::webapp_internal::wait_blocker|2444:: Waiting blocker to continue...
2025-12-05 09:44:37,759-DEBUG-root-22100::webapp_internal::wait_blocker|2469:: Blocker status: False
2025-12-05 09:44:37,759-DEBUG-root-22100::webapp_internal::wait_element|7623:: Waiting for element
2025-12-05 09:44:37,829-DEBUG-root-22100::webapp_internal::wait_element|7653:: Element found! Waiting for element to be displayed.
2025-12-05 09:44:37,879-INFO-root-22100::webapp_internal::input_value|2941:: Looking for element: Z91_TIPO
2025-12-05 09:44:37,965-INFO-root-22100::webapp_internal::input_value|2951:: Element: Z91_TIPO Found!
2025-12-05 09:44:37,965-INFO-root-22100::webapp_internal::input_value|2953:: Filling element: Z91_TIPO
2025-12-05 09:44:39,140-INFO-root-22100::base::select_combo|871:: Selected value for combo is: 2 - Treinamento
2025-12-05 09:44:39,176-DEBUG-root-22100::webapp_internal::SetFocus|6011:: Setting focus on element Z91_CONTAB.
2025-12-05 09:44:39,295-DEBUG-root-22100::base::click|192:: Click Type: ClickType.SELENIUM
2025-12-05 09:44:39,357-DEBUG-root-22100::webapp_internal::wait_blocker|2444:: Waiting blocker to continue...
2025-12-05 09:44:39,457-DEBUG-root-22100::webapp_internal::wait_blocker|2469:: Blocker status: False
2025-12-05 09:44:39,457-DEBUG-root-22100::webapp_internal::wait_element|7623:: Waiting for element
2025-12-05 09:44:39,516-DEBUG-root-22100::webapp_internal::wait_element|7653:: Element found! Waiting for element to be displayed.
2025-12-05 09:44:39,565-INFO-root-22100::webapp_internal::input_value|2941:: Looking for element: Z91_CONTAB
2025-12-05 09:44:39,700-INFO-root-22100::webapp_internal::input_value|2951:: Element: Z91_CONTAB Found!
2025-12-05 09:44:39,701-INFO-root-22100::webapp_internal::input_value|2953:: Filling element: Z91_CONTAB
2025-12-05 09:44:39,721-DEBUG-root-22100::webapp_internal::get_web_value|3232:: Current value:                     
2025-12-05 09:44:39,750-DEBUG-root-22100::base::double_click|259:: Click Type: ClickType.SELENIUM
2025-12-05 09:44:40,009-DEBUG-root-22100::webapp_internal::wait_blocker|2444:: Waiting blocker to continue...
2025-12-05 09:44:40,110-DEBUG-root-22100::webapp_internal::wait_blocker|2469:: Blocker status: False
2025-12-05 09:44:40,450-DEBUG-root-22100::webapp_internal::get_web_value|3232:: Current value: 817750000000001     
2025-12-05 09:44:40,451-INFO-root-22100::webapp_internal::input_value|3059:: Current field value: 817750000000001
2025-12-05 09:44:40,475-DEBUG-root-22100::webapp_internal::wait_blocker|2444:: Waiting blocker to continue...
2025-12-05 09:44:40,580-DEBUG-root-22100::webapp_internal::wait_blocker|2469:: Blocker status: False
2025-12-05 09:44:40,580-DEBUG-root-22100::webapp_internal::wait_element|7623:: Waiting for element
2025-12-05 09:44:40,635-DEBUG-root-22100::webapp_internal::wait_element|7653:: Element found! Waiting for element to be displayed.
2025-12-05 09:44:40,682-INFO-root-22100::webapp_internal::input_value|2941:: Looking for element: Z91_CC
2025-12-05 09:44:40,766-INFO-root-22100::webapp_internal::input_value|2951:: Element: Z91_CC Found!
2025-12-05 09:44:40,766-INFO-root-22100::webapp_internal::input_value|2953:: Filling element: Z91_CC
2025-12-05 09:44:40,788-DEBUG-root-22100::webapp_internal::get_web_value|3232:: Current value:          
2025-12-05 09:44:40,816-DEBUG-root-22100::base::double_click|259:: Click Type: ClickType.SELENIUM
2025-12-05 09:44:41,061-DEBUG-root-22100::webapp_internal::wait_blocker|2444:: Waiting blocker to continue...
2025-12-05 09:44:41,152-DEBUG-root-22100::webapp_internal::wait_blocker|2469:: Blocker status: False
2025-12-05 09:44:41,472-DEBUG-root-22100::webapp_internal::get_web_value|3232:: Current value: 000000064
2025-12-05 09:44:41,473-INFO-root-22100::webapp_internal::input_value|3059:: Current field value: 000000064
2025-12-05 09:44:41,473-DEBUG-root-22100::webapp_internal::wait_blocker|2444:: Waiting blocker to continue...
2025-12-05 09:44:41,598-DEBUG-root-22100::webapp_internal::wait_blocker|2469:: Blocker status: False
2025-12-05 09:44:41,598-INFO-root-22100::webapp_internal::SetKey|5822:: Key pressed: TAB
2025-12-05 09:44:41,600-DEBUG-root-22100::webapp_internal::SetKey|5857:: Trying press key
2025-12-05 09:44:41,650-WARNING-root-22100::webapp_internal::log_error|8143:: Warning log_error Aguarde para utilizar o <b>TOTVS Linha Protheus</b> Carregando Dicionário de parametros  TOTVS Gestão de Pessoal Veículos Selecione a rotina de cadastro na lista abaixo • Visualizar • Copiar • Incluir • Navegar • Alterar • Excluir • Imprimir Valor KM x UF Selecione a rotina de cadastro na lista abaixo • Visualizar • Copiar • Incluir • Navegar • Alterar • Excluir • Imprimir Diárias x UF Selecione a rotina de cadastro na lista abaixo • Visualizar • Copiar • Incluir • Navegar • Alterar • Excluir • Imprimir Percurso Selecione a rotina de cadastro na lista abaixo • Visualizar • Copiar • Incluir • Navegar • Alterar • Excluir • Imprimir Orcamento por UTA Selecione a rotina de cadastro na lista abaixo • Visualizar • Navegar • Incluir • Alterar • Excluir • Importar Centro de Custo vs Orçamento Modelo de Dados do Cadastro Centro de Custo vs Orçamento - INCLUIR Ano Centro de Custo vs Valor  Total <b>Help: </b>C. Custo<br><br><br><b>Problema: </b> Não existe registro relacionado a chave informada no alias CTT, ordenação 1. <b>Solução: </b>1) Informe um código que exista no cadastro.<br>2) Efetue o cadastro no programa de manutenção do respectivo cadastro.    <br>3) Escolha um registro válido.<br>
2025-12-05 09:44:41,651-DEBUG-root-22100::webapp_internal::log_error|8146:: ***System Info*** in log_error():
2025-12-05 09:44:41,651-DEBUG-root-22100::psutil_info::system_info|5:: CPU USAGE: 8.9%
2025-12-05 09:44:41,652-DEBUG-root-22100::psutil_info::system_info|6:: MEMORY USAGE: 89.8%
2025-12-05 09:44:41,653-DEBUG-root-22100::psutil_info::system_info|7:: MEMORY AVAILABLE: 10.24%
2025-12-05 09:44:41,666-DEBUG-root-22100::log::take_screenshot_log|612:: take_screenshot_log in:2025-12-05 09:44:41.666487

2025-12-05 09:44:41,760-DEBUG-root-22100::log::take_screenshot_log|627:: Screenshot file created successfully: Log\GESIT03\97137227104_20251205094441666_Viagem -_test_Cadastro_Orcamento_Viagem.png
2025-12-05 09:44:42,770-DEBUG-root-22100::log::checks_empty_line|221:: Checking empty default log info
2025-12-05 09:44:42,773-DEBUG-root-22100::log::generate_log|503:: Json log_data: {'cLogDtExec': '05/12/2025 09:44:42', 'cLogNomUsr': '97137227104', 'cLogNomEst': 'GESIT03', 'cLogProgra': None, 'cLogDtProg': '', 'cLogHrProg': '', 'nLogCtsOk': 0, 'nLogCtsNok': 1, 'nLogCtsSeg': 80.76, 'cLogVersao': '12', 'cLogReleas': '12.1.2410', 'nLogCtsErr': 'Viagem - Aguarde para utilizar o <b>TOTVS Linha Protheus</b> Carregando Dicionário de parametros  TOTVS Gestão de Pessoal Veículos Selecione a rotina de cadastro na lista abaixo • Visualizar • Copiar • Incluir • Navegar • Alterar • Excluir • Imprimir Valor KM x UF Selecione a rotina de cadastro na lista abaixo • Visualizar • Copiar • Incluir • Navegar • Alterar • Excluir • Imprimir Diárias x UF Selecione a rotina de cadastro na lista abaixo • Visualizar • Copiar • Incluir • Navegar • Alterar • Excluir • Imprimir Percurso Selecione a rotina de cadastro na lista abaixo • Visualizar • Copiar • In', 'cLogBancod': 'ORACLE', 'cLogIdenti': '', 'cLogIdExec': '20251205', 'cLogPais': 'BRA', 'cLogTool': 'TIR', 'cLogSequen': 'a45596', 'nLogCtsTot': 1, 'cLogDtExea': '05/12/2025', 'cLogHrExea': '09:44:42', 'cLogArea': 'Desenvolvimento', 'cLogMnExec': 1.346}
2025-12-05 09:44:42,773-INFO-root-22100::log::send_log_with_retries|515:: Saving log locally.
2025-12-05 09:44:42,773-INFO-root-22100::log::save_log_locally|548:: [FwSendLog]: Não foi possível enviar o log após todas as tentativas.
2025-12-05 09:44:42,774-INFO-root-22100::log::save_log_locally|555:: [FwSendLog]: Log salvo localmente em C:\TIR_TESTE\1764938682.json.
2025-12-05 09:44:43,826-ERROR-root-22100::webapp_internal::SetKey|5901:: False is not true : Viagem - Aguarde para utilizar o <b>TOTVS Linha Protheus</b> Carregando Dicionário de parametros  TOTVS Gestão de Pessoal Veículos Selecione a rotina de cadastro na lista abaixo • Visualizar • Copiar • Incluir • Navegar • Alterar • Excluir • Imprimir Valor KM x UF Selecione a rotina de cadastro na lista abaixo • Visualizar • Copiar • Incluir • Navegar • Alterar • Excluir • Imprimir Diárias x UF Selecione a rotina de cadastro na lista abaixo • Visualizar • Copiar • Incluir • Navegar • Alterar • Excluir • Imprimir Percurso Selecione a rotina de cadastro na lista abaixo • Visualizar • Copiar • Incluir • Navegar • Alterar • Excluir • Imprimir Orcamento por UTA Selecione a rotina de cadastro na lista abaixo • Visualizar • Navegar • Incluir • Alterar • Excluir • Importar Centro de Custo vs Orçamento Modelo de Dados do Cadastro Centro de Custo vs Orçamento - INCLUIR Ano Centro de Custo vs Valor  Total <b>Help: </b>C. Custo<br><br><br><b>Problema: </b> Não existe registro relacionado a chave informada no alias CTT, ordenação 1. <b>Solução: </b>1) Informe um código que exista no cadastro.<br>2) Efetue o cadastro no programa de manutenção do respectivo cadastro.    <br>3) Escolha um registro válido.<br>
Traceback (most recent call last):
  File "C:\TIR_TESTE\venv\Lib\site-packages\tir\technologies\webapp_internal.py", line 5862, in SetKey
    grids = self.get_grid(grid_list=True)
            ^^^^^^^^^^^^^^^^^^^^^^^^^^^^^
  File "C:\TIR_TESTE\venv\Lib\site-packages\tir\technologies\webapp_internal.py", line 5698, in get_grid
    grids = self.web_scrap(term=term, scrap_type=enum.ScrapType.CSS_SELECTOR)
            ^^^^^^^^^^^^^^^^^^^^^^^^^^^^^^^^^^^^^^^^^^^^^^^^^^^^^^^^^^^^^^^^^
  File "C:\TIR_TESTE\venv\Lib\site-packages\tir\technologies\webapp_internal.py", line 3722, in web_scrap
    self.search_for_errors(check_help)
  File "C:\TIR_TESTE\venv\Lib\site-packages\tir\technologies\webapp_internal.py", line 3970, in search_for_errors
    self.log_error(message)
  File "C:\TIR_TESTE\venv\Lib\site-packages\tir\technologies\webapp_internal.py", line 8206, in log_error
    self.assertTrue(False, log_message)
  File "C:\Users\97137227104\AppData\Local\Programs\Python\Python312\Lib\unittest\case.py", line 727, in assertTrue
    raise self.failureException(msg)
AssertionError: False is not true : Viagem - Aguarde para utilizar o <b>TOTVS Linha Protheus</b> Carregando Dicionário de parametros  TOTVS Gestão de Pessoal Veículos Selecione a rotina de cadastro na lista abaixo • Visualizar • Copiar • Incluir • Navegar • Alterar • Excluir • Imprimir Valor KM x UF Selecione a rotina de cadastro na lista abaixo • Visualizar • Copiar • Incluir • Navegar • Alterar • Excluir • Imprimir Diárias x UF Selecione a rotina de cadastro na lista abaixo • Visualizar • Copiar • Incluir • Navegar • Alterar • Excluir • Imprimir Percurso Selecione a rotina de cadastro na lista abaixo • Visualizar • Copiar • Incluir • Navegar • Alterar • Excluir • Imprimir Orcamento por UTA Selecione a rotina de cadastro na lista abaixo • Visualizar • Navegar • Incluir • Alterar • Excluir • Importar Centro de Custo vs Orçamento Modelo de Dados do Cadastro Centro de Custo vs Orçamento - INCLUIR Ano Centro de Custo vs Valor  Total <b>Help: </b>C. Custo<br><br><br><b>Problema: </b> Não existe registro relacionado a chave informada no alias CTT, ordenação 1. <b>Solução: </b>1) Informe um código que exista no cadastro.<br>2) Efetue o cadastro no programa de manutenção do respectivo cadastro.    <br>3) Escolha um registro válido.<br>
2025-12-05 09:44:43,829-DEBUG-root-22100::webapp_internal::SetFocus|6011:: Setting focus on element Centro de Custo vs Valor.
2025-12-05 09:44:44,183-ERROR-root-22100::webapp_internal::TearDown|9654:: Warning tearDown Close Message: Tried to run command without establishing a connection
Traceback (most recent call last):
  File "C:\TIR_TESTE\venv\Lib\site-packages\tir\technologies\webapp_internal.py", line 9652, in TearDown
    self.driver.close()
  File "C:\TIR_TESTE\venv\Lib\site-packages\selenium\webdriver\remote\webdriver.py", line 458, in close
    self.execute(Command.CLOSE)
  File "C:\TIR_TESTE\venv\Lib\site-packages\selenium\webdriver\remote\webdriver.py", line 347, in execute
    self.error_handler.check_response(response)
  File "C:\TIR_TESTE\venv\Lib\site-packages\selenium\webdriver\remote\errorhandler.py", line 229, in check_response
    raise exception_class(message, screen, stacktrace)
selenium.common.exceptions.InvalidSessionIdException: Message: Tried to run command without establishing a connection

