2025-12-11 12:04:00,057-DEBUG-root-18400::logging_config::logger|189:: Log file created: 'Log\GESIT03\TIR__20251211120400033.log'
2025-12-11 12:04:00,058-INFO-root-18400::base::Start|1183:: TIR Version: 2.4.3
2025-12-11 12:04:00,058-INFO-root-18400::base::Start|1184:: Python Version: 3.12.10
2025-12-11 12:04:00,058-INFO-root-18400::base::Start|1185:: Starting the browser
2025-12-11 12:04:09,284-INFO-root-18400::base::get_url|1294:: Page is ready!
2025-12-11 12:04:09,289-INFO-root-18400::base::Start|1256:: Browser maximized to 1936x1048
2025-12-11 12:04:09,289-INFO-root-18400::base::Start|1258:: Screen size is different from default used in headless mode
2025-12-11 12:04:10,713-INFO-root-18400::webapp_internal::Setup|247:: ***System Info*** in Setup():
2025-12-11 12:04:10,713-DEBUG-root-18400::psutil_info::system_info|5:: CPU USAGE: 16.1%
2025-12-11 12:04:10,714-DEBUG-root-18400::psutil_info::system_info|6:: MEMORY USAGE: 94.1%
2025-12-11 12:04:10,715-DEBUG-root-18400::psutil_info::system_info|7:: MEMORY AVAILABLE: 5.9%
2025-12-11 12:04:10,763-INFO-root-18400::base::webapp_shadowroot|1394:: Webapp: 10.1.6-RC4
2025-12-11 12:04:10,988-INFO-root-18400::webapp_internal::filling_initial_program|449:: Filling Initial Program: "SIGAMDI"
2025-12-11 12:04:10,988-DEBUG-root-18400::webapp_internal::wait_element|7623:: Waiting for element
2025-12-11 12:04:11,045-DEBUG-root-18400::webapp_internal::wait_element|7653:: Element found! Waiting for element to be displayed.
2025-12-11 12:04:11,563-DEBUG-root-18400::base::click|192:: Click Type: ClickType.JS
2025-12-11 12:04:11,648-DEBUG-root-18400::webapp_internal::try_send_keys|7976:: Trying to send keys to element using technique 0
2025-12-11 12:04:12,558-DEBUG-root-18400::webapp_internal::get_web_value|3232:: Current value: SIGAMDI
2025-12-11 12:04:12,558-INFO-root-18400::webapp_internal::filling_server_environment|463:: Filling Server Environment: "POUPEX_TST"
2025-12-11 12:04:12,559-DEBUG-root-18400::webapp_internal::wait_element|7623:: Waiting for element
2025-12-11 12:04:12,582-DEBUG-root-18400::webapp_internal::wait_element|7653:: Element found! Waiting for element to be displayed.
2025-12-11 12:04:12,757-DEBUG-root-18400::base::click|192:: Click Type: ClickType.JS
2025-12-11 12:04:12,762-DEBUG-root-18400::webapp_internal::try_send_keys|7976:: Trying to send keys to element using technique 0
2025-12-11 12:04:13,073-DEBUG-root-18400::webapp_internal::get_web_value|3232:: Current value: POUPEX_TST
2025-12-11 12:04:13,096-DEBUG-root-18400::base::click|192:: Click Type: ClickType.JS
2025-12-11 12:04:13,117-DEBUG-root-18400::webapp_internal::user_screen|519:: Filling user screen
2025-12-11 12:04:20,101-DEBUG-root-18400::webapp_internal::wait_element_timeout|7726:: Element found! Waiting for element to be displayed.
2025-12-11 12:04:20,161-DEBUG-root-18400::base::scroll_to_element|759:: ********Warining scroll_to_element exception: Message: TypeError: can't access property "scrollIntoView", arguments[0] is null
Stacktrace:
@https://qasrverp:10020/webapp/:2:7
@https://qasrverp:10020/webapp/:3:8
*********
2025-12-11 12:04:20,291-INFO-root-18400::webapp_internal::user_screen|561:: Filling User
2025-12-11 12:04:20,320-DEBUG-root-18400::base::double_click|259:: Click Type: ClickType.SELENIUM
2025-12-11 12:04:20,504-DEBUG-root-18400::webapp_internal::get_web_value|3232:: Current value: 97137227104
2025-12-11 12:04:20,527-INFO-root-18400::webapp_internal::user_screen|621:: Filling Password
2025-12-11 12:04:20,549-DEBUG-root-18400::base::click|192:: Click Type: ClickType.JS
2025-12-11 12:04:20,624-DEBUG-root-18400::webapp_internal::get_web_value|3232:: Current value: Val20221080080094+
2025-12-11 12:04:20,624-DEBUG-root-18400::webapp_internal::wait_blocker|2444:: Waiting blocker to continue...
2025-12-11 12:04:20,651-DEBUG-root-18400::webapp_internal::wait_blocker|2469:: Blocker status: None
2025-12-11 12:04:20,670-DEBUG-root-18400::webapp_internal::wait_blocker|2444:: Waiting blocker to continue...
2025-12-11 12:04:20,696-DEBUG-root-18400::webapp_internal::wait_blocker|2469:: Blocker status: None
2025-12-11 12:04:20,732-DEBUG-root-18400::webapp_internal::wait_blocker|2444:: Waiting blocker to continue...
2025-12-11 12:04:20,761-DEBUG-root-18400::webapp_internal::wait_blocker|2469:: Blocker status: None
2025-12-11 12:04:20,762-DEBUG-root-18400::webapp_internal::send_action|10480:: Trying to send action
2025-12-11 12:04:20,769-DEBUG-root-18400::base::click|192:: Click Type: ClickType.JS
2025-12-11 12:04:21,807-DEBUG-root-18400::webapp_internal::send_action|10522:: send_action method result = True
2025-12-11 12:04:21,807-DEBUG-root-18400::webapp_internal::send_action|10523:: send_action selenium status: False
2025-12-11 12:04:24,463-DEBUG-root-18400::base::scroll_to_element|759:: ********Warining scroll_to_element exception: Message: TypeError: can't access property "scrollIntoView", arguments[0] is null
Stacktrace:
@https://qasrverp:10020/webapp/:2:7
@https://qasrverp:10020/webapp/:3:8
*********
2025-12-11 12:04:24,515-INFO-root-18400::webapp_internal::filling_date|885:: Filling Date: "11/12/2025"
2025-12-11 12:04:24,515-DEBUG-root-18400::webapp_internal::wait_blocker|2444:: Waiting blocker to continue...
2025-12-11 12:04:24,550-DEBUG-root-18400::webapp_internal::wait_blocker|2469:: Blocker status: None
2025-12-11 12:04:24,554-DEBUG-root-18400::base::click|192:: Click Type: ClickType.JS
2025-12-11 12:04:24,572-DEBUG-root-18400::webapp_internal::try_send_keys|7976:: Trying to send keys to element using technique 1
2025-12-11 12:04:24,659-DEBUG-root-18400::webapp_internal::get_web_value|3232:: Current value: 11/12/2025
2025-12-11 12:04:25,731-INFO-root-18400::webapp_internal::filling_group|955:: Filling Group: "02"
2025-12-11 12:04:25,731-DEBUG-root-18400::webapp_internal::wait_blocker|2444:: Waiting blocker to continue...
2025-12-11 12:04:25,767-DEBUG-root-18400::webapp_internal::wait_blocker|2469:: Blocker status: None
2025-12-11 12:04:25,770-DEBUG-root-18400::base::click|192:: Click Type: ClickType.JS
2025-12-11 12:04:25,817-DEBUG-root-18400::webapp_internal::get_web_value|3232:: Current value: 02
2025-12-11 12:04:26,880-INFO-root-18400::webapp_internal::filling_branch|1047:: Filling Branch: "02DF0001"
2025-12-11 12:04:26,880-DEBUG-root-18400::webapp_internal::wait_blocker|2444:: Waiting blocker to continue...
2025-12-11 12:04:26,914-DEBUG-root-18400::webapp_internal::wait_blocker|2469:: Blocker status: None
2025-12-11 12:04:26,916-DEBUG-root-18400::base::click|192:: Click Type: ClickType.JS
2025-12-11 12:04:26,969-DEBUG-root-18400::webapp_internal::get_web_value|3232:: Current value: 02DF0001
2025-12-11 12:04:28,052-INFO-root-18400::webapp_internal::filling_environment|1113:: Filling Environment: "07"
2025-12-11 12:04:28,053-DEBUG-root-18400::webapp_internal::wait_blocker|2444:: Waiting blocker to continue...
2025-12-11 12:04:28,090-DEBUG-root-18400::webapp_internal::wait_blocker|2469:: Blocker status: None
2025-12-11 12:04:28,092-DEBUG-root-18400::base::click|192:: Click Type: ClickType.JS
2025-12-11 12:04:28,142-DEBUG-root-18400::webapp_internal::get_web_value|3232:: Current value: 07
2025-12-11 12:04:29,151-DEBUG-root-18400::webapp_internal::close_warning_screen|1489:: Closing warning screen!
2025-12-11 12:04:30,182-DEBUG-root-18400::webapp_internal::check_screen_element|1291:: Checking screen element: "Atenção": False
2025-12-11 12:04:31,276-INFO-root-18400::webapp_internal::environment_screen|796:: Clicking on Button
2025-12-11 12:04:31,276-DEBUG-root-18400::webapp_internal::wait_blocker|2444:: Waiting blocker to continue...
2025-12-11 12:04:31,310-DEBUG-root-18400::webapp_internal::wait_blocker|2469:: Blocker status: None
2025-12-11 12:04:31,314-DEBUG-root-18400::base::click|192:: Click Type: ClickType.JS
2025-12-11 12:04:32,325-DEBUG-root-18400::base::click|192:: Click Type: ClickType.JS
2025-12-11 12:04:33,332-DEBUG-root-18400::base::click|192:: Click Type: ClickType.JS
2025-12-11 12:04:34,340-DEBUG-root-18400::base::click|192:: Click Type: ClickType.JS
2025-12-11 12:04:35,346-DEBUG-root-18400::base::click|192:: Click Type: ClickType.JS
2025-12-11 12:04:36,356-DEBUG-root-18400::base::click|192:: Click Type: ClickType.JS
2025-12-11 12:04:37,364-DEBUG-root-18400::webapp_internal::close_screen_before_menu|368:: Closing screen before the menu
2025-12-11 12:04:37,411-DEBUG-root-18400::webapp_internal::close_warning_screen|1489:: Closing warning screen!
2025-12-11 12:04:38,447-DEBUG-root-18400::webapp_internal::check_screen_element|1291:: Checking screen element: "Atenção": False
2025-12-11 12:04:38,448-DEBUG-root-18400::webapp_internal::close_coin_screen|1424:: Closing coin screen!
2025-12-11 12:04:38,997-DEBUG-root-18400::base::click|192:: Click Type: ClickType.JS
2025-12-11 12:04:39,052-DEBUG-root-18400::webapp_internal::close_warning_screen|1489:: Closing warning screen!
2025-12-11 12:04:40,096-DEBUG-root-18400::webapp_internal::check_screen_element|1291:: Checking screen element: "Atenção": False
2025-12-11 12:04:40,097-DEBUG-root-18400::webapp_internal::close_coin_screen|1424:: Closing coin screen!
2025-12-11 12:04:40,190-INFO-root-18400::webapp_internal::set_log_info|1623:: Getting log info
2025-12-11 12:04:40,190-INFO-root-18400::webapp_internal::SetLateralMenu|4184:: Navigating lateral menu: Ajuda > Sobre
2025-12-11 12:04:40,199-DEBUG-root-18400::webapp_internal::wait_element|7623:: Waiting for element
2025-12-11 12:04:40,235-DEBUG-root-18400::webapp_internal::wait_element|7653:: Element found! Waiting for element to be displayed.
2025-12-11 12:04:40,393-INFO-root-18400::webapp_internal::SetLateralMenu|4203:: Menu item: "Ajuda"
2025-12-11 12:04:40,393-DEBUG-root-18400::webapp_internal::wait_blocker|2444:: Waiting blocker to continue...
2025-12-11 12:04:40,476-DEBUG-root-18400::webapp_internal::wait_blocker|2469:: Blocker status: False
2025-12-11 12:04:40,866-DEBUG-root-18400::webapp_internal::wait_element_timeout|7726:: Element found! Waiting for element to be displayed.
2025-12-11 12:04:41,172-DEBUG-root-18400::webapp_internal::wait_blocker|2444:: Waiting blocker to continue...
2025-12-11 12:04:41,235-DEBUG-root-18400::webapp_internal::wait_blocker|2469:: Blocker status: False
2025-12-11 12:04:43,529-INFO-root-18400::webapp_internal::SetLateralMenu|4203:: Menu item: "Sobre"
2025-12-11 12:04:43,530-DEBUG-root-18400::webapp_internal::wait_blocker|2444:: Waiting blocker to continue...
2025-12-11 12:04:43,594-DEBUG-root-18400::webapp_internal::wait_blocker|2469:: Blocker status: False
2025-12-11 12:04:44,054-DEBUG-root-18400::webapp_internal::wait_element_timeout|7726:: Element found! Waiting for element to be displayed.
2025-12-11 12:04:44,417-DEBUG-root-18400::webapp_internal::wait_blocker|2444:: Waiting blocker to continue...
2025-12-11 12:04:44,482-DEBUG-root-18400::webapp_internal::wait_blocker|2469:: Blocker status: False
2025-12-11 12:04:47,163-DEBUG-root-18400::webapp_internal::wait_blocker|2444:: Waiting blocker to continue...
2025-12-11 12:04:47,236-DEBUG-root-18400::webapp_internal::wait_blocker|2469:: Blocker status: False
2025-12-11 12:04:47,305-DEBUG-root-18400::webapp_internal::wait_element|7623:: Waiting for element
2025-12-11 12:04:47,347-DEBUG-root-18400::webapp_internal::wait_element|7653:: Element found! Waiting for element to be displayed.
2025-12-11 12:04:47,524-INFO-root-18400::webapp_internal::SetButton|4444:: Clicking on Fechar
2025-12-11 12:04:47,524-DEBUG-root-18400::webapp_internal::wait_blocker|2444:: Waiting blocker to continue...
2025-12-11 12:04:47,590-DEBUG-root-18400::webapp_internal::wait_blocker|2469:: Blocker status: False
2025-12-11 12:04:47,767-DEBUG-root-18400::webapp_internal::wait_element_timeout|7726:: Element found! Waiting for element to be displayed.
2025-12-11 12:04:47,838-DEBUG-root-18400::webapp_internal::SetButton|4481:: ***System Info*** Before Clicking on button:Fechar
2025-12-11 12:04:47,838-DEBUG-root-18400::psutil_info::system_info|5:: CPU USAGE: 8.0%
2025-12-11 12:04:47,839-DEBUG-root-18400::psutil_info::system_info|6:: MEMORY USAGE: 93.4%
2025-12-11 12:04:47,839-DEBUG-root-18400::psutil_info::system_info|7:: MEMORY AVAILABLE: 6.61%
2025-12-11 12:04:48,012-DEBUG-root-18400::webapp_internal::wait_element_timeout|7726:: Element found! Waiting for element to be displayed.
2025-12-11 12:04:48,174-DEBUG-root-18400::webapp_internal::wait_blocker|2444:: Waiting blocker to continue...
2025-12-11 12:04:48,247-DEBUG-root-18400::webapp_internal::wait_blocker|2469:: Blocker status: False
2025-12-11 12:04:48,264-DEBUG-root-18400::webapp_internal::wait_blocker|2444:: Waiting blocker to continue...
2025-12-11 12:04:48,333-DEBUG-root-18400::webapp_internal::wait_blocker|2469:: Blocker status: False
2025-12-11 12:04:48,333-DEBUG-root-18400::webapp_internal::send_action|10480:: Trying to send action
2025-12-11 12:04:48,336-DEBUG-root-18400::base::click|192:: Click Type: ClickType.JS
2025-12-11 12:04:49,368-DEBUG-root-18400::webapp_internal::send_action|10522:: send_action method result = True
2025-12-11 12:04:49,368-DEBUG-root-18400::webapp_internal::send_action|10523:: send_action selenium status: False
2025-12-11 12:04:49,368-DEBUG-root-18400::webapp_internal::SetButton|4683:: ***System Info*** After Clicking on button:
2025-12-11 12:04:49,368-DEBUG-root-18400::psutil_info::system_info|5:: CPU USAGE: 7.1%
2025-12-11 12:04:49,369-DEBUG-root-18400::psutil_info::system_info|6:: MEMORY USAGE: 93.4%
2025-12-11 12:04:49,369-DEBUG-root-18400::psutil_info::system_info|7:: MEMORY AVAILABLE: 6.59%
2025-12-11 12:04:49,370-DEBUG-root-18400::webapp_internal::wait_element|7623:: Waiting for element
2025-12-11 12:04:49,458-INFO-root-18400::webapp_internal::SetLateralMenu|4184:: Navigating lateral menu: Atualizações > Gestao de Viagens > Solicitações
2025-12-11 12:04:49,467-DEBUG-root-18400::webapp_internal::wait_element|7623:: Waiting for element
2025-12-11 12:04:49,506-DEBUG-root-18400::webapp_internal::wait_element|7653:: Element found! Waiting for element to be displayed.
2025-12-11 12:04:49,665-INFO-root-18400::webapp_internal::SetLateralMenu|4203:: Menu item: "Atualizações"
2025-12-11 12:04:49,666-DEBUG-root-18400::webapp_internal::wait_blocker|2444:: Waiting blocker to continue...
2025-12-11 12:04:49,731-DEBUG-root-18400::webapp_internal::wait_blocker|2469:: Blocker status: False
2025-12-11 12:04:50,175-DEBUG-root-18400::webapp_internal::wait_element_timeout|7726:: Element found! Waiting for element to be displayed.
2025-12-11 12:04:50,551-DEBUG-root-18400::webapp_internal::wait_blocker|2444:: Waiting blocker to continue...
2025-12-11 12:04:50,615-DEBUG-root-18400::webapp_internal::wait_blocker|2469:: Blocker status: False
2025-12-11 12:04:52,908-INFO-root-18400::webapp_internal::SetLateralMenu|4203:: Menu item: "Gestao de Viagens"
2025-12-11 12:04:52,909-DEBUG-root-18400::webapp_internal::wait_blocker|2444:: Waiting blocker to continue...
2025-12-11 12:04:53,000-DEBUG-root-18400::webapp_internal::wait_blocker|2469:: Blocker status: False
2025-12-11 12:04:53,745-DEBUG-root-18400::webapp_internal::wait_element_timeout|7726:: Element found! Waiting for element to be displayed.
2025-12-11 12:04:54,459-DEBUG-root-18400::webapp_internal::wait_blocker|2444:: Waiting blocker to continue...
2025-12-11 12:04:54,551-DEBUG-root-18400::webapp_internal::wait_blocker|2469:: Blocker status: False
2025-12-11 12:04:56,842-INFO-root-18400::webapp_internal::SetLateralMenu|4203:: Menu item: "Solicitações"
2025-12-11 12:04:56,842-DEBUG-root-18400::webapp_internal::wait_blocker|2444:: Waiting blocker to continue...
2025-12-11 12:04:56,917-DEBUG-root-18400::webapp_internal::wait_blocker|2469:: Blocker status: False
2025-12-11 12:04:57,847-DEBUG-root-18400::webapp_internal::wait_element_timeout|7726:: Element found! Waiting for element to be displayed.
2025-12-11 12:04:58,682-DEBUG-root-18400::webapp_internal::wait_blocker|2444:: Waiting blocker to continue...
2025-12-11 12:04:58,761-DEBUG-root-18400::webapp_internal::wait_blocker|2469:: Blocker status: False
2025-12-11 12:05:02,227-DEBUG-root-18400::webapp_internal::wait_blocker|2444:: Waiting blocker to continue...
2025-12-11 12:05:02,301-DEBUG-root-18400::webapp_internal::wait_blocker|2469:: Blocker status: False
2025-12-11 12:05:02,375-INFO-root-18400::webapp_internal::WaitShow|4980:: Waiting show text 'Este ambiente utiliza base de Homologação.'...
2025-12-11 12:05:08,326-INFO-root-18400::webapp_internal::WaitShow|4980:: Waiting show text 'Moedas'...
2025-12-11 12:05:13,669-INFO-root-18400::webapp_internal::WaitShow|4980:: Waiting show text 'Solicitação de Viagens/Treinamento'...
2025-12-11 12:05:13,729-INFO-root-18400::webapp_internal::WaitShow|4996:: Text found! 
2025-12-11 12:05:13,730-INFO-root-18400::webapp_internal::SetButton|4444:: Clicking on Incluir
2025-12-11 12:05:13,730-DEBUG-root-18400::webapp_internal::wait_blocker|2444:: Waiting blocker to continue...
2025-12-11 12:05:13,819-DEBUG-root-18400::webapp_internal::wait_blocker|2469:: Blocker status: False
2025-12-11 12:05:14,201-DEBUG-root-18400::webapp_internal::wait_element_timeout|7726:: Element found! Waiting for element to be displayed.
2025-12-11 12:05:14,484-DEBUG-root-18400::webapp_internal::SetButton|4481:: ***System Info*** Before Clicking on button:Incluir
2025-12-11 12:05:14,485-DEBUG-root-18400::psutil_info::system_info|5:: CPU USAGE: 8.6%
2025-12-11 12:05:14,485-DEBUG-root-18400::psutil_info::system_info|6:: MEMORY USAGE: 92.7%
2025-12-11 12:05:14,486-DEBUG-root-18400::psutil_info::system_info|7:: MEMORY AVAILABLE: 7.33%
2025-12-11 12:05:14,845-DEBUG-root-18400::webapp_internal::wait_element_timeout|7726:: Element found! Waiting for element to be displayed.
2025-12-11 12:05:15,168-DEBUG-root-18400::webapp_internal::wait_blocker|2444:: Waiting blocker to continue...
2025-12-11 12:05:15,252-DEBUG-root-18400::webapp_internal::wait_blocker|2469:: Blocker status: False
2025-12-11 12:05:15,279-DEBUG-root-18400::webapp_internal::wait_blocker|2444:: Waiting blocker to continue...
2025-12-11 12:05:15,367-DEBUG-root-18400::webapp_internal::wait_blocker|2469:: Blocker status: False
2025-12-11 12:05:15,368-DEBUG-root-18400::webapp_internal::send_action|10480:: Trying to send action
2025-12-11 12:05:15,372-DEBUG-root-18400::base::click|192:: Click Type: ClickType.JS
2025-12-11 12:05:16,595-DEBUG-root-18400::webapp_internal::send_action|10522:: send_action method result = True
2025-12-11 12:05:16,595-DEBUG-root-18400::webapp_internal::send_action|10523:: send_action selenium status: True
2025-12-11 12:05:16,595-DEBUG-root-18400::webapp_internal::SetButton|4683:: ***System Info*** After Clicking on button:
2025-12-11 12:05:16,595-DEBUG-root-18400::psutil_info::system_info|5:: CPU USAGE: 8.7%
2025-12-11 12:05:16,596-DEBUG-root-18400::psutil_info::system_info|6:: MEMORY USAGE: 92.7%
2025-12-11 12:05:16,596-DEBUG-root-18400::psutil_info::system_info|7:: MEMORY AVAILABLE: 7.3%
2025-12-11 12:05:16,797-DEBUG-root-18400::webapp_internal::wait_blocker|2444:: Waiting blocker to continue...
2025-12-11 12:05:16,890-DEBUG-root-18400::webapp_internal::wait_blocker|2469:: Blocker status: False
2025-12-11 12:05:16,890-INFO-root-18400::webapp_internal::SearchBrowse|2003:: Searching: 02DF0001
2025-12-11 12:05:17,043-DEBUG-root-18400::webapp_internal::wait_element_timeout|7726:: Element found! Waiting for element to be displayed.
2025-12-11 12:05:17,128-DEBUG-root-18400::webapp_internal::wait_blocker|2444:: Waiting blocker to continue...
2025-12-11 12:05:17,224-DEBUG-root-18400::webapp_internal::wait_blocker|2469:: Blocker status: False
2025-12-11 12:05:17,232-DEBUG-root-18400::webapp_internal::wait_blocker|2444:: Waiting blocker to continue...
2025-12-11 12:05:17,346-DEBUG-root-18400::webapp_internal::wait_blocker|2469:: Blocker status: False
2025-12-11 12:05:17,346-INFO-root-18400::webapp_internal::fill_search_browse|2399:: Filling: 02DF0001
2025-12-11 12:05:17,358-DEBUG-root-18400::base::click|192:: Click Type: ClickType.JS
2025-12-11 12:05:18,426-DEBUG-root-18400::webapp_internal::wait_blocker|2444:: Waiting blocker to continue...
2025-12-11 12:05:18,525-DEBUG-root-18400::webapp_internal::wait_blocker|2469:: Blocker status: False
2025-12-11 12:05:18,525-INFO-root-18400::webapp_internal::fill_search_browse|2399:: Filling: 02DF0001
2025-12-11 12:05:18,535-DEBUG-root-18400::base::click|192:: Click Type: ClickType.JS
2025-12-11 12:05:19,610-DEBUG-root-18400::webapp_internal::wait_blocker|2444:: Waiting blocker to continue...
2025-12-11 12:05:19,725-DEBUG-root-18400::webapp_internal::wait_blocker|2469:: Blocker status: False
2025-12-11 12:05:19,725-INFO-root-18400::webapp_internal::fill_search_browse|2399:: Filling: 02DF0001
2025-12-11 12:05:19,735-DEBUG-root-18400::base::click|192:: Click Type: ClickType.JS
2025-12-11 12:05:20,819-DEBUG-root-18400::webapp_internal::wait_blocker|2444:: Waiting blocker to continue...
2025-12-11 12:05:20,911-DEBUG-root-18400::webapp_internal::wait_blocker|2469:: Blocker status: False
2025-12-11 12:05:20,913-INFO-root-18400::webapp_internal::fill_search_browse|2399:: Filling: 02DF0001
2025-12-11 12:05:20,923-DEBUG-root-18400::base::click|192:: Click Type: ClickType.JS
2025-12-11 12:05:22,731-ERROR-root-18400::webapp_internal::TearDown|9654:: Warning tearDown Close Message: Tried to run command without establishing a connection
Traceback (most recent call last):
  File "C:\TIR_TESTE\venv\Lib\site-packages\tir\technologies\webapp_internal.py", line 9652, in TearDown
    self.driver.close()
  File "C:\TIR_TESTE\venv\Lib\site-packages\selenium\webdriver\remote\webdriver.py", line 458, in close
    self.execute(Command.CLOSE)
  File "C:\TIR_TESTE\venv\Lib\site-packages\selenium\webdriver\remote\webdriver.py", line 347, in execute
    self.error_handler.check_response(response)
  File "C:\TIR_TESTE\venv\Lib\site-packages\selenium\webdriver\remote\errorhandler.py", line 229, in check_response
    raise exception_class(message, screen, stacktrace)
selenium.common.exceptions.InvalidSessionIdException: Message: Tried to run command without establishing a connection

2025-12-11 12:04:00,057-DEBUG-root-18400::logging_config::logger|189:: Log file created: 'Log\GESIT03\TIR__20251211120400033.log'
2025-12-11 12:04:00,058-INFO-root-18400::base::Start|1183:: TIR Version: 2.4.3
2025-12-11 12:04:00,058-INFO-root-18400::base::Start|1184:: Python Version: 3.12.10
2025-12-11 12:04:00,058-INFO-root-18400::base::Start|1185:: Starting the browser
2025-12-11 12:04:09,284-INFO-root-18400::base::get_url|1294:: Page is ready!
2025-12-11 12:04:09,289-INFO-root-18400::base::Start|1256:: Browser maximized to 1936x1048
2025-12-11 12:04:09,289-INFO-root-18400::base::Start|1258:: Screen size is different from default used in headless mode
2025-12-11 12:04:10,713-INFO-root-18400::webapp_internal::Setup|247:: ***System Info*** in Setup():
2025-12-11 12:04:10,713-DEBUG-root-18400::psutil_info::system_info|5:: CPU USAGE: 16.1%
2025-12-11 12:04:10,714-DEBUG-root-18400::psutil_info::system_info|6:: MEMORY USAGE: 94.1%
2025-12-11 12:04:10,715-DEBUG-root-18400::psutil_info::system_info|7:: MEMORY AVAILABLE: 5.9%
2025-12-11 12:04:10,763-INFO-root-18400::base::webapp_shadowroot|1394:: Webapp: 10.1.6-RC4
2025-12-11 12:04:10,988-INFO-root-18400::webapp_internal::filling_initial_program|449:: Filling Initial Program: "SIGAMDI"
2025-12-11 12:04:10,988-DEBUG-root-18400::webapp_internal::wait_element|7623:: Waiting for element
2025-12-11 12:04:11,045-DEBUG-root-18400::webapp_internal::wait_element|7653:: Element found! Waiting for element to be displayed.
2025-12-11 12:04:11,563-DEBUG-root-18400::base::click|192:: Click Type: ClickType.JS
2025-12-11 12:04:11,648-DEBUG-root-18400::webapp_internal::try_send_keys|7976:: Trying to send keys to element using technique 0
2025-12-11 12:04:12,558-DEBUG-root-18400::webapp_internal::get_web_value|3232:: Current value: SIGAMDI
2025-12-11 12:04:12,558-INFO-root-18400::webapp_internal::filling_server_environment|463:: Filling Server Environment: "POUPEX_TST"
2025-12-11 12:04:12,559-DEBUG-root-18400::webapp_internal::wait_element|7623:: Waiting for element
2025-12-11 12:04:12,582-DEBUG-root-18400::webapp_internal::wait_element|7653:: Element found! Waiting for element to be displayed.
2025-12-11 12:04:12,757-DEBUG-root-18400::base::click|192:: Click Type: ClickType.JS
2025-12-11 12:04:12,762-DEBUG-root-18400::webapp_internal::try_send_keys|7976:: Trying to send keys to element using technique 0
2025-12-11 12:04:13,073-DEBUG-root-18400::webapp_internal::get_web_value|3232:: Current value: POUPEX_TST
2025-12-11 12:04:13,096-DEBUG-root-18400::base::click|192:: Click Type: ClickType.JS
2025-12-11 12:04:13,117-DEBUG-root-18400::webapp_internal::user_screen|519:: Filling user screen
2025-12-11 12:04:20,101-DEBUG-root-18400::webapp_internal::wait_element_timeout|7726:: Element found! Waiting for element to be displayed.
2025-12-11 12:04:20,161-DEBUG-root-18400::base::scroll_to_element|759:: ********Warining scroll_to_element exception: Message: TypeError: can't access property "scrollIntoView", arguments[0] is null
Stacktrace:
@https://qasrverp:10020/webapp/:2:7
@https://qasrverp:10020/webapp/:3:8
*********
2025-12-11 12:04:20,291-INFO-root-18400::webapp_internal::user_screen|561:: Filling User
2025-12-11 12:04:20,320-DEBUG-root-18400::base::double_click|259:: Click Type: ClickType.SELENIUM
2025-12-11 12:04:20,504-DEBUG-root-18400::webapp_internal::get_web_value|3232:: Current value: 97137227104
2025-12-11 12:04:20,527-INFO-root-18400::webapp_internal::user_screen|621:: Filling Password
2025-12-11 12:04:20,549-DEBUG-root-18400::base::click|192:: Click Type: ClickType.JS
2025-12-11 12:04:20,624-DEBUG-root-18400::webapp_internal::get_web_value|3232:: Current value: Val20221080080094+
2025-12-11 12:04:20,624-DEBUG-root-18400::webapp_internal::wait_blocker|2444:: Waiting blocker to continue...
2025-12-11 12:04:20,651-DEBUG-root-18400::webapp_internal::wait_blocker|2469:: Blocker status: None
2025-12-11 12:04:20,670-DEBUG-root-18400::webapp_internal::wait_blocker|2444:: Waiting blocker to continue...
2025-12-11 12:04:20,696-DEBUG-root-18400::webapp_internal::wait_blocker|2469:: Blocker status: None
2025-12-11 12:04:20,732-DEBUG-root-18400::webapp_internal::wait_blocker|2444:: Waiting blocker to continue...
2025-12-11 12:04:20,761-DEBUG-root-18400::webapp_internal::wait_blocker|2469:: Blocker status: None
2025-12-11 12:04:20,762-DEBUG-root-18400::webapp_internal::send_action|10480:: Trying to send action
2025-12-11 12:04:20,769-DEBUG-root-18400::base::click|192:: Click Type: ClickType.JS
2025-12-11 12:04:21,807-DEBUG-root-18400::webapp_internal::send_action|10522:: send_action method result = True
2025-12-11 12:04:21,807-DEBUG-root-18400::webapp_internal::send_action|10523:: send_action selenium status: False
2025-12-11 12:04:24,463-DEBUG-root-18400::base::scroll_to_element|759:: ********Warining scroll_to_element exception: Message: TypeError: can't access property "scrollIntoView", arguments[0] is null
Stacktrace:
@https://qasrverp:10020/webapp/:2:7
@https://qasrverp:10020/webapp/:3:8
*********
2025-12-11 12:04:24,515-INFO-root-18400::webapp_internal::filling_date|885:: Filling Date: "11/12/2025"
2025-12-11 12:04:24,515-DEBUG-root-18400::webapp_internal::wait_blocker|2444:: Waiting blocker to continue...
2025-12-11 12:04:24,550-DEBUG-root-18400::webapp_internal::wait_blocker|2469:: Blocker status: None
2025-12-11 12:04:24,554-DEBUG-root-18400::base::click|192:: Click Type: ClickType.JS
2025-12-11 12:04:24,572-DEBUG-root-18400::webapp_internal::try_send_keys|7976:: Trying to send keys to element using technique 1
2025-12-11 12:04:24,659-DEBUG-root-18400::webapp_internal::get_web_value|3232:: Current value: 11/12/2025
2025-12-11 12:04:25,731-INFO-root-18400::webapp_internal::filling_group|955:: Filling Group: "02"
2025-12-11 12:04:25,731-DEBUG-root-18400::webapp_internal::wait_blocker|2444:: Waiting blocker to continue...
2025-12-11 12:04:25,767-DEBUG-root-18400::webapp_internal::wait_blocker|2469:: Blocker status: None
2025-12-11 12:04:25,770-DEBUG-root-18400::base::click|192:: Click Type: ClickType.JS
2025-12-11 12:04:25,817-DEBUG-root-18400::webapp_internal::get_web_value|3232:: Current value: 02
2025-12-11 12:04:26,880-INFO-root-18400::webapp_internal::filling_branch|1047:: Filling Branch: "02DF0001"
2025-12-11 12:04:26,880-DEBUG-root-18400::webapp_internal::wait_blocker|2444:: Waiting blocker to continue...
2025-12-11 12:04:26,914-DEBUG-root-18400::webapp_internal::wait_blocker|2469:: Blocker status: None
2025-12-11 12:04:26,916-DEBUG-root-18400::base::click|192:: Click Type: ClickType.JS
2025-12-11 12:04:26,969-DEBUG-root-18400::webapp_internal::get_web_value|3232:: Current value: 02DF0001
2025-12-11 12:04:28,052-INFO-root-18400::webapp_internal::filling_environment|1113:: Filling Environment: "07"
2025-12-11 12:04:28,053-DEBUG-root-18400::webapp_internal::wait_blocker|2444:: Waiting blocker to continue...
2025-12-11 12:04:28,090-DEBUG-root-18400::webapp_internal::wait_blocker|2469:: Blocker status: None
2025-12-11 12:04:28,092-DEBUG-root-18400::base::click|192:: Click Type: ClickType.JS
2025-12-11 12:04:28,142-DEBUG-root-18400::webapp_internal::get_web_value|3232:: Current value: 07
2025-12-11 12:04:29,151-DEBUG-root-18400::webapp_internal::close_warning_screen|1489:: Closing warning screen!
2025-12-11 12:04:30,182-DEBUG-root-18400::webapp_internal::check_screen_element|1291:: Checking screen element: "Atenção": False
2025-12-11 12:04:31,276-INFO-root-18400::webapp_internal::environment_screen|796:: Clicking on Button
2025-12-11 12:04:31,276-DEBUG-root-18400::webapp_internal::wait_blocker|2444:: Waiting blocker to continue...
2025-12-11 12:04:31,310-DEBUG-root-18400::webapp_internal::wait_blocker|2469:: Blocker status: None
2025-12-11 12:04:31,314-DEBUG-root-18400::base::click|192:: Click Type: ClickType.JS
2025-12-11 12:04:32,325-DEBUG-root-18400::base::click|192:: Click Type: ClickType.JS
2025-12-11 12:04:33,332-DEBUG-root-18400::base::click|192:: Click Type: ClickType.JS
2025-12-11 12:04:34,340-DEBUG-root-18400::base::click|192:: Click Type: ClickType.JS
2025-12-11 12:04:35,346-DEBUG-root-18400::base::click|192:: Click Type: ClickType.JS
2025-12-11 12:04:36,356-DEBUG-root-18400::base::click|192:: Click Type: ClickType.JS
2025-12-11 12:04:37,364-DEBUG-root-18400::webapp_internal::close_screen_before_menu|368:: Closing screen before the menu
2025-12-11 12:04:37,411-DEBUG-root-18400::webapp_internal::close_warning_screen|1489:: Closing warning screen!
2025-12-11 12:04:38,447-DEBUG-root-18400::webapp_internal::check_screen_element|1291:: Checking screen element: "Atenção": False
2025-12-11 12:04:38,448-DEBUG-root-18400::webapp_internal::close_coin_screen|1424:: Closing coin screen!
2025-12-11 12:04:38,997-DEBUG-root-18400::base::click|192:: Click Type: ClickType.JS
2025-12-11 12:04:39,052-DEBUG-root-18400::webapp_internal::close_warning_screen|1489:: Closing warning screen!
2025-12-11 12:04:40,096-DEBUG-root-18400::webapp_internal::check_screen_element|1291:: Checking screen element: "Atenção": False
2025-12-11 12:04:40,097-DEBUG-root-18400::webapp_internal::close_coin_screen|1424:: Closing coin screen!
2025-12-11 12:04:40,190-INFO-root-18400::webapp_internal::set_log_info|1623:: Getting log info
2025-12-11 12:04:40,190-INFO-root-18400::webapp_internal::SetLateralMenu|4184:: Navigating lateral menu: Ajuda > Sobre
2025-12-11 12:04:40,199-DEBUG-root-18400::webapp_internal::wait_element|7623:: Waiting for element
2025-12-11 12:04:40,235-DEBUG-root-18400::webapp_internal::wait_element|7653:: Element found! Waiting for element to be displayed.
2025-12-11 12:04:40,393-INFO-root-18400::webapp_internal::SetLateralMenu|4203:: Menu item: "Ajuda"
2025-12-11 12:04:40,393-DEBUG-root-18400::webapp_internal::wait_blocker|2444:: Waiting blocker to continue...
2025-12-11 12:04:40,476-DEBUG-root-18400::webapp_internal::wait_blocker|2469:: Blocker status: False
2025-12-11 12:04:40,866-DEBUG-root-18400::webapp_internal::wait_element_timeout|7726:: Element found! Waiting for element to be displayed.
2025-12-11 12:04:41,172-DEBUG-root-18400::webapp_internal::wait_blocker|2444:: Waiting blocker to continue...
2025-12-11 12:04:41,235-DEBUG-root-18400::webapp_internal::wait_blocker|2469:: Blocker status: False
2025-12-11 12:04:43,529-INFO-root-18400::webapp_internal::SetLateralMenu|4203:: Menu item: "Sobre"
2025-12-11 12:04:43,530-DEBUG-root-18400::webapp_internal::wait_blocker|2444:: Waiting blocker to continue...
2025-12-11 12:04:43,594-DEBUG-root-18400::webapp_internal::wait_blocker|2469:: Blocker status: False
2025-12-11 12:04:44,054-DEBUG-root-18400::webapp_internal::wait_element_timeout|7726:: Element found! Waiting for element to be displayed.
2025-12-11 12:04:44,417-DEBUG-root-18400::webapp_internal::wait_blocker|2444:: Waiting blocker to continue...
2025-12-11 12:04:44,482-DEBUG-root-18400::webapp_internal::wait_blocker|2469:: Blocker status: False
2025-12-11 12:04:47,163-DEBUG-root-18400::webapp_internal::wait_blocker|2444:: Waiting blocker to continue...
2025-12-11 12:04:47,236-DEBUG-root-18400::webapp_internal::wait_blocker|2469:: Blocker status: False
2025-12-11 12:04:47,305-DEBUG-root-18400::webapp_internal::wait_element|7623:: Waiting for element
2025-12-11 12:04:47,347-DEBUG-root-18400::webapp_internal::wait_element|7653:: Element found! Waiting for element to be displayed.
2025-12-11 12:04:47,524-INFO-root-18400::webapp_internal::SetButton|4444:: Clicking on Fechar
2025-12-11 12:04:47,524-DEBUG-root-18400::webapp_internal::wait_blocker|2444:: Waiting blocker to continue...
2025-12-11 12:04:47,590-DEBUG-root-18400::webapp_internal::wait_blocker|2469:: Blocker status: False
2025-12-11 12:04:47,767-DEBUG-root-18400::webapp_internal::wait_element_timeout|7726:: Element found! Waiting for element to be displayed.
2025-12-11 12:04:47,838-DEBUG-root-18400::webapp_internal::SetButton|4481:: ***System Info*** Before Clicking on button:Fechar
2025-12-11 12:04:47,838-DEBUG-root-18400::psutil_info::system_info|5:: CPU USAGE: 8.0%
2025-12-11 12:04:47,839-DEBUG-root-18400::psutil_info::system_info|6:: MEMORY USAGE: 93.4%
2025-12-11 12:04:47,839-DEBUG-root-18400::psutil_info::system_info|7:: MEMORY AVAILABLE: 6.61%
2025-12-11 12:04:48,012-DEBUG-root-18400::webapp_internal::wait_element_timeout|7726:: Element found! Waiting for element to be displayed.
2025-12-11 12:04:48,174-DEBUG-root-18400::webapp_internal::wait_blocker|2444:: Waiting blocker to continue...
2025-12-11 12:04:48,247-DEBUG-root-18400::webapp_internal::wait_blocker|2469:: Blocker status: False
2025-12-11 12:04:48,264-DEBUG-root-18400::webapp_internal::wait_blocker|2444:: Waiting blocker to continue...
2025-12-11 12:04:48,333-DEBUG-root-18400::webapp_internal::wait_blocker|2469:: Blocker status: False
2025-12-11 12:04:48,333-DEBUG-root-18400::webapp_internal::send_action|10480:: Trying to send action
2025-12-11 12:04:48,336-DEBUG-root-18400::base::click|192:: Click Type: ClickType.JS
2025-12-11 12:04:49,368-DEBUG-root-18400::webapp_internal::send_action|10522:: send_action method result = True
2025-12-11 12:04:49,368-DEBUG-root-18400::webapp_internal::send_action|10523:: send_action selenium status: False
2025-12-11 12:04:49,368-DEBUG-root-18400::webapp_internal::SetButton|4683:: ***System Info*** After Clicking on button:
2025-12-11 12:04:49,368-DEBUG-root-18400::psutil_info::system_info|5:: CPU USAGE: 7.1%
2025-12-11 12:04:49,369-DEBUG-root-18400::psutil_info::system_info|6:: MEMORY USAGE: 93.4%
2025-12-11 12:04:49,369-DEBUG-root-18400::psutil_info::system_info|7:: MEMORY AVAILABLE: 6.59%
2025-12-11 12:04:49,370-DEBUG-root-18400::webapp_internal::wait_element|7623:: Waiting for element
2025-12-11 12:04:49,458-INFO-root-18400::webapp_internal::SetLateralMenu|4184:: Navigating lateral menu: Atualizações > Gestao de Viagens > Solicitações
2025-12-11 12:04:49,467-DEBUG-root-18400::webapp_internal::wait_element|7623:: Waiting for element
2025-12-11 12:04:49,506-DEBUG-root-18400::webapp_internal::wait_element|7653:: Element found! Waiting for element to be displayed.
2025-12-11 12:04:49,665-INFO-root-18400::webapp_internal::SetLateralMenu|4203:: Menu item: "Atualizações"
2025-12-11 12:04:49,666-DEBUG-root-18400::webapp_internal::wait_blocker|2444:: Waiting blocker to continue...
2025-12-11 12:04:49,731-DEBUG-root-18400::webapp_internal::wait_blocker|2469:: Blocker status: False
2025-12-11 12:04:50,175-DEBUG-root-18400::webapp_internal::wait_element_timeout|7726:: Element found! Waiting for element to be displayed.
2025-12-11 12:04:50,551-DEBUG-root-18400::webapp_internal::wait_blocker|2444:: Waiting blocker to continue...
2025-12-11 12:04:50,615-DEBUG-root-18400::webapp_internal::wait_blocker|2469:: Blocker status: False
2025-12-11 12:04:52,908-INFO-root-18400::webapp_internal::SetLateralMenu|4203:: Menu item: "Gestao de Viagens"
2025-12-11 12:04:52,909-DEBUG-root-18400::webapp_internal::wait_blocker|2444:: Waiting blocker to continue...
2025-12-11 12:04:53,000-DEBUG-root-18400::webapp_internal::wait_blocker|2469:: Blocker status: False
2025-12-11 12:04:53,745-DEBUG-root-18400::webapp_internal::wait_element_timeout|7726:: Element found! Waiting for element to be displayed.
2025-12-11 12:04:54,459-DEBUG-root-18400::webapp_internal::wait_blocker|2444:: Waiting blocker to continue...
2025-12-11 12:04:54,551-DEBUG-root-18400::webapp_internal::wait_blocker|2469:: Blocker status: False
2025-12-11 12:04:56,842-INFO-root-18400::webapp_internal::SetLateralMenu|4203:: Menu item: "Solicitações"
2025-12-11 12:04:56,842-DEBUG-root-18400::webapp_internal::wait_blocker|2444:: Waiting blocker to continue...
2025-12-11 12:04:56,917-DEBUG-root-18400::webapp_internal::wait_blocker|2469:: Blocker status: False
2025-12-11 12:04:57,847-DEBUG-root-18400::webapp_internal::wait_element_timeout|7726:: Element found! Waiting for element to be displayed.
2025-12-11 12:04:58,682-DEBUG-root-18400::webapp_internal::wait_blocker|2444:: Waiting blocker to continue...
2025-12-11 12:04:58,761-DEBUG-root-18400::webapp_internal::wait_blocker|2469:: Blocker status: False
2025-12-11 12:05:02,227-DEBUG-root-18400::webapp_internal::wait_blocker|2444:: Waiting blocker to continue...
2025-12-11 12:05:02,301-DEBUG-root-18400::webapp_internal::wait_blocker|2469:: Blocker status: False
2025-12-11 12:05:02,375-INFO-root-18400::webapp_internal::WaitShow|4980:: Waiting show text 'Este ambiente utiliza base de Homologação.'...
2025-12-11 12:05:08,326-INFO-root-18400::webapp_internal::WaitShow|4980:: Waiting show text 'Moedas'...
2025-12-11 12:05:13,669-INFO-root-18400::webapp_internal::WaitShow|4980:: Waiting show text 'Solicitação de Viagens/Treinamento'...
2025-12-11 12:05:13,729-INFO-root-18400::webapp_internal::WaitShow|4996:: Text found! 
2025-12-11 12:05:13,730-INFO-root-18400::webapp_internal::SetButton|4444:: Clicking on Incluir
2025-12-11 12:05:13,730-DEBUG-root-18400::webapp_internal::wait_blocker|2444:: Waiting blocker to continue...
2025-12-11 12:05:13,819-DEBUG-root-18400::webapp_internal::wait_blocker|2469:: Blocker status: False
2025-12-11 12:05:14,201-DEBUG-root-18400::webapp_internal::wait_element_timeout|7726:: Element found! Waiting for element to be displayed.
2025-12-11 12:05:14,484-DEBUG-root-18400::webapp_internal::SetButton|4481:: ***System Info*** Before Clicking on button:Incluir
2025-12-11 12:05:14,485-DEBUG-root-18400::psutil_info::system_info|5:: CPU USAGE: 8.6%
2025-12-11 12:05:14,485-DEBUG-root-18400::psutil_info::system_info|6:: MEMORY USAGE: 92.7%
2025-12-11 12:05:14,486-DEBUG-root-18400::psutil_info::system_info|7:: MEMORY AVAILABLE: 7.33%
2025-12-11 12:05:14,845-DEBUG-root-18400::webapp_internal::wait_element_timeout|7726:: Element found! Waiting for element to be displayed.
2025-12-11 12:05:15,168-DEBUG-root-18400::webapp_internal::wait_blocker|2444:: Waiting blocker to continue...
2025-12-11 12:05:15,252-DEBUG-root-18400::webapp_internal::wait_blocker|2469:: Blocker status: False
2025-12-11 12:05:15,279-DEBUG-root-18400::webapp_internal::wait_blocker|2444:: Waiting blocker to continue...
2025-12-11 12:05:15,367-DEBUG-root-18400::webapp_internal::wait_blocker|2469:: Blocker status: False
2025-12-11 12:05:15,368-DEBUG-root-18400::webapp_internal::send_action|10480:: Trying to send action
2025-12-11 12:05:15,372-DEBUG-root-18400::base::click|192:: Click Type: ClickType.JS
2025-12-11 12:05:16,595-DEBUG-root-18400::webapp_internal::send_action|10522:: send_action method result = True
2025-12-11 12:05:16,595-DEBUG-root-18400::webapp_internal::send_action|10523:: send_action selenium status: True
2025-12-11 12:05:16,595-DEBUG-root-18400::webapp_internal::SetButton|4683:: ***System Info*** After Clicking on button:
2025-12-11 12:05:16,595-DEBUG-root-18400::psutil_info::system_info|5:: CPU USAGE: 8.7%
2025-12-11 12:05:16,596-DEBUG-root-18400::psutil_info::system_info|6:: MEMORY USAGE: 92.7%
2025-12-11 12:05:16,596-DEBUG-root-18400::psutil_info::system_info|7:: MEMORY AVAILABLE: 7.3%
2025-12-11 12:05:16,797-DEBUG-root-18400::webapp_internal::wait_blocker|2444:: Waiting blocker to continue...
2025-12-11 12:05:16,890-DEBUG-root-18400::webapp_internal::wait_blocker|2469:: Blocker status: False
2025-12-11 12:05:16,890-INFO-root-18400::webapp_internal::SearchBrowse|2003:: Searching: 02DF0001
2025-12-11 12:05:17,043-DEBUG-root-18400::webapp_internal::wait_element_timeout|7726:: Element found! Waiting for element to be displayed.
2025-12-11 12:05:17,128-DEBUG-root-18400::webapp_internal::wait_blocker|2444:: Waiting blocker to continue...
2025-12-11 12:05:17,224-DEBUG-root-18400::webapp_internal::wait_blocker|2469:: Blocker status: False
2025-12-11 12:05:17,232-DEBUG-root-18400::webapp_internal::wait_blocker|2444:: Waiting blocker to continue...
2025-12-11 12:05:17,346-DEBUG-root-18400::webapp_internal::wait_blocker|2469:: Blocker status: False
2025-12-11 12:05:17,346-INFO-root-18400::webapp_internal::fill_search_browse|2399:: Filling: 02DF0001
2025-12-11 12:05:17,358-DEBUG-root-18400::base::click|192:: Click Type: ClickType.JS
2025-12-11 12:05:18,426-DEBUG-root-18400::webapp_internal::wait_blocker|2444:: Waiting blocker to continue...
2025-12-11 12:05:18,525-DEBUG-root-18400::webapp_internal::wait_blocker|2469:: Blocker status: False
2025-12-11 12:05:18,525-INFO-root-18400::webapp_internal::fill_search_browse|2399:: Filling: 02DF0001
2025-12-11 12:05:18,535-DEBUG-root-18400::base::click|192:: Click Type: ClickType.JS
2025-12-11 12:05:19,610-DEBUG-root-18400::webapp_internal::wait_blocker|2444:: Waiting blocker to continue...
2025-12-11 12:05:19,725-DEBUG-root-18400::webapp_internal::wait_blocker|2469:: Blocker status: False
2025-12-11 12:05:19,725-INFO-root-18400::webapp_internal::fill_search_browse|2399:: Filling: 02DF0001
2025-12-11 12:05:19,735-DEBUG-root-18400::base::click|192:: Click Type: ClickType.JS
2025-12-11 12:05:20,819-DEBUG-root-18400::webapp_internal::wait_blocker|2444:: Waiting blocker to continue...
2025-12-11 12:05:20,911-DEBUG-root-18400::webapp_internal::wait_blocker|2469:: Blocker status: False
2025-12-11 12:05:20,913-INFO-root-18400::webapp_internal::fill_search_browse|2399:: Filling: 02DF0001
2025-12-11 12:05:20,923-DEBUG-root-18400::base::click|192:: Click Type: ClickType.JS
2025-12-11 12:05:22,731-ERROR-root-18400::webapp_internal::TearDown|9654:: Warning tearDown Close Message: Tried to run command without establishing a connection
Traceback (most recent call last):
  File "C:\TIR_TESTE\venv\Lib\site-packages\tir\technologies\webapp_internal.py", line 9652, in TearDown
    self.driver.close()
  File "C:\TIR_TESTE\venv\Lib\site-packages\selenium\webdriver\remote\webdriver.py", line 458, in close
    self.execute(Command.CLOSE)
  File "C:\TIR_TESTE\venv\Lib\site-packages\selenium\webdriver\remote\webdriver.py", line 347, in execute
    self.error_handler.check_response(response)
  File "C:\TIR_TESTE\venv\Lib\site-packages\selenium\webdriver\remote\errorhandler.py", line 229, in check_response
    raise exception_class(message, screen, stacktrace)
selenium.common.exceptions.InvalidSessionIdException: Message: Tried to run command without establishing a connection

