2025-12-04 08:06:38,962-DEBUG-root-46768::logging_config::logger|189:: Log file created: 'Log\GESIT03\TIR__20251204080638957.log'
2025-12-04 08:06:38,962-INFO-root-46768::base::Start|1183:: TIR Version: 2.4.3
2025-12-04 08:06:38,962-INFO-root-46768::base::Start|1184:: Python Version: 3.12.10
2025-12-04 08:06:38,962-INFO-root-46768::base::Start|1185:: Starting the browser
2025-12-04 08:06:46,422-INFO-root-46768::base::get_url|1294:: Page is ready!
2025-12-04 08:06:46,438-INFO-root-46768::base::Start|1256:: Browser maximized to 1936x1048
2025-12-04 08:06:46,439-INFO-root-46768::base::Start|1258:: Screen size is different from default used in headless mode
2025-12-04 08:06:46,530-INFO-root-46768::webapp_internal::Setup|247:: ***System Info*** in Setup():
2025-12-04 08:06:46,530-DEBUG-root-46768::psutil_info::system_info|5:: CPU USAGE: 19.8%
2025-12-04 08:06:46,530-DEBUG-root-46768::psutil_info::system_info|6:: MEMORY USAGE: 87.7%
2025-12-04 08:06:46,530-DEBUG-root-46768::psutil_info::system_info|7:: MEMORY AVAILABLE: 12.26%
2025-12-04 08:06:46,548-INFO-root-46768::base::webapp_shadowroot|1394:: Webapp: 10.1.6-RC4
2025-12-04 08:06:46,577-INFO-root-46768::webapp_internal::filling_initial_program|449:: Filling Initial Program: "SIGAMDI"
2025-12-04 08:06:46,578-DEBUG-root-46768::webapp_internal::wait_element|7625:: Waiting for element
2025-12-04 08:06:46,643-DEBUG-root-46768::webapp_internal::wait_element|7655:: Element found! Waiting for element to be displayed.
2025-12-04 08:06:46,795-DEBUG-root-46768::base::click|192:: Click Type: ClickType.JS
2025-12-04 08:06:46,799-DEBUG-root-46768::webapp_internal::try_send_keys|7978:: Trying to send keys to element using technique 0
2025-12-04 08:06:47,134-DEBUG-root-46768::webapp_internal::get_web_value|3232:: Current value: SIGAMDI
2025-12-04 08:06:47,134-INFO-root-46768::webapp_internal::filling_server_environment|463:: Filling Server Environment: "POUPEX_TST"
2025-12-04 08:06:47,134-DEBUG-root-46768::webapp_internal::wait_element|7625:: Waiting for element
2025-12-04 08:06:47,160-DEBUG-root-46768::webapp_internal::wait_element|7655:: Element found! Waiting for element to be displayed.
2025-12-04 08:06:47,650-DEBUG-root-46768::base::click|192:: Click Type: ClickType.JS
2025-12-04 08:06:47,656-DEBUG-root-46768::webapp_internal::try_send_keys|7978:: Trying to send keys to element using technique 0
2025-12-04 08:06:48,614-DEBUG-root-46768::webapp_internal::get_web_value|3232:: Current value: POUPEX_TST
2025-12-04 08:06:48,636-DEBUG-root-46768::base::click|192:: Click Type: ClickType.JS
2025-12-04 08:06:48,647-DEBUG-root-46768::webapp_internal::user_screen|519:: Filling user screen
2025-12-04 08:06:54,558-DEBUG-root-46768::base::scroll_to_element|759:: ********Warining scroll_to_element exception: Message: TypeError: can't access property "scrollIntoView", arguments[0] is null
Stacktrace:
@https://qasrverp:10020/webapp/:2:7
@https://qasrverp:10020/webapp/:3:8
*********
2025-12-04 08:06:54,594-DEBUG-root-46768::webapp_internal::wait_element_timeout|7728:: Element found! Waiting for element to be displayed.
2025-12-04 08:06:54,654-DEBUG-root-46768::base::scroll_to_element|759:: ********Warining scroll_to_element exception: Message: TypeError: can't access property "scrollIntoView", arguments[0] is null
Stacktrace:
@https://qasrverp:10020/webapp/:2:7
@https://qasrverp:10020/webapp/:3:8
*********
2025-12-04 08:06:54,782-INFO-root-46768::webapp_internal::user_screen|561:: Filling User
2025-12-04 08:06:54,813-DEBUG-root-46768::base::double_click|259:: Click Type: ClickType.SELENIUM
2025-12-04 08:06:55,008-DEBUG-root-46768::webapp_internal::get_web_value|3232:: Current value: 97137227104
2025-12-04 08:06:55,032-INFO-root-46768::webapp_internal::user_screen|621:: Filling Password
2025-12-04 08:06:55,053-DEBUG-root-46768::base::click|192:: Click Type: ClickType.JS
2025-12-04 08:06:55,123-DEBUG-root-46768::webapp_internal::get_web_value|3232:: Current value: Val20221080080094+
2025-12-04 08:06:55,123-DEBUG-root-46768::webapp_internal::wait_blocker|2444:: Waiting blocker to continue...
2025-12-04 08:06:55,150-DEBUG-root-46768::webapp_internal::wait_blocker|2469:: Blocker status: None
2025-12-04 08:06:55,172-DEBUG-root-46768::webapp_internal::wait_blocker|2444:: Waiting blocker to continue...
2025-12-04 08:06:55,204-DEBUG-root-46768::webapp_internal::wait_blocker|2469:: Blocker status: None
2025-12-04 08:06:55,239-DEBUG-root-46768::webapp_internal::wait_blocker|2444:: Waiting blocker to continue...
2025-12-04 08:06:55,269-DEBUG-root-46768::webapp_internal::wait_blocker|2469:: Blocker status: None
2025-12-04 08:06:55,269-DEBUG-root-46768::webapp_internal::send_action|10482:: Trying to send action
2025-12-04 08:06:55,275-DEBUG-root-46768::base::click|192:: Click Type: ClickType.JS
2025-12-04 08:06:56,320-DEBUG-root-46768::webapp_internal::send_action|10524:: send_action method result = True
2025-12-04 08:06:56,320-DEBUG-root-46768::webapp_internal::send_action|10525:: send_action selenium status: False
2025-12-04 08:06:58,620-DEBUG-root-46768::base::scroll_to_element|759:: ********Warining scroll_to_element exception: Message: TypeError: can't access property "scrollIntoView", arguments[0] is null
Stacktrace:
@https://qasrverp:10020/webapp/:2:7
@https://qasrverp:10020/webapp/:3:8
*********
2025-12-04 08:06:58,673-INFO-root-46768::webapp_internal::filling_date|885:: Filling Date: "04/11/2025"
2025-12-04 08:06:58,673-DEBUG-root-46768::webapp_internal::wait_blocker|2444:: Waiting blocker to continue...
2025-12-04 08:06:58,712-DEBUG-root-46768::webapp_internal::wait_blocker|2469:: Blocker status: None
2025-12-04 08:06:58,716-DEBUG-root-46768::base::click|192:: Click Type: ClickType.JS
2025-12-04 08:06:58,739-DEBUG-root-46768::webapp_internal::try_send_keys|7978:: Trying to send keys to element using technique 1
2025-12-04 08:06:58,823-DEBUG-root-46768::webapp_internal::get_web_value|3232:: Current value: 04/11/2025
2025-12-04 08:06:59,929-INFO-root-46768::webapp_internal::filling_group|955:: Filling Group: "02"
2025-12-04 08:06:59,929-DEBUG-root-46768::webapp_internal::wait_blocker|2444:: Waiting blocker to continue...
2025-12-04 08:06:59,961-DEBUG-root-46768::webapp_internal::wait_blocker|2469:: Blocker status: None
2025-12-04 08:06:59,965-DEBUG-root-46768::base::click|192:: Click Type: ClickType.JS
2025-12-04 08:07:00,024-DEBUG-root-46768::webapp_internal::get_web_value|3232:: Current value: 02
2025-12-04 08:07:01,088-INFO-root-46768::webapp_internal::filling_branch|1047:: Filling Branch: "02DF0001"
2025-12-04 08:07:01,089-DEBUG-root-46768::webapp_internal::wait_blocker|2444:: Waiting blocker to continue...
2025-12-04 08:07:01,124-DEBUG-root-46768::webapp_internal::wait_blocker|2469:: Blocker status: None
2025-12-04 08:07:01,127-DEBUG-root-46768::base::click|192:: Click Type: ClickType.JS
2025-12-04 08:07:01,177-DEBUG-root-46768::webapp_internal::get_web_value|3232:: Current value: 02DF0001
2025-12-04 08:07:02,259-INFO-root-46768::webapp_internal::filling_environment|1113:: Filling Environment: "07"
2025-12-04 08:07:02,259-DEBUG-root-46768::webapp_internal::wait_blocker|2444:: Waiting blocker to continue...
2025-12-04 08:07:02,295-DEBUG-root-46768::webapp_internal::wait_blocker|2469:: Blocker status: None
2025-12-04 08:07:02,297-DEBUG-root-46768::base::click|192:: Click Type: ClickType.JS
2025-12-04 08:07:02,352-DEBUG-root-46768::webapp_internal::get_web_value|3232:: Current value: 07
2025-12-04 08:07:03,361-DEBUG-root-46768::webapp_internal::close_warning_screen|1489:: Closing warning screen!
2025-12-04 08:07:04,397-DEBUG-root-46768::webapp_internal::check_screen_element|1291:: Checking screen element: "Atenção": False
2025-12-04 08:07:05,500-INFO-root-46768::webapp_internal::environment_screen|796:: Clicking on Button
2025-12-04 08:07:05,500-DEBUG-root-46768::webapp_internal::wait_blocker|2444:: Waiting blocker to continue...
2025-12-04 08:07:05,533-DEBUG-root-46768::webapp_internal::wait_blocker|2469:: Blocker status: None
2025-12-04 08:07:05,536-DEBUG-root-46768::base::click|192:: Click Type: ClickType.JS
2025-12-04 08:07:06,545-DEBUG-root-46768::base::click|192:: Click Type: ClickType.JS
2025-12-04 08:07:07,555-DEBUG-root-46768::base::click|192:: Click Type: ClickType.JS
2025-12-04 08:07:08,563-DEBUG-root-46768::base::click|192:: Click Type: ClickType.JS
2025-12-04 08:07:09,573-DEBUG-root-46768::base::click|192:: Click Type: ClickType.JS
2025-12-04 08:07:10,581-DEBUG-root-46768::base::click|192:: Click Type: ClickType.JS
2025-12-04 08:07:11,592-DEBUG-root-46768::webapp_internal::close_screen_before_menu|368:: Closing screen before the menu
2025-12-04 08:07:11,642-DEBUG-root-46768::webapp_internal::close_warning_screen|1489:: Closing warning screen!
2025-12-04 08:07:12,702-DEBUG-root-46768::webapp_internal::check_screen_element|1291:: Checking screen element: "Atenção": False
2025-12-04 08:07:12,702-DEBUG-root-46768::webapp_internal::close_coin_screen|1424:: Closing coin screen!
2025-12-04 08:07:13,269-DEBUG-root-46768::base::click|192:: Click Type: ClickType.JS
2025-12-04 08:07:13,340-DEBUG-root-46768::webapp_internal::close_warning_screen|1489:: Closing warning screen!
2025-12-04 08:07:14,389-DEBUG-root-46768::webapp_internal::check_screen_element|1291:: Checking screen element: "Atenção": False
2025-12-04 08:07:14,389-DEBUG-root-46768::webapp_internal::close_coin_screen|1424:: Closing coin screen!
2025-12-04 08:07:14,490-INFO-root-46768::webapp_internal::set_log_info|1623:: Getting log info
2025-12-04 08:07:14,490-INFO-root-46768::webapp_internal::SetLateralMenu|4184:: Navigating lateral menu: Ajuda > Sobre
2025-12-04 08:07:14,499-DEBUG-root-46768::webapp_internal::wait_element|7625:: Waiting for element
2025-12-04 08:07:14,544-DEBUG-root-46768::webapp_internal::wait_element|7655:: Element found! Waiting for element to be displayed.
2025-12-04 08:07:14,708-INFO-root-46768::webapp_internal::SetLateralMenu|4203:: Menu item: "Ajuda"
2025-12-04 08:07:14,708-DEBUG-root-46768::webapp_internal::wait_blocker|2444:: Waiting blocker to continue...
2025-12-04 08:07:14,775-DEBUG-root-46768::webapp_internal::wait_blocker|2469:: Blocker status: False
2025-12-04 08:07:15,119-DEBUG-root-46768::webapp_internal::wait_element_timeout|7728:: Element found! Waiting for element to be displayed.
2025-12-04 08:07:15,433-DEBUG-root-46768::webapp_internal::wait_blocker|2444:: Waiting blocker to continue...
2025-12-04 08:07:15,500-DEBUG-root-46768::webapp_internal::wait_blocker|2469:: Blocker status: False
2025-12-04 08:07:17,774-INFO-root-46768::webapp_internal::SetLateralMenu|4203:: Menu item: "Sobre"
2025-12-04 08:07:17,775-DEBUG-root-46768::webapp_internal::wait_blocker|2444:: Waiting blocker to continue...
2025-12-04 08:07:17,840-DEBUG-root-46768::webapp_internal::wait_blocker|2469:: Blocker status: False
2025-12-04 08:07:18,264-DEBUG-root-46768::webapp_internal::wait_element_timeout|7728:: Element found! Waiting for element to be displayed.
2025-12-04 08:07:18,635-DEBUG-root-46768::webapp_internal::wait_blocker|2444:: Waiting blocker to continue...
2025-12-04 08:07:18,701-DEBUG-root-46768::webapp_internal::wait_blocker|2469:: Blocker status: False
2025-12-04 08:07:21,332-DEBUG-root-46768::webapp_internal::wait_blocker|2444:: Waiting blocker to continue...
2025-12-04 08:07:21,397-DEBUG-root-46768::webapp_internal::wait_blocker|2469:: Blocker status: False
2025-12-04 08:07:21,469-DEBUG-root-46768::webapp_internal::wait_element|7625:: Waiting for element
2025-12-04 08:07:21,511-DEBUG-root-46768::webapp_internal::wait_element|7655:: Element found! Waiting for element to be displayed.
2025-12-04 08:07:21,677-INFO-root-46768::webapp_internal::SetButton|4444:: Clicking on Fechar
2025-12-04 08:07:21,678-DEBUG-root-46768::webapp_internal::wait_blocker|2444:: Waiting blocker to continue...
2025-12-04 08:07:21,751-DEBUG-root-46768::webapp_internal::wait_blocker|2469:: Blocker status: False
2025-12-04 08:07:21,935-DEBUG-root-46768::webapp_internal::wait_element_timeout|7728:: Element found! Waiting for element to be displayed.
2025-12-04 08:07:22,018-DEBUG-root-46768::webapp_internal::SetButton|4481:: ***System Info*** Before Clicking on button:Fechar
2025-12-04 08:07:22,018-DEBUG-root-46768::psutil_info::system_info|5:: CPU USAGE: 9.8%
2025-12-04 08:07:22,018-DEBUG-root-46768::psutil_info::system_info|6:: MEMORY USAGE: 88.1%
2025-12-04 08:07:22,019-DEBUG-root-46768::psutil_info::system_info|7:: MEMORY AVAILABLE: 11.9%
2025-12-04 08:07:22,185-DEBUG-root-46768::webapp_internal::wait_element_timeout|7728:: Element found! Waiting for element to be displayed.
2025-12-04 08:07:22,285-DEBUG-root-46768::webapp_internal::wait_blocker|2444:: Waiting blocker to continue...
2025-12-04 08:07:22,356-DEBUG-root-46768::webapp_internal::wait_blocker|2469:: Blocker status: False
2025-12-04 08:07:22,375-DEBUG-root-46768::webapp_internal::wait_blocker|2444:: Waiting blocker to continue...
2025-12-04 08:07:22,449-DEBUG-root-46768::webapp_internal::wait_blocker|2469:: Blocker status: False
2025-12-04 08:07:22,450-DEBUG-root-46768::webapp_internal::send_action|10482:: Trying to send action
2025-12-04 08:07:22,452-DEBUG-root-46768::base::click|192:: Click Type: ClickType.JS
2025-12-04 08:07:23,481-DEBUG-root-46768::webapp_internal::send_action|10524:: send_action method result = True
2025-12-04 08:07:23,481-DEBUG-root-46768::webapp_internal::send_action|10525:: send_action selenium status: False
2025-12-04 08:07:23,481-DEBUG-root-46768::webapp_internal::SetButton|4683:: ***System Info*** After Clicking on button:
2025-12-04 08:07:23,481-DEBUG-root-46768::psutil_info::system_info|5:: CPU USAGE: 6.9%
2025-12-04 08:07:23,482-DEBUG-root-46768::psutil_info::system_info|6:: MEMORY USAGE: 88.4%
2025-12-04 08:07:23,482-DEBUG-root-46768::psutil_info::system_info|7:: MEMORY AVAILABLE: 11.6%
2025-12-04 08:07:23,482-DEBUG-root-46768::webapp_internal::wait_element|7625:: Waiting for element
2025-12-04 08:07:23,561-INFO-root-46768::webapp_internal::SetLateralMenu|4184:: Navigating lateral menu: Atualizações > Especificos > Tipo de Convenio
2025-12-04 08:07:23,569-DEBUG-root-46768::webapp_internal::wait_element|7625:: Waiting for element
2025-12-04 08:07:23,605-DEBUG-root-46768::webapp_internal::wait_element|7655:: Element found! Waiting for element to be displayed.
2025-12-04 08:07:23,763-INFO-root-46768::webapp_internal::SetLateralMenu|4203:: Menu item: "Atualizações"
2025-12-04 08:07:23,763-DEBUG-root-46768::webapp_internal::wait_blocker|2444:: Waiting blocker to continue...
2025-12-04 08:07:23,825-DEBUG-root-46768::webapp_internal::wait_blocker|2469:: Blocker status: False
2025-12-04 08:07:24,277-DEBUG-root-46768::webapp_internal::wait_element_timeout|7728:: Element found! Waiting for element to be displayed.
2025-12-04 08:07:24,648-DEBUG-root-46768::webapp_internal::wait_blocker|2444:: Waiting blocker to continue...
2025-12-04 08:07:24,711-DEBUG-root-46768::webapp_internal::wait_blocker|2469:: Blocker status: False
2025-12-04 08:07:27,008-INFO-root-46768::webapp_internal::SetLateralMenu|4203:: Menu item: "Especificos"
2025-12-04 08:07:27,008-DEBUG-root-46768::webapp_internal::wait_blocker|2444:: Waiting blocker to continue...
2025-12-04 08:07:27,103-DEBUG-root-46768::webapp_internal::wait_blocker|2469:: Blocker status: False
2025-12-04 08:07:27,821-DEBUG-root-46768::webapp_internal::wait_element_timeout|7728:: Element found! Waiting for element to be displayed.
2025-12-04 08:07:28,532-DEBUG-root-46768::webapp_internal::wait_blocker|2444:: Waiting blocker to continue...
2025-12-04 08:07:28,648-DEBUG-root-46768::webapp_internal::wait_blocker|2469:: Blocker status: False
2025-12-04 08:07:30,942-INFO-root-46768::webapp_internal::SetLateralMenu|4203:: Menu item: "Tipo de Convenio"
2025-12-04 08:07:30,943-DEBUG-root-46768::webapp_internal::wait_blocker|2444:: Waiting blocker to continue...
2025-12-04 08:07:31,043-DEBUG-root-46768::webapp_internal::wait_blocker|2469:: Blocker status: False
2025-12-04 08:07:32,529-DEBUG-root-46768::webapp_internal::wait_element_timeout|7728:: Element found! Waiting for element to be displayed.
2025-12-04 08:07:34,041-DEBUG-root-46768::webapp_internal::wait_blocker|2444:: Waiting blocker to continue...
2025-12-04 08:07:34,139-DEBUG-root-46768::webapp_internal::wait_blocker|2469:: Blocker status: False
2025-12-04 08:07:38,748-DEBUG-root-46768::webapp_internal::wait_blocker|2444:: Waiting blocker to continue...
2025-12-04 08:07:38,848-DEBUG-root-46768::webapp_internal::wait_blocker|2469:: Blocker status: False
2025-12-04 08:07:38,970-INFO-root-46768::webapp_internal::WaitShow|4980:: Waiting show text 'Este ambiente utiliza base de Homologação.'...
2025-12-04 08:07:45,484-DEBUG-root-46768::log::checks_empty_line|221:: Checking empty default log info
2025-12-04 08:07:45,489-DEBUG-root-46768::log::generate_log|503:: Json log_data: {'cLogDtExec': '04/12/2025 08:07:45', 'cLogNomUsr': '97137227104', 'cLogNomEst': 'GESIT03', 'cLogProgra': None, 'cLogDtProg': '', 'cLogHrProg': '', 'nLogCtsOk': 1, 'nLogCtsNok': 0, 'nLogCtsSeg': 66.65, 'cLogVersao': '12', 'cLogReleas': '12.1.2410', 'nLogCtsErr': '', 'cLogBancod': 'ORACLE', 'cLogIdenti': '', 'cLogIdExec': '20251204', 'cLogPais': 'BRA', 'cLogTool': 'TIR', 'cLogSequen': 'c70942', 'nLogCtsTot': 1, 'cLogDtExea': '04/12/2025', 'cLogHrExea': '08:07:45', 'cLogArea': 'Desenvolvimento', 'cLogMnExec': 1.1108333333333333}
2025-12-04 08:07:45,489-INFO-root-46768::log::send_log_with_retries|515:: Saving log locally.
2025-12-04 08:07:45,489-INFO-root-46768::log::save_log_locally|548:: [FwSendLog]: Não foi possível enviar o log após todas as tentativas.
2025-12-04 08:07:45,490-INFO-root-46768::log::save_log_locally|555:: [FwSendLog]: Log salvo localmente em C:\TIR_TESTE\1764846465.json.
2025-12-04 08:07:45,490-INFO-root-46768::webapp_internal::WaitShow|4980:: Waiting show text 'Moedas'...
2025-12-04 08:07:50,801-INFO-root-46768::webapp_internal::WaitShow|4980:: Waiting show text 'Tipos de Convênios'...
2025-12-04 08:07:50,869-INFO-root-46768::webapp_internal::WaitShow|4996:: Text found! 
2025-12-04 08:07:50,869-INFO-root-46768::webapp_internal::SetButton|4444:: Clicking on Incluir
2025-12-04 08:07:50,869-DEBUG-root-46768::webapp_internal::wait_blocker|2444:: Waiting blocker to continue...
2025-12-04 08:07:51,011-DEBUG-root-46768::webapp_internal::wait_blocker|2469:: Blocker status: False
2025-12-04 08:07:51,407-DEBUG-root-46768::webapp_internal::wait_element_timeout|7728:: Element found! Waiting for element to be displayed.
2025-12-04 08:07:51,705-DEBUG-root-46768::webapp_internal::SetButton|4481:: ***System Info*** Before Clicking on button:Incluir
2025-12-04 08:07:51,705-DEBUG-root-46768::psutil_info::system_info|5:: CPU USAGE: 11.9%
2025-12-04 08:07:51,705-DEBUG-root-46768::psutil_info::system_info|6:: MEMORY USAGE: 88.8%
2025-12-04 08:07:51,705-DEBUG-root-46768::psutil_info::system_info|7:: MEMORY AVAILABLE: 11.23%
2025-12-04 08:07:52,079-DEBUG-root-46768::webapp_internal::wait_element_timeout|7728:: Element found! Waiting for element to be displayed.
2025-12-04 08:07:52,435-DEBUG-root-46768::webapp_internal::wait_blocker|2444:: Waiting blocker to continue...
2025-12-04 08:07:52,547-DEBUG-root-46768::webapp_internal::wait_blocker|2469:: Blocker status: False
2025-12-04 08:07:52,580-DEBUG-root-46768::webapp_internal::wait_blocker|2444:: Waiting blocker to continue...
2025-12-04 08:07:52,694-DEBUG-root-46768::webapp_internal::wait_blocker|2469:: Blocker status: False
2025-12-04 08:07:52,694-DEBUG-root-46768::webapp_internal::send_action|10482:: Trying to send action
2025-12-04 08:07:52,697-DEBUG-root-46768::base::click|192:: Click Type: ClickType.JS
2025-12-04 08:07:53,748-DEBUG-root-46768::webapp_internal::send_action|10524:: send_action method result = True
2025-12-04 08:07:53,748-DEBUG-root-46768::webapp_internal::send_action|10525:: send_action selenium status: False
2025-12-04 08:07:53,749-DEBUG-root-46768::webapp_internal::SetButton|4683:: ***System Info*** After Clicking on button:
2025-12-04 08:07:53,749-DEBUG-root-46768::psutil_info::system_info|5:: CPU USAGE: 14.2%
2025-12-04 08:07:53,749-DEBUG-root-46768::psutil_info::system_info|6:: MEMORY USAGE: 88.9%
2025-12-04 08:07:53,750-DEBUG-root-46768::psutil_info::system_info|7:: MEMORY AVAILABLE: 11.12%
2025-12-04 08:07:53,750-INFO-root-46768::webapp_internal::WaitShow|4980:: Waiting show text 'Tipos de Convenios - INCLUIR'...
2025-12-04 08:07:53,880-INFO-root-46768::webapp_internal::WaitShow|4996:: Text found! 
2025-12-04 08:07:53,880-DEBUG-root-46768::webapp_internal::SetFocus|6011:: Setting focus on element ZD_DESCONV.
2025-12-04 08:07:54,036-DEBUG-root-46768::base::click|192:: Click Type: ClickType.SELENIUM
2025-12-04 08:07:54,106-DEBUG-root-46768::webapp_internal::wait_blocker|2444:: Waiting blocker to continue...
2025-12-04 08:07:54,238-DEBUG-root-46768::webapp_internal::wait_blocker|2469:: Blocker status: False
2025-12-04 08:07:54,238-DEBUG-root-46768::webapp_internal::wait_element|7625:: Waiting for element
2025-12-04 08:07:54,333-DEBUG-root-46768::webapp_internal::wait_element|7655:: Element found! Waiting for element to be displayed.
2025-12-04 08:07:54,409-INFO-root-46768::webapp_internal::input_value|2941:: Looking for element: ZD_DESCONV
2025-12-04 08:07:54,514-INFO-root-46768::webapp_internal::input_value|2951:: Element: ZD_DESCONV Found!
2025-12-04 08:07:54,514-INFO-root-46768::webapp_internal::input_value|2953:: Filling element: ZD_DESCONV
2025-12-04 08:07:54,538-DEBUG-root-46768::webapp_internal::get_web_value|3232:: Current value:                                                             
2025-12-04 08:07:54,570-DEBUG-root-46768::base::double_click|259:: Click Type: ClickType.SELENIUM
2025-12-04 08:07:54,822-DEBUG-root-46768::webapp_internal::wait_blocker|2444:: Waiting blocker to continue...
2025-12-04 08:07:54,944-DEBUG-root-46768::webapp_internal::wait_blocker|2469:: Blocker status: False
2025-12-04 08:07:55,283-DEBUG-root-46768::webapp_internal::get_web_value|3232:: Current value: TESTE INCLUSAO 01                                           
2025-12-04 08:07:55,283-INFO-root-46768::webapp_internal::input_value|3059:: Current field value: TESTE INCLUSAO 01
2025-12-04 08:07:55,309-DEBUG-root-46768::webapp_internal::wait_blocker|2444:: Waiting blocker to continue...
2025-12-04 08:07:55,455-DEBUG-root-46768::webapp_internal::wait_blocker|2469:: Blocker status: False
2025-12-04 08:07:55,457-INFO-root-46768::webapp_internal::SetKey|5822:: Key pressed: TAB
2025-12-04 08:07:55,457-DEBUG-root-46768::webapp_internal::SetKey|5857:: Trying press key
2025-12-04 08:07:57,461-DEBUG-root-46768::webapp_internal::wait_blocker|2444:: Waiting blocker to continue...
2025-12-04 08:07:57,594-DEBUG-root-46768::webapp_internal::wait_blocker|2469:: Blocker status: False
2025-12-04 08:07:57,659-DEBUG-root-46768::webapp_internal::wait_blocker|2444:: Waiting blocker to continue...
2025-12-04 08:07:57,795-DEBUG-root-46768::webapp_internal::wait_blocker|2469:: Blocker status: False
2025-12-04 08:07:57,795-DEBUG-root-46768::webapp_internal::send_action|10482:: Trying to send action
2025-12-04 08:07:58,833-DEBUG-root-46768::webapp_internal::send_action|10524:: send_action method result = True
2025-12-04 08:07:58,833-DEBUG-root-46768::webapp_internal::send_action|10525:: send_action selenium status: False
2025-12-04 08:07:58,834-DEBUG-root-46768::webapp_internal::wait_blocker|2444:: Waiting blocker to continue...
2025-12-04 08:07:58,974-DEBUG-root-46768::webapp_internal::wait_blocker|2469:: Blocker status: False
2025-12-04 08:07:58,974-DEBUG-root-46768::webapp_internal::wait_element|7625:: Waiting for element
2025-12-04 08:07:59,054-DEBUG-root-46768::webapp_internal::wait_element|7655:: Element found! Waiting for element to be displayed.
2025-12-04 08:07:59,139-INFO-root-46768::webapp_internal::input_value|2941:: Looking for element: ZD_TPMOV
2025-12-04 08:07:59,253-INFO-root-46768::webapp_internal::input_value|2951:: Element: ZD_TPMOV Found!
2025-12-04 08:07:59,253-INFO-root-46768::webapp_internal::input_value|2953:: Filling element: ZD_TPMOV
2025-12-04 08:08:00,451-INFO-root-46768::base::select_combo|871:: Selected value for combo is: 1 - Titular
2025-12-04 08:08:00,498-DEBUG-root-46768::webapp_internal::wait_blocker|2444:: Waiting blocker to continue...
2025-12-04 08:08:00,644-DEBUG-root-46768::webapp_internal::wait_blocker|2469:: Blocker status: False
2025-12-04 08:08:00,645-DEBUG-root-46768::webapp_internal::wait_element|7625:: Waiting for element
2025-12-04 08:08:00,729-DEBUG-root-46768::webapp_internal::wait_element|7655:: Element found! Waiting for element to be displayed.
2025-12-04 08:08:00,790-INFO-root-46768::webapp_internal::input_value|2941:: Looking for element: ZD_TPALTSA
2025-12-04 08:08:00,908-INFO-root-46768::webapp_internal::input_value|2951:: Element: ZD_TPALTSA Found!
2025-12-04 08:08:00,908-INFO-root-46768::webapp_internal::input_value|2953:: Filling element: ZD_TPALTSA
2025-12-04 08:08:00,931-DEBUG-root-46768::webapp_internal::get_web_value|3232:: Current value:    
2025-12-04 08:08:00,962-DEBUG-root-46768::base::double_click|259:: Click Type: ClickType.SELENIUM
2025-12-04 08:08:01,215-DEBUG-root-46768::webapp_internal::wait_blocker|2444:: Waiting blocker to continue...
2025-12-04 08:08:01,358-DEBUG-root-46768::webapp_internal::wait_blocker|2469:: Blocker status: False
2025-12-04 08:08:01,682-DEBUG-root-46768::webapp_internal::get_web_value|3232:: Current value: 003
2025-12-04 08:08:01,682-INFO-root-46768::webapp_internal::input_value|3059:: Current field value: 003
2025-12-04 08:08:01,693-INFO-root-46768::webapp_internal::WaitShow|4980:: Waiting show text 'Histórico'...
2025-12-04 08:08:03,388-INFO-root-46768::webapp_internal::WaitShow|4996:: Text found! 
2025-12-04 08:08:03,388-DEBUG-root-46768::webapp_internal::wait_blocker|2444:: Waiting blocker to continue...
2025-12-04 08:08:03,511-DEBUG-root-46768::webapp_internal::wait_blocker|2469:: Blocker status: False
2025-12-04 08:08:03,511-INFO-root-46768::webapp_internal::SetKey|5822:: Key pressed: TAB
2025-12-04 08:08:03,511-DEBUG-root-46768::webapp_internal::SetKey|5857:: Trying press key
2025-12-04 08:08:05,519-DEBUG-root-46768::webapp_internal::wait_blocker|2444:: Waiting blocker to continue...
2025-12-04 08:08:05,722-DEBUG-root-46768::webapp_internal::wait_blocker|2469:: Blocker status: False
2025-12-04 08:08:05,748-DEBUG-root-46768::webapp_internal::wait_blocker|2444:: Waiting blocker to continue...
2025-12-04 08:08:05,880-DEBUG-root-46768::webapp_internal::wait_blocker|2469:: Blocker status: False
2025-12-04 08:08:05,881-DEBUG-root-46768::webapp_internal::send_action|10482:: Trying to send action
2025-12-04 08:08:06,940-DEBUG-root-46768::webapp_internal::send_action|10524:: send_action method result = True
2025-12-04 08:08:06,941-DEBUG-root-46768::webapp_internal::send_action|10525:: send_action selenium status: False
2025-12-04 08:08:06,941-DEBUG-root-46768::webapp_internal::wait_blocker|2444:: Waiting blocker to continue...
2025-12-04 08:08:07,111-DEBUG-root-46768::webapp_internal::wait_blocker|2469:: Blocker status: False
2025-12-04 08:08:07,111-INFO-root-46768::webapp_internal::SetKey|5822:: Key pressed: TAB
2025-12-04 08:08:07,111-DEBUG-root-46768::webapp_internal::SetKey|5857:: Trying press key
2025-12-04 08:08:09,116-DEBUG-root-46768::webapp_internal::wait_blocker|2444:: Waiting blocker to continue...
2025-12-04 08:08:09,261-DEBUG-root-46768::webapp_internal::wait_blocker|2469:: Blocker status: False
2025-12-04 08:08:09,297-DEBUG-root-46768::webapp_internal::wait_blocker|2444:: Waiting blocker to continue...
2025-12-04 08:08:09,424-DEBUG-root-46768::webapp_internal::wait_blocker|2469:: Blocker status: False
2025-12-04 08:08:09,424-DEBUG-root-46768::webapp_internal::send_action|10482:: Trying to send action
2025-12-04 08:08:10,459-DEBUG-root-46768::webapp_internal::send_action|10524:: send_action method result = True
2025-12-04 08:08:10,459-DEBUG-root-46768::webapp_internal::send_action|10525:: send_action selenium status: False
2025-12-04 08:08:10,459-DEBUG-root-46768::webapp_internal::wait_blocker|2444:: Waiting blocker to continue...
2025-12-04 08:08:10,608-DEBUG-root-46768::webapp_internal::wait_blocker|2469:: Blocker status: False
2025-12-04 08:08:10,608-INFO-root-46768::webapp_internal::SetKey|5822:: Key pressed: TAB
2025-12-04 08:08:10,608-DEBUG-root-46768::webapp_internal::SetKey|5857:: Trying press key
2025-12-04 08:08:12,612-DEBUG-root-46768::webapp_internal::wait_blocker|2444:: Waiting blocker to continue...
2025-12-04 08:08:12,763-DEBUG-root-46768::webapp_internal::wait_blocker|2469:: Blocker status: False
2025-12-04 08:08:12,790-DEBUG-root-46768::webapp_internal::wait_blocker|2444:: Waiting blocker to continue...
2025-12-04 08:08:12,920-DEBUG-root-46768::webapp_internal::wait_blocker|2469:: Blocker status: False
2025-12-04 08:08:12,920-DEBUG-root-46768::webapp_internal::send_action|10482:: Trying to send action
2025-12-04 08:08:13,959-DEBUG-root-46768::webapp_internal::send_action|10524:: send_action method result = True
2025-12-04 08:08:13,959-DEBUG-root-46768::webapp_internal::send_action|10525:: send_action selenium status: False
2025-12-04 08:08:13,960-DEBUG-root-46768::webapp_internal::wait_blocker|2444:: Waiting blocker to continue...
2025-12-04 08:08:14,083-DEBUG-root-46768::webapp_internal::wait_blocker|2469:: Blocker status: False
2025-12-04 08:08:14,083-INFO-root-46768::webapp_internal::SetKey|5822:: Key pressed: TAB
2025-12-04 08:08:14,083-DEBUG-root-46768::webapp_internal::SetKey|5857:: Trying press key
2025-12-04 08:08:16,087-DEBUG-root-46768::webapp_internal::wait_blocker|2444:: Waiting blocker to continue...
2025-12-04 08:08:16,214-DEBUG-root-46768::webapp_internal::wait_blocker|2469:: Blocker status: False
2025-12-04 08:08:16,241-DEBUG-root-46768::webapp_internal::wait_blocker|2444:: Waiting blocker to continue...
2025-12-04 08:08:16,365-DEBUG-root-46768::webapp_internal::wait_blocker|2469:: Blocker status: False
2025-12-04 08:08:16,365-DEBUG-root-46768::webapp_internal::send_action|10482:: Trying to send action
2025-12-04 08:08:17,411-DEBUG-root-46768::webapp_internal::send_action|10524:: send_action method result = True
2025-12-04 08:08:17,411-DEBUG-root-46768::webapp_internal::send_action|10525:: send_action selenium status: False
2025-12-04 08:08:17,411-DEBUG-root-46768::webapp_internal::wait_element|7625:: Waiting for element
2025-12-04 08:08:17,489-DEBUG-root-46768::webapp_internal::wait_element|7655:: Element found! Waiting for element to be displayed.
2025-12-04 08:08:17,713-DEBUG-root-46768::webapp_internal::wait_blocker|2444:: Waiting blocker to continue...
2025-12-04 08:08:17,865-DEBUG-root-46768::webapp_internal::wait_blocker|2469:: Blocker status: False
2025-12-04 08:08:17,866-INFO-root-46768::webapp_internal::LoadGrid|6298:: Filling grid field: Data Inicio
2025-12-04 08:08:17,866-ERROR-root-46768::webapp_internal::fill_grid|6677:: fill grid error: name 'fill_attempt' is not defined
Traceback (most recent call last):
  File "C:\TIR_TESTE\venv\Lib\site-packages\tir\technologies\webapp_internal.py", line 6397, in fill_grid
    if fill_attempt >= max_fill_attempts:
       ^^^^^^^^^^^^
NameError: name 'fill_attempt' is not defined
2025-12-04 08:08:17,868-WARNING-root-46768::webapp_internal::log_error|8145:: Warning log_error fill grid error: name 'fill_attempt' is not defined
2025-12-04 08:08:17,868-DEBUG-root-46768::webapp_internal::log_error|8148:: ***System Info*** in log_error():
2025-12-04 08:08:17,868-DEBUG-root-46768::psutil_info::system_info|5:: CPU USAGE: 8.6%
2025-12-04 08:08:17,869-DEBUG-root-46768::psutil_info::system_info|6:: MEMORY USAGE: 88.0%
2025-12-04 08:08:17,869-DEBUG-root-46768::psutil_info::system_info|7:: MEMORY AVAILABLE: 11.95%
2025-12-04 08:08:19,333-ERROR-root-46768::webapp_internal::TearDown|9656:: Warning tearDown Close Message: Tried to run command without establishing a connection
Traceback (most recent call last):
  File "C:\TIR_TESTE\venv\Lib\site-packages\tir\technologies\webapp_internal.py", line 9654, in TearDown
    self.driver.close()
  File "C:\TIR_TESTE\venv\Lib\site-packages\selenium\webdriver\remote\webdriver.py", line 458, in close
    self.execute(Command.CLOSE)
  File "C:\TIR_TESTE\venv\Lib\site-packages\selenium\webdriver\remote\webdriver.py", line 347, in execute
    self.error_handler.check_response(response)
  File "C:\TIR_TESTE\venv\Lib\site-packages\selenium\webdriver\remote\errorhandler.py", line 229, in check_response
    raise exception_class(message, screen, stacktrace)
selenium.common.exceptions.InvalidSessionIdException: Message: Tried to run command without establishing a connection

2025-12-04 08:06:38,962-DEBUG-root-46768::logging_config::logger|189:: Log file created: 'Log\GESIT03\TIR__20251204080638957.log'
2025-12-04 08:06:38,962-INFO-root-46768::base::Start|1183:: TIR Version: 2.4.3
2025-12-04 08:06:38,962-INFO-root-46768::base::Start|1184:: Python Version: 3.12.10
2025-12-04 08:06:38,962-INFO-root-46768::base::Start|1185:: Starting the browser
2025-12-04 08:06:46,422-INFO-root-46768::base::get_url|1294:: Page is ready!
2025-12-04 08:06:46,438-INFO-root-46768::base::Start|1256:: Browser maximized to 1936x1048
2025-12-04 08:06:46,439-INFO-root-46768::base::Start|1258:: Screen size is different from default used in headless mode
2025-12-04 08:06:46,530-INFO-root-46768::webapp_internal::Setup|247:: ***System Info*** in Setup():
2025-12-04 08:06:46,530-DEBUG-root-46768::psutil_info::system_info|5:: CPU USAGE: 19.8%
2025-12-04 08:06:46,530-DEBUG-root-46768::psutil_info::system_info|6:: MEMORY USAGE: 87.7%
2025-12-04 08:06:46,530-DEBUG-root-46768::psutil_info::system_info|7:: MEMORY AVAILABLE: 12.26%
2025-12-04 08:06:46,548-INFO-root-46768::base::webapp_shadowroot|1394:: Webapp: 10.1.6-RC4
2025-12-04 08:06:46,577-INFO-root-46768::webapp_internal::filling_initial_program|449:: Filling Initial Program: "SIGAMDI"
2025-12-04 08:06:46,578-DEBUG-root-46768::webapp_internal::wait_element|7625:: Waiting for element
2025-12-04 08:06:46,643-DEBUG-root-46768::webapp_internal::wait_element|7655:: Element found! Waiting for element to be displayed.
2025-12-04 08:06:46,795-DEBUG-root-46768::base::click|192:: Click Type: ClickType.JS
2025-12-04 08:06:46,799-DEBUG-root-46768::webapp_internal::try_send_keys|7978:: Trying to send keys to element using technique 0
2025-12-04 08:06:47,134-DEBUG-root-46768::webapp_internal::get_web_value|3232:: Current value: SIGAMDI
2025-12-04 08:06:47,134-INFO-root-46768::webapp_internal::filling_server_environment|463:: Filling Server Environment: "POUPEX_TST"
2025-12-04 08:06:47,134-DEBUG-root-46768::webapp_internal::wait_element|7625:: Waiting for element
2025-12-04 08:06:47,160-DEBUG-root-46768::webapp_internal::wait_element|7655:: Element found! Waiting for element to be displayed.
2025-12-04 08:06:47,650-DEBUG-root-46768::base::click|192:: Click Type: ClickType.JS
2025-12-04 08:06:47,656-DEBUG-root-46768::webapp_internal::try_send_keys|7978:: Trying to send keys to element using technique 0
2025-12-04 08:06:48,614-DEBUG-root-46768::webapp_internal::get_web_value|3232:: Current value: POUPEX_TST
2025-12-04 08:06:48,636-DEBUG-root-46768::base::click|192:: Click Type: ClickType.JS
2025-12-04 08:06:48,647-DEBUG-root-46768::webapp_internal::user_screen|519:: Filling user screen
2025-12-04 08:06:54,558-DEBUG-root-46768::base::scroll_to_element|759:: ********Warining scroll_to_element exception: Message: TypeError: can't access property "scrollIntoView", arguments[0] is null
Stacktrace:
@https://qasrverp:10020/webapp/:2:7
@https://qasrverp:10020/webapp/:3:8
*********
2025-12-04 08:06:54,594-DEBUG-root-46768::webapp_internal::wait_element_timeout|7728:: Element found! Waiting for element to be displayed.
2025-12-04 08:06:54,654-DEBUG-root-46768::base::scroll_to_element|759:: ********Warining scroll_to_element exception: Message: TypeError: can't access property "scrollIntoView", arguments[0] is null
Stacktrace:
@https://qasrverp:10020/webapp/:2:7
@https://qasrverp:10020/webapp/:3:8
*********
2025-12-04 08:06:54,782-INFO-root-46768::webapp_internal::user_screen|561:: Filling User
2025-12-04 08:06:54,813-DEBUG-root-46768::base::double_click|259:: Click Type: ClickType.SELENIUM
2025-12-04 08:06:55,008-DEBUG-root-46768::webapp_internal::get_web_value|3232:: Current value: 97137227104
2025-12-04 08:06:55,032-INFO-root-46768::webapp_internal::user_screen|621:: Filling Password
2025-12-04 08:06:55,053-DEBUG-root-46768::base::click|192:: Click Type: ClickType.JS
2025-12-04 08:06:55,123-DEBUG-root-46768::webapp_internal::get_web_value|3232:: Current value: Val20221080080094+
2025-12-04 08:06:55,123-DEBUG-root-46768::webapp_internal::wait_blocker|2444:: Waiting blocker to continue...
2025-12-04 08:06:55,150-DEBUG-root-46768::webapp_internal::wait_blocker|2469:: Blocker status: None
2025-12-04 08:06:55,172-DEBUG-root-46768::webapp_internal::wait_blocker|2444:: Waiting blocker to continue...
2025-12-04 08:06:55,204-DEBUG-root-46768::webapp_internal::wait_blocker|2469:: Blocker status: None
2025-12-04 08:06:55,239-DEBUG-root-46768::webapp_internal::wait_blocker|2444:: Waiting blocker to continue...
2025-12-04 08:06:55,269-DEBUG-root-46768::webapp_internal::wait_blocker|2469:: Blocker status: None
2025-12-04 08:06:55,269-DEBUG-root-46768::webapp_internal::send_action|10482:: Trying to send action
2025-12-04 08:06:55,275-DEBUG-root-46768::base::click|192:: Click Type: ClickType.JS
2025-12-04 08:06:56,320-DEBUG-root-46768::webapp_internal::send_action|10524:: send_action method result = True
2025-12-04 08:06:56,320-DEBUG-root-46768::webapp_internal::send_action|10525:: send_action selenium status: False
2025-12-04 08:06:58,620-DEBUG-root-46768::base::scroll_to_element|759:: ********Warining scroll_to_element exception: Message: TypeError: can't access property "scrollIntoView", arguments[0] is null
Stacktrace:
@https://qasrverp:10020/webapp/:2:7
@https://qasrverp:10020/webapp/:3:8
*********
2025-12-04 08:06:58,673-INFO-root-46768::webapp_internal::filling_date|885:: Filling Date: "04/11/2025"
2025-12-04 08:06:58,673-DEBUG-root-46768::webapp_internal::wait_blocker|2444:: Waiting blocker to continue...
2025-12-04 08:06:58,712-DEBUG-root-46768::webapp_internal::wait_blocker|2469:: Blocker status: None
2025-12-04 08:06:58,716-DEBUG-root-46768::base::click|192:: Click Type: ClickType.JS
2025-12-04 08:06:58,739-DEBUG-root-46768::webapp_internal::try_send_keys|7978:: Trying to send keys to element using technique 1
2025-12-04 08:06:58,823-DEBUG-root-46768::webapp_internal::get_web_value|3232:: Current value: 04/11/2025
2025-12-04 08:06:59,929-INFO-root-46768::webapp_internal::filling_group|955:: Filling Group: "02"
2025-12-04 08:06:59,929-DEBUG-root-46768::webapp_internal::wait_blocker|2444:: Waiting blocker to continue...
2025-12-04 08:06:59,961-DEBUG-root-46768::webapp_internal::wait_blocker|2469:: Blocker status: None
2025-12-04 08:06:59,965-DEBUG-root-46768::base::click|192:: Click Type: ClickType.JS
2025-12-04 08:07:00,024-DEBUG-root-46768::webapp_internal::get_web_value|3232:: Current value: 02
2025-12-04 08:07:01,088-INFO-root-46768::webapp_internal::filling_branch|1047:: Filling Branch: "02DF0001"
2025-12-04 08:07:01,089-DEBUG-root-46768::webapp_internal::wait_blocker|2444:: Waiting blocker to continue...
2025-12-04 08:07:01,124-DEBUG-root-46768::webapp_internal::wait_blocker|2469:: Blocker status: None
2025-12-04 08:07:01,127-DEBUG-root-46768::base::click|192:: Click Type: ClickType.JS
2025-12-04 08:07:01,177-DEBUG-root-46768::webapp_internal::get_web_value|3232:: Current value: 02DF0001
2025-12-04 08:07:02,259-INFO-root-46768::webapp_internal::filling_environment|1113:: Filling Environment: "07"
2025-12-04 08:07:02,259-DEBUG-root-46768::webapp_internal::wait_blocker|2444:: Waiting blocker to continue...
2025-12-04 08:07:02,295-DEBUG-root-46768::webapp_internal::wait_blocker|2469:: Blocker status: None
2025-12-04 08:07:02,297-DEBUG-root-46768::base::click|192:: Click Type: ClickType.JS
2025-12-04 08:07:02,352-DEBUG-root-46768::webapp_internal::get_web_value|3232:: Current value: 07
2025-12-04 08:07:03,361-DEBUG-root-46768::webapp_internal::close_warning_screen|1489:: Closing warning screen!
2025-12-04 08:07:04,397-DEBUG-root-46768::webapp_internal::check_screen_element|1291:: Checking screen element: "Atenção": False
2025-12-04 08:07:05,500-INFO-root-46768::webapp_internal::environment_screen|796:: Clicking on Button
2025-12-04 08:07:05,500-DEBUG-root-46768::webapp_internal::wait_blocker|2444:: Waiting blocker to continue...
2025-12-04 08:07:05,533-DEBUG-root-46768::webapp_internal::wait_blocker|2469:: Blocker status: None
2025-12-04 08:07:05,536-DEBUG-root-46768::base::click|192:: Click Type: ClickType.JS
2025-12-04 08:07:06,545-DEBUG-root-46768::base::click|192:: Click Type: ClickType.JS
2025-12-04 08:07:07,555-DEBUG-root-46768::base::click|192:: Click Type: ClickType.JS
2025-12-04 08:07:08,563-DEBUG-root-46768::base::click|192:: Click Type: ClickType.JS
2025-12-04 08:07:09,573-DEBUG-root-46768::base::click|192:: Click Type: ClickType.JS
2025-12-04 08:07:10,581-DEBUG-root-46768::base::click|192:: Click Type: ClickType.JS
2025-12-04 08:07:11,592-DEBUG-root-46768::webapp_internal::close_screen_before_menu|368:: Closing screen before the menu
2025-12-04 08:07:11,642-DEBUG-root-46768::webapp_internal::close_warning_screen|1489:: Closing warning screen!
2025-12-04 08:07:12,702-DEBUG-root-46768::webapp_internal::check_screen_element|1291:: Checking screen element: "Atenção": False
2025-12-04 08:07:12,702-DEBUG-root-46768::webapp_internal::close_coin_screen|1424:: Closing coin screen!
2025-12-04 08:07:13,269-DEBUG-root-46768::base::click|192:: Click Type: ClickType.JS
2025-12-04 08:07:13,340-DEBUG-root-46768::webapp_internal::close_warning_screen|1489:: Closing warning screen!
2025-12-04 08:07:14,389-DEBUG-root-46768::webapp_internal::check_screen_element|1291:: Checking screen element: "Atenção": False
2025-12-04 08:07:14,389-DEBUG-root-46768::webapp_internal::close_coin_screen|1424:: Closing coin screen!
2025-12-04 08:07:14,490-INFO-root-46768::webapp_internal::set_log_info|1623:: Getting log info
2025-12-04 08:07:14,490-INFO-root-46768::webapp_internal::SetLateralMenu|4184:: Navigating lateral menu: Ajuda > Sobre
2025-12-04 08:07:14,499-DEBUG-root-46768::webapp_internal::wait_element|7625:: Waiting for element
2025-12-04 08:07:14,544-DEBUG-root-46768::webapp_internal::wait_element|7655:: Element found! Waiting for element to be displayed.
2025-12-04 08:07:14,708-INFO-root-46768::webapp_internal::SetLateralMenu|4203:: Menu item: "Ajuda"
2025-12-04 08:07:14,708-DEBUG-root-46768::webapp_internal::wait_blocker|2444:: Waiting blocker to continue...
2025-12-04 08:07:14,775-DEBUG-root-46768::webapp_internal::wait_blocker|2469:: Blocker status: False
2025-12-04 08:07:15,119-DEBUG-root-46768::webapp_internal::wait_element_timeout|7728:: Element found! Waiting for element to be displayed.
2025-12-04 08:07:15,433-DEBUG-root-46768::webapp_internal::wait_blocker|2444:: Waiting blocker to continue...
2025-12-04 08:07:15,500-DEBUG-root-46768::webapp_internal::wait_blocker|2469:: Blocker status: False
2025-12-04 08:07:17,774-INFO-root-46768::webapp_internal::SetLateralMenu|4203:: Menu item: "Sobre"
2025-12-04 08:07:17,775-DEBUG-root-46768::webapp_internal::wait_blocker|2444:: Waiting blocker to continue...
2025-12-04 08:07:17,840-DEBUG-root-46768::webapp_internal::wait_blocker|2469:: Blocker status: False
2025-12-04 08:07:18,264-DEBUG-root-46768::webapp_internal::wait_element_timeout|7728:: Element found! Waiting for element to be displayed.
2025-12-04 08:07:18,635-DEBUG-root-46768::webapp_internal::wait_blocker|2444:: Waiting blocker to continue...
2025-12-04 08:07:18,701-DEBUG-root-46768::webapp_internal::wait_blocker|2469:: Blocker status: False
2025-12-04 08:07:21,332-DEBUG-root-46768::webapp_internal::wait_blocker|2444:: Waiting blocker to continue...
2025-12-04 08:07:21,397-DEBUG-root-46768::webapp_internal::wait_blocker|2469:: Blocker status: False
2025-12-04 08:07:21,469-DEBUG-root-46768::webapp_internal::wait_element|7625:: Waiting for element
2025-12-04 08:07:21,511-DEBUG-root-46768::webapp_internal::wait_element|7655:: Element found! Waiting for element to be displayed.
2025-12-04 08:07:21,677-INFO-root-46768::webapp_internal::SetButton|4444:: Clicking on Fechar
2025-12-04 08:07:21,678-DEBUG-root-46768::webapp_internal::wait_blocker|2444:: Waiting blocker to continue...
2025-12-04 08:07:21,751-DEBUG-root-46768::webapp_internal::wait_blocker|2469:: Blocker status: False
2025-12-04 08:07:21,935-DEBUG-root-46768::webapp_internal::wait_element_timeout|7728:: Element found! Waiting for element to be displayed.
2025-12-04 08:07:22,018-DEBUG-root-46768::webapp_internal::SetButton|4481:: ***System Info*** Before Clicking on button:Fechar
2025-12-04 08:07:22,018-DEBUG-root-46768::psutil_info::system_info|5:: CPU USAGE: 9.8%
2025-12-04 08:07:22,018-DEBUG-root-46768::psutil_info::system_info|6:: MEMORY USAGE: 88.1%
2025-12-04 08:07:22,019-DEBUG-root-46768::psutil_info::system_info|7:: MEMORY AVAILABLE: 11.9%
2025-12-04 08:07:22,185-DEBUG-root-46768::webapp_internal::wait_element_timeout|7728:: Element found! Waiting for element to be displayed.
2025-12-04 08:07:22,285-DEBUG-root-46768::webapp_internal::wait_blocker|2444:: Waiting blocker to continue...
2025-12-04 08:07:22,356-DEBUG-root-46768::webapp_internal::wait_blocker|2469:: Blocker status: False
2025-12-04 08:07:22,375-DEBUG-root-46768::webapp_internal::wait_blocker|2444:: Waiting blocker to continue...
2025-12-04 08:07:22,449-DEBUG-root-46768::webapp_internal::wait_blocker|2469:: Blocker status: False
2025-12-04 08:07:22,450-DEBUG-root-46768::webapp_internal::send_action|10482:: Trying to send action
2025-12-04 08:07:22,452-DEBUG-root-46768::base::click|192:: Click Type: ClickType.JS
2025-12-04 08:07:23,481-DEBUG-root-46768::webapp_internal::send_action|10524:: send_action method result = True
2025-12-04 08:07:23,481-DEBUG-root-46768::webapp_internal::send_action|10525:: send_action selenium status: False
2025-12-04 08:07:23,481-DEBUG-root-46768::webapp_internal::SetButton|4683:: ***System Info*** After Clicking on button:
2025-12-04 08:07:23,481-DEBUG-root-46768::psutil_info::system_info|5:: CPU USAGE: 6.9%
2025-12-04 08:07:23,482-DEBUG-root-46768::psutil_info::system_info|6:: MEMORY USAGE: 88.4%
2025-12-04 08:07:23,482-DEBUG-root-46768::psutil_info::system_info|7:: MEMORY AVAILABLE: 11.6%
2025-12-04 08:07:23,482-DEBUG-root-46768::webapp_internal::wait_element|7625:: Waiting for element
2025-12-04 08:07:23,561-INFO-root-46768::webapp_internal::SetLateralMenu|4184:: Navigating lateral menu: Atualizações > Especificos > Tipo de Convenio
2025-12-04 08:07:23,569-DEBUG-root-46768::webapp_internal::wait_element|7625:: Waiting for element
2025-12-04 08:07:23,605-DEBUG-root-46768::webapp_internal::wait_element|7655:: Element found! Waiting for element to be displayed.
2025-12-04 08:07:23,763-INFO-root-46768::webapp_internal::SetLateralMenu|4203:: Menu item: "Atualizações"
2025-12-04 08:07:23,763-DEBUG-root-46768::webapp_internal::wait_blocker|2444:: Waiting blocker to continue...
2025-12-04 08:07:23,825-DEBUG-root-46768::webapp_internal::wait_blocker|2469:: Blocker status: False
2025-12-04 08:07:24,277-DEBUG-root-46768::webapp_internal::wait_element_timeout|7728:: Element found! Waiting for element to be displayed.
2025-12-04 08:07:24,648-DEBUG-root-46768::webapp_internal::wait_blocker|2444:: Waiting blocker to continue...
2025-12-04 08:07:24,711-DEBUG-root-46768::webapp_internal::wait_blocker|2469:: Blocker status: False
2025-12-04 08:07:27,008-INFO-root-46768::webapp_internal::SetLateralMenu|4203:: Menu item: "Especificos"
2025-12-04 08:07:27,008-DEBUG-root-46768::webapp_internal::wait_blocker|2444:: Waiting blocker to continue...
2025-12-04 08:07:27,103-DEBUG-root-46768::webapp_internal::wait_blocker|2469:: Blocker status: False
2025-12-04 08:07:27,821-DEBUG-root-46768::webapp_internal::wait_element_timeout|7728:: Element found! Waiting for element to be displayed.
2025-12-04 08:07:28,532-DEBUG-root-46768::webapp_internal::wait_blocker|2444:: Waiting blocker to continue...
2025-12-04 08:07:28,648-DEBUG-root-46768::webapp_internal::wait_blocker|2469:: Blocker status: False
2025-12-04 08:07:30,942-INFO-root-46768::webapp_internal::SetLateralMenu|4203:: Menu item: "Tipo de Convenio"
2025-12-04 08:07:30,943-DEBUG-root-46768::webapp_internal::wait_blocker|2444:: Waiting blocker to continue...
2025-12-04 08:07:31,043-DEBUG-root-46768::webapp_internal::wait_blocker|2469:: Blocker status: False
2025-12-04 08:07:32,529-DEBUG-root-46768::webapp_internal::wait_element_timeout|7728:: Element found! Waiting for element to be displayed.
2025-12-04 08:07:34,041-DEBUG-root-46768::webapp_internal::wait_blocker|2444:: Waiting blocker to continue...
2025-12-04 08:07:34,139-DEBUG-root-46768::webapp_internal::wait_blocker|2469:: Blocker status: False
2025-12-04 08:07:38,748-DEBUG-root-46768::webapp_internal::wait_blocker|2444:: Waiting blocker to continue...
2025-12-04 08:07:38,848-DEBUG-root-46768::webapp_internal::wait_blocker|2469:: Blocker status: False
2025-12-04 08:07:38,970-INFO-root-46768::webapp_internal::WaitShow|4980:: Waiting show text 'Este ambiente utiliza base de Homologação.'...
2025-12-04 08:07:45,484-DEBUG-root-46768::log::checks_empty_line|221:: Checking empty default log info
2025-12-04 08:07:45,489-DEBUG-root-46768::log::generate_log|503:: Json log_data: {'cLogDtExec': '04/12/2025 08:07:45', 'cLogNomUsr': '97137227104', 'cLogNomEst': 'GESIT03', 'cLogProgra': None, 'cLogDtProg': '', 'cLogHrProg': '', 'nLogCtsOk': 1, 'nLogCtsNok': 0, 'nLogCtsSeg': 66.65, 'cLogVersao': '12', 'cLogReleas': '12.1.2410', 'nLogCtsErr': '', 'cLogBancod': 'ORACLE', 'cLogIdenti': '', 'cLogIdExec': '20251204', 'cLogPais': 'BRA', 'cLogTool': 'TIR', 'cLogSequen': 'c70942', 'nLogCtsTot': 1, 'cLogDtExea': '04/12/2025', 'cLogHrExea': '08:07:45', 'cLogArea': 'Desenvolvimento', 'cLogMnExec': 1.1108333333333333}
2025-12-04 08:07:45,489-INFO-root-46768::log::send_log_with_retries|515:: Saving log locally.
2025-12-04 08:07:45,489-INFO-root-46768::log::save_log_locally|548:: [FwSendLog]: Não foi possível enviar o log após todas as tentativas.
2025-12-04 08:07:45,490-INFO-root-46768::log::save_log_locally|555:: [FwSendLog]: Log salvo localmente em C:\TIR_TESTE\1764846465.json.
2025-12-04 08:07:45,490-INFO-root-46768::webapp_internal::WaitShow|4980:: Waiting show text 'Moedas'...
2025-12-04 08:07:50,801-INFO-root-46768::webapp_internal::WaitShow|4980:: Waiting show text 'Tipos de Convênios'...
2025-12-04 08:07:50,869-INFO-root-46768::webapp_internal::WaitShow|4996:: Text found! 
2025-12-04 08:07:50,869-INFO-root-46768::webapp_internal::SetButton|4444:: Clicking on Incluir
2025-12-04 08:07:50,869-DEBUG-root-46768::webapp_internal::wait_blocker|2444:: Waiting blocker to continue...
2025-12-04 08:07:51,011-DEBUG-root-46768::webapp_internal::wait_blocker|2469:: Blocker status: False
2025-12-04 08:07:51,407-DEBUG-root-46768::webapp_internal::wait_element_timeout|7728:: Element found! Waiting for element to be displayed.
2025-12-04 08:07:51,705-DEBUG-root-46768::webapp_internal::SetButton|4481:: ***System Info*** Before Clicking on button:Incluir
2025-12-04 08:07:51,705-DEBUG-root-46768::psutil_info::system_info|5:: CPU USAGE: 11.9%
2025-12-04 08:07:51,705-DEBUG-root-46768::psutil_info::system_info|6:: MEMORY USAGE: 88.8%
2025-12-04 08:07:51,705-DEBUG-root-46768::psutil_info::system_info|7:: MEMORY AVAILABLE: 11.23%
2025-12-04 08:07:52,079-DEBUG-root-46768::webapp_internal::wait_element_timeout|7728:: Element found! Waiting for element to be displayed.
2025-12-04 08:07:52,435-DEBUG-root-46768::webapp_internal::wait_blocker|2444:: Waiting blocker to continue...
2025-12-04 08:07:52,547-DEBUG-root-46768::webapp_internal::wait_blocker|2469:: Blocker status: False
2025-12-04 08:07:52,580-DEBUG-root-46768::webapp_internal::wait_blocker|2444:: Waiting blocker to continue...
2025-12-04 08:07:52,694-DEBUG-root-46768::webapp_internal::wait_blocker|2469:: Blocker status: False
2025-12-04 08:07:52,694-DEBUG-root-46768::webapp_internal::send_action|10482:: Trying to send action
2025-12-04 08:07:52,697-DEBUG-root-46768::base::click|192:: Click Type: ClickType.JS
2025-12-04 08:07:53,748-DEBUG-root-46768::webapp_internal::send_action|10524:: send_action method result = True
2025-12-04 08:07:53,748-DEBUG-root-46768::webapp_internal::send_action|10525:: send_action selenium status: False
2025-12-04 08:07:53,749-DEBUG-root-46768::webapp_internal::SetButton|4683:: ***System Info*** After Clicking on button:
2025-12-04 08:07:53,749-DEBUG-root-46768::psutil_info::system_info|5:: CPU USAGE: 14.2%
2025-12-04 08:07:53,749-DEBUG-root-46768::psutil_info::system_info|6:: MEMORY USAGE: 88.9%
2025-12-04 08:07:53,750-DEBUG-root-46768::psutil_info::system_info|7:: MEMORY AVAILABLE: 11.12%
2025-12-04 08:07:53,750-INFO-root-46768::webapp_internal::WaitShow|4980:: Waiting show text 'Tipos de Convenios - INCLUIR'...
2025-12-04 08:07:53,880-INFO-root-46768::webapp_internal::WaitShow|4996:: Text found! 
2025-12-04 08:07:53,880-DEBUG-root-46768::webapp_internal::SetFocus|6011:: Setting focus on element ZD_DESCONV.
2025-12-04 08:07:54,036-DEBUG-root-46768::base::click|192:: Click Type: ClickType.SELENIUM
2025-12-04 08:07:54,106-DEBUG-root-46768::webapp_internal::wait_blocker|2444:: Waiting blocker to continue...
2025-12-04 08:07:54,238-DEBUG-root-46768::webapp_internal::wait_blocker|2469:: Blocker status: False
2025-12-04 08:07:54,238-DEBUG-root-46768::webapp_internal::wait_element|7625:: Waiting for element
2025-12-04 08:07:54,333-DEBUG-root-46768::webapp_internal::wait_element|7655:: Element found! Waiting for element to be displayed.
2025-12-04 08:07:54,409-INFO-root-46768::webapp_internal::input_value|2941:: Looking for element: ZD_DESCONV
2025-12-04 08:07:54,514-INFO-root-46768::webapp_internal::input_value|2951:: Element: ZD_DESCONV Found!
2025-12-04 08:07:54,514-INFO-root-46768::webapp_internal::input_value|2953:: Filling element: ZD_DESCONV
2025-12-04 08:07:54,538-DEBUG-root-46768::webapp_internal::get_web_value|3232:: Current value:                                                             
2025-12-04 08:07:54,570-DEBUG-root-46768::base::double_click|259:: Click Type: ClickType.SELENIUM
2025-12-04 08:07:54,822-DEBUG-root-46768::webapp_internal::wait_blocker|2444:: Waiting blocker to continue...
2025-12-04 08:07:54,944-DEBUG-root-46768::webapp_internal::wait_blocker|2469:: Blocker status: False
2025-12-04 08:07:55,283-DEBUG-root-46768::webapp_internal::get_web_value|3232:: Current value: TESTE INCLUSAO 01                                           
2025-12-04 08:07:55,283-INFO-root-46768::webapp_internal::input_value|3059:: Current field value: TESTE INCLUSAO 01
2025-12-04 08:07:55,309-DEBUG-root-46768::webapp_internal::wait_blocker|2444:: Waiting blocker to continue...
2025-12-04 08:07:55,455-DEBUG-root-46768::webapp_internal::wait_blocker|2469:: Blocker status: False
2025-12-04 08:07:55,457-INFO-root-46768::webapp_internal::SetKey|5822:: Key pressed: TAB
2025-12-04 08:07:55,457-DEBUG-root-46768::webapp_internal::SetKey|5857:: Trying press key
2025-12-04 08:07:57,461-DEBUG-root-46768::webapp_internal::wait_blocker|2444:: Waiting blocker to continue...
2025-12-04 08:07:57,594-DEBUG-root-46768::webapp_internal::wait_blocker|2469:: Blocker status: False
2025-12-04 08:07:57,659-DEBUG-root-46768::webapp_internal::wait_blocker|2444:: Waiting blocker to continue...
2025-12-04 08:07:57,795-DEBUG-root-46768::webapp_internal::wait_blocker|2469:: Blocker status: False
2025-12-04 08:07:57,795-DEBUG-root-46768::webapp_internal::send_action|10482:: Trying to send action
2025-12-04 08:07:58,833-DEBUG-root-46768::webapp_internal::send_action|10524:: send_action method result = True
2025-12-04 08:07:58,833-DEBUG-root-46768::webapp_internal::send_action|10525:: send_action selenium status: False
2025-12-04 08:07:58,834-DEBUG-root-46768::webapp_internal::wait_blocker|2444:: Waiting blocker to continue...
2025-12-04 08:07:58,974-DEBUG-root-46768::webapp_internal::wait_blocker|2469:: Blocker status: False
2025-12-04 08:07:58,974-DEBUG-root-46768::webapp_internal::wait_element|7625:: Waiting for element
2025-12-04 08:07:59,054-DEBUG-root-46768::webapp_internal::wait_element|7655:: Element found! Waiting for element to be displayed.
2025-12-04 08:07:59,139-INFO-root-46768::webapp_internal::input_value|2941:: Looking for element: ZD_TPMOV
2025-12-04 08:07:59,253-INFO-root-46768::webapp_internal::input_value|2951:: Element: ZD_TPMOV Found!
2025-12-04 08:07:59,253-INFO-root-46768::webapp_internal::input_value|2953:: Filling element: ZD_TPMOV
2025-12-04 08:08:00,451-INFO-root-46768::base::select_combo|871:: Selected value for combo is: 1 - Titular
2025-12-04 08:08:00,498-DEBUG-root-46768::webapp_internal::wait_blocker|2444:: Waiting blocker to continue...
2025-12-04 08:08:00,644-DEBUG-root-46768::webapp_internal::wait_blocker|2469:: Blocker status: False
2025-12-04 08:08:00,645-DEBUG-root-46768::webapp_internal::wait_element|7625:: Waiting for element
2025-12-04 08:08:00,729-DEBUG-root-46768::webapp_internal::wait_element|7655:: Element found! Waiting for element to be displayed.
2025-12-04 08:08:00,790-INFO-root-46768::webapp_internal::input_value|2941:: Looking for element: ZD_TPALTSA
2025-12-04 08:08:00,908-INFO-root-46768::webapp_internal::input_value|2951:: Element: ZD_TPALTSA Found!
2025-12-04 08:08:00,908-INFO-root-46768::webapp_internal::input_value|2953:: Filling element: ZD_TPALTSA
2025-12-04 08:08:00,931-DEBUG-root-46768::webapp_internal::get_web_value|3232:: Current value:    
2025-12-04 08:08:00,962-DEBUG-root-46768::base::double_click|259:: Click Type: ClickType.SELENIUM
2025-12-04 08:08:01,215-DEBUG-root-46768::webapp_internal::wait_blocker|2444:: Waiting blocker to continue...
2025-12-04 08:08:01,358-DEBUG-root-46768::webapp_internal::wait_blocker|2469:: Blocker status: False
2025-12-04 08:08:01,682-DEBUG-root-46768::webapp_internal::get_web_value|3232:: Current value: 003
2025-12-04 08:08:01,682-INFO-root-46768::webapp_internal::input_value|3059:: Current field value: 003
2025-12-04 08:08:01,693-INFO-root-46768::webapp_internal::WaitShow|4980:: Waiting show text 'Histórico'...
2025-12-04 08:08:03,388-INFO-root-46768::webapp_internal::WaitShow|4996:: Text found! 
2025-12-04 08:08:03,388-DEBUG-root-46768::webapp_internal::wait_blocker|2444:: Waiting blocker to continue...
2025-12-04 08:08:03,511-DEBUG-root-46768::webapp_internal::wait_blocker|2469:: Blocker status: False
2025-12-04 08:08:03,511-INFO-root-46768::webapp_internal::SetKey|5822:: Key pressed: TAB
2025-12-04 08:08:03,511-DEBUG-root-46768::webapp_internal::SetKey|5857:: Trying press key
2025-12-04 08:08:05,519-DEBUG-root-46768::webapp_internal::wait_blocker|2444:: Waiting blocker to continue...
2025-12-04 08:08:05,722-DEBUG-root-46768::webapp_internal::wait_blocker|2469:: Blocker status: False
2025-12-04 08:08:05,748-DEBUG-root-46768::webapp_internal::wait_blocker|2444:: Waiting blocker to continue...
2025-12-04 08:08:05,880-DEBUG-root-46768::webapp_internal::wait_blocker|2469:: Blocker status: False
2025-12-04 08:08:05,881-DEBUG-root-46768::webapp_internal::send_action|10482:: Trying to send action
2025-12-04 08:08:06,940-DEBUG-root-46768::webapp_internal::send_action|10524:: send_action method result = True
2025-12-04 08:08:06,941-DEBUG-root-46768::webapp_internal::send_action|10525:: send_action selenium status: False
2025-12-04 08:08:06,941-DEBUG-root-46768::webapp_internal::wait_blocker|2444:: Waiting blocker to continue...
2025-12-04 08:08:07,111-DEBUG-root-46768::webapp_internal::wait_blocker|2469:: Blocker status: False
2025-12-04 08:08:07,111-INFO-root-46768::webapp_internal::SetKey|5822:: Key pressed: TAB
2025-12-04 08:08:07,111-DEBUG-root-46768::webapp_internal::SetKey|5857:: Trying press key
2025-12-04 08:08:09,116-DEBUG-root-46768::webapp_internal::wait_blocker|2444:: Waiting blocker to continue...
2025-12-04 08:08:09,261-DEBUG-root-46768::webapp_internal::wait_blocker|2469:: Blocker status: False
2025-12-04 08:08:09,297-DEBUG-root-46768::webapp_internal::wait_blocker|2444:: Waiting blocker to continue...
2025-12-04 08:08:09,424-DEBUG-root-46768::webapp_internal::wait_blocker|2469:: Blocker status: False
2025-12-04 08:08:09,424-DEBUG-root-46768::webapp_internal::send_action|10482:: Trying to send action
2025-12-04 08:08:10,459-DEBUG-root-46768::webapp_internal::send_action|10524:: send_action method result = True
2025-12-04 08:08:10,459-DEBUG-root-46768::webapp_internal::send_action|10525:: send_action selenium status: False
2025-12-04 08:08:10,459-DEBUG-root-46768::webapp_internal::wait_blocker|2444:: Waiting blocker to continue...
2025-12-04 08:08:10,608-DEBUG-root-46768::webapp_internal::wait_blocker|2469:: Blocker status: False
2025-12-04 08:08:10,608-INFO-root-46768::webapp_internal::SetKey|5822:: Key pressed: TAB
2025-12-04 08:08:10,608-DEBUG-root-46768::webapp_internal::SetKey|5857:: Trying press key
2025-12-04 08:08:12,612-DEBUG-root-46768::webapp_internal::wait_blocker|2444:: Waiting blocker to continue...
2025-12-04 08:08:12,763-DEBUG-root-46768::webapp_internal::wait_blocker|2469:: Blocker status: False
2025-12-04 08:08:12,790-DEBUG-root-46768::webapp_internal::wait_blocker|2444:: Waiting blocker to continue...
2025-12-04 08:08:12,920-DEBUG-root-46768::webapp_internal::wait_blocker|2469:: Blocker status: False
2025-12-04 08:08:12,920-DEBUG-root-46768::webapp_internal::send_action|10482:: Trying to send action
2025-12-04 08:08:13,959-DEBUG-root-46768::webapp_internal::send_action|10524:: send_action method result = True
2025-12-04 08:08:13,959-DEBUG-root-46768::webapp_internal::send_action|10525:: send_action selenium status: False
2025-12-04 08:08:13,960-DEBUG-root-46768::webapp_internal::wait_blocker|2444:: Waiting blocker to continue...
2025-12-04 08:08:14,083-DEBUG-root-46768::webapp_internal::wait_blocker|2469:: Blocker status: False
2025-12-04 08:08:14,083-INFO-root-46768::webapp_internal::SetKey|5822:: Key pressed: TAB
2025-12-04 08:08:14,083-DEBUG-root-46768::webapp_internal::SetKey|5857:: Trying press key
2025-12-04 08:08:16,087-DEBUG-root-46768::webapp_internal::wait_blocker|2444:: Waiting blocker to continue...
2025-12-04 08:08:16,214-DEBUG-root-46768::webapp_internal::wait_blocker|2469:: Blocker status: False
2025-12-04 08:08:16,241-DEBUG-root-46768::webapp_internal::wait_blocker|2444:: Waiting blocker to continue...
2025-12-04 08:08:16,365-DEBUG-root-46768::webapp_internal::wait_blocker|2469:: Blocker status: False
2025-12-04 08:08:16,365-DEBUG-root-46768::webapp_internal::send_action|10482:: Trying to send action
2025-12-04 08:08:17,411-DEBUG-root-46768::webapp_internal::send_action|10524:: send_action method result = True
2025-12-04 08:08:17,411-DEBUG-root-46768::webapp_internal::send_action|10525:: send_action selenium status: False
2025-12-04 08:08:17,411-DEBUG-root-46768::webapp_internal::wait_element|7625:: Waiting for element
2025-12-04 08:08:17,489-DEBUG-root-46768::webapp_internal::wait_element|7655:: Element found! Waiting for element to be displayed.
2025-12-04 08:08:17,713-DEBUG-root-46768::webapp_internal::wait_blocker|2444:: Waiting blocker to continue...
2025-12-04 08:08:17,865-DEBUG-root-46768::webapp_internal::wait_blocker|2469:: Blocker status: False
2025-12-04 08:08:17,866-INFO-root-46768::webapp_internal::LoadGrid|6298:: Filling grid field: Data Inicio
2025-12-04 08:08:17,866-ERROR-root-46768::webapp_internal::fill_grid|6677:: fill grid error: name 'fill_attempt' is not defined
Traceback (most recent call last):
  File "C:\TIR_TESTE\venv\Lib\site-packages\tir\technologies\webapp_internal.py", line 6397, in fill_grid
    if fill_attempt >= max_fill_attempts:
       ^^^^^^^^^^^^
NameError: name 'fill_attempt' is not defined
2025-12-04 08:08:17,868-WARNING-root-46768::webapp_internal::log_error|8145:: Warning log_error fill grid error: name 'fill_attempt' is not defined
2025-12-04 08:08:17,868-DEBUG-root-46768::webapp_internal::log_error|8148:: ***System Info*** in log_error():
2025-12-04 08:08:17,868-DEBUG-root-46768::psutil_info::system_info|5:: CPU USAGE: 8.6%
2025-12-04 08:08:17,869-DEBUG-root-46768::psutil_info::system_info|6:: MEMORY USAGE: 88.0%
2025-12-04 08:08:17,869-DEBUG-root-46768::psutil_info::system_info|7:: MEMORY AVAILABLE: 11.95%
2025-12-04 08:08:19,333-ERROR-root-46768::webapp_internal::TearDown|9656:: Warning tearDown Close Message: Tried to run command without establishing a connection
Traceback (most recent call last):
  File "C:\TIR_TESTE\venv\Lib\site-packages\tir\technologies\webapp_internal.py", line 9654, in TearDown
    self.driver.close()
  File "C:\TIR_TESTE\venv\Lib\site-packages\selenium\webdriver\remote\webdriver.py", line 458, in close
    self.execute(Command.CLOSE)
  File "C:\TIR_TESTE\venv\Lib\site-packages\selenium\webdriver\remote\webdriver.py", line 347, in execute
    self.error_handler.check_response(response)
  File "C:\TIR_TESTE\venv\Lib\site-packages\selenium\webdriver\remote\errorhandler.py", line 229, in check_response
    raise exception_class(message, screen, stacktrace)
selenium.common.exceptions.InvalidSessionIdException: Message: Tried to run command without establishing a connection

