2025-12-05 07:40:08,489-DEBUG-root-29112::logging_config::logger|189:: Log file created: 'Log\GESIT03\TIR__20251205074008464.log'
2025-12-05 07:40:08,489-INFO-root-29112::base::Start|1183:: TIR Version: 2.4.3
2025-12-05 07:40:08,489-INFO-root-29112::base::Start|1184:: Python Version: 3.12.10
2025-12-05 07:40:08,489-INFO-root-29112::base::Start|1185:: Starting the browser
2025-12-05 07:40:15,971-INFO-root-29112::base::get_url|1294:: Page is ready!
2025-12-05 07:40:16,007-INFO-root-29112::base::Start|1256:: Browser maximized to 1936x1048
2025-12-05 07:40:16,008-INFO-root-29112::base::Start|1258:: Screen size is different from default used in headless mode
2025-12-05 07:40:16,139-INFO-root-29112::webapp_internal::Setup|247:: ***System Info*** in Setup():
2025-12-05 07:40:16,139-DEBUG-root-29112::psutil_info::system_info|5:: CPU USAGE: 21.2%
2025-12-05 07:40:16,139-DEBUG-root-29112::psutil_info::system_info|6:: MEMORY USAGE: 85.0%
2025-12-05 07:40:16,141-DEBUG-root-29112::psutil_info::system_info|7:: MEMORY AVAILABLE: 15.0%
2025-12-05 07:40:16,147-INFO-root-29112::base::webapp_shadowroot|1394:: Webapp: 10.1.6-RC4
2025-12-05 07:40:16,177-INFO-root-29112::webapp_internal::filling_initial_program|449:: Filling Initial Program: "SIGAMDI"
2025-12-05 07:40:16,177-DEBUG-root-29112::webapp_internal::wait_element|7623:: Waiting for element
2025-12-05 07:40:16,219-DEBUG-root-29112::webapp_internal::wait_element|7653:: Element found! Waiting for element to be displayed.
2025-12-05 07:40:16,426-DEBUG-root-29112::base::click|192:: Click Type: ClickType.JS
2025-12-05 07:40:16,434-DEBUG-root-29112::webapp_internal::try_send_keys|7976:: Trying to send keys to element using technique 0
2025-12-05 07:40:17,027-DEBUG-root-29112::webapp_internal::get_web_value|3232:: Current value: SIGAMDI
2025-12-05 07:40:17,027-INFO-root-29112::webapp_internal::filling_server_environment|463:: Filling Server Environment: "POUPEX_TST"
2025-12-05 07:40:17,028-DEBUG-root-29112::webapp_internal::wait_element|7623:: Waiting for element
2025-12-05 07:40:17,059-DEBUG-root-29112::webapp_internal::wait_element|7653:: Element found! Waiting for element to be displayed.
2025-12-05 07:40:17,225-DEBUG-root-29112::base::click|192:: Click Type: ClickType.JS
2025-12-05 07:40:17,232-DEBUG-root-29112::webapp_internal::try_send_keys|7976:: Trying to send keys to element using technique 0
2025-12-05 07:40:17,927-DEBUG-root-29112::webapp_internal::get_web_value|3232:: Current value: POUPEX_TST
2025-12-05 07:40:17,953-DEBUG-root-29112::base::click|192:: Click Type: ClickType.JS
2025-12-05 07:40:17,966-DEBUG-root-29112::webapp_internal::user_screen|519:: Filling user screen
2025-12-05 07:40:24,553-DEBUG-root-29112::webapp_internal::wait_element_timeout|7726:: Element found! Waiting for element to be displayed.
2025-12-05 07:40:24,602-DEBUG-root-29112::base::scroll_to_element|759:: ********Warining scroll_to_element exception: Message: TypeError: can't access property "scrollIntoView", arguments[0] is null
Stacktrace:
@https://qasrverp:10020/webapp/:2:7
@https://qasrverp:10020/webapp/:3:8
*********
2025-12-05 07:40:24,751-INFO-root-29112::webapp_internal::user_screen|561:: Filling User
2025-12-05 07:40:24,776-DEBUG-root-29112::base::double_click|259:: Click Type: ClickType.SELENIUM
2025-12-05 07:40:24,970-DEBUG-root-29112::webapp_internal::get_web_value|3232:: Current value: 97137227104
2025-12-05 07:40:24,996-INFO-root-29112::webapp_internal::user_screen|621:: Filling Password
2025-12-05 07:40:25,017-DEBUG-root-29112::base::click|192:: Click Type: ClickType.JS
2025-12-05 07:40:25,106-DEBUG-root-29112::webapp_internal::get_web_value|3232:: Current value: Val20221080080094+
2025-12-05 07:40:25,106-DEBUG-root-29112::webapp_internal::wait_blocker|2444:: Waiting blocker to continue...
2025-12-05 07:40:25,137-DEBUG-root-29112::webapp_internal::wait_blocker|2469:: Blocker status: None
2025-12-05 07:40:25,164-DEBUG-root-29112::webapp_internal::wait_blocker|2444:: Waiting blocker to continue...
2025-12-05 07:40:25,204-DEBUG-root-29112::webapp_internal::wait_blocker|2469:: Blocker status: None
2025-12-05 07:40:25,245-DEBUG-root-29112::webapp_internal::wait_blocker|2444:: Waiting blocker to continue...
2025-12-05 07:40:25,285-DEBUG-root-29112::webapp_internal::wait_blocker|2469:: Blocker status: None
2025-12-05 07:40:25,285-DEBUG-root-29112::webapp_internal::send_action|10480:: Trying to send action
2025-12-05 07:40:25,293-DEBUG-root-29112::base::click|192:: Click Type: ClickType.JS
2025-12-05 07:40:26,343-DEBUG-root-29112::webapp_internal::send_action|10522:: send_action method result = True
2025-12-05 07:40:26,343-DEBUG-root-29112::webapp_internal::send_action|10523:: send_action selenium status: False
2025-12-05 07:40:29,011-DEBUG-root-29112::base::scroll_to_element|759:: ********Warining scroll_to_element exception: Message: TypeError: can't access property "scrollIntoView", arguments[0] is null
Stacktrace:
@https://qasrverp:10020/webapp/:2:7
@https://qasrverp:10020/webapp/:3:8
*********
2025-12-05 07:40:29,078-INFO-root-29112::webapp_internal::filling_date|885:: Filling Date: "05/11/2025"
2025-12-05 07:40:29,078-DEBUG-root-29112::webapp_internal::wait_blocker|2444:: Waiting blocker to continue...
2025-12-05 07:40:29,122-DEBUG-root-29112::webapp_internal::wait_blocker|2469:: Blocker status: None
2025-12-05 07:40:29,124-DEBUG-root-29112::base::click|192:: Click Type: ClickType.JS
2025-12-05 07:40:29,143-DEBUG-root-29112::webapp_internal::try_send_keys|7976:: Trying to send keys to element using technique 1
2025-12-05 07:40:29,239-DEBUG-root-29112::webapp_internal::get_web_value|3232:: Current value: 05/11/2025
2025-12-05 07:40:30,337-INFO-root-29112::webapp_internal::filling_group|955:: Filling Group: "02"
2025-12-05 07:40:30,338-DEBUG-root-29112::webapp_internal::wait_blocker|2444:: Waiting blocker to continue...
2025-12-05 07:40:30,375-DEBUG-root-29112::webapp_internal::wait_blocker|2469:: Blocker status: None
2025-12-05 07:40:30,378-DEBUG-root-29112::base::click|192:: Click Type: ClickType.JS
2025-12-05 07:40:30,444-DEBUG-root-29112::webapp_internal::get_web_value|3232:: Current value: 02
2025-12-05 07:40:31,541-INFO-root-29112::webapp_internal::filling_branch|1047:: Filling Branch: "02DF0001"
2025-12-05 07:40:31,541-DEBUG-root-29112::webapp_internal::wait_blocker|2444:: Waiting blocker to continue...
2025-12-05 07:40:31,578-DEBUG-root-29112::webapp_internal::wait_blocker|2469:: Blocker status: None
2025-12-05 07:40:31,582-DEBUG-root-29112::base::click|192:: Click Type: ClickType.JS
2025-12-05 07:40:31,645-DEBUG-root-29112::webapp_internal::get_web_value|3232:: Current value: 02DF0001
2025-12-05 07:40:32,742-INFO-root-29112::webapp_internal::filling_environment|1113:: Filling Environment: "07"
2025-12-05 07:40:32,742-DEBUG-root-29112::webapp_internal::wait_blocker|2444:: Waiting blocker to continue...
2025-12-05 07:40:32,788-DEBUG-root-29112::webapp_internal::wait_blocker|2469:: Blocker status: None
2025-12-05 07:40:32,792-DEBUG-root-29112::base::click|192:: Click Type: ClickType.JS
2025-12-05 07:40:32,879-DEBUG-root-29112::webapp_internal::get_web_value|3232:: Current value: 07
2025-12-05 07:40:33,891-DEBUG-root-29112::webapp_internal::close_warning_screen|1489:: Closing warning screen!
2025-12-05 07:40:34,927-DEBUG-root-29112::webapp_internal::check_screen_element|1291:: Checking screen element: "Atenção": False
2025-12-05 07:40:36,043-INFO-root-29112::webapp_internal::environment_screen|796:: Clicking on Button
2025-12-05 07:40:36,043-DEBUG-root-29112::webapp_internal::wait_blocker|2444:: Waiting blocker to continue...
2025-12-05 07:40:36,085-DEBUG-root-29112::webapp_internal::wait_blocker|2469:: Blocker status: None
2025-12-05 07:40:36,088-DEBUG-root-29112::base::click|192:: Click Type: ClickType.JS
2025-12-05 07:40:37,102-DEBUG-root-29112::base::click|192:: Click Type: ClickType.JS
2025-12-05 07:40:38,111-DEBUG-root-29112::base::click|192:: Click Type: ClickType.JS
2025-12-05 07:40:39,119-DEBUG-root-29112::base::click|192:: Click Type: ClickType.JS
2025-12-05 07:40:40,128-DEBUG-root-29112::base::click|192:: Click Type: ClickType.JS
2025-12-05 07:40:41,136-DEBUG-root-29112::base::click|192:: Click Type: ClickType.JS
2025-12-05 07:40:42,145-DEBUG-root-29112::webapp_internal::close_screen_before_menu|368:: Closing screen before the menu
2025-12-05 07:40:42,206-DEBUG-root-29112::webapp_internal::close_warning_screen|1489:: Closing warning screen!
2025-12-05 07:40:43,251-DEBUG-root-29112::webapp_internal::check_screen_element|1291:: Checking screen element: "Atenção": False
2025-12-05 07:40:43,251-DEBUG-root-29112::webapp_internal::close_coin_screen|1424:: Closing coin screen!
2025-12-05 07:40:43,813-DEBUG-root-29112::base::click|192:: Click Type: ClickType.JS
2025-12-05 07:40:43,889-DEBUG-root-29112::webapp_internal::close_warning_screen|1489:: Closing warning screen!
2025-12-05 07:40:44,941-DEBUG-root-29112::webapp_internal::check_screen_element|1291:: Checking screen element: "Atenção": False
2025-12-05 07:40:44,942-DEBUG-root-29112::webapp_internal::close_coin_screen|1424:: Closing coin screen!
2025-12-05 07:40:45,070-INFO-root-29112::webapp_internal::set_log_info|1623:: Getting log info
2025-12-05 07:40:45,071-INFO-root-29112::webapp_internal::SetLateralMenu|4184:: Navigating lateral menu: Ajuda > Sobre
2025-12-05 07:40:45,085-DEBUG-root-29112::webapp_internal::wait_element|7623:: Waiting for element
2025-12-05 07:40:45,133-DEBUG-root-29112::webapp_internal::wait_element|7653:: Element found! Waiting for element to be displayed.
2025-12-05 07:40:45,307-INFO-root-29112::webapp_internal::SetLateralMenu|4203:: Menu item: "Ajuda"
2025-12-05 07:40:45,307-DEBUG-root-29112::webapp_internal::wait_blocker|2444:: Waiting blocker to continue...
2025-12-05 07:40:45,382-DEBUG-root-29112::webapp_internal::wait_blocker|2469:: Blocker status: False
2025-12-05 07:40:45,797-DEBUG-root-29112::webapp_internal::wait_element_timeout|7726:: Element found! Waiting for element to be displayed.
2025-12-05 07:40:46,127-DEBUG-root-29112::webapp_internal::wait_blocker|2444:: Waiting blocker to continue...
2025-12-05 07:40:46,196-DEBUG-root-29112::webapp_internal::wait_blocker|2469:: Blocker status: False
2025-12-05 07:40:48,495-INFO-root-29112::webapp_internal::SetLateralMenu|4203:: Menu item: "Sobre"
2025-12-05 07:40:48,495-DEBUG-root-29112::webapp_internal::wait_blocker|2444:: Waiting blocker to continue...
2025-12-05 07:40:48,562-DEBUG-root-29112::webapp_internal::wait_blocker|2469:: Blocker status: False
2025-12-05 07:40:49,036-DEBUG-root-29112::webapp_internal::wait_element_timeout|7726:: Element found! Waiting for element to be displayed.
2025-12-05 07:40:49,462-DEBUG-root-29112::webapp_internal::wait_blocker|2444:: Waiting blocker to continue...
2025-12-05 07:40:49,544-DEBUG-root-29112::webapp_internal::wait_blocker|2469:: Blocker status: False
2025-12-05 07:40:52,243-DEBUG-root-29112::webapp_internal::wait_blocker|2444:: Waiting blocker to continue...
2025-12-05 07:40:52,346-DEBUG-root-29112::webapp_internal::wait_blocker|2469:: Blocker status: False
2025-12-05 07:40:52,425-DEBUG-root-29112::webapp_internal::wait_element|7623:: Waiting for element
2025-12-05 07:40:52,474-DEBUG-root-29112::webapp_internal::wait_element|7653:: Element found! Waiting for element to be displayed.
2025-12-05 07:40:52,659-INFO-root-29112::webapp_internal::SetButton|4444:: Clicking on Fechar
2025-12-05 07:40:52,659-DEBUG-root-29112::webapp_internal::wait_blocker|2444:: Waiting blocker to continue...
2025-12-05 07:40:52,738-DEBUG-root-29112::webapp_internal::wait_blocker|2469:: Blocker status: False
2025-12-05 07:40:52,927-DEBUG-root-29112::webapp_internal::wait_element_timeout|7726:: Element found! Waiting for element to be displayed.
2025-12-05 07:40:53,022-DEBUG-root-29112::webapp_internal::SetButton|4481:: ***System Info*** Before Clicking on button:Fechar
2025-12-05 07:40:53,023-DEBUG-root-29112::psutil_info::system_info|5:: CPU USAGE: 13.8%
2025-12-05 07:40:53,023-DEBUG-root-29112::psutil_info::system_info|6:: MEMORY USAGE: 84.0%
2025-12-05 07:40:53,023-DEBUG-root-29112::psutil_info::system_info|7:: MEMORY AVAILABLE: 16.02%
2025-12-05 07:40:53,197-DEBUG-root-29112::webapp_internal::wait_element_timeout|7726:: Element found! Waiting for element to be displayed.
2025-12-05 07:40:53,347-DEBUG-root-29112::webapp_internal::wait_blocker|2444:: Waiting blocker to continue...
2025-12-05 07:40:53,433-DEBUG-root-29112::webapp_internal::wait_blocker|2469:: Blocker status: False
2025-12-05 07:40:53,455-DEBUG-root-29112::webapp_internal::wait_blocker|2444:: Waiting blocker to continue...
2025-12-05 07:40:53,543-DEBUG-root-29112::webapp_internal::wait_blocker|2469:: Blocker status: False
2025-12-05 07:40:53,544-DEBUG-root-29112::webapp_internal::send_action|10480:: Trying to send action
2025-12-05 07:40:53,547-DEBUG-root-29112::base::click|192:: Click Type: ClickType.JS
2025-12-05 07:40:54,582-DEBUG-root-29112::webapp_internal::send_action|10522:: send_action method result = True
2025-12-05 07:40:54,583-DEBUG-root-29112::webapp_internal::send_action|10523:: send_action selenium status: False
2025-12-05 07:40:54,583-DEBUG-root-29112::webapp_internal::SetButton|4683:: ***System Info*** After Clicking on button:
2025-12-05 07:40:54,583-DEBUG-root-29112::psutil_info::system_info|5:: CPU USAGE: 12.3%
2025-12-05 07:40:54,583-DEBUG-root-29112::psutil_info::system_info|6:: MEMORY USAGE: 83.9%
2025-12-05 07:40:54,585-DEBUG-root-29112::psutil_info::system_info|7:: MEMORY AVAILABLE: 16.06%
2025-12-05 07:40:54,585-DEBUG-root-29112::webapp_internal::wait_element|7623:: Waiting for element
2025-12-05 07:40:54,689-INFO-root-29112::webapp_internal::SetLateralMenu|4184:: Navigating lateral menu: Atualizações > Especificos > Tipo de Convenio
2025-12-05 07:40:54,698-DEBUG-root-29112::webapp_internal::wait_element|7623:: Waiting for element
2025-12-05 07:40:54,739-DEBUG-root-29112::webapp_internal::wait_element|7653:: Element found! Waiting for element to be displayed.
2025-12-05 07:40:54,917-INFO-root-29112::webapp_internal::SetLateralMenu|4203:: Menu item: "Atualizações"
2025-12-05 07:40:54,918-DEBUG-root-29112::webapp_internal::wait_blocker|2444:: Waiting blocker to continue...
2025-12-05 07:40:54,999-DEBUG-root-29112::webapp_internal::wait_blocker|2469:: Blocker status: False
2025-12-05 07:40:55,483-DEBUG-root-29112::webapp_internal::wait_element_timeout|7726:: Element found! Waiting for element to be displayed.
2025-12-05 07:40:55,923-DEBUG-root-29112::webapp_internal::wait_blocker|2444:: Waiting blocker to continue...
2025-12-05 07:40:55,992-DEBUG-root-29112::webapp_internal::wait_blocker|2469:: Blocker status: False
2025-12-05 07:40:58,293-INFO-root-29112::webapp_internal::SetLateralMenu|4203:: Menu item: "Especificos"
2025-12-05 07:40:58,293-DEBUG-root-29112::webapp_internal::wait_blocker|2444:: Waiting blocker to continue...
2025-12-05 07:40:58,394-DEBUG-root-29112::webapp_internal::wait_blocker|2469:: Blocker status: False
2025-12-05 07:40:59,278-DEBUG-root-29112::webapp_internal::wait_element_timeout|7726:: Element found! Waiting for element to be displayed.
2025-12-05 07:41:00,106-DEBUG-root-29112::webapp_internal::wait_blocker|2444:: Waiting blocker to continue...
2025-12-05 07:41:00,204-DEBUG-root-29112::webapp_internal::wait_blocker|2469:: Blocker status: False
2025-12-05 07:41:02,497-INFO-root-29112::webapp_internal::SetLateralMenu|4203:: Menu item: "Tipo de Convenio"
2025-12-05 07:41:02,498-DEBUG-root-29112::webapp_internal::wait_blocker|2444:: Waiting blocker to continue...
2025-12-05 07:41:02,607-DEBUG-root-29112::webapp_internal::wait_blocker|2469:: Blocker status: False
2025-12-05 07:41:04,375-DEBUG-root-29112::webapp_internal::wait_element_timeout|7726:: Element found! Waiting for element to be displayed.
2025-12-05 07:41:06,426-DEBUG-root-29112::webapp_internal::wait_blocker|2444:: Waiting blocker to continue...
2025-12-05 07:41:06,557-DEBUG-root-29112::webapp_internal::wait_blocker|2469:: Blocker status: False
2025-12-05 07:41:11,751-DEBUG-root-29112::webapp_internal::wait_blocker|2444:: Waiting blocker to continue...
2025-12-05 07:41:11,869-DEBUG-root-29112::webapp_internal::wait_blocker|2469:: Blocker status: False
2025-12-05 07:41:12,004-INFO-root-29112::webapp_internal::WaitShow|4980:: Waiting show text 'Este ambiente utiliza base de Homologação.'...
2025-12-05 07:41:17,860-DEBUG-root-29112::log::checks_empty_line|221:: Checking empty default log info
2025-12-05 07:41:17,863-DEBUG-root-29112::log::generate_log|503:: Json log_data: {'cLogDtExec': '05/12/2025 07:41:17', 'cLogNomUsr': '97137227104', 'cLogNomEst': 'GESIT03', 'cLogProgra': None, 'cLogDtProg': '', 'cLogHrProg': '', 'nLogCtsOk': 1, 'nLogCtsNok': 0, 'nLogCtsSeg': 69.81, 'cLogVersao': '12', 'cLogReleas': '12.1.2410', 'nLogCtsErr': '', 'cLogBancod': 'ORACLE', 'cLogIdenti': '', 'cLogIdExec': '20251205', 'cLogPais': 'BRA', 'cLogTool': 'TIR', 'cLogSequen': '07d5ce', 'nLogCtsTot': 1, 'cLogDtExea': '05/12/2025', 'cLogHrExea': '07:41:17', 'cLogArea': 'Desenvolvimento', 'cLogMnExec': 1.1635}
2025-12-05 07:41:17,864-INFO-root-29112::log::send_log_with_retries|515:: Saving log locally.
2025-12-05 07:41:17,864-INFO-root-29112::log::save_log_locally|548:: [FwSendLog]: Não foi possível enviar o log após todas as tentativas.
2025-12-05 07:41:17,866-INFO-root-29112::log::save_log_locally|555:: [FwSendLog]: Log salvo localmente em C:\TIR_TESTE\1764931277.json.
2025-12-05 07:41:17,866-INFO-root-29112::webapp_internal::WaitShow|4980:: Waiting show text 'Moedas'...
2025-12-05 07:41:23,328-INFO-root-29112::webapp_internal::WaitShow|4980:: Waiting show text 'Tipos de Convênios'...
2025-12-05 07:41:23,418-INFO-root-29112::webapp_internal::WaitShow|4996:: Text found! 
2025-12-05 07:41:23,418-INFO-root-29112::webapp_internal::SetButton|4444:: Clicking on Incluir
2025-12-05 07:41:23,418-DEBUG-root-29112::webapp_internal::wait_blocker|2444:: Waiting blocker to continue...
2025-12-05 07:41:23,562-DEBUG-root-29112::webapp_internal::wait_blocker|2469:: Blocker status: False
2025-12-05 07:41:24,097-DEBUG-root-29112::webapp_internal::wait_element_timeout|7726:: Element found! Waiting for element to be displayed.
2025-12-05 07:41:24,485-DEBUG-root-29112::webapp_internal::SetButton|4481:: ***System Info*** Before Clicking on button:Incluir
2025-12-05 07:41:24,486-DEBUG-root-29112::psutil_info::system_info|5:: CPU USAGE: 17.7%
2025-12-05 07:41:24,486-DEBUG-root-29112::psutil_info::system_info|6:: MEMORY USAGE: 85.0%
2025-12-05 07:41:24,487-DEBUG-root-29112::psutil_info::system_info|7:: MEMORY AVAILABLE: 14.97%
2025-12-05 07:41:24,956-DEBUG-root-29112::webapp_internal::wait_element_timeout|7726:: Element found! Waiting for element to be displayed.
2025-12-05 07:41:25,424-DEBUG-root-29112::webapp_internal::wait_blocker|2444:: Waiting blocker to continue...
2025-12-05 07:41:25,585-DEBUG-root-29112::webapp_internal::wait_blocker|2469:: Blocker status: False
2025-12-05 07:41:25,623-DEBUG-root-29112::webapp_internal::wait_blocker|2444:: Waiting blocker to continue...
2025-12-05 07:41:25,763-DEBUG-root-29112::webapp_internal::wait_blocker|2469:: Blocker status: False
2025-12-05 07:41:25,763-DEBUG-root-29112::webapp_internal::send_action|10480:: Trying to send action
2025-12-05 07:41:25,769-DEBUG-root-29112::base::click|192:: Click Type: ClickType.JS
2025-12-05 07:41:26,849-DEBUG-root-29112::webapp_internal::send_action|10522:: send_action method result = True
2025-12-05 07:41:26,849-DEBUG-root-29112::webapp_internal::send_action|10523:: send_action selenium status: False
2025-12-05 07:41:26,849-DEBUG-root-29112::webapp_internal::SetButton|4683:: ***System Info*** After Clicking on button:
2025-12-05 07:41:26,850-DEBUG-root-29112::psutil_info::system_info|5:: CPU USAGE: 18.2%
2025-12-05 07:41:26,850-DEBUG-root-29112::psutil_info::system_info|6:: MEMORY USAGE: 85.3%
2025-12-05 07:41:26,851-DEBUG-root-29112::psutil_info::system_info|7:: MEMORY AVAILABLE: 14.68%
2025-12-05 07:41:26,851-INFO-root-29112::webapp_internal::WaitShow|4980:: Waiting show text 'Tipos de Convenios - INCLUIR'...
2025-12-05 07:41:27,049-INFO-root-29112::webapp_internal::WaitShow|4996:: Text found! 
2025-12-05 07:41:27,049-DEBUG-root-29112::webapp_internal::SetFocus|6011:: Setting focus on element ZD_DESCONV.
2025-12-05 07:41:27,257-DEBUG-root-29112::base::click|192:: Click Type: ClickType.SELENIUM
2025-12-05 07:41:27,327-DEBUG-root-29112::webapp_internal::wait_blocker|2444:: Waiting blocker to continue...
2025-12-05 07:41:27,538-DEBUG-root-29112::webapp_internal::wait_blocker|2469:: Blocker status: False
2025-12-05 07:41:27,538-DEBUG-root-29112::webapp_internal::wait_element|7623:: Waiting for element
2025-12-05 07:41:27,647-DEBUG-root-29112::webapp_internal::wait_element|7653:: Element found! Waiting for element to be displayed.
2025-12-05 07:41:27,736-INFO-root-29112::webapp_internal::input_value|2941:: Looking for element: ZD_DESCONV
2025-12-05 07:41:27,919-INFO-root-29112::webapp_internal::input_value|2951:: Element: ZD_DESCONV Found!
2025-12-05 07:41:27,919-INFO-root-29112::webapp_internal::input_value|2953:: Filling element: ZD_DESCONV
2025-12-05 07:41:27,976-DEBUG-root-29112::webapp_internal::get_web_value|3232:: Current value:                                                             
2025-12-05 07:41:28,028-DEBUG-root-29112::base::double_click|259:: Click Type: ClickType.SELENIUM
2025-12-05 07:41:28,306-DEBUG-root-29112::webapp_internal::wait_blocker|2444:: Waiting blocker to continue...
2025-12-05 07:41:28,469-DEBUG-root-29112::webapp_internal::wait_blocker|2469:: Blocker status: False
2025-12-05 07:41:28,837-DEBUG-root-29112::webapp_internal::get_web_value|3232:: Current value: TESTE INCLUSAO                                              
2025-12-05 07:41:28,837-INFO-root-29112::webapp_internal::input_value|3059:: Current field value: TESTE INCLUSAO
2025-12-05 07:41:28,870-DEBUG-root-29112::webapp_internal::wait_blocker|2444:: Waiting blocker to continue...
2025-12-05 07:41:29,037-DEBUG-root-29112::webapp_internal::wait_blocker|2469:: Blocker status: False
2025-12-05 07:41:29,038-INFO-root-29112::webapp_internal::SetKey|5822:: Key pressed: TAB
2025-12-05 07:41:29,038-DEBUG-root-29112::webapp_internal::SetKey|5857:: Trying press key
2025-12-05 07:41:31,041-DEBUG-root-29112::webapp_internal::wait_blocker|2444:: Waiting blocker to continue...
2025-12-05 07:41:31,160-DEBUG-root-29112::webapp_internal::wait_blocker|2469:: Blocker status: False
2025-12-05 07:41:31,185-DEBUG-root-29112::webapp_internal::wait_blocker|2444:: Waiting blocker to continue...
2025-12-05 07:41:31,311-DEBUG-root-29112::webapp_internal::wait_blocker|2469:: Blocker status: False
2025-12-05 07:41:31,311-DEBUG-root-29112::webapp_internal::send_action|10480:: Trying to send action
2025-12-05 07:41:32,348-DEBUG-root-29112::webapp_internal::send_action|10522:: send_action method result = True
2025-12-05 07:41:32,348-DEBUG-root-29112::webapp_internal::send_action|10523:: send_action selenium status: False
2025-12-05 07:41:32,348-DEBUG-root-29112::webapp_internal::wait_blocker|2444:: Waiting blocker to continue...
2025-12-05 07:41:32,506-DEBUG-root-29112::webapp_internal::wait_blocker|2469:: Blocker status: False
2025-12-05 07:41:32,507-DEBUG-root-29112::webapp_internal::wait_element|7623:: Waiting for element
2025-12-05 07:41:32,578-DEBUG-root-29112::webapp_internal::wait_element|7653:: Element found! Waiting for element to be displayed.
2025-12-05 07:41:32,640-INFO-root-29112::webapp_internal::input_value|2941:: Looking for element: ZD_TPMOV
2025-12-05 07:41:32,754-INFO-root-29112::webapp_internal::input_value|2951:: Element: ZD_TPMOV Found!
2025-12-05 07:41:32,754-INFO-root-29112::webapp_internal::input_value|2953:: Filling element: ZD_TPMOV
2025-12-05 07:41:33,954-INFO-root-29112::base::select_combo|871:: Selected value for combo is: 1 - Titular
2025-12-05 07:41:34,003-DEBUG-root-29112::webapp_internal::wait_blocker|2444:: Waiting blocker to continue...
2025-12-05 07:41:34,122-DEBUG-root-29112::webapp_internal::wait_blocker|2469:: Blocker status: False
2025-12-05 07:41:34,122-DEBUG-root-29112::webapp_internal::wait_element|7623:: Waiting for element
2025-12-05 07:41:34,192-DEBUG-root-29112::webapp_internal::wait_element|7653:: Element found! Waiting for element to be displayed.
2025-12-05 07:41:34,252-INFO-root-29112::webapp_internal::input_value|2941:: Looking for element: ZD_TPALTSA
2025-12-05 07:41:34,357-INFO-root-29112::webapp_internal::input_value|2951:: Element: ZD_TPALTSA Found!
2025-12-05 07:41:34,358-INFO-root-29112::webapp_internal::input_value|2953:: Filling element: ZD_TPALTSA
2025-12-05 07:41:34,389-DEBUG-root-29112::webapp_internal::get_web_value|3232:: Current value:    
2025-12-05 07:41:34,425-DEBUG-root-29112::base::double_click|259:: Click Type: ClickType.SELENIUM
2025-12-05 07:41:34,696-DEBUG-root-29112::webapp_internal::wait_blocker|2444:: Waiting blocker to continue...
2025-12-05 07:41:34,834-DEBUG-root-29112::webapp_internal::wait_blocker|2469:: Blocker status: False
2025-12-05 07:41:35,158-DEBUG-root-29112::webapp_internal::get_web_value|3232:: Current value: 003
2025-12-05 07:41:35,159-INFO-root-29112::webapp_internal::input_value|3059:: Current field value: 003
2025-12-05 07:41:35,168-INFO-root-29112::webapp_internal::WaitShow|4980:: Waiting show text 'Histórico'...
2025-12-05 07:41:36,887-INFO-root-29112::webapp_internal::WaitShow|4996:: Text found! 
2025-12-05 07:41:36,887-DEBUG-root-29112::webapp_internal::wait_blocker|2444:: Waiting blocker to continue...
2025-12-05 07:41:37,007-DEBUG-root-29112::webapp_internal::wait_blocker|2469:: Blocker status: False
2025-12-05 07:41:37,007-INFO-root-29112::webapp_internal::SetKey|5822:: Key pressed: TAB
2025-12-05 07:41:37,008-DEBUG-root-29112::webapp_internal::SetKey|5857:: Trying press key
2025-12-05 07:41:37,008-DEBUG-root-29112::webapp_internal::wait_element|7623:: Waiting for element
2025-12-05 07:41:37,078-DEBUG-root-29112::webapp_internal::wait_element|7653:: Element found! Waiting for element to be displayed.
2025-12-05 07:41:37,295-DEBUG-root-29112::webapp_internal::wait_blocker|2444:: Waiting blocker to continue...
2025-12-05 07:41:37,418-DEBUG-root-29112::webapp_internal::wait_blocker|2469:: Blocker status: False
2025-12-05 07:41:37,418-INFO-root-29112::webapp_internal::LoadGrid|6298:: Filling grid field: Data Inicio
2025-12-05 07:41:37,419-DEBUG-root-29112::webapp_internal::fill_grid|6399:: Grid loading...
2025-12-05 07:41:37,526-DEBUG-root-29112::webapp_internal::fill_grid|6466:: Column found!
2025-12-05 07:41:37,560-DEBUG-root-29112::base::click|192:: Click Type: ClickType.ACTIONCHAINS
2025-12-05 07:41:42,981-DEBUG-root-29112::webapp_internal::fill_grid|6498:: Trying open cell in grid!
2025-12-05 07:41:43,269-DEBUG-root-29112::webapp_internal::wait_blocker|2444:: Waiting blocker to continue...
2025-12-05 07:41:43,405-DEBUG-root-29112::webapp_internal::wait_blocker|2469:: Blocker status: False
2025-12-05 07:41:43,611-DEBUG-root-29112::webapp_internal::wait_element_timeout|7726:: Element found! Waiting for element to be displayed.
2025-12-05 07:41:43,945-DEBUG-root-29112::webapp_internal::fill_grid|6577:: Sending keys: 05/11/2025
2025-12-05 07:41:44,256-DEBUG-root-29112::webapp_internal::wait_blocker|2444:: Waiting blocker to continue...
2025-12-05 07:41:44,391-DEBUG-root-29112::webapp_internal::wait_blocker|2469:: Blocker status: False
2025-12-05 07:41:49,752-DEBUG-root-29112::webapp_internal::wait_blocker|2444:: Waiting blocker to continue...
2025-12-05 07:41:49,879-DEBUG-root-29112::webapp_internal::wait_blocker|2469:: Blocker status: False
2025-12-05 07:41:49,905-DEBUG-root-29112::webapp_internal::wait_blocker|2444:: Waiting blocker to continue...
2025-12-05 07:41:50,027-DEBUG-root-29112::webapp_internal::wait_blocker|2469:: Blocker status: False
2025-12-05 07:41:50,027-DEBUG-root-29112::webapp_internal::send_action|10480:: Trying to send action
2025-12-05 07:41:51,062-DEBUG-root-29112::webapp_internal::send_action|10522:: send_action method result = True
2025-12-05 07:41:51,062-DEBUG-root-29112::webapp_internal::send_action|10523:: send_action selenium status: False
2025-12-05 07:41:51,063-DEBUG-root-29112::webapp_internal::wait_blocker|2444:: Waiting blocker to continue...
2025-12-05 07:41:51,201-DEBUG-root-29112::webapp_internal::wait_blocker|2469:: Blocker status: False
2025-12-05 07:41:51,201-INFO-root-29112::webapp_internal::SetKey|5822:: Key pressed: TAB
2025-12-05 07:41:51,201-DEBUG-root-29112::webapp_internal::SetKey|5857:: Trying press key
2025-12-05 07:41:51,202-DEBUG-root-29112::webapp_internal::wait_element|7623:: Waiting for element
2025-12-05 07:41:51,273-DEBUG-root-29112::webapp_internal::wait_element|7653:: Element found! Waiting for element to be displayed.
2025-12-05 07:41:51,487-DEBUG-root-29112::webapp_internal::wait_blocker|2444:: Waiting blocker to continue...
2025-12-05 07:41:51,625-DEBUG-root-29112::webapp_internal::wait_blocker|2469:: Blocker status: False
2025-12-05 07:41:51,625-INFO-root-29112::webapp_internal::LoadGrid|6298:: Filling grid field: Vlr Titular
2025-12-05 07:41:51,625-DEBUG-root-29112::webapp_internal::fill_grid|6399:: Grid loading...
2025-12-05 07:41:51,747-DEBUG-root-29112::webapp_internal::fill_grid|6466:: Column found!
2025-12-05 07:41:51,792-DEBUG-root-29112::base::click|192:: Click Type: ClickType.ACTIONCHAINS
2025-12-05 07:41:57,231-DEBUG-root-29112::webapp_internal::fill_grid|6498:: Trying open cell in grid!
2025-12-05 07:41:57,521-DEBUG-root-29112::webapp_internal::wait_blocker|2444:: Waiting blocker to continue...
2025-12-05 07:41:57,680-DEBUG-root-29112::webapp_internal::wait_blocker|2469:: Blocker status: False
2025-12-05 07:41:57,862-DEBUG-root-29112::webapp_internal::wait_element_timeout|7726:: Element found! Waiting for element to be displayed.
2025-12-05 07:41:58,058-DEBUG-root-29112::base::click|192:: Click Type: ClickType.JS
2025-12-05 07:41:58,272-DEBUG-root-29112::webapp_internal::fill_grid|6577:: Sending keys: 256
2025-12-05 07:41:58,561-DEBUG-root-29112::webapp_internal::wait_blocker|2444:: Waiting blocker to continue...
2025-12-05 07:41:58,689-DEBUG-root-29112::webapp_internal::wait_blocker|2469:: Blocker status: False
2025-12-05 07:41:58,858-DEBUG-root-29112::webapp_internal::wait_element_timeout|7726:: Element found! Waiting for element to be displayed.
2025-12-05 07:41:59,211-DEBUG-root-29112::webapp_internal::wait_blocker|2444:: Waiting blocker to continue...
2025-12-05 07:41:59,327-DEBUG-root-29112::webapp_internal::wait_blocker|2469:: Blocker status: False
2025-12-05 07:41:59,351-DEBUG-root-29112::webapp_internal::wait_blocker|2444:: Waiting blocker to continue...
2025-12-05 07:41:59,471-DEBUG-root-29112::webapp_internal::wait_blocker|2469:: Blocker status: False
2025-12-05 07:41:59,471-DEBUG-root-29112::webapp_internal::send_action|10480:: Trying to send action
2025-12-05 07:42:00,507-DEBUG-root-29112::webapp_internal::send_action|10522:: send_action method result = True
2025-12-05 07:42:00,507-DEBUG-root-29112::webapp_internal::send_action|10523:: send_action selenium status: False
2025-12-05 07:42:00,508-DEBUG-root-29112::webapp_internal::wait_blocker|2444:: Waiting blocker to continue...
2025-12-05 07:42:00,640-DEBUG-root-29112::webapp_internal::wait_blocker|2469:: Blocker status: False
2025-12-05 07:42:00,640-INFO-root-29112::webapp_internal::SetKey|5822:: Key pressed: TAB
2025-12-05 07:42:00,640-DEBUG-root-29112::webapp_internal::SetKey|5857:: Trying press key
2025-12-05 07:42:00,641-DEBUG-root-29112::webapp_internal::wait_element|7623:: Waiting for element
2025-12-05 07:42:00,737-DEBUG-root-29112::webapp_internal::wait_element|7653:: Element found! Waiting for element to be displayed.
2025-12-05 07:42:00,954-DEBUG-root-29112::webapp_internal::wait_blocker|2444:: Waiting blocker to continue...
2025-12-05 07:42:01,077-DEBUG-root-29112::webapp_internal::wait_blocker|2469:: Blocker status: False
2025-12-05 07:42:01,077-INFO-root-29112::webapp_internal::LoadGrid|6298:: Filling grid field: Vlr Dependen
2025-12-05 07:42:01,077-DEBUG-root-29112::webapp_internal::fill_grid|6399:: Grid loading...
2025-12-05 07:42:01,193-DEBUG-root-29112::webapp_internal::fill_grid|6466:: Column found!
2025-12-05 07:42:01,227-DEBUG-root-29112::base::click|192:: Click Type: ClickType.ACTIONCHAINS
2025-12-05 07:42:06,552-DEBUG-root-29112::webapp_internal::fill_grid|6498:: Trying open cell in grid!
2025-12-05 07:42:06,842-DEBUG-root-29112::webapp_internal::wait_blocker|2444:: Waiting blocker to continue...
2025-12-05 07:42:07,014-DEBUG-root-29112::webapp_internal::wait_blocker|2469:: Blocker status: False
2025-12-05 07:42:07,195-DEBUG-root-29112::webapp_internal::wait_element_timeout|7726:: Element found! Waiting for element to be displayed.
2025-12-05 07:42:07,398-DEBUG-root-29112::base::click|192:: Click Type: ClickType.JS
2025-12-05 07:42:07,591-DEBUG-root-29112::webapp_internal::fill_grid|6577:: Sending keys: 128
2025-12-05 07:42:07,890-DEBUG-root-29112::webapp_internal::wait_blocker|2444:: Waiting blocker to continue...
2025-12-05 07:42:08,030-DEBUG-root-29112::webapp_internal::wait_blocker|2469:: Blocker status: False
2025-12-05 07:42:08,185-DEBUG-root-29112::webapp_internal::wait_element_timeout|7726:: Element found! Waiting for element to be displayed.
2025-12-05 07:42:08,520-DEBUG-root-29112::webapp_internal::wait_blocker|2444:: Waiting blocker to continue...
2025-12-05 07:42:08,667-DEBUG-root-29112::webapp_internal::wait_blocker|2469:: Blocker status: False
2025-12-05 07:42:08,692-DEBUG-root-29112::webapp_internal::wait_blocker|2444:: Waiting blocker to continue...
2025-12-05 07:42:08,813-DEBUG-root-29112::webapp_internal::wait_blocker|2469:: Blocker status: False
2025-12-05 07:42:08,813-DEBUG-root-29112::webapp_internal::send_action|10480:: Trying to send action
2025-12-05 07:42:09,848-DEBUG-root-29112::webapp_internal::send_action|10522:: send_action method result = True
2025-12-05 07:42:09,849-DEBUG-root-29112::webapp_internal::send_action|10523:: send_action selenium status: False
2025-12-05 07:42:09,849-DEBUG-root-29112::webapp_internal::wait_blocker|2444:: Waiting blocker to continue...
2025-12-05 07:42:09,981-DEBUG-root-29112::webapp_internal::wait_blocker|2469:: Blocker status: False
2025-12-05 07:42:09,981-INFO-root-29112::webapp_internal::SetKey|5822:: Key pressed: TAB
2025-12-05 07:42:09,981-DEBUG-root-29112::webapp_internal::SetKey|5857:: Trying press key
2025-12-05 07:42:09,981-DEBUG-root-29112::webapp_internal::wait_element|7623:: Waiting for element
2025-12-05 07:42:10,079-DEBUG-root-29112::webapp_internal::wait_element|7653:: Element found! Waiting for element to be displayed.
2025-12-05 07:42:10,310-DEBUG-root-29112::webapp_internal::wait_blocker|2444:: Waiting blocker to continue...
2025-12-05 07:42:10,427-DEBUG-root-29112::webapp_internal::wait_blocker|2469:: Blocker status: False
2025-12-05 07:42:10,427-INFO-root-29112::webapp_internal::LoadGrid|6298:: Filling grid field: Verba
2025-12-05 07:42:10,427-DEBUG-root-29112::webapp_internal::fill_grid|6399:: Grid loading...
2025-12-05 07:42:10,541-DEBUG-root-29112::webapp_internal::fill_grid|6466:: Column found!
2025-12-05 07:42:10,576-DEBUG-root-29112::base::click|192:: Click Type: ClickType.ACTIONCHAINS
2025-12-05 07:42:15,965-DEBUG-root-29112::webapp_internal::fill_grid|6498:: Trying open cell in grid!
2025-12-05 07:42:16,257-DEBUG-root-29112::webapp_internal::wait_blocker|2444:: Waiting blocker to continue...
2025-12-05 07:42:16,404-DEBUG-root-29112::webapp_internal::wait_blocker|2469:: Blocker status: False
2025-12-05 07:42:16,592-DEBUG-root-29112::webapp_internal::wait_element_timeout|7726:: Element found! Waiting for element to be displayed.
2025-12-05 07:42:16,955-DEBUG-root-29112::webapp_internal::fill_grid|6577:: Sending keys: 010
2025-12-05 07:42:17,269-DEBUG-root-29112::webapp_internal::wait_blocker|2444:: Waiting blocker to continue...
2025-12-05 07:42:17,402-DEBUG-root-29112::webapp_internal::wait_blocker|2469:: Blocker status: False
2025-12-05 07:42:22,819-DEBUG-root-29112::webapp_internal::wait_blocker|2444:: Waiting blocker to continue...
2025-12-05 07:42:22,935-DEBUG-root-29112::webapp_internal::wait_blocker|2469:: Blocker status: False
2025-12-05 07:42:22,958-DEBUG-root-29112::webapp_internal::wait_blocker|2444:: Waiting blocker to continue...
2025-12-05 07:42:23,075-DEBUG-root-29112::webapp_internal::wait_blocker|2469:: Blocker status: False
2025-12-05 07:42:23,075-DEBUG-root-29112::webapp_internal::send_action|10480:: Trying to send action
2025-12-05 07:42:24,110-DEBUG-root-29112::webapp_internal::send_action|10522:: send_action method result = True
2025-12-05 07:42:24,110-DEBUG-root-29112::webapp_internal::send_action|10523:: send_action selenium status: False
2025-12-05 07:42:24,111-DEBUG-root-29112::webapp_internal::wait_blocker|2444:: Waiting blocker to continue...
2025-12-05 07:42:24,246-DEBUG-root-29112::webapp_internal::wait_blocker|2469:: Blocker status: False
2025-12-05 07:42:24,246-INFO-root-29112::webapp_internal::SetKey|5822:: Key pressed: TAB
2025-12-05 07:42:24,246-DEBUG-root-29112::webapp_internal::SetKey|5857:: Trying press key
2025-12-05 07:42:24,246-DEBUG-root-29112::webapp_internal::wait_element|7623:: Waiting for element
2025-12-05 07:42:24,336-DEBUG-root-29112::webapp_internal::wait_element|7653:: Element found! Waiting for element to be displayed.
2025-12-05 07:42:24,553-DEBUG-root-29112::webapp_internal::wait_blocker|2444:: Waiting blocker to continue...
2025-12-05 07:42:24,669-DEBUG-root-29112::webapp_internal::wait_blocker|2469:: Blocker status: False
2025-12-05 07:42:24,670-INFO-root-29112::webapp_internal::LoadGrid|6298:: Filling grid field: Verba s/Inci
2025-12-05 07:42:24,670-DEBUG-root-29112::webapp_internal::fill_grid|6399:: Grid loading...
2025-12-05 07:42:24,790-DEBUG-root-29112::webapp_internal::fill_grid|6466:: Column found!
2025-12-05 07:42:24,821-DEBUG-root-29112::base::click|192:: Click Type: ClickType.ACTIONCHAINS
2025-12-05 07:42:30,220-DEBUG-root-29112::webapp_internal::fill_grid|6498:: Trying open cell in grid!
2025-12-05 07:42:30,496-DEBUG-root-29112::webapp_internal::wait_blocker|2444:: Waiting blocker to continue...
2025-12-05 07:42:30,628-DEBUG-root-29112::webapp_internal::wait_blocker|2469:: Blocker status: False
2025-12-05 07:42:30,831-DEBUG-root-29112::webapp_internal::wait_element_timeout|7726:: Element found! Waiting for element to be displayed.
2025-12-05 07:42:31,155-DEBUG-root-29112::webapp_internal::fill_grid|6577:: Sending keys: 010
2025-12-05 07:42:31,451-DEBUG-root-29112::webapp_internal::wait_blocker|2444:: Waiting blocker to continue...
2025-12-05 07:42:31,591-DEBUG-root-29112::webapp_internal::wait_blocker|2469:: Blocker status: False
2025-12-05 07:42:37,027-DEBUG-root-29112::webapp_internal::wait_blocker|2444:: Waiting blocker to continue...
2025-12-05 07:42:37,147-DEBUG-root-29112::webapp_internal::wait_blocker|2469:: Blocker status: False
2025-12-05 07:42:37,171-DEBUG-root-29112::webapp_internal::wait_blocker|2444:: Waiting blocker to continue...
2025-12-05 07:42:37,302-DEBUG-root-29112::webapp_internal::wait_blocker|2469:: Blocker status: False
2025-12-05 07:42:37,303-DEBUG-root-29112::webapp_internal::send_action|10480:: Trying to send action
2025-12-05 07:42:38,338-DEBUG-root-29112::webapp_internal::send_action|10522:: send_action method result = True
2025-12-05 07:42:38,339-DEBUG-root-29112::webapp_internal::send_action|10523:: send_action selenium status: False
2025-12-05 07:42:38,539-INFO-root-29112::webapp_internal::SetButton|4444:: Clicking on Confirmar
2025-12-05 07:42:38,539-DEBUG-root-29112::webapp_internal::wait_blocker|2444:: Waiting blocker to continue...
2025-12-05 07:42:38,659-DEBUG-root-29112::webapp_internal::wait_blocker|2469:: Blocker status: False
2025-12-05 07:42:38,998-DEBUG-root-29112::webapp_internal::wait_element_timeout|7726:: Element found! Waiting for element to be displayed.
2025-12-05 07:42:39,220-DEBUG-root-29112::webapp_internal::SetButton|4481:: ***System Info*** Before Clicking on button:Confirmar
2025-12-05 07:42:39,220-DEBUG-root-29112::psutil_info::system_info|5:: CPU USAGE: 9.0%
2025-12-05 07:42:39,220-DEBUG-root-29112::psutil_info::system_info|6:: MEMORY USAGE: 85.7%
2025-12-05 07:42:39,220-DEBUG-root-29112::psutil_info::system_info|7:: MEMORY AVAILABLE: 14.3%
2025-12-05 07:42:39,540-DEBUG-root-29112::webapp_internal::wait_element_timeout|7726:: Element found! Waiting for element to be displayed.
2025-12-05 07:42:39,848-DEBUG-root-29112::webapp_internal::wait_blocker|2444:: Waiting blocker to continue...
2025-12-05 07:42:40,008-DEBUG-root-29112::webapp_internal::wait_blocker|2469:: Blocker status: False
2025-12-05 07:42:40,040-DEBUG-root-29112::webapp_internal::wait_blocker|2444:: Waiting blocker to continue...
2025-12-05 07:42:40,161-DEBUG-root-29112::webapp_internal::wait_blocker|2469:: Blocker status: False
2025-12-05 07:42:40,161-DEBUG-root-29112::webapp_internal::send_action|10480:: Trying to send action
2025-12-05 07:42:40,162-DEBUG-root-29112::base::click|192:: Click Type: ClickType.JS
2025-12-05 07:42:41,221-DEBUG-root-29112::webapp_internal::send_action|10522:: send_action method result = True
2025-12-05 07:42:41,221-DEBUG-root-29112::webapp_internal::send_action|10523:: send_action selenium status: False
2025-12-05 07:42:41,222-DEBUG-root-29112::webapp_internal::SetButton|4683:: ***System Info*** After Clicking on button:
2025-12-05 07:42:41,222-DEBUG-root-29112::psutil_info::system_info|5:: CPU USAGE: 9.6%
2025-12-05 07:42:41,222-DEBUG-root-29112::psutil_info::system_info|6:: MEMORY USAGE: 86.0%
2025-12-05 07:42:41,223-DEBUG-root-29112::psutil_info::system_info|7:: MEMORY AVAILABLE: 13.96%
2025-12-05 07:42:41,223-INFO-root-29112::webapp_internal::WaitShow|4980:: Waiting show text 'Registro inserido com sucesso.'...
2025-12-05 07:42:41,306-INFO-root-29112::webapp_internal::WaitShow|4996:: Text found! 
2025-12-05 07:42:41,306-INFO-root-29112::webapp_internal::SetButton|4444:: Clicking on Fechar
2025-12-05 07:42:41,307-DEBUG-root-29112::webapp_internal::wait_blocker|2444:: Waiting blocker to continue...
2025-12-05 07:42:41,478-DEBUG-root-29112::webapp_internal::wait_blocker|2469:: Blocker status: False
2025-12-05 07:42:41,707-DEBUG-root-29112::webapp_internal::wait_element_timeout|7726:: Element found! Waiting for element to be displayed.
2025-12-05 07:42:41,819-DEBUG-root-29112::webapp_internal::SetButton|4481:: ***System Info*** Before Clicking on button:Fechar
2025-12-05 07:42:41,820-DEBUG-root-29112::psutil_info::system_info|5:: CPU USAGE: 12.5%
2025-12-05 07:42:41,820-DEBUG-root-29112::psutil_info::system_info|6:: MEMORY USAGE: 85.7%
2025-12-05 07:42:41,820-DEBUG-root-29112::psutil_info::system_info|7:: MEMORY AVAILABLE: 14.3%
2025-12-05 07:42:42,022-DEBUG-root-29112::webapp_internal::wait_element_timeout|7726:: Element found! Waiting for element to be displayed.
2025-12-05 07:42:42,177-DEBUG-root-29112::webapp_internal::wait_blocker|2444:: Waiting blocker to continue...
2025-12-05 07:42:42,305-DEBUG-root-29112::webapp_internal::wait_blocker|2469:: Blocker status: False
2025-12-05 07:42:42,340-DEBUG-root-29112::webapp_internal::wait_blocker|2444:: Waiting blocker to continue...
2025-12-05 07:42:42,472-DEBUG-root-29112::webapp_internal::wait_blocker|2469:: Blocker status: False
2025-12-05 07:42:42,472-DEBUG-root-29112::webapp_internal::send_action|10480:: Trying to send action
2025-12-05 07:42:42,475-DEBUG-root-29112::base::click|192:: Click Type: ClickType.JS
2025-12-05 07:42:43,596-DEBUG-root-29112::webapp_internal::send_action|10522:: send_action method result = True
2025-12-05 07:42:43,596-DEBUG-root-29112::webapp_internal::send_action|10523:: send_action selenium status: True
2025-12-05 07:42:43,597-DEBUG-root-29112::webapp_internal::SetButton|4683:: ***System Info*** After Clicking on button:
2025-12-05 07:42:43,597-DEBUG-root-29112::psutil_info::system_info|5:: CPU USAGE: 6.5%
2025-12-05 07:42:43,597-DEBUG-root-29112::psutil_info::system_info|6:: MEMORY USAGE: 85.6%
2025-12-05 07:42:43,598-DEBUG-root-29112::psutil_info::system_info|7:: MEMORY AVAILABLE: 14.37%
2025-12-05 07:42:43,598-INFO-root-29112::webapp_internal::WaitShow|4980:: Waiting show text 'Tipos de Convênios'...
2025-12-05 07:42:43,667-INFO-root-29112::webapp_internal::WaitShow|4996:: Text found! 
2025-12-05 07:42:43,667-INFO-root-29112::webapp_internal::SetButton|4444:: Clicking on Visualizar
2025-12-05 07:42:43,667-DEBUG-root-29112::webapp_internal::wait_blocker|2444:: Waiting blocker to continue...
2025-12-05 07:42:43,771-DEBUG-root-29112::webapp_internal::wait_blocker|2469:: Blocker status: False
2025-12-05 07:42:44,145-DEBUG-root-29112::webapp_internal::wait_element_timeout|7726:: Element found! Waiting for element to be displayed.
2025-12-05 07:42:44,412-DEBUG-root-29112::webapp_internal::SetButton|4481:: ***System Info*** Before Clicking on button:Visualizar
2025-12-05 07:42:44,413-DEBUG-root-29112::psutil_info::system_info|5:: CPU USAGE: 15.7%
2025-12-05 07:42:44,413-DEBUG-root-29112::psutil_info::system_info|6:: MEMORY USAGE: 85.9%
2025-12-05 07:42:44,413-DEBUG-root-29112::psutil_info::system_info|7:: MEMORY AVAILABLE: 14.14%
2025-12-05 07:42:44,761-DEBUG-root-29112::webapp_internal::wait_element_timeout|7726:: Element found! Waiting for element to be displayed.
2025-12-05 07:42:45,053-DEBUG-root-29112::webapp_internal::wait_blocker|2444:: Waiting blocker to continue...
2025-12-05 07:42:45,158-DEBUG-root-29112::webapp_internal::wait_blocker|2469:: Blocker status: False
2025-12-05 07:42:45,189-DEBUG-root-29112::webapp_internal::wait_blocker|2444:: Waiting blocker to continue...
2025-12-05 07:42:45,298-DEBUG-root-29112::webapp_internal::wait_blocker|2469:: Blocker status: False
2025-12-05 07:42:45,298-DEBUG-root-29112::webapp_internal::send_action|10480:: Trying to send action
2025-12-05 07:42:45,300-DEBUG-root-29112::base::click|192:: Click Type: ClickType.JS
2025-12-05 07:42:46,346-DEBUG-root-29112::webapp_internal::send_action|10522:: send_action method result = True
2025-12-05 07:42:46,347-DEBUG-root-29112::webapp_internal::send_action|10523:: send_action selenium status: False
2025-12-05 07:42:46,347-DEBUG-root-29112::webapp_internal::SetButton|4683:: ***System Info*** After Clicking on button:
2025-12-05 07:42:46,347-DEBUG-root-29112::psutil_info::system_info|5:: CPU USAGE: 8.9%
2025-12-05 07:42:46,348-DEBUG-root-29112::psutil_info::system_info|6:: MEMORY USAGE: 86.1%
2025-12-05 07:42:46,348-DEBUG-root-29112::psutil_info::system_info|7:: MEMORY AVAILABLE: 13.89%
2025-12-05 07:42:46,348-INFO-root-29112::webapp_internal::WaitShow|4980:: Waiting show text 'Tipos de Convenios - VISUALIZAR'...
2025-12-05 07:42:46,480-INFO-root-29112::webapp_internal::WaitShow|4996:: Text found! 
2025-12-05 07:42:46,480-DEBUG-root-29112::webapp_internal::SetFocus|6011:: Setting focus on element ZD_DESCONV.
2025-12-05 07:42:46,660-DEBUG-root-29112::base::click|192:: Click Type: ClickType.SELENIUM
2025-12-05 07:42:46,734-INFO-root-29112::webapp_internal::WaitShow|4980:: Waiting show text 'ZD_DESCONV'...
2025-12-05 07:40:08,489-DEBUG-root-29112::logging_config::logger|189:: Log file created: 'Log\GESIT03\TIR__20251205074008464.log'
2025-12-05 07:40:08,489-INFO-root-29112::base::Start|1183:: TIR Version: 2.4.3
2025-12-05 07:40:08,489-INFO-root-29112::base::Start|1184:: Python Version: 3.12.10
2025-12-05 07:40:08,489-INFO-root-29112::base::Start|1185:: Starting the browser
2025-12-05 07:40:15,971-INFO-root-29112::base::get_url|1294:: Page is ready!
2025-12-05 07:40:16,007-INFO-root-29112::base::Start|1256:: Browser maximized to 1936x1048
2025-12-05 07:40:16,008-INFO-root-29112::base::Start|1258:: Screen size is different from default used in headless mode
2025-12-05 07:40:16,139-INFO-root-29112::webapp_internal::Setup|247:: ***System Info*** in Setup():
2025-12-05 07:40:16,139-DEBUG-root-29112::psutil_info::system_info|5:: CPU USAGE: 21.2%
2025-12-05 07:40:16,139-DEBUG-root-29112::psutil_info::system_info|6:: MEMORY USAGE: 85.0%
2025-12-05 07:40:16,141-DEBUG-root-29112::psutil_info::system_info|7:: MEMORY AVAILABLE: 15.0%
2025-12-05 07:40:16,147-INFO-root-29112::base::webapp_shadowroot|1394:: Webapp: 10.1.6-RC4
2025-12-05 07:40:16,177-INFO-root-29112::webapp_internal::filling_initial_program|449:: Filling Initial Program: "SIGAMDI"
2025-12-05 07:40:16,177-DEBUG-root-29112::webapp_internal::wait_element|7623:: Waiting for element
2025-12-05 07:40:16,219-DEBUG-root-29112::webapp_internal::wait_element|7653:: Element found! Waiting for element to be displayed.
2025-12-05 07:40:16,426-DEBUG-root-29112::base::click|192:: Click Type: ClickType.JS
2025-12-05 07:40:16,434-DEBUG-root-29112::webapp_internal::try_send_keys|7976:: Trying to send keys to element using technique 0
2025-12-05 07:40:17,027-DEBUG-root-29112::webapp_internal::get_web_value|3232:: Current value: SIGAMDI
2025-12-05 07:40:17,027-INFO-root-29112::webapp_internal::filling_server_environment|463:: Filling Server Environment: "POUPEX_TST"
2025-12-05 07:40:17,028-DEBUG-root-29112::webapp_internal::wait_element|7623:: Waiting for element
2025-12-05 07:40:17,059-DEBUG-root-29112::webapp_internal::wait_element|7653:: Element found! Waiting for element to be displayed.
2025-12-05 07:40:17,225-DEBUG-root-29112::base::click|192:: Click Type: ClickType.JS
2025-12-05 07:40:17,232-DEBUG-root-29112::webapp_internal::try_send_keys|7976:: Trying to send keys to element using technique 0
2025-12-05 07:40:17,927-DEBUG-root-29112::webapp_internal::get_web_value|3232:: Current value: POUPEX_TST
2025-12-05 07:40:17,953-DEBUG-root-29112::base::click|192:: Click Type: ClickType.JS
2025-12-05 07:40:17,966-DEBUG-root-29112::webapp_internal::user_screen|519:: Filling user screen
2025-12-05 07:40:24,553-DEBUG-root-29112::webapp_internal::wait_element_timeout|7726:: Element found! Waiting for element to be displayed.
2025-12-05 07:40:24,602-DEBUG-root-29112::base::scroll_to_element|759:: ********Warining scroll_to_element exception: Message: TypeError: can't access property "scrollIntoView", arguments[0] is null
Stacktrace:
@https://qasrverp:10020/webapp/:2:7
@https://qasrverp:10020/webapp/:3:8
*********
2025-12-05 07:40:24,751-INFO-root-29112::webapp_internal::user_screen|561:: Filling User
2025-12-05 07:40:24,776-DEBUG-root-29112::base::double_click|259:: Click Type: ClickType.SELENIUM
2025-12-05 07:40:24,970-DEBUG-root-29112::webapp_internal::get_web_value|3232:: Current value: 97137227104
2025-12-05 07:40:24,996-INFO-root-29112::webapp_internal::user_screen|621:: Filling Password
2025-12-05 07:40:25,017-DEBUG-root-29112::base::click|192:: Click Type: ClickType.JS
2025-12-05 07:40:25,106-DEBUG-root-29112::webapp_internal::get_web_value|3232:: Current value: Val20221080080094+
2025-12-05 07:40:25,106-DEBUG-root-29112::webapp_internal::wait_blocker|2444:: Waiting blocker to continue...
2025-12-05 07:40:25,137-DEBUG-root-29112::webapp_internal::wait_blocker|2469:: Blocker status: None
2025-12-05 07:40:25,164-DEBUG-root-29112::webapp_internal::wait_blocker|2444:: Waiting blocker to continue...
2025-12-05 07:40:25,204-DEBUG-root-29112::webapp_internal::wait_blocker|2469:: Blocker status: None
2025-12-05 07:40:25,245-DEBUG-root-29112::webapp_internal::wait_blocker|2444:: Waiting blocker to continue...
2025-12-05 07:40:25,285-DEBUG-root-29112::webapp_internal::wait_blocker|2469:: Blocker status: None
2025-12-05 07:40:25,285-DEBUG-root-29112::webapp_internal::send_action|10480:: Trying to send action
2025-12-05 07:40:25,293-DEBUG-root-29112::base::click|192:: Click Type: ClickType.JS
2025-12-05 07:40:26,343-DEBUG-root-29112::webapp_internal::send_action|10522:: send_action method result = True
2025-12-05 07:40:26,343-DEBUG-root-29112::webapp_internal::send_action|10523:: send_action selenium status: False
2025-12-05 07:40:29,011-DEBUG-root-29112::base::scroll_to_element|759:: ********Warining scroll_to_element exception: Message: TypeError: can't access property "scrollIntoView", arguments[0] is null
Stacktrace:
@https://qasrverp:10020/webapp/:2:7
@https://qasrverp:10020/webapp/:3:8
*********
2025-12-05 07:40:29,078-INFO-root-29112::webapp_internal::filling_date|885:: Filling Date: "05/11/2025"
2025-12-05 07:40:29,078-DEBUG-root-29112::webapp_internal::wait_blocker|2444:: Waiting blocker to continue...
2025-12-05 07:40:29,122-DEBUG-root-29112::webapp_internal::wait_blocker|2469:: Blocker status: None
2025-12-05 07:40:29,124-DEBUG-root-29112::base::click|192:: Click Type: ClickType.JS
2025-12-05 07:40:29,143-DEBUG-root-29112::webapp_internal::try_send_keys|7976:: Trying to send keys to element using technique 1
2025-12-05 07:40:29,239-DEBUG-root-29112::webapp_internal::get_web_value|3232:: Current value: 05/11/2025
2025-12-05 07:40:30,337-INFO-root-29112::webapp_internal::filling_group|955:: Filling Group: "02"
2025-12-05 07:40:30,338-DEBUG-root-29112::webapp_internal::wait_blocker|2444:: Waiting blocker to continue...
2025-12-05 07:40:30,375-DEBUG-root-29112::webapp_internal::wait_blocker|2469:: Blocker status: None
2025-12-05 07:40:30,378-DEBUG-root-29112::base::click|192:: Click Type: ClickType.JS
2025-12-05 07:40:30,444-DEBUG-root-29112::webapp_internal::get_web_value|3232:: Current value: 02
2025-12-05 07:40:31,541-INFO-root-29112::webapp_internal::filling_branch|1047:: Filling Branch: "02DF0001"
2025-12-05 07:40:31,541-DEBUG-root-29112::webapp_internal::wait_blocker|2444:: Waiting blocker to continue...
2025-12-05 07:40:31,578-DEBUG-root-29112::webapp_internal::wait_blocker|2469:: Blocker status: None
2025-12-05 07:40:31,582-DEBUG-root-29112::base::click|192:: Click Type: ClickType.JS
2025-12-05 07:40:31,645-DEBUG-root-29112::webapp_internal::get_web_value|3232:: Current value: 02DF0001
2025-12-05 07:40:32,742-INFO-root-29112::webapp_internal::filling_environment|1113:: Filling Environment: "07"
2025-12-05 07:40:32,742-DEBUG-root-29112::webapp_internal::wait_blocker|2444:: Waiting blocker to continue...
2025-12-05 07:40:32,788-DEBUG-root-29112::webapp_internal::wait_blocker|2469:: Blocker status: None
2025-12-05 07:40:32,792-DEBUG-root-29112::base::click|192:: Click Type: ClickType.JS
2025-12-05 07:40:32,879-DEBUG-root-29112::webapp_internal::get_web_value|3232:: Current value: 07
2025-12-05 07:40:33,891-DEBUG-root-29112::webapp_internal::close_warning_screen|1489:: Closing warning screen!
2025-12-05 07:40:34,927-DEBUG-root-29112::webapp_internal::check_screen_element|1291:: Checking screen element: "Atenção": False
2025-12-05 07:40:36,043-INFO-root-29112::webapp_internal::environment_screen|796:: Clicking on Button
2025-12-05 07:40:36,043-DEBUG-root-29112::webapp_internal::wait_blocker|2444:: Waiting blocker to continue...
2025-12-05 07:40:36,085-DEBUG-root-29112::webapp_internal::wait_blocker|2469:: Blocker status: None
2025-12-05 07:40:36,088-DEBUG-root-29112::base::click|192:: Click Type: ClickType.JS
2025-12-05 07:40:37,102-DEBUG-root-29112::base::click|192:: Click Type: ClickType.JS
2025-12-05 07:40:38,111-DEBUG-root-29112::base::click|192:: Click Type: ClickType.JS
2025-12-05 07:40:39,119-DEBUG-root-29112::base::click|192:: Click Type: ClickType.JS
2025-12-05 07:40:40,128-DEBUG-root-29112::base::click|192:: Click Type: ClickType.JS
2025-12-05 07:40:41,136-DEBUG-root-29112::base::click|192:: Click Type: ClickType.JS
2025-12-05 07:40:42,145-DEBUG-root-29112::webapp_internal::close_screen_before_menu|368:: Closing screen before the menu
2025-12-05 07:40:42,206-DEBUG-root-29112::webapp_internal::close_warning_screen|1489:: Closing warning screen!
2025-12-05 07:40:43,251-DEBUG-root-29112::webapp_internal::check_screen_element|1291:: Checking screen element: "Atenção": False
2025-12-05 07:40:43,251-DEBUG-root-29112::webapp_internal::close_coin_screen|1424:: Closing coin screen!
2025-12-05 07:40:43,813-DEBUG-root-29112::base::click|192:: Click Type: ClickType.JS
2025-12-05 07:40:43,889-DEBUG-root-29112::webapp_internal::close_warning_screen|1489:: Closing warning screen!
2025-12-05 07:40:44,941-DEBUG-root-29112::webapp_internal::check_screen_element|1291:: Checking screen element: "Atenção": False
2025-12-05 07:40:44,942-DEBUG-root-29112::webapp_internal::close_coin_screen|1424:: Closing coin screen!
2025-12-05 07:40:45,070-INFO-root-29112::webapp_internal::set_log_info|1623:: Getting log info
2025-12-05 07:40:45,071-INFO-root-29112::webapp_internal::SetLateralMenu|4184:: Navigating lateral menu: Ajuda > Sobre
2025-12-05 07:40:45,085-DEBUG-root-29112::webapp_internal::wait_element|7623:: Waiting for element
2025-12-05 07:40:45,133-DEBUG-root-29112::webapp_internal::wait_element|7653:: Element found! Waiting for element to be displayed.
2025-12-05 07:40:45,307-INFO-root-29112::webapp_internal::SetLateralMenu|4203:: Menu item: "Ajuda"
2025-12-05 07:40:45,307-DEBUG-root-29112::webapp_internal::wait_blocker|2444:: Waiting blocker to continue...
2025-12-05 07:40:45,382-DEBUG-root-29112::webapp_internal::wait_blocker|2469:: Blocker status: False
2025-12-05 07:40:45,797-DEBUG-root-29112::webapp_internal::wait_element_timeout|7726:: Element found! Waiting for element to be displayed.
2025-12-05 07:40:46,127-DEBUG-root-29112::webapp_internal::wait_blocker|2444:: Waiting blocker to continue...
2025-12-05 07:40:46,196-DEBUG-root-29112::webapp_internal::wait_blocker|2469:: Blocker status: False
2025-12-05 07:40:48,495-INFO-root-29112::webapp_internal::SetLateralMenu|4203:: Menu item: "Sobre"
2025-12-05 07:40:48,495-DEBUG-root-29112::webapp_internal::wait_blocker|2444:: Waiting blocker to continue...
2025-12-05 07:40:48,562-DEBUG-root-29112::webapp_internal::wait_blocker|2469:: Blocker status: False
2025-12-05 07:40:49,036-DEBUG-root-29112::webapp_internal::wait_element_timeout|7726:: Element found! Waiting for element to be displayed.
2025-12-05 07:40:49,462-DEBUG-root-29112::webapp_internal::wait_blocker|2444:: Waiting blocker to continue...
2025-12-05 07:40:49,544-DEBUG-root-29112::webapp_internal::wait_blocker|2469:: Blocker status: False
2025-12-05 07:40:52,243-DEBUG-root-29112::webapp_internal::wait_blocker|2444:: Waiting blocker to continue...
2025-12-05 07:40:52,346-DEBUG-root-29112::webapp_internal::wait_blocker|2469:: Blocker status: False
2025-12-05 07:40:52,425-DEBUG-root-29112::webapp_internal::wait_element|7623:: Waiting for element
2025-12-05 07:40:52,474-DEBUG-root-29112::webapp_internal::wait_element|7653:: Element found! Waiting for element to be displayed.
2025-12-05 07:40:52,659-INFO-root-29112::webapp_internal::SetButton|4444:: Clicking on Fechar
2025-12-05 07:40:52,659-DEBUG-root-29112::webapp_internal::wait_blocker|2444:: Waiting blocker to continue...
2025-12-05 07:40:52,738-DEBUG-root-29112::webapp_internal::wait_blocker|2469:: Blocker status: False
2025-12-05 07:40:52,927-DEBUG-root-29112::webapp_internal::wait_element_timeout|7726:: Element found! Waiting for element to be displayed.
2025-12-05 07:40:53,022-DEBUG-root-29112::webapp_internal::SetButton|4481:: ***System Info*** Before Clicking on button:Fechar
2025-12-05 07:40:53,023-DEBUG-root-29112::psutil_info::system_info|5:: CPU USAGE: 13.8%
2025-12-05 07:40:53,023-DEBUG-root-29112::psutil_info::system_info|6:: MEMORY USAGE: 84.0%
2025-12-05 07:40:53,023-DEBUG-root-29112::psutil_info::system_info|7:: MEMORY AVAILABLE: 16.02%
2025-12-05 07:40:53,197-DEBUG-root-29112::webapp_internal::wait_element_timeout|7726:: Element found! Waiting for element to be displayed.
2025-12-05 07:40:53,347-DEBUG-root-29112::webapp_internal::wait_blocker|2444:: Waiting blocker to continue...
2025-12-05 07:40:53,433-DEBUG-root-29112::webapp_internal::wait_blocker|2469:: Blocker status: False
2025-12-05 07:40:53,455-DEBUG-root-29112::webapp_internal::wait_blocker|2444:: Waiting blocker to continue...
2025-12-05 07:40:53,543-DEBUG-root-29112::webapp_internal::wait_blocker|2469:: Blocker status: False
2025-12-05 07:40:53,544-DEBUG-root-29112::webapp_internal::send_action|10480:: Trying to send action
2025-12-05 07:40:53,547-DEBUG-root-29112::base::click|192:: Click Type: ClickType.JS
2025-12-05 07:40:54,582-DEBUG-root-29112::webapp_internal::send_action|10522:: send_action method result = True
2025-12-05 07:40:54,583-DEBUG-root-29112::webapp_internal::send_action|10523:: send_action selenium status: False
2025-12-05 07:40:54,583-DEBUG-root-29112::webapp_internal::SetButton|4683:: ***System Info*** After Clicking on button:
2025-12-05 07:40:54,583-DEBUG-root-29112::psutil_info::system_info|5:: CPU USAGE: 12.3%
2025-12-05 07:40:54,583-DEBUG-root-29112::psutil_info::system_info|6:: MEMORY USAGE: 83.9%
2025-12-05 07:40:54,585-DEBUG-root-29112::psutil_info::system_info|7:: MEMORY AVAILABLE: 16.06%
2025-12-05 07:40:54,585-DEBUG-root-29112::webapp_internal::wait_element|7623:: Waiting for element
2025-12-05 07:40:54,689-INFO-root-29112::webapp_internal::SetLateralMenu|4184:: Navigating lateral menu: Atualizações > Especificos > Tipo de Convenio
2025-12-05 07:40:54,698-DEBUG-root-29112::webapp_internal::wait_element|7623:: Waiting for element
2025-12-05 07:40:54,739-DEBUG-root-29112::webapp_internal::wait_element|7653:: Element found! Waiting for element to be displayed.
2025-12-05 07:40:54,917-INFO-root-29112::webapp_internal::SetLateralMenu|4203:: Menu item: "Atualizações"
2025-12-05 07:40:54,918-DEBUG-root-29112::webapp_internal::wait_blocker|2444:: Waiting blocker to continue...
2025-12-05 07:40:54,999-DEBUG-root-29112::webapp_internal::wait_blocker|2469:: Blocker status: False
2025-12-05 07:40:55,483-DEBUG-root-29112::webapp_internal::wait_element_timeout|7726:: Element found! Waiting for element to be displayed.
2025-12-05 07:40:55,923-DEBUG-root-29112::webapp_internal::wait_blocker|2444:: Waiting blocker to continue...
2025-12-05 07:40:55,992-DEBUG-root-29112::webapp_internal::wait_blocker|2469:: Blocker status: False
2025-12-05 07:40:58,293-INFO-root-29112::webapp_internal::SetLateralMenu|4203:: Menu item: "Especificos"
2025-12-05 07:40:58,293-DEBUG-root-29112::webapp_internal::wait_blocker|2444:: Waiting blocker to continue...
2025-12-05 07:40:58,394-DEBUG-root-29112::webapp_internal::wait_blocker|2469:: Blocker status: False
2025-12-05 07:40:59,278-DEBUG-root-29112::webapp_internal::wait_element_timeout|7726:: Element found! Waiting for element to be displayed.
2025-12-05 07:41:00,106-DEBUG-root-29112::webapp_internal::wait_blocker|2444:: Waiting blocker to continue...
2025-12-05 07:41:00,204-DEBUG-root-29112::webapp_internal::wait_blocker|2469:: Blocker status: False
2025-12-05 07:41:02,497-INFO-root-29112::webapp_internal::SetLateralMenu|4203:: Menu item: "Tipo de Convenio"
2025-12-05 07:41:02,498-DEBUG-root-29112::webapp_internal::wait_blocker|2444:: Waiting blocker to continue...
2025-12-05 07:41:02,607-DEBUG-root-29112::webapp_internal::wait_blocker|2469:: Blocker status: False
2025-12-05 07:41:04,375-DEBUG-root-29112::webapp_internal::wait_element_timeout|7726:: Element found! Waiting for element to be displayed.
2025-12-05 07:41:06,426-DEBUG-root-29112::webapp_internal::wait_blocker|2444:: Waiting blocker to continue...
2025-12-05 07:41:06,557-DEBUG-root-29112::webapp_internal::wait_blocker|2469:: Blocker status: False
2025-12-05 07:41:11,751-DEBUG-root-29112::webapp_internal::wait_blocker|2444:: Waiting blocker to continue...
2025-12-05 07:41:11,869-DEBUG-root-29112::webapp_internal::wait_blocker|2469:: Blocker status: False
2025-12-05 07:41:12,004-INFO-root-29112::webapp_internal::WaitShow|4980:: Waiting show text 'Este ambiente utiliza base de Homologação.'...
2025-12-05 07:41:17,860-DEBUG-root-29112::log::checks_empty_line|221:: Checking empty default log info
2025-12-05 07:41:17,863-DEBUG-root-29112::log::generate_log|503:: Json log_data: {'cLogDtExec': '05/12/2025 07:41:17', 'cLogNomUsr': '97137227104', 'cLogNomEst': 'GESIT03', 'cLogProgra': None, 'cLogDtProg': '', 'cLogHrProg': '', 'nLogCtsOk': 1, 'nLogCtsNok': 0, 'nLogCtsSeg': 69.81, 'cLogVersao': '12', 'cLogReleas': '12.1.2410', 'nLogCtsErr': '', 'cLogBancod': 'ORACLE', 'cLogIdenti': '', 'cLogIdExec': '20251205', 'cLogPais': 'BRA', 'cLogTool': 'TIR', 'cLogSequen': '07d5ce', 'nLogCtsTot': 1, 'cLogDtExea': '05/12/2025', 'cLogHrExea': '07:41:17', 'cLogArea': 'Desenvolvimento', 'cLogMnExec': 1.1635}
2025-12-05 07:41:17,864-INFO-root-29112::log::send_log_with_retries|515:: Saving log locally.
2025-12-05 07:41:17,864-INFO-root-29112::log::save_log_locally|548:: [FwSendLog]: Não foi possível enviar o log após todas as tentativas.
2025-12-05 07:41:17,866-INFO-root-29112::log::save_log_locally|555:: [FwSendLog]: Log salvo localmente em C:\TIR_TESTE\1764931277.json.
2025-12-05 07:41:17,866-INFO-root-29112::webapp_internal::WaitShow|4980:: Waiting show text 'Moedas'...
2025-12-05 07:41:23,328-INFO-root-29112::webapp_internal::WaitShow|4980:: Waiting show text 'Tipos de Convênios'...
2025-12-05 07:41:23,418-INFO-root-29112::webapp_internal::WaitShow|4996:: Text found! 
2025-12-05 07:41:23,418-INFO-root-29112::webapp_internal::SetButton|4444:: Clicking on Incluir
2025-12-05 07:41:23,418-DEBUG-root-29112::webapp_internal::wait_blocker|2444:: Waiting blocker to continue...
2025-12-05 07:41:23,562-DEBUG-root-29112::webapp_internal::wait_blocker|2469:: Blocker status: False
2025-12-05 07:41:24,097-DEBUG-root-29112::webapp_internal::wait_element_timeout|7726:: Element found! Waiting for element to be displayed.
2025-12-05 07:41:24,485-DEBUG-root-29112::webapp_internal::SetButton|4481:: ***System Info*** Before Clicking on button:Incluir
2025-12-05 07:41:24,486-DEBUG-root-29112::psutil_info::system_info|5:: CPU USAGE: 17.7%
2025-12-05 07:41:24,486-DEBUG-root-29112::psutil_info::system_info|6:: MEMORY USAGE: 85.0%
2025-12-05 07:41:24,487-DEBUG-root-29112::psutil_info::system_info|7:: MEMORY AVAILABLE: 14.97%
2025-12-05 07:41:24,956-DEBUG-root-29112::webapp_internal::wait_element_timeout|7726:: Element found! Waiting for element to be displayed.
2025-12-05 07:41:25,424-DEBUG-root-29112::webapp_internal::wait_blocker|2444:: Waiting blocker to continue...
2025-12-05 07:41:25,585-DEBUG-root-29112::webapp_internal::wait_blocker|2469:: Blocker status: False
2025-12-05 07:41:25,623-DEBUG-root-29112::webapp_internal::wait_blocker|2444:: Waiting blocker to continue...
2025-12-05 07:41:25,763-DEBUG-root-29112::webapp_internal::wait_blocker|2469:: Blocker status: False
2025-12-05 07:41:25,763-DEBUG-root-29112::webapp_internal::send_action|10480:: Trying to send action
2025-12-05 07:41:25,769-DEBUG-root-29112::base::click|192:: Click Type: ClickType.JS
2025-12-05 07:41:26,849-DEBUG-root-29112::webapp_internal::send_action|10522:: send_action method result = True
2025-12-05 07:41:26,849-DEBUG-root-29112::webapp_internal::send_action|10523:: send_action selenium status: False
2025-12-05 07:41:26,849-DEBUG-root-29112::webapp_internal::SetButton|4683:: ***System Info*** After Clicking on button:
2025-12-05 07:41:26,850-DEBUG-root-29112::psutil_info::system_info|5:: CPU USAGE: 18.2%
2025-12-05 07:41:26,850-DEBUG-root-29112::psutil_info::system_info|6:: MEMORY USAGE: 85.3%
2025-12-05 07:41:26,851-DEBUG-root-29112::psutil_info::system_info|7:: MEMORY AVAILABLE: 14.68%
2025-12-05 07:41:26,851-INFO-root-29112::webapp_internal::WaitShow|4980:: Waiting show text 'Tipos de Convenios - INCLUIR'...
2025-12-05 07:41:27,049-INFO-root-29112::webapp_internal::WaitShow|4996:: Text found! 
2025-12-05 07:41:27,049-DEBUG-root-29112::webapp_internal::SetFocus|6011:: Setting focus on element ZD_DESCONV.
2025-12-05 07:41:27,257-DEBUG-root-29112::base::click|192:: Click Type: ClickType.SELENIUM
2025-12-05 07:41:27,327-DEBUG-root-29112::webapp_internal::wait_blocker|2444:: Waiting blocker to continue...
2025-12-05 07:41:27,538-DEBUG-root-29112::webapp_internal::wait_blocker|2469:: Blocker status: False
2025-12-05 07:41:27,538-DEBUG-root-29112::webapp_internal::wait_element|7623:: Waiting for element
2025-12-05 07:41:27,647-DEBUG-root-29112::webapp_internal::wait_element|7653:: Element found! Waiting for element to be displayed.
2025-12-05 07:41:27,736-INFO-root-29112::webapp_internal::input_value|2941:: Looking for element: ZD_DESCONV
2025-12-05 07:41:27,919-INFO-root-29112::webapp_internal::input_value|2951:: Element: ZD_DESCONV Found!
2025-12-05 07:41:27,919-INFO-root-29112::webapp_internal::input_value|2953:: Filling element: ZD_DESCONV
2025-12-05 07:41:27,976-DEBUG-root-29112::webapp_internal::get_web_value|3232:: Current value:                                                             
2025-12-05 07:41:28,028-DEBUG-root-29112::base::double_click|259:: Click Type: ClickType.SELENIUM
2025-12-05 07:41:28,306-DEBUG-root-29112::webapp_internal::wait_blocker|2444:: Waiting blocker to continue...
2025-12-05 07:41:28,469-DEBUG-root-29112::webapp_internal::wait_blocker|2469:: Blocker status: False
2025-12-05 07:41:28,837-DEBUG-root-29112::webapp_internal::get_web_value|3232:: Current value: TESTE INCLUSAO                                              
2025-12-05 07:41:28,837-INFO-root-29112::webapp_internal::input_value|3059:: Current field value: TESTE INCLUSAO
2025-12-05 07:41:28,870-DEBUG-root-29112::webapp_internal::wait_blocker|2444:: Waiting blocker to continue...
2025-12-05 07:41:29,037-DEBUG-root-29112::webapp_internal::wait_blocker|2469:: Blocker status: False
2025-12-05 07:41:29,038-INFO-root-29112::webapp_internal::SetKey|5822:: Key pressed: TAB
2025-12-05 07:41:29,038-DEBUG-root-29112::webapp_internal::SetKey|5857:: Trying press key
2025-12-05 07:41:31,041-DEBUG-root-29112::webapp_internal::wait_blocker|2444:: Waiting blocker to continue...
2025-12-05 07:41:31,160-DEBUG-root-29112::webapp_internal::wait_blocker|2469:: Blocker status: False
2025-12-05 07:41:31,185-DEBUG-root-29112::webapp_internal::wait_blocker|2444:: Waiting blocker to continue...
2025-12-05 07:41:31,311-DEBUG-root-29112::webapp_internal::wait_blocker|2469:: Blocker status: False
2025-12-05 07:41:31,311-DEBUG-root-29112::webapp_internal::send_action|10480:: Trying to send action
2025-12-05 07:41:32,348-DEBUG-root-29112::webapp_internal::send_action|10522:: send_action method result = True
2025-12-05 07:41:32,348-DEBUG-root-29112::webapp_internal::send_action|10523:: send_action selenium status: False
2025-12-05 07:41:32,348-DEBUG-root-29112::webapp_internal::wait_blocker|2444:: Waiting blocker to continue...
2025-12-05 07:41:32,506-DEBUG-root-29112::webapp_internal::wait_blocker|2469:: Blocker status: False
2025-12-05 07:41:32,507-DEBUG-root-29112::webapp_internal::wait_element|7623:: Waiting for element
2025-12-05 07:41:32,578-DEBUG-root-29112::webapp_internal::wait_element|7653:: Element found! Waiting for element to be displayed.
2025-12-05 07:41:32,640-INFO-root-29112::webapp_internal::input_value|2941:: Looking for element: ZD_TPMOV
2025-12-05 07:41:32,754-INFO-root-29112::webapp_internal::input_value|2951:: Element: ZD_TPMOV Found!
2025-12-05 07:41:32,754-INFO-root-29112::webapp_internal::input_value|2953:: Filling element: ZD_TPMOV
2025-12-05 07:41:33,954-INFO-root-29112::base::select_combo|871:: Selected value for combo is: 1 - Titular
2025-12-05 07:41:34,003-DEBUG-root-29112::webapp_internal::wait_blocker|2444:: Waiting blocker to continue...
2025-12-05 07:41:34,122-DEBUG-root-29112::webapp_internal::wait_blocker|2469:: Blocker status: False
2025-12-05 07:41:34,122-DEBUG-root-29112::webapp_internal::wait_element|7623:: Waiting for element
2025-12-05 07:41:34,192-DEBUG-root-29112::webapp_internal::wait_element|7653:: Element found! Waiting for element to be displayed.
2025-12-05 07:41:34,252-INFO-root-29112::webapp_internal::input_value|2941:: Looking for element: ZD_TPALTSA
2025-12-05 07:41:34,357-INFO-root-29112::webapp_internal::input_value|2951:: Element: ZD_TPALTSA Found!
2025-12-05 07:41:34,358-INFO-root-29112::webapp_internal::input_value|2953:: Filling element: ZD_TPALTSA
2025-12-05 07:41:34,389-DEBUG-root-29112::webapp_internal::get_web_value|3232:: Current value:    
2025-12-05 07:41:34,425-DEBUG-root-29112::base::double_click|259:: Click Type: ClickType.SELENIUM
2025-12-05 07:41:34,696-DEBUG-root-29112::webapp_internal::wait_blocker|2444:: Waiting blocker to continue...
2025-12-05 07:41:34,834-DEBUG-root-29112::webapp_internal::wait_blocker|2469:: Blocker status: False
2025-12-05 07:41:35,158-DEBUG-root-29112::webapp_internal::get_web_value|3232:: Current value: 003
2025-12-05 07:41:35,159-INFO-root-29112::webapp_internal::input_value|3059:: Current field value: 003
2025-12-05 07:41:35,168-INFO-root-29112::webapp_internal::WaitShow|4980:: Waiting show text 'Histórico'...
2025-12-05 07:41:36,887-INFO-root-29112::webapp_internal::WaitShow|4996:: Text found! 
2025-12-05 07:41:36,887-DEBUG-root-29112::webapp_internal::wait_blocker|2444:: Waiting blocker to continue...
2025-12-05 07:41:37,007-DEBUG-root-29112::webapp_internal::wait_blocker|2469:: Blocker status: False
2025-12-05 07:41:37,007-INFO-root-29112::webapp_internal::SetKey|5822:: Key pressed: TAB
2025-12-05 07:41:37,008-DEBUG-root-29112::webapp_internal::SetKey|5857:: Trying press key
2025-12-05 07:41:37,008-DEBUG-root-29112::webapp_internal::wait_element|7623:: Waiting for element
2025-12-05 07:41:37,078-DEBUG-root-29112::webapp_internal::wait_element|7653:: Element found! Waiting for element to be displayed.
2025-12-05 07:41:37,295-DEBUG-root-29112::webapp_internal::wait_blocker|2444:: Waiting blocker to continue...
2025-12-05 07:41:37,418-DEBUG-root-29112::webapp_internal::wait_blocker|2469:: Blocker status: False
2025-12-05 07:41:37,418-INFO-root-29112::webapp_internal::LoadGrid|6298:: Filling grid field: Data Inicio
2025-12-05 07:41:37,419-DEBUG-root-29112::webapp_internal::fill_grid|6399:: Grid loading...
2025-12-05 07:41:37,526-DEBUG-root-29112::webapp_internal::fill_grid|6466:: Column found!
2025-12-05 07:41:37,560-DEBUG-root-29112::base::click|192:: Click Type: ClickType.ACTIONCHAINS
2025-12-05 07:41:42,981-DEBUG-root-29112::webapp_internal::fill_grid|6498:: Trying open cell in grid!
2025-12-05 07:41:43,269-DEBUG-root-29112::webapp_internal::wait_blocker|2444:: Waiting blocker to continue...
2025-12-05 07:41:43,405-DEBUG-root-29112::webapp_internal::wait_blocker|2469:: Blocker status: False
2025-12-05 07:41:43,611-DEBUG-root-29112::webapp_internal::wait_element_timeout|7726:: Element found! Waiting for element to be displayed.
2025-12-05 07:41:43,945-DEBUG-root-29112::webapp_internal::fill_grid|6577:: Sending keys: 05/11/2025
2025-12-05 07:41:44,256-DEBUG-root-29112::webapp_internal::wait_blocker|2444:: Waiting blocker to continue...
2025-12-05 07:41:44,391-DEBUG-root-29112::webapp_internal::wait_blocker|2469:: Blocker status: False
2025-12-05 07:41:49,752-DEBUG-root-29112::webapp_internal::wait_blocker|2444:: Waiting blocker to continue...
2025-12-05 07:41:49,879-DEBUG-root-29112::webapp_internal::wait_blocker|2469:: Blocker status: False
2025-12-05 07:41:49,905-DEBUG-root-29112::webapp_internal::wait_blocker|2444:: Waiting blocker to continue...
2025-12-05 07:41:50,027-DEBUG-root-29112::webapp_internal::wait_blocker|2469:: Blocker status: False
2025-12-05 07:41:50,027-DEBUG-root-29112::webapp_internal::send_action|10480:: Trying to send action
2025-12-05 07:41:51,062-DEBUG-root-29112::webapp_internal::send_action|10522:: send_action method result = True
2025-12-05 07:41:51,062-DEBUG-root-29112::webapp_internal::send_action|10523:: send_action selenium status: False
2025-12-05 07:41:51,063-DEBUG-root-29112::webapp_internal::wait_blocker|2444:: Waiting blocker to continue...
2025-12-05 07:41:51,201-DEBUG-root-29112::webapp_internal::wait_blocker|2469:: Blocker status: False
2025-12-05 07:41:51,201-INFO-root-29112::webapp_internal::SetKey|5822:: Key pressed: TAB
2025-12-05 07:41:51,201-DEBUG-root-29112::webapp_internal::SetKey|5857:: Trying press key
2025-12-05 07:41:51,202-DEBUG-root-29112::webapp_internal::wait_element|7623:: Waiting for element
2025-12-05 07:41:51,273-DEBUG-root-29112::webapp_internal::wait_element|7653:: Element found! Waiting for element to be displayed.
2025-12-05 07:41:51,487-DEBUG-root-29112::webapp_internal::wait_blocker|2444:: Waiting blocker to continue...
2025-12-05 07:41:51,625-DEBUG-root-29112::webapp_internal::wait_blocker|2469:: Blocker status: False
2025-12-05 07:41:51,625-INFO-root-29112::webapp_internal::LoadGrid|6298:: Filling grid field: Vlr Titular
2025-12-05 07:41:51,625-DEBUG-root-29112::webapp_internal::fill_grid|6399:: Grid loading...
2025-12-05 07:41:51,747-DEBUG-root-29112::webapp_internal::fill_grid|6466:: Column found!
2025-12-05 07:41:51,792-DEBUG-root-29112::base::click|192:: Click Type: ClickType.ACTIONCHAINS
2025-12-05 07:41:57,231-DEBUG-root-29112::webapp_internal::fill_grid|6498:: Trying open cell in grid!
2025-12-05 07:41:57,521-DEBUG-root-29112::webapp_internal::wait_blocker|2444:: Waiting blocker to continue...
2025-12-05 07:41:57,680-DEBUG-root-29112::webapp_internal::wait_blocker|2469:: Blocker status: False
2025-12-05 07:41:57,862-DEBUG-root-29112::webapp_internal::wait_element_timeout|7726:: Element found! Waiting for element to be displayed.
2025-12-05 07:41:58,058-DEBUG-root-29112::base::click|192:: Click Type: ClickType.JS
2025-12-05 07:41:58,272-DEBUG-root-29112::webapp_internal::fill_grid|6577:: Sending keys: 256
2025-12-05 07:41:58,561-DEBUG-root-29112::webapp_internal::wait_blocker|2444:: Waiting blocker to continue...
2025-12-05 07:41:58,689-DEBUG-root-29112::webapp_internal::wait_blocker|2469:: Blocker status: False
2025-12-05 07:41:58,858-DEBUG-root-29112::webapp_internal::wait_element_timeout|7726:: Element found! Waiting for element to be displayed.
2025-12-05 07:41:59,211-DEBUG-root-29112::webapp_internal::wait_blocker|2444:: Waiting blocker to continue...
2025-12-05 07:41:59,327-DEBUG-root-29112::webapp_internal::wait_blocker|2469:: Blocker status: False
2025-12-05 07:41:59,351-DEBUG-root-29112::webapp_internal::wait_blocker|2444:: Waiting blocker to continue...
2025-12-05 07:41:59,471-DEBUG-root-29112::webapp_internal::wait_blocker|2469:: Blocker status: False
2025-12-05 07:41:59,471-DEBUG-root-29112::webapp_internal::send_action|10480:: Trying to send action
2025-12-05 07:42:00,507-DEBUG-root-29112::webapp_internal::send_action|10522:: send_action method result = True
2025-12-05 07:42:00,507-DEBUG-root-29112::webapp_internal::send_action|10523:: send_action selenium status: False
2025-12-05 07:42:00,508-DEBUG-root-29112::webapp_internal::wait_blocker|2444:: Waiting blocker to continue...
2025-12-05 07:42:00,640-DEBUG-root-29112::webapp_internal::wait_blocker|2469:: Blocker status: False
2025-12-05 07:42:00,640-INFO-root-29112::webapp_internal::SetKey|5822:: Key pressed: TAB
2025-12-05 07:42:00,640-DEBUG-root-29112::webapp_internal::SetKey|5857:: Trying press key
2025-12-05 07:42:00,641-DEBUG-root-29112::webapp_internal::wait_element|7623:: Waiting for element
2025-12-05 07:42:00,737-DEBUG-root-29112::webapp_internal::wait_element|7653:: Element found! Waiting for element to be displayed.
2025-12-05 07:42:00,954-DEBUG-root-29112::webapp_internal::wait_blocker|2444:: Waiting blocker to continue...
2025-12-05 07:42:01,077-DEBUG-root-29112::webapp_internal::wait_blocker|2469:: Blocker status: False
2025-12-05 07:42:01,077-INFO-root-29112::webapp_internal::LoadGrid|6298:: Filling grid field: Vlr Dependen
2025-12-05 07:42:01,077-DEBUG-root-29112::webapp_internal::fill_grid|6399:: Grid loading...
2025-12-05 07:42:01,193-DEBUG-root-29112::webapp_internal::fill_grid|6466:: Column found!
2025-12-05 07:42:01,227-DEBUG-root-29112::base::click|192:: Click Type: ClickType.ACTIONCHAINS
2025-12-05 07:42:06,552-DEBUG-root-29112::webapp_internal::fill_grid|6498:: Trying open cell in grid!
2025-12-05 07:42:06,842-DEBUG-root-29112::webapp_internal::wait_blocker|2444:: Waiting blocker to continue...
2025-12-05 07:42:07,014-DEBUG-root-29112::webapp_internal::wait_blocker|2469:: Blocker status: False
2025-12-05 07:42:07,195-DEBUG-root-29112::webapp_internal::wait_element_timeout|7726:: Element found! Waiting for element to be displayed.
2025-12-05 07:42:07,398-DEBUG-root-29112::base::click|192:: Click Type: ClickType.JS
2025-12-05 07:42:07,591-DEBUG-root-29112::webapp_internal::fill_grid|6577:: Sending keys: 128
2025-12-05 07:42:07,890-DEBUG-root-29112::webapp_internal::wait_blocker|2444:: Waiting blocker to continue...
2025-12-05 07:42:08,030-DEBUG-root-29112::webapp_internal::wait_blocker|2469:: Blocker status: False
2025-12-05 07:42:08,185-DEBUG-root-29112::webapp_internal::wait_element_timeout|7726:: Element found! Waiting for element to be displayed.
2025-12-05 07:42:08,520-DEBUG-root-29112::webapp_internal::wait_blocker|2444:: Waiting blocker to continue...
2025-12-05 07:42:08,667-DEBUG-root-29112::webapp_internal::wait_blocker|2469:: Blocker status: False
2025-12-05 07:42:08,692-DEBUG-root-29112::webapp_internal::wait_blocker|2444:: Waiting blocker to continue...
2025-12-05 07:42:08,813-DEBUG-root-29112::webapp_internal::wait_blocker|2469:: Blocker status: False
2025-12-05 07:42:08,813-DEBUG-root-29112::webapp_internal::send_action|10480:: Trying to send action
2025-12-05 07:42:09,848-DEBUG-root-29112::webapp_internal::send_action|10522:: send_action method result = True
2025-12-05 07:42:09,849-DEBUG-root-29112::webapp_internal::send_action|10523:: send_action selenium status: False
2025-12-05 07:42:09,849-DEBUG-root-29112::webapp_internal::wait_blocker|2444:: Waiting blocker to continue...
2025-12-05 07:42:09,981-DEBUG-root-29112::webapp_internal::wait_blocker|2469:: Blocker status: False
2025-12-05 07:42:09,981-INFO-root-29112::webapp_internal::SetKey|5822:: Key pressed: TAB
2025-12-05 07:42:09,981-DEBUG-root-29112::webapp_internal::SetKey|5857:: Trying press key
2025-12-05 07:42:09,981-DEBUG-root-29112::webapp_internal::wait_element|7623:: Waiting for element
2025-12-05 07:42:10,079-DEBUG-root-29112::webapp_internal::wait_element|7653:: Element found! Waiting for element to be displayed.
2025-12-05 07:42:10,310-DEBUG-root-29112::webapp_internal::wait_blocker|2444:: Waiting blocker to continue...
2025-12-05 07:42:10,427-DEBUG-root-29112::webapp_internal::wait_blocker|2469:: Blocker status: False
2025-12-05 07:42:10,427-INFO-root-29112::webapp_internal::LoadGrid|6298:: Filling grid field: Verba
2025-12-05 07:42:10,427-DEBUG-root-29112::webapp_internal::fill_grid|6399:: Grid loading...
2025-12-05 07:42:10,541-DEBUG-root-29112::webapp_internal::fill_grid|6466:: Column found!
2025-12-05 07:42:10,576-DEBUG-root-29112::base::click|192:: Click Type: ClickType.ACTIONCHAINS
2025-12-05 07:42:15,965-DEBUG-root-29112::webapp_internal::fill_grid|6498:: Trying open cell in grid!
2025-12-05 07:42:16,257-DEBUG-root-29112::webapp_internal::wait_blocker|2444:: Waiting blocker to continue...
2025-12-05 07:42:16,404-DEBUG-root-29112::webapp_internal::wait_blocker|2469:: Blocker status: False
2025-12-05 07:42:16,592-DEBUG-root-29112::webapp_internal::wait_element_timeout|7726:: Element found! Waiting for element to be displayed.
2025-12-05 07:42:16,955-DEBUG-root-29112::webapp_internal::fill_grid|6577:: Sending keys: 010
2025-12-05 07:42:17,269-DEBUG-root-29112::webapp_internal::wait_blocker|2444:: Waiting blocker to continue...
2025-12-05 07:42:17,402-DEBUG-root-29112::webapp_internal::wait_blocker|2469:: Blocker status: False
2025-12-05 07:42:22,819-DEBUG-root-29112::webapp_internal::wait_blocker|2444:: Waiting blocker to continue...
2025-12-05 07:42:22,935-DEBUG-root-29112::webapp_internal::wait_blocker|2469:: Blocker status: False
2025-12-05 07:42:22,958-DEBUG-root-29112::webapp_internal::wait_blocker|2444:: Waiting blocker to continue...
2025-12-05 07:42:23,075-DEBUG-root-29112::webapp_internal::wait_blocker|2469:: Blocker status: False
2025-12-05 07:42:23,075-DEBUG-root-29112::webapp_internal::send_action|10480:: Trying to send action
2025-12-05 07:42:24,110-DEBUG-root-29112::webapp_internal::send_action|10522:: send_action method result = True
2025-12-05 07:42:24,110-DEBUG-root-29112::webapp_internal::send_action|10523:: send_action selenium status: False
2025-12-05 07:42:24,111-DEBUG-root-29112::webapp_internal::wait_blocker|2444:: Waiting blocker to continue...
2025-12-05 07:42:24,246-DEBUG-root-29112::webapp_internal::wait_blocker|2469:: Blocker status: False
2025-12-05 07:42:24,246-INFO-root-29112::webapp_internal::SetKey|5822:: Key pressed: TAB
2025-12-05 07:42:24,246-DEBUG-root-29112::webapp_internal::SetKey|5857:: Trying press key
2025-12-05 07:42:24,246-DEBUG-root-29112::webapp_internal::wait_element|7623:: Waiting for element
2025-12-05 07:42:24,336-DEBUG-root-29112::webapp_internal::wait_element|7653:: Element found! Waiting for element to be displayed.
2025-12-05 07:42:24,553-DEBUG-root-29112::webapp_internal::wait_blocker|2444:: Waiting blocker to continue...
2025-12-05 07:42:24,669-DEBUG-root-29112::webapp_internal::wait_blocker|2469:: Blocker status: False
2025-12-05 07:42:24,670-INFO-root-29112::webapp_internal::LoadGrid|6298:: Filling grid field: Verba s/Inci
2025-12-05 07:42:24,670-DEBUG-root-29112::webapp_internal::fill_grid|6399:: Grid loading...
2025-12-05 07:42:24,790-DEBUG-root-29112::webapp_internal::fill_grid|6466:: Column found!
2025-12-05 07:42:24,821-DEBUG-root-29112::base::click|192:: Click Type: ClickType.ACTIONCHAINS
2025-12-05 07:42:30,220-DEBUG-root-29112::webapp_internal::fill_grid|6498:: Trying open cell in grid!
2025-12-05 07:42:30,496-DEBUG-root-29112::webapp_internal::wait_blocker|2444:: Waiting blocker to continue...
2025-12-05 07:42:30,628-DEBUG-root-29112::webapp_internal::wait_blocker|2469:: Blocker status: False
2025-12-05 07:42:30,831-DEBUG-root-29112::webapp_internal::wait_element_timeout|7726:: Element found! Waiting for element to be displayed.
2025-12-05 07:42:31,155-DEBUG-root-29112::webapp_internal::fill_grid|6577:: Sending keys: 010
2025-12-05 07:42:31,451-DEBUG-root-29112::webapp_internal::wait_blocker|2444:: Waiting blocker to continue...
2025-12-05 07:42:31,591-DEBUG-root-29112::webapp_internal::wait_blocker|2469:: Blocker status: False
2025-12-05 07:42:37,027-DEBUG-root-29112::webapp_internal::wait_blocker|2444:: Waiting blocker to continue...
2025-12-05 07:42:37,147-DEBUG-root-29112::webapp_internal::wait_blocker|2469:: Blocker status: False
2025-12-05 07:42:37,171-DEBUG-root-29112::webapp_internal::wait_blocker|2444:: Waiting blocker to continue...
2025-12-05 07:42:37,302-DEBUG-root-29112::webapp_internal::wait_blocker|2469:: Blocker status: False
2025-12-05 07:42:37,303-DEBUG-root-29112::webapp_internal::send_action|10480:: Trying to send action
2025-12-05 07:42:38,338-DEBUG-root-29112::webapp_internal::send_action|10522:: send_action method result = True
2025-12-05 07:42:38,339-DEBUG-root-29112::webapp_internal::send_action|10523:: send_action selenium status: False
2025-12-05 07:42:38,539-INFO-root-29112::webapp_internal::SetButton|4444:: Clicking on Confirmar
2025-12-05 07:42:38,539-DEBUG-root-29112::webapp_internal::wait_blocker|2444:: Waiting blocker to continue...
2025-12-05 07:42:38,659-DEBUG-root-29112::webapp_internal::wait_blocker|2469:: Blocker status: False
2025-12-05 07:42:38,998-DEBUG-root-29112::webapp_internal::wait_element_timeout|7726:: Element found! Waiting for element to be displayed.
2025-12-05 07:42:39,220-DEBUG-root-29112::webapp_internal::SetButton|4481:: ***System Info*** Before Clicking on button:Confirmar
2025-12-05 07:42:39,220-DEBUG-root-29112::psutil_info::system_info|5:: CPU USAGE: 9.0%
2025-12-05 07:42:39,220-DEBUG-root-29112::psutil_info::system_info|6:: MEMORY USAGE: 85.7%
2025-12-05 07:42:39,220-DEBUG-root-29112::psutil_info::system_info|7:: MEMORY AVAILABLE: 14.3%
2025-12-05 07:42:39,540-DEBUG-root-29112::webapp_internal::wait_element_timeout|7726:: Element found! Waiting for element to be displayed.
2025-12-05 07:42:39,848-DEBUG-root-29112::webapp_internal::wait_blocker|2444:: Waiting blocker to continue...
2025-12-05 07:42:40,008-DEBUG-root-29112::webapp_internal::wait_blocker|2469:: Blocker status: False
2025-12-05 07:42:40,040-DEBUG-root-29112::webapp_internal::wait_blocker|2444:: Waiting blocker to continue...
2025-12-05 07:42:40,161-DEBUG-root-29112::webapp_internal::wait_blocker|2469:: Blocker status: False
2025-12-05 07:42:40,161-DEBUG-root-29112::webapp_internal::send_action|10480:: Trying to send action
2025-12-05 07:42:40,162-DEBUG-root-29112::base::click|192:: Click Type: ClickType.JS
2025-12-05 07:42:41,221-DEBUG-root-29112::webapp_internal::send_action|10522:: send_action method result = True
2025-12-05 07:42:41,221-DEBUG-root-29112::webapp_internal::send_action|10523:: send_action selenium status: False
2025-12-05 07:42:41,222-DEBUG-root-29112::webapp_internal::SetButton|4683:: ***System Info*** After Clicking on button:
2025-12-05 07:42:41,222-DEBUG-root-29112::psutil_info::system_info|5:: CPU USAGE: 9.6%
2025-12-05 07:42:41,222-DEBUG-root-29112::psutil_info::system_info|6:: MEMORY USAGE: 86.0%
2025-12-05 07:42:41,223-DEBUG-root-29112::psutil_info::system_info|7:: MEMORY AVAILABLE: 13.96%
2025-12-05 07:42:41,223-INFO-root-29112::webapp_internal::WaitShow|4980:: Waiting show text 'Registro inserido com sucesso.'...
2025-12-05 07:42:41,306-INFO-root-29112::webapp_internal::WaitShow|4996:: Text found! 
2025-12-05 07:42:41,306-INFO-root-29112::webapp_internal::SetButton|4444:: Clicking on Fechar
2025-12-05 07:42:41,307-DEBUG-root-29112::webapp_internal::wait_blocker|2444:: Waiting blocker to continue...
2025-12-05 07:42:41,478-DEBUG-root-29112::webapp_internal::wait_blocker|2469:: Blocker status: False
2025-12-05 07:42:41,707-DEBUG-root-29112::webapp_internal::wait_element_timeout|7726:: Element found! Waiting for element to be displayed.
2025-12-05 07:42:41,819-DEBUG-root-29112::webapp_internal::SetButton|4481:: ***System Info*** Before Clicking on button:Fechar
2025-12-05 07:42:41,820-DEBUG-root-29112::psutil_info::system_info|5:: CPU USAGE: 12.5%
2025-12-05 07:42:41,820-DEBUG-root-29112::psutil_info::system_info|6:: MEMORY USAGE: 85.7%
2025-12-05 07:42:41,820-DEBUG-root-29112::psutil_info::system_info|7:: MEMORY AVAILABLE: 14.3%
2025-12-05 07:42:42,022-DEBUG-root-29112::webapp_internal::wait_element_timeout|7726:: Element found! Waiting for element to be displayed.
2025-12-05 07:42:42,177-DEBUG-root-29112::webapp_internal::wait_blocker|2444:: Waiting blocker to continue...
2025-12-05 07:42:42,305-DEBUG-root-29112::webapp_internal::wait_blocker|2469:: Blocker status: False
2025-12-05 07:42:42,340-DEBUG-root-29112::webapp_internal::wait_blocker|2444:: Waiting blocker to continue...
2025-12-05 07:42:42,472-DEBUG-root-29112::webapp_internal::wait_blocker|2469:: Blocker status: False
2025-12-05 07:42:42,472-DEBUG-root-29112::webapp_internal::send_action|10480:: Trying to send action
2025-12-05 07:42:42,475-DEBUG-root-29112::base::click|192:: Click Type: ClickType.JS
2025-12-05 07:42:43,596-DEBUG-root-29112::webapp_internal::send_action|10522:: send_action method result = True
2025-12-05 07:42:43,596-DEBUG-root-29112::webapp_internal::send_action|10523:: send_action selenium status: True
2025-12-05 07:42:43,597-DEBUG-root-29112::webapp_internal::SetButton|4683:: ***System Info*** After Clicking on button:
2025-12-05 07:42:43,597-DEBUG-root-29112::psutil_info::system_info|5:: CPU USAGE: 6.5%
2025-12-05 07:42:43,597-DEBUG-root-29112::psutil_info::system_info|6:: MEMORY USAGE: 85.6%
2025-12-05 07:42:43,598-DEBUG-root-29112::psutil_info::system_info|7:: MEMORY AVAILABLE: 14.37%
2025-12-05 07:42:43,598-INFO-root-29112::webapp_internal::WaitShow|4980:: Waiting show text 'Tipos de Convênios'...
2025-12-05 07:42:43,667-INFO-root-29112::webapp_internal::WaitShow|4996:: Text found! 
2025-12-05 07:42:43,667-INFO-root-29112::webapp_internal::SetButton|4444:: Clicking on Visualizar
2025-12-05 07:42:43,667-DEBUG-root-29112::webapp_internal::wait_blocker|2444:: Waiting blocker to continue...
2025-12-05 07:42:43,771-DEBUG-root-29112::webapp_internal::wait_blocker|2469:: Blocker status: False
2025-12-05 07:42:44,145-DEBUG-root-29112::webapp_internal::wait_element_timeout|7726:: Element found! Waiting for element to be displayed.
2025-12-05 07:42:44,412-DEBUG-root-29112::webapp_internal::SetButton|4481:: ***System Info*** Before Clicking on button:Visualizar
2025-12-05 07:42:44,413-DEBUG-root-29112::psutil_info::system_info|5:: CPU USAGE: 15.7%
2025-12-05 07:42:44,413-DEBUG-root-29112::psutil_info::system_info|6:: MEMORY USAGE: 85.9%
2025-12-05 07:42:44,413-DEBUG-root-29112::psutil_info::system_info|7:: MEMORY AVAILABLE: 14.14%
2025-12-05 07:42:44,761-DEBUG-root-29112::webapp_internal::wait_element_timeout|7726:: Element found! Waiting for element to be displayed.
2025-12-05 07:42:45,053-DEBUG-root-29112::webapp_internal::wait_blocker|2444:: Waiting blocker to continue...
2025-12-05 07:42:45,158-DEBUG-root-29112::webapp_internal::wait_blocker|2469:: Blocker status: False
2025-12-05 07:42:45,189-DEBUG-root-29112::webapp_internal::wait_blocker|2444:: Waiting blocker to continue...
2025-12-05 07:42:45,298-DEBUG-root-29112::webapp_internal::wait_blocker|2469:: Blocker status: False
2025-12-05 07:42:45,298-DEBUG-root-29112::webapp_internal::send_action|10480:: Trying to send action
2025-12-05 07:42:45,300-DEBUG-root-29112::base::click|192:: Click Type: ClickType.JS
2025-12-05 07:42:46,346-DEBUG-root-29112::webapp_internal::send_action|10522:: send_action method result = True
2025-12-05 07:42:46,347-DEBUG-root-29112::webapp_internal::send_action|10523:: send_action selenium status: False
2025-12-05 07:42:46,347-DEBUG-root-29112::webapp_internal::SetButton|4683:: ***System Info*** After Clicking on button:
2025-12-05 07:42:46,347-DEBUG-root-29112::psutil_info::system_info|5:: CPU USAGE: 8.9%
2025-12-05 07:42:46,348-DEBUG-root-29112::psutil_info::system_info|6:: MEMORY USAGE: 86.1%
2025-12-05 07:42:46,348-DEBUG-root-29112::psutil_info::system_info|7:: MEMORY AVAILABLE: 13.89%
2025-12-05 07:42:46,348-INFO-root-29112::webapp_internal::WaitShow|4980:: Waiting show text 'Tipos de Convenios - VISUALIZAR'...
2025-12-05 07:42:46,480-INFO-root-29112::webapp_internal::WaitShow|4996:: Text found! 
2025-12-05 07:42:46,480-DEBUG-root-29112::webapp_internal::SetFocus|6011:: Setting focus on element ZD_DESCONV.
2025-12-05 07:42:46,660-DEBUG-root-29112::base::click|192:: Click Type: ClickType.SELENIUM
2025-12-05 07:42:46,734-INFO-root-29112::webapp_internal::WaitShow|4980:: Waiting show text 'ZD_DESCONV'...
