2025-12-04 12:25:50,568-DEBUG-root-22148::logging_config::logger|189:: Log file created: 'Log\GESIT03\TIR__20251204122550562.log'
2025-12-04 12:25:50,569-INFO-root-22148::base::Start|1183:: TIR Version: 2.4.3
2025-12-04 12:25:50,569-INFO-root-22148::base::Start|1184:: Python Version: 3.12.10
2025-12-04 12:25:50,569-INFO-root-22148::base::Start|1185:: Starting the browser
2025-12-04 12:25:57,913-INFO-root-22148::base::get_url|1294:: Page is ready!
2025-12-04 12:25:57,937-INFO-root-22148::base::Start|1256:: Browser maximized to 1936x1048
2025-12-04 12:25:57,938-INFO-root-22148::base::Start|1258:: Screen size is different from default used in headless mode
2025-12-04 12:25:58,170-INFO-root-22148::webapp_internal::Setup|247:: ***System Info*** in Setup():
2025-12-04 12:25:58,171-DEBUG-root-22148::psutil_info::system_info|5:: CPU USAGE: 25.6%
2025-12-04 12:25:58,172-DEBUG-root-22148::psutil_info::system_info|6:: MEMORY USAGE: 91.4%
2025-12-04 12:25:58,173-DEBUG-root-22148::psutil_info::system_info|7:: MEMORY AVAILABLE: 8.63%
2025-12-04 12:25:58,221-INFO-root-22148::base::webapp_shadowroot|1394:: Webapp: 10.1.6-RC4
2025-12-04 12:25:58,263-INFO-root-22148::webapp_internal::filling_initial_program|449:: Filling Initial Program: "SIGAMDI"
2025-12-04 12:25:58,264-DEBUG-root-22148::webapp_internal::wait_element|7623:: Waiting for element
2025-12-04 12:25:58,336-DEBUG-root-22148::webapp_internal::wait_element|7653:: Element found! Waiting for element to be displayed.
2025-12-04 12:25:58,507-DEBUG-root-22148::base::click|192:: Click Type: ClickType.JS
2025-12-04 12:25:58,512-DEBUG-root-22148::webapp_internal::try_send_keys|7976:: Trying to send keys to element using technique 0
2025-12-04 12:25:58,845-DEBUG-root-22148::webapp_internal::get_web_value|3232:: Current value: SIGAMDI
2025-12-04 12:25:58,845-INFO-root-22148::webapp_internal::filling_server_environment|463:: Filling Server Environment: "POUPEX_TST"
2025-12-04 12:25:58,846-DEBUG-root-22148::webapp_internal::wait_element|7623:: Waiting for element
2025-12-04 12:25:58,873-DEBUG-root-22148::webapp_internal::wait_element|7653:: Element found! Waiting for element to be displayed.
2025-12-04 12:25:59,046-DEBUG-root-22148::base::click|192:: Click Type: ClickType.JS
2025-12-04 12:25:59,051-DEBUG-root-22148::webapp_internal::try_send_keys|7976:: Trying to send keys to element using technique 0
2025-12-04 12:25:59,368-DEBUG-root-22148::webapp_internal::get_web_value|3232:: Current value: POUPEX_TST
2025-12-04 12:25:59,389-DEBUG-root-22148::base::click|192:: Click Type: ClickType.JS
2025-12-04 12:25:59,410-DEBUG-root-22148::webapp_internal::user_screen|519:: Filling user screen
2025-12-04 12:26:03,288-DEBUG-root-22148::webapp_internal::wait_element_timeout|7726:: Element found! Waiting for element to be displayed.
2025-12-04 12:26:03,341-DEBUG-root-22148::base::scroll_to_element|759:: ********Warining scroll_to_element exception: Message: TypeError: can't access property "scrollIntoView", arguments[0] is null
Stacktrace:
@https://qasrverp:10020/webapp/:2:7
@https://qasrverp:10020/webapp/:3:8
*********
2025-12-04 12:26:03,465-INFO-root-22148::webapp_internal::user_screen|561:: Filling User
2025-12-04 12:26:03,484-DEBUG-root-22148::base::double_click|259:: Click Type: ClickType.SELENIUM
2025-12-04 12:26:03,673-DEBUG-root-22148::webapp_internal::get_web_value|3232:: Current value: 97137227104
2025-12-04 12:26:03,695-INFO-root-22148::webapp_internal::user_screen|621:: Filling Password
2025-12-04 12:26:03,716-DEBUG-root-22148::base::click|192:: Click Type: ClickType.JS
2025-12-04 12:26:03,787-DEBUG-root-22148::webapp_internal::get_web_value|3232:: Current value: Val20221080080094+
2025-12-04 12:26:03,787-DEBUG-root-22148::webapp_internal::wait_blocker|2444:: Waiting blocker to continue...
2025-12-04 12:26:03,816-DEBUG-root-22148::webapp_internal::wait_blocker|2469:: Blocker status: None
2025-12-04 12:26:03,839-DEBUG-root-22148::webapp_internal::wait_blocker|2444:: Waiting blocker to continue...
2025-12-04 12:26:03,878-DEBUG-root-22148::webapp_internal::wait_blocker|2469:: Blocker status: None
2025-12-04 12:26:03,918-DEBUG-root-22148::webapp_internal::wait_blocker|2444:: Waiting blocker to continue...
2025-12-04 12:26:03,949-DEBUG-root-22148::webapp_internal::wait_blocker|2469:: Blocker status: None
2025-12-04 12:26:03,949-DEBUG-root-22148::webapp_internal::send_action|10480:: Trying to send action
2025-12-04 12:26:03,956-DEBUG-root-22148::base::click|192:: Click Type: ClickType.JS
2025-12-04 12:26:04,994-DEBUG-root-22148::webapp_internal::send_action|10522:: send_action method result = True
2025-12-04 12:26:04,995-DEBUG-root-22148::webapp_internal::send_action|10523:: send_action selenium status: False
2025-12-04 12:26:07,006-DEBUG-root-22148::base::scroll_to_element|759:: ********Warining scroll_to_element exception: Message: TypeError: can't access property "scrollIntoView", arguments[0] is null
Stacktrace:
@https://qasrverp:10020/webapp/:2:7
@https://qasrverp:10020/webapp/:3:8
*********
2025-12-04 12:26:07,057-INFO-root-22148::webapp_internal::filling_date|885:: Filling Date: "04/12/2025"
2025-12-04 12:26:07,057-DEBUG-root-22148::webapp_internal::wait_blocker|2444:: Waiting blocker to continue...
2025-12-04 12:26:07,108-DEBUG-root-22148::webapp_internal::wait_blocker|2469:: Blocker status: None
2025-12-04 12:26:07,111-DEBUG-root-22148::base::click|192:: Click Type: ClickType.JS
2025-12-04 12:26:07,129-DEBUG-root-22148::webapp_internal::try_send_keys|7976:: Trying to send keys to element using technique 1
2025-12-04 12:26:07,204-DEBUG-root-22148::webapp_internal::get_web_value|3232:: Current value: 04/12/2025
2025-12-04 12:26:08,287-INFO-root-22148::webapp_internal::filling_group|955:: Filling Group: "02"
2025-12-04 12:26:08,287-DEBUG-root-22148::webapp_internal::wait_blocker|2444:: Waiting blocker to continue...
2025-12-04 12:26:08,321-DEBUG-root-22148::webapp_internal::wait_blocker|2469:: Blocker status: None
2025-12-04 12:26:08,324-DEBUG-root-22148::base::click|192:: Click Type: ClickType.JS
2025-12-04 12:26:08,373-DEBUG-root-22148::webapp_internal::get_web_value|3232:: Current value: 02
2025-12-04 12:26:09,435-INFO-root-22148::webapp_internal::filling_branch|1047:: Filling Branch: "02DF0001"
2025-12-04 12:26:09,435-DEBUG-root-22148::webapp_internal::wait_blocker|2444:: Waiting blocker to continue...
2025-12-04 12:26:09,468-DEBUG-root-22148::webapp_internal::wait_blocker|2469:: Blocker status: None
2025-12-04 12:26:09,471-DEBUG-root-22148::base::click|192:: Click Type: ClickType.JS
2025-12-04 12:26:09,518-DEBUG-root-22148::webapp_internal::get_web_value|3232:: Current value: 02DF0001
2025-12-04 12:26:10,617-INFO-root-22148::webapp_internal::filling_environment|1113:: Filling Environment: "07"
2025-12-04 12:26:10,617-DEBUG-root-22148::webapp_internal::wait_blocker|2444:: Waiting blocker to continue...
2025-12-04 12:26:10,650-DEBUG-root-22148::webapp_internal::wait_blocker|2469:: Blocker status: None
2025-12-04 12:26:10,653-DEBUG-root-22148::base::click|192:: Click Type: ClickType.JS
2025-12-04 12:26:10,715-DEBUG-root-22148::webapp_internal::get_web_value|3232:: Current value: 07
2025-12-04 12:26:11,723-DEBUG-root-22148::webapp_internal::close_warning_screen|1489:: Closing warning screen!
2025-12-04 12:26:12,756-DEBUG-root-22148::webapp_internal::check_screen_element|1291:: Checking screen element: "Atenção": False
2025-12-04 12:26:13,854-INFO-root-22148::webapp_internal::environment_screen|796:: Clicking on Button
2025-12-04 12:26:13,855-DEBUG-root-22148::webapp_internal::wait_blocker|2444:: Waiting blocker to continue...
2025-12-04 12:26:13,888-DEBUG-root-22148::webapp_internal::wait_blocker|2469:: Blocker status: None
2025-12-04 12:26:13,890-DEBUG-root-22148::base::click|192:: Click Type: ClickType.JS
2025-12-04 12:26:14,902-DEBUG-root-22148::base::click|192:: Click Type: ClickType.JS
2025-12-04 12:26:15,911-DEBUG-root-22148::base::click|192:: Click Type: ClickType.JS
2025-12-04 12:26:16,917-DEBUG-root-22148::base::click|192:: Click Type: ClickType.JS
2025-12-04 12:26:17,924-DEBUG-root-22148::base::click|192:: Click Type: ClickType.JS
2025-12-04 12:26:18,933-DEBUG-root-22148::base::click|192:: Click Type: ClickType.JS
2025-12-04 12:26:19,940-DEBUG-root-22148::webapp_internal::close_screen_before_menu|368:: Closing screen before the menu
2025-12-04 12:26:19,990-DEBUG-root-22148::webapp_internal::close_warning_screen|1489:: Closing warning screen!
2025-12-04 12:26:21,033-DEBUG-root-22148::webapp_internal::check_screen_element|1291:: Checking screen element: "Atenção": False
2025-12-04 12:26:21,033-DEBUG-root-22148::webapp_internal::close_coin_screen|1424:: Closing coin screen!
2025-12-04 12:26:21,587-DEBUG-root-22148::base::click|192:: Click Type: ClickType.JS
2025-12-04 12:26:21,655-DEBUG-root-22148::webapp_internal::close_warning_screen|1489:: Closing warning screen!
2025-12-04 12:26:22,702-DEBUG-root-22148::webapp_internal::check_screen_element|1291:: Checking screen element: "Atenção": False
2025-12-04 12:26:22,702-DEBUG-root-22148::webapp_internal::close_coin_screen|1424:: Closing coin screen!
2025-12-04 12:26:22,803-INFO-root-22148::webapp_internal::set_log_info|1623:: Getting log info
2025-12-04 12:26:22,804-INFO-root-22148::webapp_internal::SetLateralMenu|4184:: Navigating lateral menu: Ajuda > Sobre
2025-12-04 12:26:22,815-DEBUG-root-22148::webapp_internal::wait_element|7623:: Waiting for element
2025-12-04 12:26:22,855-DEBUG-root-22148::webapp_internal::wait_element|7653:: Element found! Waiting for element to be displayed.
2025-12-04 12:26:23,065-INFO-root-22148::webapp_internal::SetLateralMenu|4203:: Menu item: "Ajuda"
2025-12-04 12:26:23,066-DEBUG-root-22148::webapp_internal::wait_blocker|2444:: Waiting blocker to continue...
2025-12-04 12:26:23,156-DEBUG-root-22148::webapp_internal::wait_blocker|2469:: Blocker status: False
2025-12-04 12:26:23,496-DEBUG-root-22148::webapp_internal::wait_element_timeout|7726:: Element found! Waiting for element to be displayed.
2025-12-04 12:26:23,800-DEBUG-root-22148::webapp_internal::wait_blocker|2444:: Waiting blocker to continue...
2025-12-04 12:26:23,862-DEBUG-root-22148::webapp_internal::wait_blocker|2469:: Blocker status: False
2025-12-04 12:26:26,151-INFO-root-22148::webapp_internal::SetLateralMenu|4203:: Menu item: "Sobre"
2025-12-04 12:26:26,151-DEBUG-root-22148::webapp_internal::wait_blocker|2444:: Waiting blocker to continue...
2025-12-04 12:26:26,221-DEBUG-root-22148::webapp_internal::wait_blocker|2469:: Blocker status: False
2025-12-04 12:26:26,644-DEBUG-root-22148::webapp_internal::wait_element_timeout|7726:: Element found! Waiting for element to be displayed.
2025-12-04 12:26:27,025-DEBUG-root-22148::webapp_internal::wait_blocker|2444:: Waiting blocker to continue...
2025-12-04 12:26:27,086-DEBUG-root-22148::webapp_internal::wait_blocker|2469:: Blocker status: False
2025-12-04 12:26:29,727-DEBUG-root-22148::webapp_internal::wait_blocker|2444:: Waiting blocker to continue...
2025-12-04 12:26:29,797-DEBUG-root-22148::webapp_internal::wait_blocker|2469:: Blocker status: False
2025-12-04 12:26:29,863-DEBUG-root-22148::webapp_internal::wait_element|7623:: Waiting for element
2025-12-04 12:26:29,906-DEBUG-root-22148::webapp_internal::wait_element|7653:: Element found! Waiting for element to be displayed.
2025-12-04 12:26:30,077-INFO-root-22148::webapp_internal::SetButton|4444:: Clicking on Fechar
2025-12-04 12:26:30,078-DEBUG-root-22148::webapp_internal::wait_blocker|2444:: Waiting blocker to continue...
2025-12-04 12:26:30,153-DEBUG-root-22148::webapp_internal::wait_blocker|2469:: Blocker status: False
2025-12-04 12:26:30,336-DEBUG-root-22148::webapp_internal::wait_element_timeout|7726:: Element found! Waiting for element to be displayed.
2025-12-04 12:26:30,411-DEBUG-root-22148::webapp_internal::SetButton|4481:: ***System Info*** Before Clicking on button:Fechar
2025-12-04 12:26:30,412-DEBUG-root-22148::psutil_info::system_info|5:: CPU USAGE: 9.7%
2025-12-04 12:26:30,412-DEBUG-root-22148::psutil_info::system_info|6:: MEMORY USAGE: 88.2%
2025-12-04 12:26:30,413-DEBUG-root-22148::psutil_info::system_info|7:: MEMORY AVAILABLE: 11.76%
2025-12-04 12:26:30,579-DEBUG-root-22148::webapp_internal::wait_element_timeout|7726:: Element found! Waiting for element to be displayed.
2025-12-04 12:26:30,683-DEBUG-root-22148::webapp_internal::wait_blocker|2444:: Waiting blocker to continue...
2025-12-04 12:26:30,756-DEBUG-root-22148::webapp_internal::wait_blocker|2469:: Blocker status: False
2025-12-04 12:26:30,773-DEBUG-root-22148::webapp_internal::wait_blocker|2444:: Waiting blocker to continue...
2025-12-04 12:26:30,843-DEBUG-root-22148::webapp_internal::wait_blocker|2469:: Blocker status: False
2025-12-04 12:26:30,843-DEBUG-root-22148::webapp_internal::send_action|10480:: Trying to send action
2025-12-04 12:26:30,846-DEBUG-root-22148::base::click|192:: Click Type: ClickType.JS
2025-12-04 12:26:31,877-DEBUG-root-22148::webapp_internal::send_action|10522:: send_action method result = True
2025-12-04 12:26:31,877-DEBUG-root-22148::webapp_internal::send_action|10523:: send_action selenium status: False
2025-12-04 12:26:31,877-DEBUG-root-22148::webapp_internal::SetButton|4683:: ***System Info*** After Clicking on button:
2025-12-04 12:26:31,878-DEBUG-root-22148::psutil_info::system_info|5:: CPU USAGE: 6.4%
2025-12-04 12:26:31,878-DEBUG-root-22148::psutil_info::system_info|6:: MEMORY USAGE: 88.4%
2025-12-04 12:26:31,878-DEBUG-root-22148::psutil_info::system_info|7:: MEMORY AVAILABLE: 11.56%
2025-12-04 12:26:31,878-DEBUG-root-22148::webapp_internal::wait_element|7623:: Waiting for element
2025-12-04 12:26:31,961-INFO-root-22148::webapp_internal::SetLateralMenu|4184:: Navigating lateral menu: Atualizações > Gestao de Viagens > Cadastro (5) > Orcamento por UTA
2025-12-04 12:26:31,970-DEBUG-root-22148::webapp_internal::wait_element|7623:: Waiting for element
2025-12-04 12:26:32,006-DEBUG-root-22148::webapp_internal::wait_element|7653:: Element found! Waiting for element to be displayed.
2025-12-04 12:26:32,168-INFO-root-22148::webapp_internal::SetLateralMenu|4203:: Menu item: "Atualizações"
2025-12-04 12:26:32,168-DEBUG-root-22148::webapp_internal::wait_blocker|2444:: Waiting blocker to continue...
2025-12-04 12:26:32,237-DEBUG-root-22148::webapp_internal::wait_blocker|2469:: Blocker status: False
2025-12-04 12:26:32,639-DEBUG-root-22148::webapp_internal::wait_element_timeout|7726:: Element found! Waiting for element to be displayed.
2025-12-04 12:26:32,981-DEBUG-root-22148::webapp_internal::wait_blocker|2444:: Waiting blocker to continue...
2025-12-04 12:26:33,042-DEBUG-root-22148::webapp_internal::wait_blocker|2469:: Blocker status: False
2025-12-04 12:26:35,337-INFO-root-22148::webapp_internal::SetLateralMenu|4203:: Menu item: "Gestao de Viagens"
2025-12-04 12:26:35,337-DEBUG-root-22148::webapp_internal::wait_blocker|2444:: Waiting blocker to continue...
2025-12-04 12:26:35,463-DEBUG-root-22148::webapp_internal::wait_blocker|2469:: Blocker status: False
2025-12-04 12:26:36,225-DEBUG-root-22148::webapp_internal::wait_element_timeout|7726:: Element found! Waiting for element to be displayed.
2025-12-04 12:26:36,933-DEBUG-root-22148::webapp_internal::wait_blocker|2444:: Waiting blocker to continue...
2025-12-04 12:26:37,023-DEBUG-root-22148::webapp_internal::wait_blocker|2469:: Blocker status: False
2025-12-04 12:26:39,324-INFO-root-22148::webapp_internal::SetLateralMenu|4203:: Menu item: "Cadastro (5)"
2025-12-04 12:26:39,324-DEBUG-root-22148::webapp_internal::wait_blocker|2444:: Waiting blocker to continue...
2025-12-04 12:26:39,401-DEBUG-root-22148::webapp_internal::wait_blocker|2469:: Blocker status: False
2025-12-04 12:26:40,258-DEBUG-root-22148::webapp_internal::wait_element_timeout|7726:: Element found! Waiting for element to be displayed.
2025-12-04 12:26:41,020-DEBUG-root-22148::webapp_internal::wait_blocker|2444:: Waiting blocker to continue...
2025-12-04 12:26:41,099-DEBUG-root-22148::webapp_internal::wait_blocker|2469:: Blocker status: False
2025-12-04 12:26:43,396-INFO-root-22148::webapp_internal::SetLateralMenu|4203:: Menu item: "Orcamento por UTA"
2025-12-04 12:26:43,396-DEBUG-root-22148::webapp_internal::wait_blocker|2444:: Waiting blocker to continue...
2025-12-04 12:26:43,472-DEBUG-root-22148::webapp_internal::wait_blocker|2469:: Blocker status: False
2025-12-04 12:26:44,520-DEBUG-root-22148::webapp_internal::wait_element_timeout|7726:: Element found! Waiting for element to be displayed.
2025-12-04 12:26:45,490-DEBUG-root-22148::webapp_internal::wait_blocker|2444:: Waiting blocker to continue...
2025-12-04 12:26:45,569-DEBUG-root-22148::webapp_internal::wait_blocker|2469:: Blocker status: False
2025-12-04 12:26:49,153-DEBUG-root-22148::webapp_internal::wait_blocker|2444:: Waiting blocker to continue...
2025-12-04 12:26:49,230-DEBUG-root-22148::webapp_internal::wait_blocker|2469:: Blocker status: False
2025-12-04 12:26:49,305-INFO-root-22148::webapp_internal::WaitShow|4980:: Waiting show text 'Este ambiente utiliza base de Homologação.'...
2025-12-04 12:26:54,803-INFO-root-22148::webapp_internal::WaitShow|4980:: Waiting show text 'Moedas'...
2025-12-04 12:26:59,936-INFO-root-22148::webapp_internal::WaitShow|4980:: Waiting show text 'Centro de Custo vs Orçamento'...
2025-12-04 12:26:59,990-INFO-root-22148::webapp_internal::WaitShow|4996:: Text found! 
2025-12-04 12:26:59,990-INFO-root-22148::webapp_internal::SetButton|4444:: Clicking on Incluir
2025-12-04 12:26:59,990-DEBUG-root-22148::webapp_internal::wait_blocker|2444:: Waiting blocker to continue...
2025-12-04 12:27:00,083-DEBUG-root-22148::webapp_internal::wait_blocker|2469:: Blocker status: False
2025-12-04 12:27:00,417-DEBUG-root-22148::webapp_internal::wait_element_timeout|7726:: Element found! Waiting for element to be displayed.
2025-12-04 12:27:00,639-DEBUG-root-22148::webapp_internal::SetButton|4481:: ***System Info*** Before Clicking on button:Incluir
2025-12-04 12:27:00,639-DEBUG-root-22148::psutil_info::system_info|5:: CPU USAGE: 10.2%
2025-12-04 12:27:00,639-DEBUG-root-22148::psutil_info::system_info|6:: MEMORY USAGE: 89.8%
2025-12-04 12:27:00,640-DEBUG-root-22148::psutil_info::system_info|7:: MEMORY AVAILABLE: 10.16%
2025-12-04 12:27:00,971-DEBUG-root-22148::webapp_internal::wait_element_timeout|7726:: Element found! Waiting for element to be displayed.
2025-12-04 12:27:01,243-DEBUG-root-22148::webapp_internal::wait_blocker|2444:: Waiting blocker to continue...
2025-12-04 12:27:01,334-DEBUG-root-22148::webapp_internal::wait_blocker|2469:: Blocker status: False
2025-12-04 12:27:01,356-DEBUG-root-22148::webapp_internal::wait_blocker|2444:: Waiting blocker to continue...
2025-12-04 12:27:01,443-DEBUG-root-22148::webapp_internal::wait_blocker|2469:: Blocker status: False
2025-12-04 12:27:01,443-DEBUG-root-22148::webapp_internal::send_action|10480:: Trying to send action
2025-12-04 12:27:01,446-DEBUG-root-22148::base::click|192:: Click Type: ClickType.JS
2025-12-04 12:27:02,486-DEBUG-root-22148::webapp_internal::send_action|10522:: send_action method result = True
2025-12-04 12:27:02,486-DEBUG-root-22148::webapp_internal::send_action|10523:: send_action selenium status: False
2025-12-04 12:27:02,486-DEBUG-root-22148::webapp_internal::SetButton|4683:: ***System Info*** After Clicking on button:
2025-12-04 12:27:02,486-DEBUG-root-22148::psutil_info::system_info|5:: CPU USAGE: 9.8%
2025-12-04 12:27:02,486-DEBUG-root-22148::psutil_info::system_info|6:: MEMORY USAGE: 90.2%
2025-12-04 12:27:02,487-DEBUG-root-22148::psutil_info::system_info|7:: MEMORY AVAILABLE: 9.8%
2025-12-04 12:27:02,487-INFO-root-22148::webapp_internal::WaitShow|4980:: Waiting show text 'Modelo de Dados do Cadastro Centro de Custo vs Orçamento - INCLUIR'...
2025-12-04 12:27:02,633-INFO-root-22148::webapp_internal::WaitShow|4996:: Text found! 
2025-12-04 12:27:02,633-DEBUG-root-22148::webapp_internal::SetFocus|6011:: Setting focus on element Z91_ANO.
2025-12-04 12:27:02,818-DEBUG-root-22148::base::click|192:: Click Type: ClickType.SELENIUM
2025-12-04 12:27:02,886-DEBUG-root-22148::webapp_internal::wait_blocker|2444:: Waiting blocker to continue...
2025-12-04 12:27:02,988-DEBUG-root-22148::webapp_internal::wait_blocker|2469:: Blocker status: False
2025-12-04 12:27:02,988-DEBUG-root-22148::webapp_internal::wait_element|7623:: Waiting for element
2025-12-04 12:27:03,049-DEBUG-root-22148::webapp_internal::wait_element|7653:: Element found! Waiting for element to be displayed.
2025-12-04 12:27:03,097-INFO-root-22148::webapp_internal::input_value|2941:: Looking for element: Z91_ANO
2025-12-04 12:27:03,186-INFO-root-22148::webapp_internal::input_value|2951:: Element: Z91_ANO Found!
2025-12-04 12:27:03,186-INFO-root-22148::webapp_internal::input_value|2953:: Filling element: Z91_ANO
2025-12-04 12:27:03,208-DEBUG-root-22148::webapp_internal::get_web_value|3232:: Current value:     
2025-12-04 12:27:03,248-DEBUG-root-22148::base::double_click|259:: Click Type: ClickType.SELENIUM
2025-12-04 12:27:03,505-DEBUG-root-22148::webapp_internal::wait_blocker|2444:: Waiting blocker to continue...
2025-12-04 12:27:03,602-DEBUG-root-22148::webapp_internal::wait_blocker|2469:: Blocker status: False
2025-12-04 12:27:03,927-DEBUG-root-22148::webapp_internal::get_web_value|3232:: Current value: 2025
2025-12-04 12:27:03,928-INFO-root-22148::webapp_internal::input_value|3059:: Current field value: 2025
2025-12-04 12:27:03,938-INFO-root-22148::webapp_internal::WaitFieldValue|8724:: Waiting for field ZW_DESCRIC value to be: 2025
2025-12-04 12:27:03,938-DEBUG-root-22148::webapp_internal::wait_element|7623:: Waiting for element
2025-12-04 12:28:58,040-ERROR-root-22148::webapp_internal::TearDown|9654:: Warning tearDown Close Message: Failed to decode response from marionette
Traceback (most recent call last):
  File "C:\TIR_TESTE\venv\Lib\site-packages\tir\technologies\webapp_internal.py", line 9652, in TearDown
    self.driver.close()
  File "C:\TIR_TESTE\venv\Lib\site-packages\selenium\webdriver\remote\webdriver.py", line 458, in close
    self.execute(Command.CLOSE)
  File "C:\TIR_TESTE\venv\Lib\site-packages\selenium\webdriver\remote\webdriver.py", line 347, in execute
    self.error_handler.check_response(response)
  File "C:\TIR_TESTE\venv\Lib\site-packages\selenium\webdriver\remote\errorhandler.py", line 229, in check_response
    raise exception_class(message, screen, stacktrace)
selenium.common.exceptions.WebDriverException: Message: Failed to decode response from marionette

2025-12-04 12:25:50,568-DEBUG-root-22148::logging_config::logger|189:: Log file created: 'Log\GESIT03\TIR__20251204122550562.log'
2025-12-04 12:25:50,569-INFO-root-22148::base::Start|1183:: TIR Version: 2.4.3
2025-12-04 12:25:50,569-INFO-root-22148::base::Start|1184:: Python Version: 3.12.10
2025-12-04 12:25:50,569-INFO-root-22148::base::Start|1185:: Starting the browser
2025-12-04 12:25:57,913-INFO-root-22148::base::get_url|1294:: Page is ready!
2025-12-04 12:25:57,937-INFO-root-22148::base::Start|1256:: Browser maximized to 1936x1048
2025-12-04 12:25:57,938-INFO-root-22148::base::Start|1258:: Screen size is different from default used in headless mode
2025-12-04 12:25:58,170-INFO-root-22148::webapp_internal::Setup|247:: ***System Info*** in Setup():
2025-12-04 12:25:58,171-DEBUG-root-22148::psutil_info::system_info|5:: CPU USAGE: 25.6%
2025-12-04 12:25:58,172-DEBUG-root-22148::psutil_info::system_info|6:: MEMORY USAGE: 91.4%
2025-12-04 12:25:58,173-DEBUG-root-22148::psutil_info::system_info|7:: MEMORY AVAILABLE: 8.63%
2025-12-04 12:25:58,221-INFO-root-22148::base::webapp_shadowroot|1394:: Webapp: 10.1.6-RC4
2025-12-04 12:25:58,263-INFO-root-22148::webapp_internal::filling_initial_program|449:: Filling Initial Program: "SIGAMDI"
2025-12-04 12:25:58,264-DEBUG-root-22148::webapp_internal::wait_element|7623:: Waiting for element
2025-12-04 12:25:58,336-DEBUG-root-22148::webapp_internal::wait_element|7653:: Element found! Waiting for element to be displayed.
2025-12-04 12:25:58,507-DEBUG-root-22148::base::click|192:: Click Type: ClickType.JS
2025-12-04 12:25:58,512-DEBUG-root-22148::webapp_internal::try_send_keys|7976:: Trying to send keys to element using technique 0
2025-12-04 12:25:58,845-DEBUG-root-22148::webapp_internal::get_web_value|3232:: Current value: SIGAMDI
2025-12-04 12:25:58,845-INFO-root-22148::webapp_internal::filling_server_environment|463:: Filling Server Environment: "POUPEX_TST"
2025-12-04 12:25:58,846-DEBUG-root-22148::webapp_internal::wait_element|7623:: Waiting for element
2025-12-04 12:25:58,873-DEBUG-root-22148::webapp_internal::wait_element|7653:: Element found! Waiting for element to be displayed.
2025-12-04 12:25:59,046-DEBUG-root-22148::base::click|192:: Click Type: ClickType.JS
2025-12-04 12:25:59,051-DEBUG-root-22148::webapp_internal::try_send_keys|7976:: Trying to send keys to element using technique 0
2025-12-04 12:25:59,368-DEBUG-root-22148::webapp_internal::get_web_value|3232:: Current value: POUPEX_TST
2025-12-04 12:25:59,389-DEBUG-root-22148::base::click|192:: Click Type: ClickType.JS
2025-12-04 12:25:59,410-DEBUG-root-22148::webapp_internal::user_screen|519:: Filling user screen
2025-12-04 12:26:03,288-DEBUG-root-22148::webapp_internal::wait_element_timeout|7726:: Element found! Waiting for element to be displayed.
2025-12-04 12:26:03,341-DEBUG-root-22148::base::scroll_to_element|759:: ********Warining scroll_to_element exception: Message: TypeError: can't access property "scrollIntoView", arguments[0] is null
Stacktrace:
@https://qasrverp:10020/webapp/:2:7
@https://qasrverp:10020/webapp/:3:8
*********
2025-12-04 12:26:03,465-INFO-root-22148::webapp_internal::user_screen|561:: Filling User
2025-12-04 12:26:03,484-DEBUG-root-22148::base::double_click|259:: Click Type: ClickType.SELENIUM
2025-12-04 12:26:03,673-DEBUG-root-22148::webapp_internal::get_web_value|3232:: Current value: 97137227104
2025-12-04 12:26:03,695-INFO-root-22148::webapp_internal::user_screen|621:: Filling Password
2025-12-04 12:26:03,716-DEBUG-root-22148::base::click|192:: Click Type: ClickType.JS
2025-12-04 12:26:03,787-DEBUG-root-22148::webapp_internal::get_web_value|3232:: Current value: Val20221080080094+
2025-12-04 12:26:03,787-DEBUG-root-22148::webapp_internal::wait_blocker|2444:: Waiting blocker to continue...
2025-12-04 12:26:03,816-DEBUG-root-22148::webapp_internal::wait_blocker|2469:: Blocker status: None
2025-12-04 12:26:03,839-DEBUG-root-22148::webapp_internal::wait_blocker|2444:: Waiting blocker to continue...
2025-12-04 12:26:03,878-DEBUG-root-22148::webapp_internal::wait_blocker|2469:: Blocker status: None
2025-12-04 12:26:03,918-DEBUG-root-22148::webapp_internal::wait_blocker|2444:: Waiting blocker to continue...
2025-12-04 12:26:03,949-DEBUG-root-22148::webapp_internal::wait_blocker|2469:: Blocker status: None
2025-12-04 12:26:03,949-DEBUG-root-22148::webapp_internal::send_action|10480:: Trying to send action
2025-12-04 12:26:03,956-DEBUG-root-22148::base::click|192:: Click Type: ClickType.JS
2025-12-04 12:26:04,994-DEBUG-root-22148::webapp_internal::send_action|10522:: send_action method result = True
2025-12-04 12:26:04,995-DEBUG-root-22148::webapp_internal::send_action|10523:: send_action selenium status: False
2025-12-04 12:26:07,006-DEBUG-root-22148::base::scroll_to_element|759:: ********Warining scroll_to_element exception: Message: TypeError: can't access property "scrollIntoView", arguments[0] is null
Stacktrace:
@https://qasrverp:10020/webapp/:2:7
@https://qasrverp:10020/webapp/:3:8
*********
2025-12-04 12:26:07,057-INFO-root-22148::webapp_internal::filling_date|885:: Filling Date: "04/12/2025"
2025-12-04 12:26:07,057-DEBUG-root-22148::webapp_internal::wait_blocker|2444:: Waiting blocker to continue...
2025-12-04 12:26:07,108-DEBUG-root-22148::webapp_internal::wait_blocker|2469:: Blocker status: None
2025-12-04 12:26:07,111-DEBUG-root-22148::base::click|192:: Click Type: ClickType.JS
2025-12-04 12:26:07,129-DEBUG-root-22148::webapp_internal::try_send_keys|7976:: Trying to send keys to element using technique 1
2025-12-04 12:26:07,204-DEBUG-root-22148::webapp_internal::get_web_value|3232:: Current value: 04/12/2025
2025-12-04 12:26:08,287-INFO-root-22148::webapp_internal::filling_group|955:: Filling Group: "02"
2025-12-04 12:26:08,287-DEBUG-root-22148::webapp_internal::wait_blocker|2444:: Waiting blocker to continue...
2025-12-04 12:26:08,321-DEBUG-root-22148::webapp_internal::wait_blocker|2469:: Blocker status: None
2025-12-04 12:26:08,324-DEBUG-root-22148::base::click|192:: Click Type: ClickType.JS
2025-12-04 12:26:08,373-DEBUG-root-22148::webapp_internal::get_web_value|3232:: Current value: 02
2025-12-04 12:26:09,435-INFO-root-22148::webapp_internal::filling_branch|1047:: Filling Branch: "02DF0001"
2025-12-04 12:26:09,435-DEBUG-root-22148::webapp_internal::wait_blocker|2444:: Waiting blocker to continue...
2025-12-04 12:26:09,468-DEBUG-root-22148::webapp_internal::wait_blocker|2469:: Blocker status: None
2025-12-04 12:26:09,471-DEBUG-root-22148::base::click|192:: Click Type: ClickType.JS
2025-12-04 12:26:09,518-DEBUG-root-22148::webapp_internal::get_web_value|3232:: Current value: 02DF0001
2025-12-04 12:26:10,617-INFO-root-22148::webapp_internal::filling_environment|1113:: Filling Environment: "07"
2025-12-04 12:26:10,617-DEBUG-root-22148::webapp_internal::wait_blocker|2444:: Waiting blocker to continue...
2025-12-04 12:26:10,650-DEBUG-root-22148::webapp_internal::wait_blocker|2469:: Blocker status: None
2025-12-04 12:26:10,653-DEBUG-root-22148::base::click|192:: Click Type: ClickType.JS
2025-12-04 12:26:10,715-DEBUG-root-22148::webapp_internal::get_web_value|3232:: Current value: 07
2025-12-04 12:26:11,723-DEBUG-root-22148::webapp_internal::close_warning_screen|1489:: Closing warning screen!
2025-12-04 12:26:12,756-DEBUG-root-22148::webapp_internal::check_screen_element|1291:: Checking screen element: "Atenção": False
2025-12-04 12:26:13,854-INFO-root-22148::webapp_internal::environment_screen|796:: Clicking on Button
2025-12-04 12:26:13,855-DEBUG-root-22148::webapp_internal::wait_blocker|2444:: Waiting blocker to continue...
2025-12-04 12:26:13,888-DEBUG-root-22148::webapp_internal::wait_blocker|2469:: Blocker status: None
2025-12-04 12:26:13,890-DEBUG-root-22148::base::click|192:: Click Type: ClickType.JS
2025-12-04 12:26:14,902-DEBUG-root-22148::base::click|192:: Click Type: ClickType.JS
2025-12-04 12:26:15,911-DEBUG-root-22148::base::click|192:: Click Type: ClickType.JS
2025-12-04 12:26:16,917-DEBUG-root-22148::base::click|192:: Click Type: ClickType.JS
2025-12-04 12:26:17,924-DEBUG-root-22148::base::click|192:: Click Type: ClickType.JS
2025-12-04 12:26:18,933-DEBUG-root-22148::base::click|192:: Click Type: ClickType.JS
2025-12-04 12:26:19,940-DEBUG-root-22148::webapp_internal::close_screen_before_menu|368:: Closing screen before the menu
2025-12-04 12:26:19,990-DEBUG-root-22148::webapp_internal::close_warning_screen|1489:: Closing warning screen!
2025-12-04 12:26:21,033-DEBUG-root-22148::webapp_internal::check_screen_element|1291:: Checking screen element: "Atenção": False
2025-12-04 12:26:21,033-DEBUG-root-22148::webapp_internal::close_coin_screen|1424:: Closing coin screen!
2025-12-04 12:26:21,587-DEBUG-root-22148::base::click|192:: Click Type: ClickType.JS
2025-12-04 12:26:21,655-DEBUG-root-22148::webapp_internal::close_warning_screen|1489:: Closing warning screen!
2025-12-04 12:26:22,702-DEBUG-root-22148::webapp_internal::check_screen_element|1291:: Checking screen element: "Atenção": False
2025-12-04 12:26:22,702-DEBUG-root-22148::webapp_internal::close_coin_screen|1424:: Closing coin screen!
2025-12-04 12:26:22,803-INFO-root-22148::webapp_internal::set_log_info|1623:: Getting log info
2025-12-04 12:26:22,804-INFO-root-22148::webapp_internal::SetLateralMenu|4184:: Navigating lateral menu: Ajuda > Sobre
2025-12-04 12:26:22,815-DEBUG-root-22148::webapp_internal::wait_element|7623:: Waiting for element
2025-12-04 12:26:22,855-DEBUG-root-22148::webapp_internal::wait_element|7653:: Element found! Waiting for element to be displayed.
2025-12-04 12:26:23,065-INFO-root-22148::webapp_internal::SetLateralMenu|4203:: Menu item: "Ajuda"
2025-12-04 12:26:23,066-DEBUG-root-22148::webapp_internal::wait_blocker|2444:: Waiting blocker to continue...
2025-12-04 12:26:23,156-DEBUG-root-22148::webapp_internal::wait_blocker|2469:: Blocker status: False
2025-12-04 12:26:23,496-DEBUG-root-22148::webapp_internal::wait_element_timeout|7726:: Element found! Waiting for element to be displayed.
2025-12-04 12:26:23,800-DEBUG-root-22148::webapp_internal::wait_blocker|2444:: Waiting blocker to continue...
2025-12-04 12:26:23,862-DEBUG-root-22148::webapp_internal::wait_blocker|2469:: Blocker status: False
2025-12-04 12:26:26,151-INFO-root-22148::webapp_internal::SetLateralMenu|4203:: Menu item: "Sobre"
2025-12-04 12:26:26,151-DEBUG-root-22148::webapp_internal::wait_blocker|2444:: Waiting blocker to continue...
2025-12-04 12:26:26,221-DEBUG-root-22148::webapp_internal::wait_blocker|2469:: Blocker status: False
2025-12-04 12:26:26,644-DEBUG-root-22148::webapp_internal::wait_element_timeout|7726:: Element found! Waiting for element to be displayed.
2025-12-04 12:26:27,025-DEBUG-root-22148::webapp_internal::wait_blocker|2444:: Waiting blocker to continue...
2025-12-04 12:26:27,086-DEBUG-root-22148::webapp_internal::wait_blocker|2469:: Blocker status: False
2025-12-04 12:26:29,727-DEBUG-root-22148::webapp_internal::wait_blocker|2444:: Waiting blocker to continue...
2025-12-04 12:26:29,797-DEBUG-root-22148::webapp_internal::wait_blocker|2469:: Blocker status: False
2025-12-04 12:26:29,863-DEBUG-root-22148::webapp_internal::wait_element|7623:: Waiting for element
2025-12-04 12:26:29,906-DEBUG-root-22148::webapp_internal::wait_element|7653:: Element found! Waiting for element to be displayed.
2025-12-04 12:26:30,077-INFO-root-22148::webapp_internal::SetButton|4444:: Clicking on Fechar
2025-12-04 12:26:30,078-DEBUG-root-22148::webapp_internal::wait_blocker|2444:: Waiting blocker to continue...
2025-12-04 12:26:30,153-DEBUG-root-22148::webapp_internal::wait_blocker|2469:: Blocker status: False
2025-12-04 12:26:30,336-DEBUG-root-22148::webapp_internal::wait_element_timeout|7726:: Element found! Waiting for element to be displayed.
2025-12-04 12:26:30,411-DEBUG-root-22148::webapp_internal::SetButton|4481:: ***System Info*** Before Clicking on button:Fechar
2025-12-04 12:26:30,412-DEBUG-root-22148::psutil_info::system_info|5:: CPU USAGE: 9.7%
2025-12-04 12:26:30,412-DEBUG-root-22148::psutil_info::system_info|6:: MEMORY USAGE: 88.2%
2025-12-04 12:26:30,413-DEBUG-root-22148::psutil_info::system_info|7:: MEMORY AVAILABLE: 11.76%
2025-12-04 12:26:30,579-DEBUG-root-22148::webapp_internal::wait_element_timeout|7726:: Element found! Waiting for element to be displayed.
2025-12-04 12:26:30,683-DEBUG-root-22148::webapp_internal::wait_blocker|2444:: Waiting blocker to continue...
2025-12-04 12:26:30,756-DEBUG-root-22148::webapp_internal::wait_blocker|2469:: Blocker status: False
2025-12-04 12:26:30,773-DEBUG-root-22148::webapp_internal::wait_blocker|2444:: Waiting blocker to continue...
2025-12-04 12:26:30,843-DEBUG-root-22148::webapp_internal::wait_blocker|2469:: Blocker status: False
2025-12-04 12:26:30,843-DEBUG-root-22148::webapp_internal::send_action|10480:: Trying to send action
2025-12-04 12:26:30,846-DEBUG-root-22148::base::click|192:: Click Type: ClickType.JS
2025-12-04 12:26:31,877-DEBUG-root-22148::webapp_internal::send_action|10522:: send_action method result = True
2025-12-04 12:26:31,877-DEBUG-root-22148::webapp_internal::send_action|10523:: send_action selenium status: False
2025-12-04 12:26:31,877-DEBUG-root-22148::webapp_internal::SetButton|4683:: ***System Info*** After Clicking on button:
2025-12-04 12:26:31,878-DEBUG-root-22148::psutil_info::system_info|5:: CPU USAGE: 6.4%
2025-12-04 12:26:31,878-DEBUG-root-22148::psutil_info::system_info|6:: MEMORY USAGE: 88.4%
2025-12-04 12:26:31,878-DEBUG-root-22148::psutil_info::system_info|7:: MEMORY AVAILABLE: 11.56%
2025-12-04 12:26:31,878-DEBUG-root-22148::webapp_internal::wait_element|7623:: Waiting for element
2025-12-04 12:26:31,961-INFO-root-22148::webapp_internal::SetLateralMenu|4184:: Navigating lateral menu: Atualizações > Gestao de Viagens > Cadastro (5) > Orcamento por UTA
2025-12-04 12:26:31,970-DEBUG-root-22148::webapp_internal::wait_element|7623:: Waiting for element
2025-12-04 12:26:32,006-DEBUG-root-22148::webapp_internal::wait_element|7653:: Element found! Waiting for element to be displayed.
2025-12-04 12:26:32,168-INFO-root-22148::webapp_internal::SetLateralMenu|4203:: Menu item: "Atualizações"
2025-12-04 12:26:32,168-DEBUG-root-22148::webapp_internal::wait_blocker|2444:: Waiting blocker to continue...
2025-12-04 12:26:32,237-DEBUG-root-22148::webapp_internal::wait_blocker|2469:: Blocker status: False
2025-12-04 12:26:32,639-DEBUG-root-22148::webapp_internal::wait_element_timeout|7726:: Element found! Waiting for element to be displayed.
2025-12-04 12:26:32,981-DEBUG-root-22148::webapp_internal::wait_blocker|2444:: Waiting blocker to continue...
2025-12-04 12:26:33,042-DEBUG-root-22148::webapp_internal::wait_blocker|2469:: Blocker status: False
2025-12-04 12:26:35,337-INFO-root-22148::webapp_internal::SetLateralMenu|4203:: Menu item: "Gestao de Viagens"
2025-12-04 12:26:35,337-DEBUG-root-22148::webapp_internal::wait_blocker|2444:: Waiting blocker to continue...
2025-12-04 12:26:35,463-DEBUG-root-22148::webapp_internal::wait_blocker|2469:: Blocker status: False
2025-12-04 12:26:36,225-DEBUG-root-22148::webapp_internal::wait_element_timeout|7726:: Element found! Waiting for element to be displayed.
2025-12-04 12:26:36,933-DEBUG-root-22148::webapp_internal::wait_blocker|2444:: Waiting blocker to continue...
2025-12-04 12:26:37,023-DEBUG-root-22148::webapp_internal::wait_blocker|2469:: Blocker status: False
2025-12-04 12:26:39,324-INFO-root-22148::webapp_internal::SetLateralMenu|4203:: Menu item: "Cadastro (5)"
2025-12-04 12:26:39,324-DEBUG-root-22148::webapp_internal::wait_blocker|2444:: Waiting blocker to continue...
2025-12-04 12:26:39,401-DEBUG-root-22148::webapp_internal::wait_blocker|2469:: Blocker status: False
2025-12-04 12:26:40,258-DEBUG-root-22148::webapp_internal::wait_element_timeout|7726:: Element found! Waiting for element to be displayed.
2025-12-04 12:26:41,020-DEBUG-root-22148::webapp_internal::wait_blocker|2444:: Waiting blocker to continue...
2025-12-04 12:26:41,099-DEBUG-root-22148::webapp_internal::wait_blocker|2469:: Blocker status: False
2025-12-04 12:26:43,396-INFO-root-22148::webapp_internal::SetLateralMenu|4203:: Menu item: "Orcamento por UTA"
2025-12-04 12:26:43,396-DEBUG-root-22148::webapp_internal::wait_blocker|2444:: Waiting blocker to continue...
2025-12-04 12:26:43,472-DEBUG-root-22148::webapp_internal::wait_blocker|2469:: Blocker status: False
2025-12-04 12:26:44,520-DEBUG-root-22148::webapp_internal::wait_element_timeout|7726:: Element found! Waiting for element to be displayed.
2025-12-04 12:26:45,490-DEBUG-root-22148::webapp_internal::wait_blocker|2444:: Waiting blocker to continue...
2025-12-04 12:26:45,569-DEBUG-root-22148::webapp_internal::wait_blocker|2469:: Blocker status: False
2025-12-04 12:26:49,153-DEBUG-root-22148::webapp_internal::wait_blocker|2444:: Waiting blocker to continue...
2025-12-04 12:26:49,230-DEBUG-root-22148::webapp_internal::wait_blocker|2469:: Blocker status: False
2025-12-04 12:26:49,305-INFO-root-22148::webapp_internal::WaitShow|4980:: Waiting show text 'Este ambiente utiliza base de Homologação.'...
2025-12-04 12:26:54,803-INFO-root-22148::webapp_internal::WaitShow|4980:: Waiting show text 'Moedas'...
2025-12-04 12:26:59,936-INFO-root-22148::webapp_internal::WaitShow|4980:: Waiting show text 'Centro de Custo vs Orçamento'...
2025-12-04 12:26:59,990-INFO-root-22148::webapp_internal::WaitShow|4996:: Text found! 
2025-12-04 12:26:59,990-INFO-root-22148::webapp_internal::SetButton|4444:: Clicking on Incluir
2025-12-04 12:26:59,990-DEBUG-root-22148::webapp_internal::wait_blocker|2444:: Waiting blocker to continue...
2025-12-04 12:27:00,083-DEBUG-root-22148::webapp_internal::wait_blocker|2469:: Blocker status: False
2025-12-04 12:27:00,417-DEBUG-root-22148::webapp_internal::wait_element_timeout|7726:: Element found! Waiting for element to be displayed.
2025-12-04 12:27:00,639-DEBUG-root-22148::webapp_internal::SetButton|4481:: ***System Info*** Before Clicking on button:Incluir
2025-12-04 12:27:00,639-DEBUG-root-22148::psutil_info::system_info|5:: CPU USAGE: 10.2%
2025-12-04 12:27:00,639-DEBUG-root-22148::psutil_info::system_info|6:: MEMORY USAGE: 89.8%
2025-12-04 12:27:00,640-DEBUG-root-22148::psutil_info::system_info|7:: MEMORY AVAILABLE: 10.16%
2025-12-04 12:27:00,971-DEBUG-root-22148::webapp_internal::wait_element_timeout|7726:: Element found! Waiting for element to be displayed.
2025-12-04 12:27:01,243-DEBUG-root-22148::webapp_internal::wait_blocker|2444:: Waiting blocker to continue...
2025-12-04 12:27:01,334-DEBUG-root-22148::webapp_internal::wait_blocker|2469:: Blocker status: False
2025-12-04 12:27:01,356-DEBUG-root-22148::webapp_internal::wait_blocker|2444:: Waiting blocker to continue...
2025-12-04 12:27:01,443-DEBUG-root-22148::webapp_internal::wait_blocker|2469:: Blocker status: False
2025-12-04 12:27:01,443-DEBUG-root-22148::webapp_internal::send_action|10480:: Trying to send action
2025-12-04 12:27:01,446-DEBUG-root-22148::base::click|192:: Click Type: ClickType.JS
2025-12-04 12:27:02,486-DEBUG-root-22148::webapp_internal::send_action|10522:: send_action method result = True
2025-12-04 12:27:02,486-DEBUG-root-22148::webapp_internal::send_action|10523:: send_action selenium status: False
2025-12-04 12:27:02,486-DEBUG-root-22148::webapp_internal::SetButton|4683:: ***System Info*** After Clicking on button:
2025-12-04 12:27:02,486-DEBUG-root-22148::psutil_info::system_info|5:: CPU USAGE: 9.8%
2025-12-04 12:27:02,486-DEBUG-root-22148::psutil_info::system_info|6:: MEMORY USAGE: 90.2%
2025-12-04 12:27:02,487-DEBUG-root-22148::psutil_info::system_info|7:: MEMORY AVAILABLE: 9.8%
2025-12-04 12:27:02,487-INFO-root-22148::webapp_internal::WaitShow|4980:: Waiting show text 'Modelo de Dados do Cadastro Centro de Custo vs Orçamento - INCLUIR'...
2025-12-04 12:27:02,633-INFO-root-22148::webapp_internal::WaitShow|4996:: Text found! 
2025-12-04 12:27:02,633-DEBUG-root-22148::webapp_internal::SetFocus|6011:: Setting focus on element Z91_ANO.
2025-12-04 12:27:02,818-DEBUG-root-22148::base::click|192:: Click Type: ClickType.SELENIUM
2025-12-04 12:27:02,886-DEBUG-root-22148::webapp_internal::wait_blocker|2444:: Waiting blocker to continue...
2025-12-04 12:27:02,988-DEBUG-root-22148::webapp_internal::wait_blocker|2469:: Blocker status: False
2025-12-04 12:27:02,988-DEBUG-root-22148::webapp_internal::wait_element|7623:: Waiting for element
2025-12-04 12:27:03,049-DEBUG-root-22148::webapp_internal::wait_element|7653:: Element found! Waiting for element to be displayed.
2025-12-04 12:27:03,097-INFO-root-22148::webapp_internal::input_value|2941:: Looking for element: Z91_ANO
2025-12-04 12:27:03,186-INFO-root-22148::webapp_internal::input_value|2951:: Element: Z91_ANO Found!
2025-12-04 12:27:03,186-INFO-root-22148::webapp_internal::input_value|2953:: Filling element: Z91_ANO
2025-12-04 12:27:03,208-DEBUG-root-22148::webapp_internal::get_web_value|3232:: Current value:     
2025-12-04 12:27:03,248-DEBUG-root-22148::base::double_click|259:: Click Type: ClickType.SELENIUM
2025-12-04 12:27:03,505-DEBUG-root-22148::webapp_internal::wait_blocker|2444:: Waiting blocker to continue...
2025-12-04 12:27:03,602-DEBUG-root-22148::webapp_internal::wait_blocker|2469:: Blocker status: False
2025-12-04 12:27:03,927-DEBUG-root-22148::webapp_internal::get_web_value|3232:: Current value: 2025
2025-12-04 12:27:03,928-INFO-root-22148::webapp_internal::input_value|3059:: Current field value: 2025
2025-12-04 12:27:03,938-INFO-root-22148::webapp_internal::WaitFieldValue|8724:: Waiting for field ZW_DESCRIC value to be: 2025
2025-12-04 12:27:03,938-DEBUG-root-22148::webapp_internal::wait_element|7623:: Waiting for element
2025-12-04 12:28:58,040-ERROR-root-22148::webapp_internal::TearDown|9654:: Warning tearDown Close Message: Failed to decode response from marionette
Traceback (most recent call last):
  File "C:\TIR_TESTE\venv\Lib\site-packages\tir\technologies\webapp_internal.py", line 9652, in TearDown
    self.driver.close()
  File "C:\TIR_TESTE\venv\Lib\site-packages\selenium\webdriver\remote\webdriver.py", line 458, in close
    self.execute(Command.CLOSE)
  File "C:\TIR_TESTE\venv\Lib\site-packages\selenium\webdriver\remote\webdriver.py", line 347, in execute
    self.error_handler.check_response(response)
  File "C:\TIR_TESTE\venv\Lib\site-packages\selenium\webdriver\remote\errorhandler.py", line 229, in check_response
    raise exception_class(message, screen, stacktrace)
selenium.common.exceptions.WebDriverException: Message: Failed to decode response from marionette

