2025-12-16 12:26:02,920-DEBUG-root-39972::logging_config::logger|189:: Log file created: 'Log\GESIT03\TIR__20251216122602916.log'
2025-12-16 12:26:02,920-INFO-root-39972::base::Start|1183:: TIR Version: 2.4.3
2025-12-16 12:26:02,920-INFO-root-39972::base::Start|1184:: Python Version: 3.12.10
2025-12-16 12:26:02,920-INFO-root-39972::base::Start|1185:: Starting the browser
2025-12-16 12:26:10,450-INFO-root-39972::base::get_url|1294:: Page is ready!
2025-12-16 12:26:10,460-INFO-root-39972::base::Start|1256:: Browser maximized to 1936x1048
2025-12-16 12:26:10,460-INFO-root-39972::base::Start|1258:: Screen size is different from default used in headless mode
2025-12-16 12:26:10,511-INFO-root-39972::webapp_internal::Setup|247:: ***System Info*** in Setup():
2025-12-16 12:26:10,512-DEBUG-root-39972::psutil_info::system_info|5:: CPU USAGE: 18.3%
2025-12-16 12:26:10,513-DEBUG-root-39972::psutil_info::system_info|6:: MEMORY USAGE: 92.1%
2025-12-16 12:26:10,513-DEBUG-root-39972::psutil_info::system_info|7:: MEMORY AVAILABLE: 7.9%
2025-12-16 12:26:10,519-INFO-root-39972::base::webapp_shadowroot|1394:: Webapp: 10.1.6-RC4
2025-12-16 12:26:10,549-INFO-root-39972::webapp_internal::filling_initial_program|449:: Filling Initial Program: "SIGAMDI"
2025-12-16 12:26:10,549-DEBUG-root-39972::webapp_internal::wait_element|7623:: Waiting for element
2025-12-16 12:26:10,582-DEBUG-root-39972::webapp_internal::wait_element|7653:: Element found! Waiting for element to be displayed.
2025-12-16 12:26:10,738-DEBUG-root-39972::base::click|192:: Click Type: ClickType.JS
2025-12-16 12:26:10,742-DEBUG-root-39972::webapp_internal::try_send_keys|7976:: Trying to send keys to element using technique 0
2025-12-16 12:26:11,077-DEBUG-root-39972::webapp_internal::get_web_value|3232:: Current value: SIGAMDI
2025-12-16 12:26:11,078-INFO-root-39972::webapp_internal::filling_server_environment|463:: Filling Server Environment: "POUPEX_TST"
2025-12-16 12:26:11,078-DEBUG-root-39972::webapp_internal::wait_element|7623:: Waiting for element
2025-12-16 12:26:11,095-DEBUG-root-39972::webapp_internal::wait_element|7653:: Element found! Waiting for element to be displayed.
2025-12-16 12:26:11,259-DEBUG-root-39972::base::click|192:: Click Type: ClickType.JS
2025-12-16 12:26:11,369-DEBUG-root-39972::webapp_internal::try_send_keys|7976:: Trying to send keys to element using technique 0
2025-12-16 12:26:12,467-DEBUG-root-39972::webapp_internal::get_web_value|3232:: Current value: POUPEX_TST
2025-12-16 12:26:12,488-DEBUG-root-39972::base::click|192:: Click Type: ClickType.JS
2025-12-16 12:26:12,508-DEBUG-root-39972::webapp_internal::user_screen|519:: Filling user screen
2025-12-16 12:26:18,512-DEBUG-root-39972::webapp_internal::wait_element_timeout|7726:: Element found! Waiting for element to be displayed.
2025-12-16 12:26:18,572-DEBUG-root-39972::base::scroll_to_element|759:: ********Warining scroll_to_element exception: Message: TypeError: can't access property "scrollIntoView", arguments[0] is null
Stacktrace:
@https://qasrverp:10020/webapp/:2:7
@https://qasrverp:10020/webapp/:3:8
*********
2025-12-16 12:26:18,698-INFO-root-39972::webapp_internal::user_screen|561:: Filling User
2025-12-16 12:26:18,726-DEBUG-root-39972::base::double_click|259:: Click Type: ClickType.SELENIUM
2025-12-16 12:26:18,906-DEBUG-root-39972::webapp_internal::get_web_value|3232:: Current value: 97137227104
2025-12-16 12:26:18,927-INFO-root-39972::webapp_internal::user_screen|621:: Filling Password
2025-12-16 12:26:18,946-DEBUG-root-39972::base::click|192:: Click Type: ClickType.JS
2025-12-16 12:26:19,018-DEBUG-root-39972::webapp_internal::get_web_value|3232:: Current value: Deire20191817+
2025-12-16 12:26:19,018-DEBUG-root-39972::webapp_internal::wait_blocker|2444:: Waiting blocker to continue...
2025-12-16 12:26:19,042-DEBUG-root-39972::webapp_internal::wait_blocker|2469:: Blocker status: None
2025-12-16 12:26:19,061-DEBUG-root-39972::webapp_internal::wait_blocker|2444:: Waiting blocker to continue...
2025-12-16 12:26:19,086-DEBUG-root-39972::webapp_internal::wait_blocker|2469:: Blocker status: None
2025-12-16 12:26:19,118-DEBUG-root-39972::webapp_internal::wait_blocker|2444:: Waiting blocker to continue...
2025-12-16 12:26:19,140-DEBUG-root-39972::webapp_internal::wait_blocker|2469:: Blocker status: None
2025-12-16 12:26:19,141-DEBUG-root-39972::webapp_internal::send_action|10480:: Trying to send action
2025-12-16 12:26:19,146-DEBUG-root-39972::base::click|192:: Click Type: ClickType.JS
2025-12-16 12:26:20,186-DEBUG-root-39972::webapp_internal::send_action|10522:: send_action method result = True
2025-12-16 12:26:20,187-DEBUG-root-39972::webapp_internal::send_action|10523:: send_action selenium status: False
2025-12-16 12:26:22,651-DEBUG-root-39972::base::scroll_to_element|759:: ********Warining scroll_to_element exception: Message: TypeError: can't access property "scrollIntoView", arguments[0] is null
Stacktrace:
@https://qasrverp:10020/webapp/:2:7
@https://qasrverp:10020/webapp/:3:8
*********
2025-12-16 12:26:22,702-INFO-root-39972::webapp_internal::filling_date|885:: Filling Date: "17/09/2025"
2025-12-16 12:26:22,703-DEBUG-root-39972::webapp_internal::wait_blocker|2444:: Waiting blocker to continue...
2025-12-16 12:26:22,733-DEBUG-root-39972::webapp_internal::wait_blocker|2469:: Blocker status: None
2025-12-16 12:26:22,739-DEBUG-root-39972::base::click|192:: Click Type: ClickType.JS
2025-12-16 12:26:22,757-DEBUG-root-39972::webapp_internal::try_send_keys|7976:: Trying to send keys to element using technique 1
2025-12-16 12:26:22,835-DEBUG-root-39972::webapp_internal::get_web_value|3232:: Current value: 17/09/2025
2025-12-16 12:26:23,908-INFO-root-39972::webapp_internal::filling_group|955:: Filling Group: "02"
2025-12-16 12:26:23,908-DEBUG-root-39972::webapp_internal::wait_blocker|2444:: Waiting blocker to continue...
2025-12-16 12:26:23,936-DEBUG-root-39972::webapp_internal::wait_blocker|2469:: Blocker status: None
2025-12-16 12:26:23,939-DEBUG-root-39972::base::click|192:: Click Type: ClickType.JS
2025-12-16 12:26:23,993-DEBUG-root-39972::webapp_internal::get_web_value|3232:: Current value: 02
2025-12-16 12:26:25,049-INFO-root-39972::webapp_internal::filling_branch|1047:: Filling Branch: "02DF0001"
2025-12-16 12:26:25,050-DEBUG-root-39972::webapp_internal::wait_blocker|2444:: Waiting blocker to continue...
2025-12-16 12:26:25,078-DEBUG-root-39972::webapp_internal::wait_blocker|2469:: Blocker status: None
2025-12-16 12:26:25,080-DEBUG-root-39972::base::click|192:: Click Type: ClickType.JS
2025-12-16 12:26:25,137-DEBUG-root-39972::webapp_internal::get_web_value|3232:: Current value: 02DF0001
2025-12-16 12:26:26,211-INFO-root-39972::webapp_internal::filling_environment|1113:: Filling Environment: "07"
2025-12-16 12:26:26,211-DEBUG-root-39972::webapp_internal::wait_blocker|2444:: Waiting blocker to continue...
2025-12-16 12:26:26,240-DEBUG-root-39972::webapp_internal::wait_blocker|2469:: Blocker status: None
2025-12-16 12:26:26,243-DEBUG-root-39972::base::click|192:: Click Type: ClickType.JS
2025-12-16 12:26:26,295-DEBUG-root-39972::webapp_internal::get_web_value|3232:: Current value: 07
2025-12-16 12:26:27,304-DEBUG-root-39972::webapp_internal::close_warning_screen|1489:: Closing warning screen!
2025-12-16 12:26:28,327-DEBUG-root-39972::webapp_internal::check_screen_element|1291:: Checking screen element: "Atenção": False
2025-12-16 12:26:29,424-INFO-root-39972::webapp_internal::environment_screen|796:: Clicking on Button
2025-12-16 12:26:29,425-DEBUG-root-39972::webapp_internal::wait_blocker|2444:: Waiting blocker to continue...
2025-12-16 12:26:29,455-DEBUG-root-39972::webapp_internal::wait_blocker|2469:: Blocker status: None
2025-12-16 12:26:29,458-DEBUG-root-39972::base::click|192:: Click Type: ClickType.JS
2025-12-16 12:26:30,467-DEBUG-root-39972::base::click|192:: Click Type: ClickType.JS
2025-12-16 12:26:31,475-DEBUG-root-39972::base::click|192:: Click Type: ClickType.JS
2025-12-16 12:26:32,482-DEBUG-root-39972::base::click|192:: Click Type: ClickType.JS
2025-12-16 12:26:33,489-DEBUG-root-39972::base::click|192:: Click Type: ClickType.JS
2025-12-16 12:26:34,495-DEBUG-root-39972::base::click|192:: Click Type: ClickType.JS
2025-12-16 12:26:35,502-DEBUG-root-39972::webapp_internal::close_screen_before_menu|368:: Closing screen before the menu
2025-12-16 12:26:35,535-DEBUG-root-39972::webapp_internal::close_warning_screen|1489:: Closing warning screen!
2025-12-16 12:26:36,577-DEBUG-root-39972::webapp_internal::check_screen_element|1291:: Checking screen element: "Atenção": False
2025-12-16 12:26:36,577-DEBUG-root-39972::webapp_internal::close_coin_screen|1424:: Closing coin screen!
2025-12-16 12:26:37,122-DEBUG-root-39972::base::click|192:: Click Type: ClickType.JS
2025-12-16 12:26:37,171-DEBUG-root-39972::webapp_internal::close_warning_screen|1489:: Closing warning screen!
2025-12-16 12:26:38,211-DEBUG-root-39972::webapp_internal::check_screen_element|1291:: Checking screen element: "Atenção": False
2025-12-16 12:26:38,211-DEBUG-root-39972::webapp_internal::close_coin_screen|1424:: Closing coin screen!
2025-12-16 12:26:38,320-INFO-root-39972::webapp_internal::set_log_info|1623:: Getting log info
2025-12-16 12:26:38,320-INFO-root-39972::webapp_internal::SetLateralMenu|4184:: Navigating lateral menu: Ajuda > Sobre
2025-12-16 12:26:38,329-DEBUG-root-39972::webapp_internal::wait_element|7623:: Waiting for element
2025-12-16 12:26:38,362-DEBUG-root-39972::webapp_internal::wait_element|7653:: Element found! Waiting for element to be displayed.
2025-12-16 12:26:38,517-INFO-root-39972::webapp_internal::SetLateralMenu|4203:: Menu item: "Ajuda"
2025-12-16 12:26:38,518-DEBUG-root-39972::webapp_internal::wait_blocker|2444:: Waiting blocker to continue...
2025-12-16 12:26:38,572-DEBUG-root-39972::webapp_internal::wait_blocker|2469:: Blocker status: False
2025-12-16 12:26:38,915-DEBUG-root-39972::webapp_internal::wait_element_timeout|7726:: Element found! Waiting for element to be displayed.
2025-12-16 12:26:39,216-DEBUG-root-39972::webapp_internal::wait_blocker|2444:: Waiting blocker to continue...
2025-12-16 12:26:39,270-DEBUG-root-39972::webapp_internal::wait_blocker|2469:: Blocker status: False
2025-12-16 12:26:41,567-INFO-root-39972::webapp_internal::SetLateralMenu|4203:: Menu item: "Sobre"
2025-12-16 12:26:41,567-DEBUG-root-39972::webapp_internal::wait_blocker|2444:: Waiting blocker to continue...
2025-12-16 12:26:41,619-DEBUG-root-39972::webapp_internal::wait_blocker|2469:: Blocker status: False
2025-12-16 12:26:42,005-DEBUG-root-39972::webapp_internal::wait_element_timeout|7726:: Element found! Waiting for element to be displayed.
2025-12-16 12:26:42,369-DEBUG-root-39972::webapp_internal::wait_blocker|2444:: Waiting blocker to continue...
2025-12-16 12:26:42,426-DEBUG-root-39972::webapp_internal::wait_blocker|2469:: Blocker status: False
2025-12-16 12:26:45,045-DEBUG-root-39972::webapp_internal::wait_blocker|2444:: Waiting blocker to continue...
2025-12-16 12:26:45,106-DEBUG-root-39972::webapp_internal::wait_blocker|2469:: Blocker status: False
2025-12-16 12:26:45,162-DEBUG-root-39972::webapp_internal::wait_element|7623:: Waiting for element
2025-12-16 12:26:45,197-DEBUG-root-39972::webapp_internal::wait_element|7653:: Element found! Waiting for element to be displayed.
2025-12-16 12:26:45,357-INFO-root-39972::webapp_internal::SetButton|4444:: Clicking on Fechar
2025-12-16 12:26:45,357-DEBUG-root-39972::webapp_internal::wait_blocker|2444:: Waiting blocker to continue...
2025-12-16 12:26:45,418-DEBUG-root-39972::webapp_internal::wait_blocker|2469:: Blocker status: False
2025-12-16 12:26:45,590-DEBUG-root-39972::webapp_internal::wait_element_timeout|7726:: Element found! Waiting for element to be displayed.
2025-12-16 12:26:45,658-DEBUG-root-39972::webapp_internal::SetButton|4481:: ***System Info*** Before Clicking on button:Fechar
2025-12-16 12:26:45,658-DEBUG-root-39972::psutil_info::system_info|5:: CPU USAGE: 7.7%
2025-12-16 12:26:45,659-DEBUG-root-39972::psutil_info::system_info|6:: MEMORY USAGE: 89.1%
2025-12-16 12:26:45,659-DEBUG-root-39972::psutil_info::system_info|7:: MEMORY AVAILABLE: 10.86%
2025-12-16 12:26:45,813-DEBUG-root-39972::webapp_internal::wait_element_timeout|7726:: Element found! Waiting for element to be displayed.
2025-12-16 12:26:45,907-DEBUG-root-39972::webapp_internal::wait_blocker|2444:: Waiting blocker to continue...
2025-12-16 12:26:45,963-DEBUG-root-39972::webapp_internal::wait_blocker|2469:: Blocker status: False
2025-12-16 12:26:45,983-DEBUG-root-39972::webapp_internal::wait_blocker|2444:: Waiting blocker to continue...
2025-12-16 12:26:46,048-DEBUG-root-39972::webapp_internal::wait_blocker|2469:: Blocker status: False
2025-12-16 12:26:46,048-DEBUG-root-39972::webapp_internal::send_action|10480:: Trying to send action
2025-12-16 12:26:46,050-DEBUG-root-39972::base::click|192:: Click Type: ClickType.JS
2025-12-16 12:26:47,080-DEBUG-root-39972::webapp_internal::send_action|10522:: send_action method result = True
2025-12-16 12:26:47,080-DEBUG-root-39972::webapp_internal::send_action|10523:: send_action selenium status: False
2025-12-16 12:26:47,080-DEBUG-root-39972::webapp_internal::SetButton|4683:: ***System Info*** After Clicking on button:
2025-12-16 12:26:47,080-DEBUG-root-39972::psutil_info::system_info|5:: CPU USAGE: 5.4%
2025-12-16 12:26:47,081-DEBUG-root-39972::psutil_info::system_info|6:: MEMORY USAGE: 88.9%
2025-12-16 12:26:47,081-DEBUG-root-39972::psutil_info::system_info|7:: MEMORY AVAILABLE: 11.09%
2025-12-16 12:26:47,081-DEBUG-root-39972::webapp_internal::wait_element|7623:: Waiting for element
2025-12-16 12:26:47,157-INFO-root-39972::webapp_internal::SetLateralMenu|4184:: Navigating lateral menu: Miscelanea > Spool
2025-12-16 12:26:47,165-DEBUG-root-39972::webapp_internal::wait_element|7623:: Waiting for element
2025-12-16 12:26:47,194-DEBUG-root-39972::webapp_internal::wait_element|7653:: Element found! Waiting for element to be displayed.
2025-12-16 12:26:47,349-INFO-root-39972::webapp_internal::SetLateralMenu|4203:: Menu item: "Miscelanea"
2025-12-16 12:26:47,349-DEBUG-root-39972::webapp_internal::wait_blocker|2444:: Waiting blocker to continue...
2025-12-16 12:26:47,402-DEBUG-root-39972::webapp_internal::wait_blocker|2469:: Blocker status: False
2025-12-16 12:26:47,789-DEBUG-root-39972::webapp_internal::wait_element_timeout|7726:: Element found! Waiting for element to be displayed.
2025-12-16 12:26:48,124-DEBUG-root-39972::webapp_internal::wait_blocker|2444:: Waiting blocker to continue...
2025-12-16 12:26:48,179-DEBUG-root-39972::webapp_internal::wait_blocker|2469:: Blocker status: False
2025-12-16 12:26:50,483-INFO-root-39972::webapp_internal::SetLateralMenu|4203:: Menu item: "Spool"
2025-12-16 12:26:50,483-DEBUG-root-39972::webapp_internal::wait_blocker|2444:: Waiting blocker to continue...
2025-12-16 12:26:50,603-DEBUG-root-39972::webapp_internal::wait_blocker|2469:: Blocker status: False
2025-12-16 12:26:51,804-DEBUG-root-39972::webapp_internal::wait_element_timeout|7726:: Element found! Waiting for element to be displayed.
2025-12-16 12:26:53,044-DEBUG-root-39972::webapp_internal::wait_blocker|2444:: Waiting blocker to continue...
2025-12-16 12:26:53,140-DEBUG-root-39972::webapp_internal::wait_blocker|2469:: Blocker status: False
2025-12-16 12:26:57,149-DEBUG-root-39972::webapp_internal::wait_blocker|2444:: Waiting blocker to continue...
2025-12-16 12:26:57,236-DEBUG-root-39972::webapp_internal::wait_blocker|2469:: Blocker status: False
2025-12-16 12:26:57,327-INFO-root-39972::webapp_internal::WaitShow|4980:: Waiting show text 'Este ambiente utiliza base de Homologação.'...
2025-12-16 12:27:02,369-DEBUG-root-39972::log::checks_empty_line|221:: Checking empty default log info
2025-12-16 12:27:02,369-DEBUG-root-39972::log::generate_log|503:: Json log_data: {'cLogDtExec': '16/12/2025 12:27:02', 'cLogNomUsr': '97137227104', 'cLogNomEst': 'GESIT03', 'cLogProgra': None, 'cLogDtProg': '', 'cLogHrProg': '', 'nLogCtsOk': 1, 'nLogCtsNok': 0, 'nLogCtsSeg': 59.67, 'cLogVersao': '12', 'cLogReleas': '12.1.2410', 'nLogCtsErr': '', 'cLogBancod': 'ORACLE', 'cLogIdenti': '', 'cLogIdExec': '20251216', 'cLogPais': 'BRA', 'cLogTool': 'TIR', 'cLogSequen': 'f8f93a', 'nLogCtsTot': 1, 'cLogDtExea': '16/12/2025', 'cLogHrExea': '12:27:02', 'cLogArea': 'Desenvolvimento', 'cLogMnExec': 0.9945}
2025-12-16 12:27:02,371-INFO-root-39972::log::send_log_with_retries|515:: Saving log locally.
2025-12-16 12:27:02,371-INFO-root-39972::log::save_log_locally|548:: [FwSendLog]: Não foi possível enviar o log após todas as tentativas.
2025-12-16 12:27:02,372-INFO-root-39972::log::save_log_locally|555:: [FwSendLog]: Log salvo localmente em C:\TIR_TESTE\1765898822.json.
2025-12-16 12:27:02,372-INFO-root-39972::webapp_internal::WaitShow|4980:: Waiting show text 'Moedas'...
2025-12-16 12:27:08,041-DEBUG-root-39972::webapp_internal::wait_blocker|2444:: Waiting blocker to continue...
2025-12-16 12:27:08,144-DEBUG-root-39972::webapp_internal::wait_blocker|2469:: Blocker status: False
2025-12-16 12:27:08,145-DEBUG-root-39972::webapp_internal::wait_element|7623:: Waiting for element
2025-12-16 12:27:08,203-DEBUG-root-39972::webapp_internal::wait_element|7653:: Element found! Waiting for element to be displayed.
2025-12-16 12:27:08,373-INFO-root-39972::webapp_internal::input_value|2941:: Looking for element: Localizar
2025-12-16 12:27:08,783-INFO-root-39972::webapp_internal::input_value|2951:: Element: Localizar Found!
2025-12-16 12:27:08,783-INFO-root-39972::webapp_internal::input_value|2953:: Filling element: Localizar
2025-12-16 12:27:08,806-DEBUG-root-39972::webapp_internal::get_web_value|3232:: Current value:                     
2025-12-16 12:27:08,838-DEBUG-root-39972::base::double_click|259:: Click Type: ClickType.SELENIUM
2025-12-16 12:27:09,101-DEBUG-root-39972::webapp_internal::wait_blocker|2444:: Waiting blocker to continue...
2025-12-16 12:27:09,208-DEBUG-root-39972::webapp_internal::wait_blocker|2469:: Blocker status: False
2025-12-16 12:27:09,527-DEBUG-root-39972::webapp_internal::get_web_value|3232:: Current value: VTR                 
2025-12-16 12:27:09,528-INFO-root-39972::webapp_internal::input_value|3059:: Current field value: VTR
2025-12-16 12:27:09,744-DEBUG-root-39972::webapp_internal::wait_blocker|2444:: Waiting blocker to continue...
2025-12-16 12:27:09,857-DEBUG-root-39972::webapp_internal::wait_blocker|2469:: Blocker status: False
2025-12-16 12:27:09,857-INFO-root-39972::webapp_internal::SetKey|5822:: Key pressed: ENTER
2025-12-16 12:27:09,857-DEBUG-root-39972::webapp_internal::SetKey|5857:: Trying press key
2025-12-16 12:27:11,862-DEBUG-root-39972::webapp_internal::wait_blocker|2444:: Waiting blocker to continue...
2025-12-16 12:27:11,970-DEBUG-root-39972::webapp_internal::wait_blocker|2469:: Blocker status: False
2025-12-16 12:27:11,993-DEBUG-root-39972::webapp_internal::wait_blocker|2444:: Waiting blocker to continue...
2025-12-16 12:27:12,106-DEBUG-root-39972::webapp_internal::wait_blocker|2469:: Blocker status: False
2025-12-16 12:27:12,106-DEBUG-root-39972::webapp_internal::send_action|10480:: Trying to send action
2025-12-16 12:27:13,137-DEBUG-root-39972::webapp_internal::send_action|10522:: send_action method result = True
2025-12-16 12:27:13,138-DEBUG-root-39972::webapp_internal::send_action|10523:: send_action selenium status: False
2025-12-16 12:27:13,339-INFO-root-39972::webapp_internal::WaitShow|4980:: Waiting show text 'Log de Ocorrencias no Processo de Calculo'...
2025-12-16 12:26:02,920-DEBUG-root-39972::logging_config::logger|189:: Log file created: 'Log\GESIT03\TIR__20251216122602916.log'
2025-12-16 12:26:02,920-INFO-root-39972::base::Start|1183:: TIR Version: 2.4.3
2025-12-16 12:26:02,920-INFO-root-39972::base::Start|1184:: Python Version: 3.12.10
2025-12-16 12:26:02,920-INFO-root-39972::base::Start|1185:: Starting the browser
2025-12-16 12:26:10,450-INFO-root-39972::base::get_url|1294:: Page is ready!
2025-12-16 12:26:10,460-INFO-root-39972::base::Start|1256:: Browser maximized to 1936x1048
2025-12-16 12:26:10,460-INFO-root-39972::base::Start|1258:: Screen size is different from default used in headless mode
2025-12-16 12:26:10,511-INFO-root-39972::webapp_internal::Setup|247:: ***System Info*** in Setup():
2025-12-16 12:26:10,512-DEBUG-root-39972::psutil_info::system_info|5:: CPU USAGE: 18.3%
2025-12-16 12:26:10,513-DEBUG-root-39972::psutil_info::system_info|6:: MEMORY USAGE: 92.1%
2025-12-16 12:26:10,513-DEBUG-root-39972::psutil_info::system_info|7:: MEMORY AVAILABLE: 7.9%
2025-12-16 12:26:10,519-INFO-root-39972::base::webapp_shadowroot|1394:: Webapp: 10.1.6-RC4
2025-12-16 12:26:10,549-INFO-root-39972::webapp_internal::filling_initial_program|449:: Filling Initial Program: "SIGAMDI"
2025-12-16 12:26:10,549-DEBUG-root-39972::webapp_internal::wait_element|7623:: Waiting for element
2025-12-16 12:26:10,582-DEBUG-root-39972::webapp_internal::wait_element|7653:: Element found! Waiting for element to be displayed.
2025-12-16 12:26:10,738-DEBUG-root-39972::base::click|192:: Click Type: ClickType.JS
2025-12-16 12:26:10,742-DEBUG-root-39972::webapp_internal::try_send_keys|7976:: Trying to send keys to element using technique 0
2025-12-16 12:26:11,077-DEBUG-root-39972::webapp_internal::get_web_value|3232:: Current value: SIGAMDI
2025-12-16 12:26:11,078-INFO-root-39972::webapp_internal::filling_server_environment|463:: Filling Server Environment: "POUPEX_TST"
2025-12-16 12:26:11,078-DEBUG-root-39972::webapp_internal::wait_element|7623:: Waiting for element
2025-12-16 12:26:11,095-DEBUG-root-39972::webapp_internal::wait_element|7653:: Element found! Waiting for element to be displayed.
2025-12-16 12:26:11,259-DEBUG-root-39972::base::click|192:: Click Type: ClickType.JS
2025-12-16 12:26:11,369-DEBUG-root-39972::webapp_internal::try_send_keys|7976:: Trying to send keys to element using technique 0
2025-12-16 12:26:12,467-DEBUG-root-39972::webapp_internal::get_web_value|3232:: Current value: POUPEX_TST
2025-12-16 12:26:12,488-DEBUG-root-39972::base::click|192:: Click Type: ClickType.JS
2025-12-16 12:26:12,508-DEBUG-root-39972::webapp_internal::user_screen|519:: Filling user screen
2025-12-16 12:26:18,512-DEBUG-root-39972::webapp_internal::wait_element_timeout|7726:: Element found! Waiting for element to be displayed.
2025-12-16 12:26:18,572-DEBUG-root-39972::base::scroll_to_element|759:: ********Warining scroll_to_element exception: Message: TypeError: can't access property "scrollIntoView", arguments[0] is null
Stacktrace:
@https://qasrverp:10020/webapp/:2:7
@https://qasrverp:10020/webapp/:3:8
*********
2025-12-16 12:26:18,698-INFO-root-39972::webapp_internal::user_screen|561:: Filling User
2025-12-16 12:26:18,726-DEBUG-root-39972::base::double_click|259:: Click Type: ClickType.SELENIUM
2025-12-16 12:26:18,906-DEBUG-root-39972::webapp_internal::get_web_value|3232:: Current value: 97137227104
2025-12-16 12:26:18,927-INFO-root-39972::webapp_internal::user_screen|621:: Filling Password
2025-12-16 12:26:18,946-DEBUG-root-39972::base::click|192:: Click Type: ClickType.JS
2025-12-16 12:26:19,018-DEBUG-root-39972::webapp_internal::get_web_value|3232:: Current value: Deire20191817+
2025-12-16 12:26:19,018-DEBUG-root-39972::webapp_internal::wait_blocker|2444:: Waiting blocker to continue...
2025-12-16 12:26:19,042-DEBUG-root-39972::webapp_internal::wait_blocker|2469:: Blocker status: None
2025-12-16 12:26:19,061-DEBUG-root-39972::webapp_internal::wait_blocker|2444:: Waiting blocker to continue...
2025-12-16 12:26:19,086-DEBUG-root-39972::webapp_internal::wait_blocker|2469:: Blocker status: None
2025-12-16 12:26:19,118-DEBUG-root-39972::webapp_internal::wait_blocker|2444:: Waiting blocker to continue...
2025-12-16 12:26:19,140-DEBUG-root-39972::webapp_internal::wait_blocker|2469:: Blocker status: None
2025-12-16 12:26:19,141-DEBUG-root-39972::webapp_internal::send_action|10480:: Trying to send action
2025-12-16 12:26:19,146-DEBUG-root-39972::base::click|192:: Click Type: ClickType.JS
2025-12-16 12:26:20,186-DEBUG-root-39972::webapp_internal::send_action|10522:: send_action method result = True
2025-12-16 12:26:20,187-DEBUG-root-39972::webapp_internal::send_action|10523:: send_action selenium status: False
2025-12-16 12:26:22,651-DEBUG-root-39972::base::scroll_to_element|759:: ********Warining scroll_to_element exception: Message: TypeError: can't access property "scrollIntoView", arguments[0] is null
Stacktrace:
@https://qasrverp:10020/webapp/:2:7
@https://qasrverp:10020/webapp/:3:8
*********
2025-12-16 12:26:22,702-INFO-root-39972::webapp_internal::filling_date|885:: Filling Date: "17/09/2025"
2025-12-16 12:26:22,703-DEBUG-root-39972::webapp_internal::wait_blocker|2444:: Waiting blocker to continue...
2025-12-16 12:26:22,733-DEBUG-root-39972::webapp_internal::wait_blocker|2469:: Blocker status: None
2025-12-16 12:26:22,739-DEBUG-root-39972::base::click|192:: Click Type: ClickType.JS
2025-12-16 12:26:22,757-DEBUG-root-39972::webapp_internal::try_send_keys|7976:: Trying to send keys to element using technique 1
2025-12-16 12:26:22,835-DEBUG-root-39972::webapp_internal::get_web_value|3232:: Current value: 17/09/2025
2025-12-16 12:26:23,908-INFO-root-39972::webapp_internal::filling_group|955:: Filling Group: "02"
2025-12-16 12:26:23,908-DEBUG-root-39972::webapp_internal::wait_blocker|2444:: Waiting blocker to continue...
2025-12-16 12:26:23,936-DEBUG-root-39972::webapp_internal::wait_blocker|2469:: Blocker status: None
2025-12-16 12:26:23,939-DEBUG-root-39972::base::click|192:: Click Type: ClickType.JS
2025-12-16 12:26:23,993-DEBUG-root-39972::webapp_internal::get_web_value|3232:: Current value: 02
2025-12-16 12:26:25,049-INFO-root-39972::webapp_internal::filling_branch|1047:: Filling Branch: "02DF0001"
2025-12-16 12:26:25,050-DEBUG-root-39972::webapp_internal::wait_blocker|2444:: Waiting blocker to continue...
2025-12-16 12:26:25,078-DEBUG-root-39972::webapp_internal::wait_blocker|2469:: Blocker status: None
2025-12-16 12:26:25,080-DEBUG-root-39972::base::click|192:: Click Type: ClickType.JS
2025-12-16 12:26:25,137-DEBUG-root-39972::webapp_internal::get_web_value|3232:: Current value: 02DF0001
2025-12-16 12:26:26,211-INFO-root-39972::webapp_internal::filling_environment|1113:: Filling Environment: "07"
2025-12-16 12:26:26,211-DEBUG-root-39972::webapp_internal::wait_blocker|2444:: Waiting blocker to continue...
2025-12-16 12:26:26,240-DEBUG-root-39972::webapp_internal::wait_blocker|2469:: Blocker status: None
2025-12-16 12:26:26,243-DEBUG-root-39972::base::click|192:: Click Type: ClickType.JS
2025-12-16 12:26:26,295-DEBUG-root-39972::webapp_internal::get_web_value|3232:: Current value: 07
2025-12-16 12:26:27,304-DEBUG-root-39972::webapp_internal::close_warning_screen|1489:: Closing warning screen!
2025-12-16 12:26:28,327-DEBUG-root-39972::webapp_internal::check_screen_element|1291:: Checking screen element: "Atenção": False
2025-12-16 12:26:29,424-INFO-root-39972::webapp_internal::environment_screen|796:: Clicking on Button
2025-12-16 12:26:29,425-DEBUG-root-39972::webapp_internal::wait_blocker|2444:: Waiting blocker to continue...
2025-12-16 12:26:29,455-DEBUG-root-39972::webapp_internal::wait_blocker|2469:: Blocker status: None
2025-12-16 12:26:29,458-DEBUG-root-39972::base::click|192:: Click Type: ClickType.JS
2025-12-16 12:26:30,467-DEBUG-root-39972::base::click|192:: Click Type: ClickType.JS
2025-12-16 12:26:31,475-DEBUG-root-39972::base::click|192:: Click Type: ClickType.JS
2025-12-16 12:26:32,482-DEBUG-root-39972::base::click|192:: Click Type: ClickType.JS
2025-12-16 12:26:33,489-DEBUG-root-39972::base::click|192:: Click Type: ClickType.JS
2025-12-16 12:26:34,495-DEBUG-root-39972::base::click|192:: Click Type: ClickType.JS
2025-12-16 12:26:35,502-DEBUG-root-39972::webapp_internal::close_screen_before_menu|368:: Closing screen before the menu
2025-12-16 12:26:35,535-DEBUG-root-39972::webapp_internal::close_warning_screen|1489:: Closing warning screen!
2025-12-16 12:26:36,577-DEBUG-root-39972::webapp_internal::check_screen_element|1291:: Checking screen element: "Atenção": False
2025-12-16 12:26:36,577-DEBUG-root-39972::webapp_internal::close_coin_screen|1424:: Closing coin screen!
2025-12-16 12:26:37,122-DEBUG-root-39972::base::click|192:: Click Type: ClickType.JS
2025-12-16 12:26:37,171-DEBUG-root-39972::webapp_internal::close_warning_screen|1489:: Closing warning screen!
2025-12-16 12:26:38,211-DEBUG-root-39972::webapp_internal::check_screen_element|1291:: Checking screen element: "Atenção": False
2025-12-16 12:26:38,211-DEBUG-root-39972::webapp_internal::close_coin_screen|1424:: Closing coin screen!
2025-12-16 12:26:38,320-INFO-root-39972::webapp_internal::set_log_info|1623:: Getting log info
2025-12-16 12:26:38,320-INFO-root-39972::webapp_internal::SetLateralMenu|4184:: Navigating lateral menu: Ajuda > Sobre
2025-12-16 12:26:38,329-DEBUG-root-39972::webapp_internal::wait_element|7623:: Waiting for element
2025-12-16 12:26:38,362-DEBUG-root-39972::webapp_internal::wait_element|7653:: Element found! Waiting for element to be displayed.
2025-12-16 12:26:38,517-INFO-root-39972::webapp_internal::SetLateralMenu|4203:: Menu item: "Ajuda"
2025-12-16 12:26:38,518-DEBUG-root-39972::webapp_internal::wait_blocker|2444:: Waiting blocker to continue...
2025-12-16 12:26:38,572-DEBUG-root-39972::webapp_internal::wait_blocker|2469:: Blocker status: False
2025-12-16 12:26:38,915-DEBUG-root-39972::webapp_internal::wait_element_timeout|7726:: Element found! Waiting for element to be displayed.
2025-12-16 12:26:39,216-DEBUG-root-39972::webapp_internal::wait_blocker|2444:: Waiting blocker to continue...
2025-12-16 12:26:39,270-DEBUG-root-39972::webapp_internal::wait_blocker|2469:: Blocker status: False
2025-12-16 12:26:41,567-INFO-root-39972::webapp_internal::SetLateralMenu|4203:: Menu item: "Sobre"
2025-12-16 12:26:41,567-DEBUG-root-39972::webapp_internal::wait_blocker|2444:: Waiting blocker to continue...
2025-12-16 12:26:41,619-DEBUG-root-39972::webapp_internal::wait_blocker|2469:: Blocker status: False
2025-12-16 12:26:42,005-DEBUG-root-39972::webapp_internal::wait_element_timeout|7726:: Element found! Waiting for element to be displayed.
2025-12-16 12:26:42,369-DEBUG-root-39972::webapp_internal::wait_blocker|2444:: Waiting blocker to continue...
2025-12-16 12:26:42,426-DEBUG-root-39972::webapp_internal::wait_blocker|2469:: Blocker status: False
2025-12-16 12:26:45,045-DEBUG-root-39972::webapp_internal::wait_blocker|2444:: Waiting blocker to continue...
2025-12-16 12:26:45,106-DEBUG-root-39972::webapp_internal::wait_blocker|2469:: Blocker status: False
2025-12-16 12:26:45,162-DEBUG-root-39972::webapp_internal::wait_element|7623:: Waiting for element
2025-12-16 12:26:45,197-DEBUG-root-39972::webapp_internal::wait_element|7653:: Element found! Waiting for element to be displayed.
2025-12-16 12:26:45,357-INFO-root-39972::webapp_internal::SetButton|4444:: Clicking on Fechar
2025-12-16 12:26:45,357-DEBUG-root-39972::webapp_internal::wait_blocker|2444:: Waiting blocker to continue...
2025-12-16 12:26:45,418-DEBUG-root-39972::webapp_internal::wait_blocker|2469:: Blocker status: False
2025-12-16 12:26:45,590-DEBUG-root-39972::webapp_internal::wait_element_timeout|7726:: Element found! Waiting for element to be displayed.
2025-12-16 12:26:45,658-DEBUG-root-39972::webapp_internal::SetButton|4481:: ***System Info*** Before Clicking on button:Fechar
2025-12-16 12:26:45,658-DEBUG-root-39972::psutil_info::system_info|5:: CPU USAGE: 7.7%
2025-12-16 12:26:45,659-DEBUG-root-39972::psutil_info::system_info|6:: MEMORY USAGE: 89.1%
2025-12-16 12:26:45,659-DEBUG-root-39972::psutil_info::system_info|7:: MEMORY AVAILABLE: 10.86%
2025-12-16 12:26:45,813-DEBUG-root-39972::webapp_internal::wait_element_timeout|7726:: Element found! Waiting for element to be displayed.
2025-12-16 12:26:45,907-DEBUG-root-39972::webapp_internal::wait_blocker|2444:: Waiting blocker to continue...
2025-12-16 12:26:45,963-DEBUG-root-39972::webapp_internal::wait_blocker|2469:: Blocker status: False
2025-12-16 12:26:45,983-DEBUG-root-39972::webapp_internal::wait_blocker|2444:: Waiting blocker to continue...
2025-12-16 12:26:46,048-DEBUG-root-39972::webapp_internal::wait_blocker|2469:: Blocker status: False
2025-12-16 12:26:46,048-DEBUG-root-39972::webapp_internal::send_action|10480:: Trying to send action
2025-12-16 12:26:46,050-DEBUG-root-39972::base::click|192:: Click Type: ClickType.JS
2025-12-16 12:26:47,080-DEBUG-root-39972::webapp_internal::send_action|10522:: send_action method result = True
2025-12-16 12:26:47,080-DEBUG-root-39972::webapp_internal::send_action|10523:: send_action selenium status: False
2025-12-16 12:26:47,080-DEBUG-root-39972::webapp_internal::SetButton|4683:: ***System Info*** After Clicking on button:
2025-12-16 12:26:47,080-DEBUG-root-39972::psutil_info::system_info|5:: CPU USAGE: 5.4%
2025-12-16 12:26:47,081-DEBUG-root-39972::psutil_info::system_info|6:: MEMORY USAGE: 88.9%
2025-12-16 12:26:47,081-DEBUG-root-39972::psutil_info::system_info|7:: MEMORY AVAILABLE: 11.09%
2025-12-16 12:26:47,081-DEBUG-root-39972::webapp_internal::wait_element|7623:: Waiting for element
2025-12-16 12:26:47,157-INFO-root-39972::webapp_internal::SetLateralMenu|4184:: Navigating lateral menu: Miscelanea > Spool
2025-12-16 12:26:47,165-DEBUG-root-39972::webapp_internal::wait_element|7623:: Waiting for element
2025-12-16 12:26:47,194-DEBUG-root-39972::webapp_internal::wait_element|7653:: Element found! Waiting for element to be displayed.
2025-12-16 12:26:47,349-INFO-root-39972::webapp_internal::SetLateralMenu|4203:: Menu item: "Miscelanea"
2025-12-16 12:26:47,349-DEBUG-root-39972::webapp_internal::wait_blocker|2444:: Waiting blocker to continue...
2025-12-16 12:26:47,402-DEBUG-root-39972::webapp_internal::wait_blocker|2469:: Blocker status: False
2025-12-16 12:26:47,789-DEBUG-root-39972::webapp_internal::wait_element_timeout|7726:: Element found! Waiting for element to be displayed.
2025-12-16 12:26:48,124-DEBUG-root-39972::webapp_internal::wait_blocker|2444:: Waiting blocker to continue...
2025-12-16 12:26:48,179-DEBUG-root-39972::webapp_internal::wait_blocker|2469:: Blocker status: False
2025-12-16 12:26:50,483-INFO-root-39972::webapp_internal::SetLateralMenu|4203:: Menu item: "Spool"
2025-12-16 12:26:50,483-DEBUG-root-39972::webapp_internal::wait_blocker|2444:: Waiting blocker to continue...
2025-12-16 12:26:50,603-DEBUG-root-39972::webapp_internal::wait_blocker|2469:: Blocker status: False
2025-12-16 12:26:51,804-DEBUG-root-39972::webapp_internal::wait_element_timeout|7726:: Element found! Waiting for element to be displayed.
2025-12-16 12:26:53,044-DEBUG-root-39972::webapp_internal::wait_blocker|2444:: Waiting blocker to continue...
2025-12-16 12:26:53,140-DEBUG-root-39972::webapp_internal::wait_blocker|2469:: Blocker status: False
2025-12-16 12:26:57,149-DEBUG-root-39972::webapp_internal::wait_blocker|2444:: Waiting blocker to continue...
2025-12-16 12:26:57,236-DEBUG-root-39972::webapp_internal::wait_blocker|2469:: Blocker status: False
2025-12-16 12:26:57,327-INFO-root-39972::webapp_internal::WaitShow|4980:: Waiting show text 'Este ambiente utiliza base de Homologação.'...
2025-12-16 12:27:02,369-DEBUG-root-39972::log::checks_empty_line|221:: Checking empty default log info
2025-12-16 12:27:02,369-DEBUG-root-39972::log::generate_log|503:: Json log_data: {'cLogDtExec': '16/12/2025 12:27:02', 'cLogNomUsr': '97137227104', 'cLogNomEst': 'GESIT03', 'cLogProgra': None, 'cLogDtProg': '', 'cLogHrProg': '', 'nLogCtsOk': 1, 'nLogCtsNok': 0, 'nLogCtsSeg': 59.67, 'cLogVersao': '12', 'cLogReleas': '12.1.2410', 'nLogCtsErr': '', 'cLogBancod': 'ORACLE', 'cLogIdenti': '', 'cLogIdExec': '20251216', 'cLogPais': 'BRA', 'cLogTool': 'TIR', 'cLogSequen': 'f8f93a', 'nLogCtsTot': 1, 'cLogDtExea': '16/12/2025', 'cLogHrExea': '12:27:02', 'cLogArea': 'Desenvolvimento', 'cLogMnExec': 0.9945}
2025-12-16 12:27:02,371-INFO-root-39972::log::send_log_with_retries|515:: Saving log locally.
2025-12-16 12:27:02,371-INFO-root-39972::log::save_log_locally|548:: [FwSendLog]: Não foi possível enviar o log após todas as tentativas.
2025-12-16 12:27:02,372-INFO-root-39972::log::save_log_locally|555:: [FwSendLog]: Log salvo localmente em C:\TIR_TESTE\1765898822.json.
2025-12-16 12:27:02,372-INFO-root-39972::webapp_internal::WaitShow|4980:: Waiting show text 'Moedas'...
2025-12-16 12:27:08,041-DEBUG-root-39972::webapp_internal::wait_blocker|2444:: Waiting blocker to continue...
2025-12-16 12:27:08,144-DEBUG-root-39972::webapp_internal::wait_blocker|2469:: Blocker status: False
2025-12-16 12:27:08,145-DEBUG-root-39972::webapp_internal::wait_element|7623:: Waiting for element
2025-12-16 12:27:08,203-DEBUG-root-39972::webapp_internal::wait_element|7653:: Element found! Waiting for element to be displayed.
2025-12-16 12:27:08,373-INFO-root-39972::webapp_internal::input_value|2941:: Looking for element: Localizar
2025-12-16 12:27:08,783-INFO-root-39972::webapp_internal::input_value|2951:: Element: Localizar Found!
2025-12-16 12:27:08,783-INFO-root-39972::webapp_internal::input_value|2953:: Filling element: Localizar
2025-12-16 12:27:08,806-DEBUG-root-39972::webapp_internal::get_web_value|3232:: Current value:                     
2025-12-16 12:27:08,838-DEBUG-root-39972::base::double_click|259:: Click Type: ClickType.SELENIUM
2025-12-16 12:27:09,101-DEBUG-root-39972::webapp_internal::wait_blocker|2444:: Waiting blocker to continue...
2025-12-16 12:27:09,208-DEBUG-root-39972::webapp_internal::wait_blocker|2469:: Blocker status: False
2025-12-16 12:27:09,527-DEBUG-root-39972::webapp_internal::get_web_value|3232:: Current value: VTR                 
2025-12-16 12:27:09,528-INFO-root-39972::webapp_internal::input_value|3059:: Current field value: VTR
2025-12-16 12:27:09,744-DEBUG-root-39972::webapp_internal::wait_blocker|2444:: Waiting blocker to continue...
2025-12-16 12:27:09,857-DEBUG-root-39972::webapp_internal::wait_blocker|2469:: Blocker status: False
2025-12-16 12:27:09,857-INFO-root-39972::webapp_internal::SetKey|5822:: Key pressed: ENTER
2025-12-16 12:27:09,857-DEBUG-root-39972::webapp_internal::SetKey|5857:: Trying press key
2025-12-16 12:27:11,862-DEBUG-root-39972::webapp_internal::wait_blocker|2444:: Waiting blocker to continue...
2025-12-16 12:27:11,970-DEBUG-root-39972::webapp_internal::wait_blocker|2469:: Blocker status: False
2025-12-16 12:27:11,993-DEBUG-root-39972::webapp_internal::wait_blocker|2444:: Waiting blocker to continue...
2025-12-16 12:27:12,106-DEBUG-root-39972::webapp_internal::wait_blocker|2469:: Blocker status: False
2025-12-16 12:27:12,106-DEBUG-root-39972::webapp_internal::send_action|10480:: Trying to send action
2025-12-16 12:27:13,137-DEBUG-root-39972::webapp_internal::send_action|10522:: send_action method result = True
2025-12-16 12:27:13,138-DEBUG-root-39972::webapp_internal::send_action|10523:: send_action selenium status: False
2025-12-16 12:27:13,339-INFO-root-39972::webapp_internal::WaitShow|4980:: Waiting show text 'Log de Ocorrencias no Processo de Calculo'...
