2025-12-04 09:44:02,372-DEBUG-root-20724::logging_config::logger|189:: Log file created: 'Log\GESIT03\TIR__20251204094402368.log'
2025-12-04 09:44:02,373-INFO-root-20724::base::Start|1183:: TIR Version: 2.4.3
2025-12-04 09:44:02,373-INFO-root-20724::base::Start|1184:: Python Version: 3.12.10
2025-12-04 09:44:02,373-INFO-root-20724::base::Start|1185:: Starting the browser
2025-12-04 09:44:09,909-INFO-root-20724::base::get_url|1294:: Page is ready!
2025-12-04 09:44:09,933-INFO-root-20724::base::Start|1256:: Browser maximized to 1936x1048
2025-12-04 09:44:09,933-INFO-root-20724::base::Start|1258:: Screen size is different from default used in headless mode
2025-12-04 09:44:10,027-INFO-root-20724::webapp_internal::Setup|247:: ***System Info*** in Setup():
2025-12-04 09:44:10,028-DEBUG-root-20724::psutil_info::system_info|5:: CPU USAGE: 19.4%
2025-12-04 09:44:10,029-DEBUG-root-20724::psutil_info::system_info|6:: MEMORY USAGE: 93.2%
2025-12-04 09:44:10,030-DEBUG-root-20724::psutil_info::system_info|7:: MEMORY AVAILABLE: 6.82%
2025-12-04 09:44:10,040-INFO-root-20724::base::webapp_shadowroot|1394:: Webapp: 10.1.6-RC4
2025-12-04 09:44:10,074-INFO-root-20724::webapp_internal::filling_initial_program|449:: Filling Initial Program: "SIGAMDI"
2025-12-04 09:44:10,075-DEBUG-root-20724::webapp_internal::wait_element|7623:: Waiting for element
2025-12-04 09:44:10,139-DEBUG-root-20724::webapp_internal::wait_element|7653:: Element found! Waiting for element to be displayed.
2025-12-04 09:44:10,299-DEBUG-root-20724::base::click|192:: Click Type: ClickType.JS
2025-12-04 09:44:10,305-DEBUG-root-20724::webapp_internal::try_send_keys|7976:: Trying to send keys to element using technique 0
2025-12-04 09:44:10,974-DEBUG-root-20724::webapp_internal::get_web_value|3232:: Current value: SIGAMDI
2025-12-04 09:44:10,975-INFO-root-20724::webapp_internal::filling_server_environment|463:: Filling Server Environment: "POUPEX_TST"
2025-12-04 09:44:10,975-DEBUG-root-20724::webapp_internal::wait_element|7623:: Waiting for element
2025-12-04 09:44:10,996-DEBUG-root-20724::webapp_internal::wait_element|7653:: Element found! Waiting for element to be displayed.
2025-12-04 09:44:11,148-DEBUG-root-20724::base::click|192:: Click Type: ClickType.JS
2025-12-04 09:44:11,154-DEBUG-root-20724::webapp_internal::try_send_keys|7976:: Trying to send keys to element using technique 0
2025-12-04 09:44:12,055-DEBUG-root-20724::webapp_internal::get_web_value|3232:: Current value: POUPEX_TST
2025-12-04 09:44:12,076-DEBUG-root-20724::base::click|192:: Click Type: ClickType.JS
2025-12-04 09:44:12,086-DEBUG-root-20724::webapp_internal::user_screen|519:: Filling user screen
2025-12-04 09:44:17,912-DEBUG-root-20724::webapp_internal::wait_element_timeout|7726:: Element found! Waiting for element to be displayed.
2025-12-04 09:44:17,973-DEBUG-root-20724::base::scroll_to_element|759:: ********Warining scroll_to_element exception: Message: TypeError: can't access property "scrollIntoView", arguments[0] is null
Stacktrace:
@https://qasrverp:10020/webapp/:2:7
@https://qasrverp:10020/webapp/:3:8
*********
2025-12-04 09:44:18,142-INFO-root-20724::webapp_internal::user_screen|561:: Filling User
2025-12-04 09:44:18,177-DEBUG-root-20724::base::double_click|259:: Click Type: ClickType.SELENIUM
2025-12-04 09:44:18,395-DEBUG-root-20724::webapp_internal::get_web_value|3232:: Current value: 97137227104
2025-12-04 09:44:18,439-INFO-root-20724::webapp_internal::user_screen|621:: Filling Password
2025-12-04 09:44:18,475-DEBUG-root-20724::base::click|192:: Click Type: ClickType.JS
2025-12-04 09:44:18,565-DEBUG-root-20724::webapp_internal::get_web_value|3232:: Current value: Val20221080080094+
2025-12-04 09:44:18,565-DEBUG-root-20724::webapp_internal::wait_blocker|2444:: Waiting blocker to continue...
2025-12-04 09:44:18,606-DEBUG-root-20724::webapp_internal::wait_blocker|2469:: Blocker status: None
2025-12-04 09:44:18,636-DEBUG-root-20724::webapp_internal::wait_blocker|2444:: Waiting blocker to continue...
2025-12-04 09:44:18,675-DEBUG-root-20724::webapp_internal::wait_blocker|2469:: Blocker status: None
2025-12-04 09:44:18,712-DEBUG-root-20724::webapp_internal::wait_blocker|2444:: Waiting blocker to continue...
2025-12-04 09:44:18,756-DEBUG-root-20724::webapp_internal::wait_blocker|2469:: Blocker status: None
2025-12-04 09:44:18,757-DEBUG-root-20724::webapp_internal::send_action|10480:: Trying to send action
2025-12-04 09:44:18,767-DEBUG-root-20724::base::click|192:: Click Type: ClickType.JS
2025-12-04 09:44:19,842-DEBUG-root-20724::webapp_internal::send_action|10522:: send_action method result = True
2025-12-04 09:44:19,843-DEBUG-root-20724::webapp_internal::send_action|10523:: send_action selenium status: False
2025-12-04 09:44:22,191-DEBUG-root-20724::base::scroll_to_element|759:: ********Warining scroll_to_element exception: Message: TypeError: can't access property "scrollIntoView", arguments[0] is null
Stacktrace:
@https://qasrverp:10020/webapp/:2:7
@https://qasrverp:10020/webapp/:3:8
*********
2025-12-04 09:44:22,278-INFO-root-20724::webapp_internal::filling_date|885:: Filling Date: "04/11/2025"
2025-12-04 09:44:22,278-DEBUG-root-20724::webapp_internal::wait_blocker|2444:: Waiting blocker to continue...
2025-12-04 09:44:22,350-DEBUG-root-20724::webapp_internal::wait_blocker|2469:: Blocker status: None
2025-12-04 09:44:22,354-DEBUG-root-20724::base::click|192:: Click Type: ClickType.JS
2025-12-04 09:44:22,378-DEBUG-root-20724::webapp_internal::try_send_keys|7976:: Trying to send keys to element using technique 1
2025-12-04 09:44:22,466-DEBUG-root-20724::webapp_internal::get_web_value|3232:: Current value: 04/11/2025
2025-12-04 09:44:23,553-INFO-root-20724::webapp_internal::filling_group|955:: Filling Group: "02"
2025-12-04 09:44:23,554-DEBUG-root-20724::webapp_internal::wait_blocker|2444:: Waiting blocker to continue...
2025-12-04 09:44:23,603-DEBUG-root-20724::webapp_internal::wait_blocker|2469:: Blocker status: None
2025-12-04 09:44:23,608-DEBUG-root-20724::base::click|192:: Click Type: ClickType.JS
2025-12-04 09:44:23,670-DEBUG-root-20724::webapp_internal::get_web_value|3232:: Current value: 02
2025-12-04 09:44:24,744-INFO-root-20724::webapp_internal::filling_branch|1047:: Filling Branch: "02DF0001"
2025-12-04 09:44:24,744-DEBUG-root-20724::webapp_internal::wait_blocker|2444:: Waiting blocker to continue...
2025-12-04 09:44:24,808-DEBUG-root-20724::webapp_internal::wait_blocker|2469:: Blocker status: None
2025-12-04 09:44:24,812-DEBUG-root-20724::base::click|192:: Click Type: ClickType.JS
2025-12-04 09:44:24,874-DEBUG-root-20724::webapp_internal::get_web_value|3232:: Current value: 02DF0001
2025-12-04 09:44:25,976-INFO-root-20724::webapp_internal::filling_environment|1113:: Filling Environment: "07"
2025-12-04 09:44:25,977-DEBUG-root-20724::webapp_internal::wait_blocker|2444:: Waiting blocker to continue...
2025-12-04 09:44:26,037-DEBUG-root-20724::webapp_internal::wait_blocker|2469:: Blocker status: None
2025-12-04 09:44:26,041-DEBUG-root-20724::base::click|192:: Click Type: ClickType.JS
2025-12-04 09:44:26,108-DEBUG-root-20724::webapp_internal::get_web_value|3232:: Current value: 07
2025-12-04 09:44:27,119-DEBUG-root-20724::webapp_internal::close_warning_screen|1489:: Closing warning screen!
2025-12-04 09:44:28,154-DEBUG-root-20724::webapp_internal::check_screen_element|1291:: Checking screen element: "Atenção": False
2025-12-04 09:44:29,280-INFO-root-20724::webapp_internal::environment_screen|796:: Clicking on Button
2025-12-04 09:44:29,280-DEBUG-root-20724::webapp_internal::wait_blocker|2444:: Waiting blocker to continue...
2025-12-04 09:44:29,339-DEBUG-root-20724::webapp_internal::wait_blocker|2469:: Blocker status: None
2025-12-04 09:44:29,344-DEBUG-root-20724::base::click|192:: Click Type: ClickType.JS
2025-12-04 09:44:30,353-DEBUG-root-20724::base::click|192:: Click Type: ClickType.JS
2025-12-04 09:44:31,362-DEBUG-root-20724::base::click|192:: Click Type: ClickType.JS
2025-12-04 09:44:32,371-DEBUG-root-20724::base::click|192:: Click Type: ClickType.JS
2025-12-04 09:44:33,380-DEBUG-root-20724::base::click|192:: Click Type: ClickType.JS
2025-12-04 09:44:34,392-DEBUG-root-20724::base::click|192:: Click Type: ClickType.JS
2025-12-04 09:44:35,401-DEBUG-root-20724::webapp_internal::close_screen_before_menu|368:: Closing screen before the menu
2025-12-04 09:44:35,477-DEBUG-root-20724::webapp_internal::close_warning_screen|1489:: Closing warning screen!
2025-12-04 09:44:36,540-DEBUG-root-20724::webapp_internal::check_screen_element|1291:: Checking screen element: "Atenção": False
2025-12-04 09:44:36,541-DEBUG-root-20724::webapp_internal::close_coin_screen|1424:: Closing coin screen!
2025-12-04 09:44:37,121-DEBUG-root-20724::base::click|192:: Click Type: ClickType.JS
2025-12-04 09:44:37,228-DEBUG-root-20724::webapp_internal::close_warning_screen|1489:: Closing warning screen!
2025-12-04 09:44:38,320-DEBUG-root-20724::webapp_internal::check_screen_element|1291:: Checking screen element: "Atenção": False
2025-12-04 09:44:38,320-DEBUG-root-20724::webapp_internal::close_coin_screen|1424:: Closing coin screen!
2025-12-04 09:44:38,561-INFO-root-20724::webapp_internal::set_log_info|1623:: Getting log info
2025-12-04 09:44:38,562-INFO-root-20724::webapp_internal::SetLateralMenu|4184:: Navigating lateral menu: Ajuda > Sobre
2025-12-04 09:44:38,581-DEBUG-root-20724::webapp_internal::wait_element|7623:: Waiting for element
2025-12-04 09:44:38,640-DEBUG-root-20724::webapp_internal::wait_element|7653:: Element found! Waiting for element to be displayed.
2025-12-04 09:44:38,841-INFO-root-20724::webapp_internal::SetLateralMenu|4203:: Menu item: "Ajuda"
2025-12-04 09:44:38,845-DEBUG-root-20724::webapp_internal::wait_blocker|2444:: Waiting blocker to continue...
2025-12-04 09:44:38,949-DEBUG-root-20724::webapp_internal::wait_blocker|2469:: Blocker status: False
2025-12-04 09:44:39,391-DEBUG-root-20724::webapp_internal::wait_element_timeout|7726:: Element found! Waiting for element to be displayed.
2025-12-04 09:44:39,724-DEBUG-root-20724::webapp_internal::wait_blocker|2444:: Waiting blocker to continue...
2025-12-04 09:44:39,812-DEBUG-root-20724::webapp_internal::wait_blocker|2469:: Blocker status: False
2025-12-04 09:44:42,101-INFO-root-20724::webapp_internal::SetLateralMenu|4203:: Menu item: "Sobre"
2025-12-04 09:44:42,101-DEBUG-root-20724::webapp_internal::wait_blocker|2444:: Waiting blocker to continue...
2025-12-04 09:44:42,184-DEBUG-root-20724::webapp_internal::wait_blocker|2469:: Blocker status: False
2025-12-04 09:44:42,679-DEBUG-root-20724::webapp_internal::wait_element_timeout|7726:: Element found! Waiting for element to be displayed.
2025-12-04 09:44:43,095-DEBUG-root-20724::webapp_internal::wait_blocker|2444:: Waiting blocker to continue...
2025-12-04 09:44:43,181-DEBUG-root-20724::webapp_internal::wait_blocker|2469:: Blocker status: False
2025-12-04 09:44:45,883-DEBUG-root-20724::webapp_internal::wait_blocker|2444:: Waiting blocker to continue...
2025-12-04 09:44:45,985-DEBUG-root-20724::webapp_internal::wait_blocker|2469:: Blocker status: False
2025-12-04 09:44:46,108-DEBUG-root-20724::webapp_internal::wait_element|7623:: Waiting for element
2025-12-04 09:44:46,172-DEBUG-root-20724::webapp_internal::wait_element|7653:: Element found! Waiting for element to be displayed.
2025-12-04 09:44:46,371-INFO-root-20724::webapp_internal::SetButton|4444:: Clicking on Fechar
2025-12-04 09:44:46,371-DEBUG-root-20724::webapp_internal::wait_blocker|2444:: Waiting blocker to continue...
2025-12-04 09:44:46,480-DEBUG-root-20724::webapp_internal::wait_blocker|2469:: Blocker status: False
2025-12-04 09:44:46,678-DEBUG-root-20724::webapp_internal::wait_element_timeout|7726:: Element found! Waiting for element to be displayed.
2025-12-04 09:44:46,764-DEBUG-root-20724::webapp_internal::SetButton|4481:: ***System Info*** Before Clicking on button:Fechar
2025-12-04 09:44:46,766-DEBUG-root-20724::psutil_info::system_info|5:: CPU USAGE: 9.3%
2025-12-04 09:44:46,767-DEBUG-root-20724::psutil_info::system_info|6:: MEMORY USAGE: 94.4%
2025-12-04 09:44:46,767-DEBUG-root-20724::psutil_info::system_info|7:: MEMORY AVAILABLE: 5.58%
2025-12-04 09:44:46,954-DEBUG-root-20724::webapp_internal::wait_element_timeout|7726:: Element found! Waiting for element to be displayed.
2025-12-04 09:44:47,077-DEBUG-root-20724::webapp_internal::wait_blocker|2444:: Waiting blocker to continue...
2025-12-04 09:44:47,179-DEBUG-root-20724::webapp_internal::wait_blocker|2469:: Blocker status: False
2025-12-04 09:44:47,207-DEBUG-root-20724::webapp_internal::wait_blocker|2444:: Waiting blocker to continue...
2025-12-04 09:44:47,326-DEBUG-root-20724::webapp_internal::wait_blocker|2469:: Blocker status: False
2025-12-04 09:44:47,326-DEBUG-root-20724::webapp_internal::send_action|10480:: Trying to send action
2025-12-04 09:44:47,328-DEBUG-root-20724::base::click|192:: Click Type: ClickType.JS
2025-12-04 09:44:48,367-DEBUG-root-20724::webapp_internal::send_action|10522:: send_action method result = True
2025-12-04 09:44:48,367-DEBUG-root-20724::webapp_internal::send_action|10523:: send_action selenium status: False
2025-12-04 09:44:48,367-DEBUG-root-20724::webapp_internal::SetButton|4683:: ***System Info*** After Clicking on button:
2025-12-04 09:44:48,368-DEBUG-root-20724::psutil_info::system_info|5:: CPU USAGE: 7.1%
2025-12-04 09:44:48,368-DEBUG-root-20724::psutil_info::system_info|6:: MEMORY USAGE: 94.1%
2025-12-04 09:44:48,369-DEBUG-root-20724::psutil_info::system_info|7:: MEMORY AVAILABLE: 5.91%
2025-12-04 09:44:48,369-DEBUG-root-20724::webapp_internal::wait_element|7623:: Waiting for element
2025-12-04 09:44:48,489-INFO-root-20724::webapp_internal::SetLateralMenu|4184:: Navigating lateral menu: Atualizações > Especificos > Tipo de Convenio
2025-12-04 09:44:48,499-DEBUG-root-20724::webapp_internal::wait_element|7623:: Waiting for element
2025-12-04 09:44:48,563-DEBUG-root-20724::webapp_internal::wait_element|7653:: Element found! Waiting for element to be displayed.
2025-12-04 09:44:48,760-INFO-root-20724::webapp_internal::SetLateralMenu|4203:: Menu item: "Atualizações"
2025-12-04 09:44:48,761-DEBUG-root-20724::webapp_internal::wait_blocker|2444:: Waiting blocker to continue...
2025-12-04 09:44:48,862-DEBUG-root-20724::webapp_internal::wait_blocker|2469:: Blocker status: False
2025-12-04 09:44:49,309-DEBUG-root-20724::webapp_internal::wait_element_timeout|7726:: Element found! Waiting for element to be displayed.
2025-12-04 09:44:49,752-DEBUG-root-20724::webapp_internal::wait_blocker|2444:: Waiting blocker to continue...
2025-12-04 09:44:49,856-DEBUG-root-20724::webapp_internal::wait_blocker|2469:: Blocker status: False
2025-12-04 09:44:52,153-INFO-root-20724::webapp_internal::SetLateralMenu|4203:: Menu item: "Especificos"
2025-12-04 09:44:52,154-DEBUG-root-20724::webapp_internal::wait_blocker|2444:: Waiting blocker to continue...
2025-12-04 09:44:52,391-DEBUG-root-20724::webapp_internal::wait_blocker|2469:: Blocker status: False
2025-12-04 09:44:53,210-DEBUG-root-20724::webapp_internal::wait_element_timeout|7726:: Element found! Waiting for element to be displayed.
2025-12-04 09:44:54,092-DEBUG-root-20724::webapp_internal::wait_blocker|2444:: Waiting blocker to continue...
2025-12-04 09:44:54,217-DEBUG-root-20724::webapp_internal::wait_blocker|2469:: Blocker status: False
2025-12-04 09:44:56,527-INFO-root-20724::webapp_internal::SetLateralMenu|4203:: Menu item: "Tipo de Convenio"
2025-12-04 09:44:56,527-DEBUG-root-20724::webapp_internal::wait_blocker|2444:: Waiting blocker to continue...
2025-12-04 09:44:56,673-DEBUG-root-20724::webapp_internal::wait_blocker|2469:: Blocker status: False
2025-12-04 09:44:58,368-DEBUG-root-20724::webapp_internal::wait_element_timeout|7726:: Element found! Waiting for element to be displayed.
2025-12-04 09:45:00,443-DEBUG-root-20724::webapp_internal::wait_blocker|2444:: Waiting blocker to continue...
2025-12-04 09:45:00,608-DEBUG-root-20724::webapp_internal::wait_blocker|2469:: Blocker status: False
2025-12-04 09:45:05,360-DEBUG-root-20724::webapp_internal::wait_blocker|2444:: Waiting blocker to continue...
2025-12-04 09:45:05,508-DEBUG-root-20724::webapp_internal::wait_blocker|2469:: Blocker status: False
2025-12-04 09:45:05,665-INFO-root-20724::webapp_internal::WaitShow|4980:: Waiting show text 'Este ambiente utiliza base de Homologação.'...
2025-12-04 09:45:11,168-DEBUG-root-20724::log::checks_empty_line|221:: Checking empty default log info
2025-12-04 09:45:11,174-DEBUG-root-20724::log::generate_log|503:: Json log_data: {'cLogDtExec': '04/12/2025 09:45:11', 'cLogNomUsr': '97137227104', 'cLogNomEst': 'GESIT03', 'cLogProgra': None, 'cLogDtProg': '', 'cLogHrProg': '', 'nLogCtsOk': 1, 'nLogCtsNok': 0, 'nLogCtsSeg': 68.92, 'cLogVersao': '12', 'cLogReleas': '12.1.2410', 'nLogCtsErr': '', 'cLogBancod': 'ORACLE', 'cLogIdenti': '', 'cLogIdExec': '20251204', 'cLogPais': 'BRA', 'cLogTool': 'TIR', 'cLogSequen': '708318', 'nLogCtsTot': 1, 'cLogDtExea': '04/12/2025', 'cLogHrExea': '09:45:11', 'cLogArea': 'Desenvolvimento', 'cLogMnExec': 1.1486666666666667}
2025-12-04 09:45:11,175-INFO-root-20724::log::send_log_with_retries|515:: Saving log locally.
2025-12-04 09:45:11,175-INFO-root-20724::log::save_log_locally|548:: [FwSendLog]: Não foi possível enviar o log após todas as tentativas.
2025-12-04 09:45:11,177-INFO-root-20724::log::save_log_locally|555:: [FwSendLog]: Log salvo localmente em C:\TIR_TESTE\1764852311.json.
2025-12-04 09:45:11,179-INFO-root-20724::webapp_internal::WaitShow|4980:: Waiting show text 'Moedas'...
2025-12-04 09:45:16,238-INFO-root-20724::webapp_internal::WaitShow|4980:: Waiting show text 'Tipos de Convênios'...
2025-12-04 09:45:16,369-INFO-root-20724::webapp_internal::WaitShow|4996:: Text found! 
2025-12-04 09:45:16,369-INFO-root-20724::webapp_internal::SetButton|4444:: Clicking on Incluir
2025-12-04 09:45:16,369-DEBUG-root-20724::webapp_internal::wait_blocker|2444:: Waiting blocker to continue...
2025-12-04 09:45:16,558-DEBUG-root-20724::webapp_internal::wait_blocker|2469:: Blocker status: False
2025-12-04 09:45:17,132-DEBUG-root-20724::webapp_internal::wait_element_timeout|7726:: Element found! Waiting for element to be displayed.
2025-12-04 09:45:17,495-DEBUG-root-20724::webapp_internal::SetButton|4481:: ***System Info*** Before Clicking on button:Incluir
2025-12-04 09:45:17,496-DEBUG-root-20724::psutil_info::system_info|5:: CPU USAGE: 11.0%
2025-12-04 09:45:17,497-DEBUG-root-20724::psutil_info::system_info|6:: MEMORY USAGE: 94.9%
2025-12-04 09:45:17,497-DEBUG-root-20724::psutil_info::system_info|7:: MEMORY AVAILABLE: 5.15%
2025-12-04 09:45:17,902-DEBUG-root-20724::webapp_internal::wait_element_timeout|7726:: Element found! Waiting for element to be displayed.
2025-12-04 09:45:18,375-DEBUG-root-20724::webapp_internal::wait_blocker|2444:: Waiting blocker to continue...
2025-12-04 09:45:18,556-DEBUG-root-20724::webapp_internal::wait_blocker|2469:: Blocker status: False
2025-12-04 09:45:18,601-DEBUG-root-20724::webapp_internal::wait_blocker|2444:: Waiting blocker to continue...
2025-12-04 09:45:18,784-DEBUG-root-20724::webapp_internal::wait_blocker|2469:: Blocker status: False
2025-12-04 09:45:18,784-DEBUG-root-20724::webapp_internal::send_action|10480:: Trying to send action
2025-12-04 09:45:18,786-DEBUG-root-20724::base::click|192:: Click Type: ClickType.JS
2025-12-04 09:45:19,852-DEBUG-root-20724::webapp_internal::send_action|10522:: send_action method result = True
2025-12-04 09:45:19,852-DEBUG-root-20724::webapp_internal::send_action|10523:: send_action selenium status: False
2025-12-04 09:45:19,853-DEBUG-root-20724::webapp_internal::SetButton|4683:: ***System Info*** After Clicking on button:
2025-12-04 09:45:19,856-DEBUG-root-20724::psutil_info::system_info|5:: CPU USAGE: 10.0%
2025-12-04 09:45:19,858-DEBUG-root-20724::psutil_info::system_info|6:: MEMORY USAGE: 95.0%
2025-12-04 09:45:19,858-DEBUG-root-20724::psutil_info::system_info|7:: MEMORY AVAILABLE: 5.04%
2025-12-04 09:45:19,863-INFO-root-20724::webapp_internal::WaitShow|4980:: Waiting show text 'Tipos de Convenios - INCLUIR'...
2025-12-04 09:45:20,051-INFO-root-20724::webapp_internal::WaitShow|4996:: Text found! 
2025-12-04 09:45:20,052-DEBUG-root-20724::webapp_internal::SetFocus|6011:: Setting focus on element ZD_DESCONV.
2025-12-04 09:45:20,273-DEBUG-root-20724::base::click|192:: Click Type: ClickType.SELENIUM
2025-12-04 09:45:20,336-DEBUG-root-20724::webapp_internal::wait_blocker|2444:: Waiting blocker to continue...
2025-12-04 09:45:20,539-DEBUG-root-20724::webapp_internal::wait_blocker|2469:: Blocker status: False
2025-12-04 09:45:20,540-DEBUG-root-20724::webapp_internal::wait_element|7623:: Waiting for element
2025-12-04 09:45:20,672-DEBUG-root-20724::webapp_internal::wait_element|7653:: Element found! Waiting for element to be displayed.
2025-12-04 09:45:20,754-INFO-root-20724::webapp_internal::input_value|2941:: Looking for element: ZD_DESCONV
2025-12-04 09:45:20,896-INFO-root-20724::webapp_internal::input_value|2951:: Element: ZD_DESCONV Found!
2025-12-04 09:45:20,897-INFO-root-20724::webapp_internal::input_value|2953:: Filling element: ZD_DESCONV
2025-12-04 09:45:20,930-DEBUG-root-20724::webapp_internal::get_web_value|3232:: Current value:                                                             
2025-12-04 09:45:20,975-DEBUG-root-20724::base::double_click|259:: Click Type: ClickType.SELENIUM
2025-12-04 09:45:21,238-DEBUG-root-20724::webapp_internal::wait_blocker|2444:: Waiting blocker to continue...
2025-12-04 09:45:21,461-DEBUG-root-20724::webapp_internal::wait_blocker|2469:: Blocker status: False
2025-12-04 09:45:21,780-DEBUG-root-20724::webapp_internal::get_web_value|3232:: Current value: TESTE INCLUSAO 01                                           
2025-12-04 09:45:21,780-INFO-root-20724::webapp_internal::input_value|3059:: Current field value: TESTE INCLUSAO 01
2025-12-04 09:45:21,807-DEBUG-root-20724::webapp_internal::wait_blocker|2444:: Waiting blocker to continue...
2025-12-04 09:45:22,012-DEBUG-root-20724::webapp_internal::wait_blocker|2469:: Blocker status: False
2025-12-04 09:45:22,012-INFO-root-20724::webapp_internal::SetKey|5822:: Key pressed: TAB
2025-12-04 09:45:22,014-DEBUG-root-20724::webapp_internal::SetKey|5857:: Trying press key
2025-12-04 09:45:24,017-DEBUG-root-20724::webapp_internal::wait_blocker|2444:: Waiting blocker to continue...
2025-12-04 09:45:24,173-DEBUG-root-20724::webapp_internal::wait_blocker|2469:: Blocker status: False
2025-12-04 09:45:24,207-DEBUG-root-20724::webapp_internal::wait_blocker|2444:: Waiting blocker to continue...
2025-12-04 09:45:24,400-DEBUG-root-20724::webapp_internal::wait_blocker|2469:: Blocker status: False
2025-12-04 09:45:24,401-DEBUG-root-20724::webapp_internal::send_action|10480:: Trying to send action
2025-12-04 09:45:25,509-DEBUG-root-20724::webapp_internal::send_action|10522:: send_action method result = True
2025-12-04 09:45:25,510-DEBUG-root-20724::webapp_internal::send_action|10523:: send_action selenium status: False
2025-12-04 09:45:25,511-DEBUG-root-20724::webapp_internal::wait_blocker|2444:: Waiting blocker to continue...
2025-12-04 09:45:25,706-DEBUG-root-20724::webapp_internal::wait_blocker|2469:: Blocker status: False
2025-12-04 09:45:25,707-DEBUG-root-20724::webapp_internal::wait_element|7623:: Waiting for element
2025-12-04 09:45:25,827-DEBUG-root-20724::webapp_internal::wait_element|7653:: Element found! Waiting for element to be displayed.
2025-12-04 09:45:25,941-INFO-root-20724::webapp_internal::input_value|2941:: Looking for element: ZD_TPMOV
2025-12-04 09:45:26,087-INFO-root-20724::webapp_internal::input_value|2951:: Element: ZD_TPMOV Found!
2025-12-04 09:45:26,087-INFO-root-20724::webapp_internal::input_value|2953:: Filling element: ZD_TPMOV
2025-12-04 09:45:27,315-INFO-root-20724::base::select_combo|871:: Selected value for combo is: 1 - Titular
2025-12-04 09:45:27,361-DEBUG-root-20724::webapp_internal::wait_blocker|2444:: Waiting blocker to continue...
2025-12-04 09:45:27,561-DEBUG-root-20724::webapp_internal::wait_blocker|2469:: Blocker status: False
2025-12-04 09:45:27,562-DEBUG-root-20724::webapp_internal::wait_element|7623:: Waiting for element
2025-12-04 09:45:27,686-DEBUG-root-20724::webapp_internal::wait_element|7653:: Element found! Waiting for element to be displayed.
2025-12-04 09:45:27,794-INFO-root-20724::webapp_internal::input_value|2941:: Looking for element: ZD_TPALTSA
2025-12-04 09:45:27,986-INFO-root-20724::webapp_internal::input_value|2951:: Element: ZD_TPALTSA Found!
2025-12-04 09:45:27,986-INFO-root-20724::webapp_internal::input_value|2953:: Filling element: ZD_TPALTSA
2025-12-04 09:45:28,019-DEBUG-root-20724::webapp_internal::get_web_value|3232:: Current value:    
2025-12-04 09:45:28,058-DEBUG-root-20724::base::double_click|259:: Click Type: ClickType.SELENIUM
2025-12-04 09:45:28,328-DEBUG-root-20724::webapp_internal::wait_blocker|2444:: Waiting blocker to continue...
2025-12-04 09:45:28,506-DEBUG-root-20724::webapp_internal::wait_blocker|2469:: Blocker status: False
2025-12-04 09:45:28,838-DEBUG-root-20724::webapp_internal::get_web_value|3232:: Current value: 003
2025-12-04 09:45:28,838-INFO-root-20724::webapp_internal::input_value|3059:: Current field value: 003
2025-12-04 09:45:28,851-INFO-root-20724::webapp_internal::WaitShow|4980:: Waiting show text 'Histórico'...
2025-12-04 09:45:30,974-INFO-root-20724::webapp_internal::WaitShow|4996:: Text found! 
2025-12-04 09:45:30,975-DEBUG-root-20724::webapp_internal::wait_blocker|2444:: Waiting blocker to continue...
2025-12-04 09:45:31,155-DEBUG-root-20724::webapp_internal::wait_blocker|2469:: Blocker status: False
2025-12-04 09:45:31,156-INFO-root-20724::webapp_internal::SetKey|5822:: Key pressed: TAB
2025-12-04 09:45:31,156-DEBUG-root-20724::webapp_internal::SetKey|5857:: Trying press key
2025-12-04 09:45:31,156-DEBUG-root-20724::webapp_internal::wait_element|7623:: Waiting for element
2025-12-04 09:45:31,260-DEBUG-root-20724::webapp_internal::wait_element|7653:: Element found! Waiting for element to be displayed.
2025-12-04 09:45:31,586-DEBUG-root-20724::webapp_internal::wait_blocker|2444:: Waiting blocker to continue...
2025-12-04 09:45:31,768-DEBUG-root-20724::webapp_internal::wait_blocker|2469:: Blocker status: False
2025-12-04 09:45:31,769-INFO-root-20724::webapp_internal::LoadGrid|6298:: Filling grid field: Data Inicio
2025-12-04 09:45:31,769-DEBUG-root-20724::webapp_internal::fill_grid|6399:: Grid loading...
2025-12-04 09:45:31,901-DEBUG-root-20724::webapp_internal::fill_grid|6466:: Column found!
2025-12-04 09:45:31,951-DEBUG-root-20724::base::click|192:: Click Type: ClickType.ACTIONCHAINS
2025-12-04 09:45:37,340-DEBUG-root-20724::webapp_internal::fill_grid|6498:: Trying open cell in grid!
2025-12-04 09:45:37,624-DEBUG-root-20724::webapp_internal::wait_blocker|2444:: Waiting blocker to continue...
2025-12-04 09:45:37,912-DEBUG-root-20724::webapp_internal::wait_blocker|2469:: Blocker status: False
2025-12-04 09:45:38,142-DEBUG-root-20724::webapp_internal::wait_element_timeout|7726:: Element found! Waiting for element to be displayed.
2025-12-04 09:45:38,667-DEBUG-root-20724::webapp_internal::fill_grid|6577:: Sending keys: 04/11/2025
2025-12-04 09:45:38,981-DEBUG-root-20724::webapp_internal::wait_blocker|2444:: Waiting blocker to continue...
2025-12-04 09:45:39,225-DEBUG-root-20724::webapp_internal::wait_blocker|2469:: Blocker status: False
2025-12-04 09:45:44,752-DEBUG-root-20724::webapp_internal::wait_blocker|2444:: Waiting blocker to continue...
2025-12-04 09:45:44,975-DEBUG-root-20724::webapp_internal::wait_blocker|2469:: Blocker status: False
2025-12-04 09:45:45,015-DEBUG-root-20724::webapp_internal::wait_blocker|2444:: Waiting blocker to continue...
2025-12-04 09:45:45,204-DEBUG-root-20724::webapp_internal::wait_blocker|2469:: Blocker status: False
2025-12-04 09:45:45,204-DEBUG-root-20724::webapp_internal::send_action|10480:: Trying to send action
2025-12-04 09:45:46,261-DEBUG-root-20724::webapp_internal::send_action|10522:: send_action method result = True
2025-12-04 09:45:46,262-DEBUG-root-20724::webapp_internal::send_action|10523:: send_action selenium status: False
2025-12-04 09:47:06,167-ERROR-root-20724::webapp_internal::TearDown|9654:: Warning tearDown Close Message: Tried to run command without establishing a connection
Traceback (most recent call last):
  File "C:\TIR_TESTE\venv\Lib\site-packages\tir\technologies\webapp_internal.py", line 9652, in TearDown
    self.driver.close()
  File "C:\TIR_TESTE\venv\Lib\site-packages\selenium\webdriver\remote\webdriver.py", line 458, in close
    self.execute(Command.CLOSE)
  File "C:\TIR_TESTE\venv\Lib\site-packages\selenium\webdriver\remote\webdriver.py", line 347, in execute
    self.error_handler.check_response(response)
  File "C:\TIR_TESTE\venv\Lib\site-packages\selenium\webdriver\remote\errorhandler.py", line 229, in check_response
    raise exception_class(message, screen, stacktrace)
selenium.common.exceptions.InvalidSessionIdException: Message: Tried to run command without establishing a connection

2025-12-04 09:44:02,372-DEBUG-root-20724::logging_config::logger|189:: Log file created: 'Log\GESIT03\TIR__20251204094402368.log'
2025-12-04 09:44:02,373-INFO-root-20724::base::Start|1183:: TIR Version: 2.4.3
2025-12-04 09:44:02,373-INFO-root-20724::base::Start|1184:: Python Version: 3.12.10
2025-12-04 09:44:02,373-INFO-root-20724::base::Start|1185:: Starting the browser
2025-12-04 09:44:09,909-INFO-root-20724::base::get_url|1294:: Page is ready!
2025-12-04 09:44:09,933-INFO-root-20724::base::Start|1256:: Browser maximized to 1936x1048
2025-12-04 09:44:09,933-INFO-root-20724::base::Start|1258:: Screen size is different from default used in headless mode
2025-12-04 09:44:10,027-INFO-root-20724::webapp_internal::Setup|247:: ***System Info*** in Setup():
2025-12-04 09:44:10,028-DEBUG-root-20724::psutil_info::system_info|5:: CPU USAGE: 19.4%
2025-12-04 09:44:10,029-DEBUG-root-20724::psutil_info::system_info|6:: MEMORY USAGE: 93.2%
2025-12-04 09:44:10,030-DEBUG-root-20724::psutil_info::system_info|7:: MEMORY AVAILABLE: 6.82%
2025-12-04 09:44:10,040-INFO-root-20724::base::webapp_shadowroot|1394:: Webapp: 10.1.6-RC4
2025-12-04 09:44:10,074-INFO-root-20724::webapp_internal::filling_initial_program|449:: Filling Initial Program: "SIGAMDI"
2025-12-04 09:44:10,075-DEBUG-root-20724::webapp_internal::wait_element|7623:: Waiting for element
2025-12-04 09:44:10,139-DEBUG-root-20724::webapp_internal::wait_element|7653:: Element found! Waiting for element to be displayed.
2025-12-04 09:44:10,299-DEBUG-root-20724::base::click|192:: Click Type: ClickType.JS
2025-12-04 09:44:10,305-DEBUG-root-20724::webapp_internal::try_send_keys|7976:: Trying to send keys to element using technique 0
2025-12-04 09:44:10,974-DEBUG-root-20724::webapp_internal::get_web_value|3232:: Current value: SIGAMDI
2025-12-04 09:44:10,975-INFO-root-20724::webapp_internal::filling_server_environment|463:: Filling Server Environment: "POUPEX_TST"
2025-12-04 09:44:10,975-DEBUG-root-20724::webapp_internal::wait_element|7623:: Waiting for element
2025-12-04 09:44:10,996-DEBUG-root-20724::webapp_internal::wait_element|7653:: Element found! Waiting for element to be displayed.
2025-12-04 09:44:11,148-DEBUG-root-20724::base::click|192:: Click Type: ClickType.JS
2025-12-04 09:44:11,154-DEBUG-root-20724::webapp_internal::try_send_keys|7976:: Trying to send keys to element using technique 0
2025-12-04 09:44:12,055-DEBUG-root-20724::webapp_internal::get_web_value|3232:: Current value: POUPEX_TST
2025-12-04 09:44:12,076-DEBUG-root-20724::base::click|192:: Click Type: ClickType.JS
2025-12-04 09:44:12,086-DEBUG-root-20724::webapp_internal::user_screen|519:: Filling user screen
2025-12-04 09:44:17,912-DEBUG-root-20724::webapp_internal::wait_element_timeout|7726:: Element found! Waiting for element to be displayed.
2025-12-04 09:44:17,973-DEBUG-root-20724::base::scroll_to_element|759:: ********Warining scroll_to_element exception: Message: TypeError: can't access property "scrollIntoView", arguments[0] is null
Stacktrace:
@https://qasrverp:10020/webapp/:2:7
@https://qasrverp:10020/webapp/:3:8
*********
2025-12-04 09:44:18,142-INFO-root-20724::webapp_internal::user_screen|561:: Filling User
2025-12-04 09:44:18,177-DEBUG-root-20724::base::double_click|259:: Click Type: ClickType.SELENIUM
2025-12-04 09:44:18,395-DEBUG-root-20724::webapp_internal::get_web_value|3232:: Current value: 97137227104
2025-12-04 09:44:18,439-INFO-root-20724::webapp_internal::user_screen|621:: Filling Password
2025-12-04 09:44:18,475-DEBUG-root-20724::base::click|192:: Click Type: ClickType.JS
2025-12-04 09:44:18,565-DEBUG-root-20724::webapp_internal::get_web_value|3232:: Current value: Val20221080080094+
2025-12-04 09:44:18,565-DEBUG-root-20724::webapp_internal::wait_blocker|2444:: Waiting blocker to continue...
2025-12-04 09:44:18,606-DEBUG-root-20724::webapp_internal::wait_blocker|2469:: Blocker status: None
2025-12-04 09:44:18,636-DEBUG-root-20724::webapp_internal::wait_blocker|2444:: Waiting blocker to continue...
2025-12-04 09:44:18,675-DEBUG-root-20724::webapp_internal::wait_blocker|2469:: Blocker status: None
2025-12-04 09:44:18,712-DEBUG-root-20724::webapp_internal::wait_blocker|2444:: Waiting blocker to continue...
2025-12-04 09:44:18,756-DEBUG-root-20724::webapp_internal::wait_blocker|2469:: Blocker status: None
2025-12-04 09:44:18,757-DEBUG-root-20724::webapp_internal::send_action|10480:: Trying to send action
2025-12-04 09:44:18,767-DEBUG-root-20724::base::click|192:: Click Type: ClickType.JS
2025-12-04 09:44:19,842-DEBUG-root-20724::webapp_internal::send_action|10522:: send_action method result = True
2025-12-04 09:44:19,843-DEBUG-root-20724::webapp_internal::send_action|10523:: send_action selenium status: False
2025-12-04 09:44:22,191-DEBUG-root-20724::base::scroll_to_element|759:: ********Warining scroll_to_element exception: Message: TypeError: can't access property "scrollIntoView", arguments[0] is null
Stacktrace:
@https://qasrverp:10020/webapp/:2:7
@https://qasrverp:10020/webapp/:3:8
*********
2025-12-04 09:44:22,278-INFO-root-20724::webapp_internal::filling_date|885:: Filling Date: "04/11/2025"
2025-12-04 09:44:22,278-DEBUG-root-20724::webapp_internal::wait_blocker|2444:: Waiting blocker to continue...
2025-12-04 09:44:22,350-DEBUG-root-20724::webapp_internal::wait_blocker|2469:: Blocker status: None
2025-12-04 09:44:22,354-DEBUG-root-20724::base::click|192:: Click Type: ClickType.JS
2025-12-04 09:44:22,378-DEBUG-root-20724::webapp_internal::try_send_keys|7976:: Trying to send keys to element using technique 1
2025-12-04 09:44:22,466-DEBUG-root-20724::webapp_internal::get_web_value|3232:: Current value: 04/11/2025
2025-12-04 09:44:23,553-INFO-root-20724::webapp_internal::filling_group|955:: Filling Group: "02"
2025-12-04 09:44:23,554-DEBUG-root-20724::webapp_internal::wait_blocker|2444:: Waiting blocker to continue...
2025-12-04 09:44:23,603-DEBUG-root-20724::webapp_internal::wait_blocker|2469:: Blocker status: None
2025-12-04 09:44:23,608-DEBUG-root-20724::base::click|192:: Click Type: ClickType.JS
2025-12-04 09:44:23,670-DEBUG-root-20724::webapp_internal::get_web_value|3232:: Current value: 02
2025-12-04 09:44:24,744-INFO-root-20724::webapp_internal::filling_branch|1047:: Filling Branch: "02DF0001"
2025-12-04 09:44:24,744-DEBUG-root-20724::webapp_internal::wait_blocker|2444:: Waiting blocker to continue...
2025-12-04 09:44:24,808-DEBUG-root-20724::webapp_internal::wait_blocker|2469:: Blocker status: None
2025-12-04 09:44:24,812-DEBUG-root-20724::base::click|192:: Click Type: ClickType.JS
2025-12-04 09:44:24,874-DEBUG-root-20724::webapp_internal::get_web_value|3232:: Current value: 02DF0001
2025-12-04 09:44:25,976-INFO-root-20724::webapp_internal::filling_environment|1113:: Filling Environment: "07"
2025-12-04 09:44:25,977-DEBUG-root-20724::webapp_internal::wait_blocker|2444:: Waiting blocker to continue...
2025-12-04 09:44:26,037-DEBUG-root-20724::webapp_internal::wait_blocker|2469:: Blocker status: None
2025-12-04 09:44:26,041-DEBUG-root-20724::base::click|192:: Click Type: ClickType.JS
2025-12-04 09:44:26,108-DEBUG-root-20724::webapp_internal::get_web_value|3232:: Current value: 07
2025-12-04 09:44:27,119-DEBUG-root-20724::webapp_internal::close_warning_screen|1489:: Closing warning screen!
2025-12-04 09:44:28,154-DEBUG-root-20724::webapp_internal::check_screen_element|1291:: Checking screen element: "Atenção": False
2025-12-04 09:44:29,280-INFO-root-20724::webapp_internal::environment_screen|796:: Clicking on Button
2025-12-04 09:44:29,280-DEBUG-root-20724::webapp_internal::wait_blocker|2444:: Waiting blocker to continue...
2025-12-04 09:44:29,339-DEBUG-root-20724::webapp_internal::wait_blocker|2469:: Blocker status: None
2025-12-04 09:44:29,344-DEBUG-root-20724::base::click|192:: Click Type: ClickType.JS
2025-12-04 09:44:30,353-DEBUG-root-20724::base::click|192:: Click Type: ClickType.JS
2025-12-04 09:44:31,362-DEBUG-root-20724::base::click|192:: Click Type: ClickType.JS
2025-12-04 09:44:32,371-DEBUG-root-20724::base::click|192:: Click Type: ClickType.JS
2025-12-04 09:44:33,380-DEBUG-root-20724::base::click|192:: Click Type: ClickType.JS
2025-12-04 09:44:34,392-DEBUG-root-20724::base::click|192:: Click Type: ClickType.JS
2025-12-04 09:44:35,401-DEBUG-root-20724::webapp_internal::close_screen_before_menu|368:: Closing screen before the menu
2025-12-04 09:44:35,477-DEBUG-root-20724::webapp_internal::close_warning_screen|1489:: Closing warning screen!
2025-12-04 09:44:36,540-DEBUG-root-20724::webapp_internal::check_screen_element|1291:: Checking screen element: "Atenção": False
2025-12-04 09:44:36,541-DEBUG-root-20724::webapp_internal::close_coin_screen|1424:: Closing coin screen!
2025-12-04 09:44:37,121-DEBUG-root-20724::base::click|192:: Click Type: ClickType.JS
2025-12-04 09:44:37,228-DEBUG-root-20724::webapp_internal::close_warning_screen|1489:: Closing warning screen!
2025-12-04 09:44:38,320-DEBUG-root-20724::webapp_internal::check_screen_element|1291:: Checking screen element: "Atenção": False
2025-12-04 09:44:38,320-DEBUG-root-20724::webapp_internal::close_coin_screen|1424:: Closing coin screen!
2025-12-04 09:44:38,561-INFO-root-20724::webapp_internal::set_log_info|1623:: Getting log info
2025-12-04 09:44:38,562-INFO-root-20724::webapp_internal::SetLateralMenu|4184:: Navigating lateral menu: Ajuda > Sobre
2025-12-04 09:44:38,581-DEBUG-root-20724::webapp_internal::wait_element|7623:: Waiting for element
2025-12-04 09:44:38,640-DEBUG-root-20724::webapp_internal::wait_element|7653:: Element found! Waiting for element to be displayed.
2025-12-04 09:44:38,841-INFO-root-20724::webapp_internal::SetLateralMenu|4203:: Menu item: "Ajuda"
2025-12-04 09:44:38,845-DEBUG-root-20724::webapp_internal::wait_blocker|2444:: Waiting blocker to continue...
2025-12-04 09:44:38,949-DEBUG-root-20724::webapp_internal::wait_blocker|2469:: Blocker status: False
2025-12-04 09:44:39,391-DEBUG-root-20724::webapp_internal::wait_element_timeout|7726:: Element found! Waiting for element to be displayed.
2025-12-04 09:44:39,724-DEBUG-root-20724::webapp_internal::wait_blocker|2444:: Waiting blocker to continue...
2025-12-04 09:44:39,812-DEBUG-root-20724::webapp_internal::wait_blocker|2469:: Blocker status: False
2025-12-04 09:44:42,101-INFO-root-20724::webapp_internal::SetLateralMenu|4203:: Menu item: "Sobre"
2025-12-04 09:44:42,101-DEBUG-root-20724::webapp_internal::wait_blocker|2444:: Waiting blocker to continue...
2025-12-04 09:44:42,184-DEBUG-root-20724::webapp_internal::wait_blocker|2469:: Blocker status: False
2025-12-04 09:44:42,679-DEBUG-root-20724::webapp_internal::wait_element_timeout|7726:: Element found! Waiting for element to be displayed.
2025-12-04 09:44:43,095-DEBUG-root-20724::webapp_internal::wait_blocker|2444:: Waiting blocker to continue...
2025-12-04 09:44:43,181-DEBUG-root-20724::webapp_internal::wait_blocker|2469:: Blocker status: False
2025-12-04 09:44:45,883-DEBUG-root-20724::webapp_internal::wait_blocker|2444:: Waiting blocker to continue...
2025-12-04 09:44:45,985-DEBUG-root-20724::webapp_internal::wait_blocker|2469:: Blocker status: False
2025-12-04 09:44:46,108-DEBUG-root-20724::webapp_internal::wait_element|7623:: Waiting for element
2025-12-04 09:44:46,172-DEBUG-root-20724::webapp_internal::wait_element|7653:: Element found! Waiting for element to be displayed.
2025-12-04 09:44:46,371-INFO-root-20724::webapp_internal::SetButton|4444:: Clicking on Fechar
2025-12-04 09:44:46,371-DEBUG-root-20724::webapp_internal::wait_blocker|2444:: Waiting blocker to continue...
2025-12-04 09:44:46,480-DEBUG-root-20724::webapp_internal::wait_blocker|2469:: Blocker status: False
2025-12-04 09:44:46,678-DEBUG-root-20724::webapp_internal::wait_element_timeout|7726:: Element found! Waiting for element to be displayed.
2025-12-04 09:44:46,764-DEBUG-root-20724::webapp_internal::SetButton|4481:: ***System Info*** Before Clicking on button:Fechar
2025-12-04 09:44:46,766-DEBUG-root-20724::psutil_info::system_info|5:: CPU USAGE: 9.3%
2025-12-04 09:44:46,767-DEBUG-root-20724::psutil_info::system_info|6:: MEMORY USAGE: 94.4%
2025-12-04 09:44:46,767-DEBUG-root-20724::psutil_info::system_info|7:: MEMORY AVAILABLE: 5.58%
2025-12-04 09:44:46,954-DEBUG-root-20724::webapp_internal::wait_element_timeout|7726:: Element found! Waiting for element to be displayed.
2025-12-04 09:44:47,077-DEBUG-root-20724::webapp_internal::wait_blocker|2444:: Waiting blocker to continue...
2025-12-04 09:44:47,179-DEBUG-root-20724::webapp_internal::wait_blocker|2469:: Blocker status: False
2025-12-04 09:44:47,207-DEBUG-root-20724::webapp_internal::wait_blocker|2444:: Waiting blocker to continue...
2025-12-04 09:44:47,326-DEBUG-root-20724::webapp_internal::wait_blocker|2469:: Blocker status: False
2025-12-04 09:44:47,326-DEBUG-root-20724::webapp_internal::send_action|10480:: Trying to send action
2025-12-04 09:44:47,328-DEBUG-root-20724::base::click|192:: Click Type: ClickType.JS
2025-12-04 09:44:48,367-DEBUG-root-20724::webapp_internal::send_action|10522:: send_action method result = True
2025-12-04 09:44:48,367-DEBUG-root-20724::webapp_internal::send_action|10523:: send_action selenium status: False
2025-12-04 09:44:48,367-DEBUG-root-20724::webapp_internal::SetButton|4683:: ***System Info*** After Clicking on button:
2025-12-04 09:44:48,368-DEBUG-root-20724::psutil_info::system_info|5:: CPU USAGE: 7.1%
2025-12-04 09:44:48,368-DEBUG-root-20724::psutil_info::system_info|6:: MEMORY USAGE: 94.1%
2025-12-04 09:44:48,369-DEBUG-root-20724::psutil_info::system_info|7:: MEMORY AVAILABLE: 5.91%
2025-12-04 09:44:48,369-DEBUG-root-20724::webapp_internal::wait_element|7623:: Waiting for element
2025-12-04 09:44:48,489-INFO-root-20724::webapp_internal::SetLateralMenu|4184:: Navigating lateral menu: Atualizações > Especificos > Tipo de Convenio
2025-12-04 09:44:48,499-DEBUG-root-20724::webapp_internal::wait_element|7623:: Waiting for element
2025-12-04 09:44:48,563-DEBUG-root-20724::webapp_internal::wait_element|7653:: Element found! Waiting for element to be displayed.
2025-12-04 09:44:48,760-INFO-root-20724::webapp_internal::SetLateralMenu|4203:: Menu item: "Atualizações"
2025-12-04 09:44:48,761-DEBUG-root-20724::webapp_internal::wait_blocker|2444:: Waiting blocker to continue...
2025-12-04 09:44:48,862-DEBUG-root-20724::webapp_internal::wait_blocker|2469:: Blocker status: False
2025-12-04 09:44:49,309-DEBUG-root-20724::webapp_internal::wait_element_timeout|7726:: Element found! Waiting for element to be displayed.
2025-12-04 09:44:49,752-DEBUG-root-20724::webapp_internal::wait_blocker|2444:: Waiting blocker to continue...
2025-12-04 09:44:49,856-DEBUG-root-20724::webapp_internal::wait_blocker|2469:: Blocker status: False
2025-12-04 09:44:52,153-INFO-root-20724::webapp_internal::SetLateralMenu|4203:: Menu item: "Especificos"
2025-12-04 09:44:52,154-DEBUG-root-20724::webapp_internal::wait_blocker|2444:: Waiting blocker to continue...
2025-12-04 09:44:52,391-DEBUG-root-20724::webapp_internal::wait_blocker|2469:: Blocker status: False
2025-12-04 09:44:53,210-DEBUG-root-20724::webapp_internal::wait_element_timeout|7726:: Element found! Waiting for element to be displayed.
2025-12-04 09:44:54,092-DEBUG-root-20724::webapp_internal::wait_blocker|2444:: Waiting blocker to continue...
2025-12-04 09:44:54,217-DEBUG-root-20724::webapp_internal::wait_blocker|2469:: Blocker status: False
2025-12-04 09:44:56,527-INFO-root-20724::webapp_internal::SetLateralMenu|4203:: Menu item: "Tipo de Convenio"
2025-12-04 09:44:56,527-DEBUG-root-20724::webapp_internal::wait_blocker|2444:: Waiting blocker to continue...
2025-12-04 09:44:56,673-DEBUG-root-20724::webapp_internal::wait_blocker|2469:: Blocker status: False
2025-12-04 09:44:58,368-DEBUG-root-20724::webapp_internal::wait_element_timeout|7726:: Element found! Waiting for element to be displayed.
2025-12-04 09:45:00,443-DEBUG-root-20724::webapp_internal::wait_blocker|2444:: Waiting blocker to continue...
2025-12-04 09:45:00,608-DEBUG-root-20724::webapp_internal::wait_blocker|2469:: Blocker status: False
2025-12-04 09:45:05,360-DEBUG-root-20724::webapp_internal::wait_blocker|2444:: Waiting blocker to continue...
2025-12-04 09:45:05,508-DEBUG-root-20724::webapp_internal::wait_blocker|2469:: Blocker status: False
2025-12-04 09:45:05,665-INFO-root-20724::webapp_internal::WaitShow|4980:: Waiting show text 'Este ambiente utiliza base de Homologação.'...
2025-12-04 09:45:11,168-DEBUG-root-20724::log::checks_empty_line|221:: Checking empty default log info
2025-12-04 09:45:11,174-DEBUG-root-20724::log::generate_log|503:: Json log_data: {'cLogDtExec': '04/12/2025 09:45:11', 'cLogNomUsr': '97137227104', 'cLogNomEst': 'GESIT03', 'cLogProgra': None, 'cLogDtProg': '', 'cLogHrProg': '', 'nLogCtsOk': 1, 'nLogCtsNok': 0, 'nLogCtsSeg': 68.92, 'cLogVersao': '12', 'cLogReleas': '12.1.2410', 'nLogCtsErr': '', 'cLogBancod': 'ORACLE', 'cLogIdenti': '', 'cLogIdExec': '20251204', 'cLogPais': 'BRA', 'cLogTool': 'TIR', 'cLogSequen': '708318', 'nLogCtsTot': 1, 'cLogDtExea': '04/12/2025', 'cLogHrExea': '09:45:11', 'cLogArea': 'Desenvolvimento', 'cLogMnExec': 1.1486666666666667}
2025-12-04 09:45:11,175-INFO-root-20724::log::send_log_with_retries|515:: Saving log locally.
2025-12-04 09:45:11,175-INFO-root-20724::log::save_log_locally|548:: [FwSendLog]: Não foi possível enviar o log após todas as tentativas.
2025-12-04 09:45:11,177-INFO-root-20724::log::save_log_locally|555:: [FwSendLog]: Log salvo localmente em C:\TIR_TESTE\1764852311.json.
2025-12-04 09:45:11,179-INFO-root-20724::webapp_internal::WaitShow|4980:: Waiting show text 'Moedas'...
2025-12-04 09:45:16,238-INFO-root-20724::webapp_internal::WaitShow|4980:: Waiting show text 'Tipos de Convênios'...
2025-12-04 09:45:16,369-INFO-root-20724::webapp_internal::WaitShow|4996:: Text found! 
2025-12-04 09:45:16,369-INFO-root-20724::webapp_internal::SetButton|4444:: Clicking on Incluir
2025-12-04 09:45:16,369-DEBUG-root-20724::webapp_internal::wait_blocker|2444:: Waiting blocker to continue...
2025-12-04 09:45:16,558-DEBUG-root-20724::webapp_internal::wait_blocker|2469:: Blocker status: False
2025-12-04 09:45:17,132-DEBUG-root-20724::webapp_internal::wait_element_timeout|7726:: Element found! Waiting for element to be displayed.
2025-12-04 09:45:17,495-DEBUG-root-20724::webapp_internal::SetButton|4481:: ***System Info*** Before Clicking on button:Incluir
2025-12-04 09:45:17,496-DEBUG-root-20724::psutil_info::system_info|5:: CPU USAGE: 11.0%
2025-12-04 09:45:17,497-DEBUG-root-20724::psutil_info::system_info|6:: MEMORY USAGE: 94.9%
2025-12-04 09:45:17,497-DEBUG-root-20724::psutil_info::system_info|7:: MEMORY AVAILABLE: 5.15%
2025-12-04 09:45:17,902-DEBUG-root-20724::webapp_internal::wait_element_timeout|7726:: Element found! Waiting for element to be displayed.
2025-12-04 09:45:18,375-DEBUG-root-20724::webapp_internal::wait_blocker|2444:: Waiting blocker to continue...
2025-12-04 09:45:18,556-DEBUG-root-20724::webapp_internal::wait_blocker|2469:: Blocker status: False
2025-12-04 09:45:18,601-DEBUG-root-20724::webapp_internal::wait_blocker|2444:: Waiting blocker to continue...
2025-12-04 09:45:18,784-DEBUG-root-20724::webapp_internal::wait_blocker|2469:: Blocker status: False
2025-12-04 09:45:18,784-DEBUG-root-20724::webapp_internal::send_action|10480:: Trying to send action
2025-12-04 09:45:18,786-DEBUG-root-20724::base::click|192:: Click Type: ClickType.JS
2025-12-04 09:45:19,852-DEBUG-root-20724::webapp_internal::send_action|10522:: send_action method result = True
2025-12-04 09:45:19,852-DEBUG-root-20724::webapp_internal::send_action|10523:: send_action selenium status: False
2025-12-04 09:45:19,853-DEBUG-root-20724::webapp_internal::SetButton|4683:: ***System Info*** After Clicking on button:
2025-12-04 09:45:19,856-DEBUG-root-20724::psutil_info::system_info|5:: CPU USAGE: 10.0%
2025-12-04 09:45:19,858-DEBUG-root-20724::psutil_info::system_info|6:: MEMORY USAGE: 95.0%
2025-12-04 09:45:19,858-DEBUG-root-20724::psutil_info::system_info|7:: MEMORY AVAILABLE: 5.04%
2025-12-04 09:45:19,863-INFO-root-20724::webapp_internal::WaitShow|4980:: Waiting show text 'Tipos de Convenios - INCLUIR'...
2025-12-04 09:45:20,051-INFO-root-20724::webapp_internal::WaitShow|4996:: Text found! 
2025-12-04 09:45:20,052-DEBUG-root-20724::webapp_internal::SetFocus|6011:: Setting focus on element ZD_DESCONV.
2025-12-04 09:45:20,273-DEBUG-root-20724::base::click|192:: Click Type: ClickType.SELENIUM
2025-12-04 09:45:20,336-DEBUG-root-20724::webapp_internal::wait_blocker|2444:: Waiting blocker to continue...
2025-12-04 09:45:20,539-DEBUG-root-20724::webapp_internal::wait_blocker|2469:: Blocker status: False
2025-12-04 09:45:20,540-DEBUG-root-20724::webapp_internal::wait_element|7623:: Waiting for element
2025-12-04 09:45:20,672-DEBUG-root-20724::webapp_internal::wait_element|7653:: Element found! Waiting for element to be displayed.
2025-12-04 09:45:20,754-INFO-root-20724::webapp_internal::input_value|2941:: Looking for element: ZD_DESCONV
2025-12-04 09:45:20,896-INFO-root-20724::webapp_internal::input_value|2951:: Element: ZD_DESCONV Found!
2025-12-04 09:45:20,897-INFO-root-20724::webapp_internal::input_value|2953:: Filling element: ZD_DESCONV
2025-12-04 09:45:20,930-DEBUG-root-20724::webapp_internal::get_web_value|3232:: Current value:                                                             
2025-12-04 09:45:20,975-DEBUG-root-20724::base::double_click|259:: Click Type: ClickType.SELENIUM
2025-12-04 09:45:21,238-DEBUG-root-20724::webapp_internal::wait_blocker|2444:: Waiting blocker to continue...
2025-12-04 09:45:21,461-DEBUG-root-20724::webapp_internal::wait_blocker|2469:: Blocker status: False
2025-12-04 09:45:21,780-DEBUG-root-20724::webapp_internal::get_web_value|3232:: Current value: TESTE INCLUSAO 01                                           
2025-12-04 09:45:21,780-INFO-root-20724::webapp_internal::input_value|3059:: Current field value: TESTE INCLUSAO 01
2025-12-04 09:45:21,807-DEBUG-root-20724::webapp_internal::wait_blocker|2444:: Waiting blocker to continue...
2025-12-04 09:45:22,012-DEBUG-root-20724::webapp_internal::wait_blocker|2469:: Blocker status: False
2025-12-04 09:45:22,012-INFO-root-20724::webapp_internal::SetKey|5822:: Key pressed: TAB
2025-12-04 09:45:22,014-DEBUG-root-20724::webapp_internal::SetKey|5857:: Trying press key
2025-12-04 09:45:24,017-DEBUG-root-20724::webapp_internal::wait_blocker|2444:: Waiting blocker to continue...
2025-12-04 09:45:24,173-DEBUG-root-20724::webapp_internal::wait_blocker|2469:: Blocker status: False
2025-12-04 09:45:24,207-DEBUG-root-20724::webapp_internal::wait_blocker|2444:: Waiting blocker to continue...
2025-12-04 09:45:24,400-DEBUG-root-20724::webapp_internal::wait_blocker|2469:: Blocker status: False
2025-12-04 09:45:24,401-DEBUG-root-20724::webapp_internal::send_action|10480:: Trying to send action
2025-12-04 09:45:25,509-DEBUG-root-20724::webapp_internal::send_action|10522:: send_action method result = True
2025-12-04 09:45:25,510-DEBUG-root-20724::webapp_internal::send_action|10523:: send_action selenium status: False
2025-12-04 09:45:25,511-DEBUG-root-20724::webapp_internal::wait_blocker|2444:: Waiting blocker to continue...
2025-12-04 09:45:25,706-DEBUG-root-20724::webapp_internal::wait_blocker|2469:: Blocker status: False
2025-12-04 09:45:25,707-DEBUG-root-20724::webapp_internal::wait_element|7623:: Waiting for element
2025-12-04 09:45:25,827-DEBUG-root-20724::webapp_internal::wait_element|7653:: Element found! Waiting for element to be displayed.
2025-12-04 09:45:25,941-INFO-root-20724::webapp_internal::input_value|2941:: Looking for element: ZD_TPMOV
2025-12-04 09:45:26,087-INFO-root-20724::webapp_internal::input_value|2951:: Element: ZD_TPMOV Found!
2025-12-04 09:45:26,087-INFO-root-20724::webapp_internal::input_value|2953:: Filling element: ZD_TPMOV
2025-12-04 09:45:27,315-INFO-root-20724::base::select_combo|871:: Selected value for combo is: 1 - Titular
2025-12-04 09:45:27,361-DEBUG-root-20724::webapp_internal::wait_blocker|2444:: Waiting blocker to continue...
2025-12-04 09:45:27,561-DEBUG-root-20724::webapp_internal::wait_blocker|2469:: Blocker status: False
2025-12-04 09:45:27,562-DEBUG-root-20724::webapp_internal::wait_element|7623:: Waiting for element
2025-12-04 09:45:27,686-DEBUG-root-20724::webapp_internal::wait_element|7653:: Element found! Waiting for element to be displayed.
2025-12-04 09:45:27,794-INFO-root-20724::webapp_internal::input_value|2941:: Looking for element: ZD_TPALTSA
2025-12-04 09:45:27,986-INFO-root-20724::webapp_internal::input_value|2951:: Element: ZD_TPALTSA Found!
2025-12-04 09:45:27,986-INFO-root-20724::webapp_internal::input_value|2953:: Filling element: ZD_TPALTSA
2025-12-04 09:45:28,019-DEBUG-root-20724::webapp_internal::get_web_value|3232:: Current value:    
2025-12-04 09:45:28,058-DEBUG-root-20724::base::double_click|259:: Click Type: ClickType.SELENIUM
2025-12-04 09:45:28,328-DEBUG-root-20724::webapp_internal::wait_blocker|2444:: Waiting blocker to continue...
2025-12-04 09:45:28,506-DEBUG-root-20724::webapp_internal::wait_blocker|2469:: Blocker status: False
2025-12-04 09:45:28,838-DEBUG-root-20724::webapp_internal::get_web_value|3232:: Current value: 003
2025-12-04 09:45:28,838-INFO-root-20724::webapp_internal::input_value|3059:: Current field value: 003
2025-12-04 09:45:28,851-INFO-root-20724::webapp_internal::WaitShow|4980:: Waiting show text 'Histórico'...
2025-12-04 09:45:30,974-INFO-root-20724::webapp_internal::WaitShow|4996:: Text found! 
2025-12-04 09:45:30,975-DEBUG-root-20724::webapp_internal::wait_blocker|2444:: Waiting blocker to continue...
2025-12-04 09:45:31,155-DEBUG-root-20724::webapp_internal::wait_blocker|2469:: Blocker status: False
2025-12-04 09:45:31,156-INFO-root-20724::webapp_internal::SetKey|5822:: Key pressed: TAB
2025-12-04 09:45:31,156-DEBUG-root-20724::webapp_internal::SetKey|5857:: Trying press key
2025-12-04 09:45:31,156-DEBUG-root-20724::webapp_internal::wait_element|7623:: Waiting for element
2025-12-04 09:45:31,260-DEBUG-root-20724::webapp_internal::wait_element|7653:: Element found! Waiting for element to be displayed.
2025-12-04 09:45:31,586-DEBUG-root-20724::webapp_internal::wait_blocker|2444:: Waiting blocker to continue...
2025-12-04 09:45:31,768-DEBUG-root-20724::webapp_internal::wait_blocker|2469:: Blocker status: False
2025-12-04 09:45:31,769-INFO-root-20724::webapp_internal::LoadGrid|6298:: Filling grid field: Data Inicio
2025-12-04 09:45:31,769-DEBUG-root-20724::webapp_internal::fill_grid|6399:: Grid loading...
2025-12-04 09:45:31,901-DEBUG-root-20724::webapp_internal::fill_grid|6466:: Column found!
2025-12-04 09:45:31,951-DEBUG-root-20724::base::click|192:: Click Type: ClickType.ACTIONCHAINS
2025-12-04 09:45:37,340-DEBUG-root-20724::webapp_internal::fill_grid|6498:: Trying open cell in grid!
2025-12-04 09:45:37,624-DEBUG-root-20724::webapp_internal::wait_blocker|2444:: Waiting blocker to continue...
2025-12-04 09:45:37,912-DEBUG-root-20724::webapp_internal::wait_blocker|2469:: Blocker status: False
2025-12-04 09:45:38,142-DEBUG-root-20724::webapp_internal::wait_element_timeout|7726:: Element found! Waiting for element to be displayed.
2025-12-04 09:45:38,667-DEBUG-root-20724::webapp_internal::fill_grid|6577:: Sending keys: 04/11/2025
2025-12-04 09:45:38,981-DEBUG-root-20724::webapp_internal::wait_blocker|2444:: Waiting blocker to continue...
2025-12-04 09:45:39,225-DEBUG-root-20724::webapp_internal::wait_blocker|2469:: Blocker status: False
2025-12-04 09:45:44,752-DEBUG-root-20724::webapp_internal::wait_blocker|2444:: Waiting blocker to continue...
2025-12-04 09:45:44,975-DEBUG-root-20724::webapp_internal::wait_blocker|2469:: Blocker status: False
2025-12-04 09:45:45,015-DEBUG-root-20724::webapp_internal::wait_blocker|2444:: Waiting blocker to continue...
2025-12-04 09:45:45,204-DEBUG-root-20724::webapp_internal::wait_blocker|2469:: Blocker status: False
2025-12-04 09:45:45,204-DEBUG-root-20724::webapp_internal::send_action|10480:: Trying to send action
2025-12-04 09:45:46,261-DEBUG-root-20724::webapp_internal::send_action|10522:: send_action method result = True
2025-12-04 09:45:46,262-DEBUG-root-20724::webapp_internal::send_action|10523:: send_action selenium status: False
2025-12-04 09:47:06,167-ERROR-root-20724::webapp_internal::TearDown|9654:: Warning tearDown Close Message: Tried to run command without establishing a connection
Traceback (most recent call last):
  File "C:\TIR_TESTE\venv\Lib\site-packages\tir\technologies\webapp_internal.py", line 9652, in TearDown
    self.driver.close()
  File "C:\TIR_TESTE\venv\Lib\site-packages\selenium\webdriver\remote\webdriver.py", line 458, in close
    self.execute(Command.CLOSE)
  File "C:\TIR_TESTE\venv\Lib\site-packages\selenium\webdriver\remote\webdriver.py", line 347, in execute
    self.error_handler.check_response(response)
  File "C:\TIR_TESTE\venv\Lib\site-packages\selenium\webdriver\remote\errorhandler.py", line 229, in check_response
    raise exception_class(message, screen, stacktrace)
selenium.common.exceptions.InvalidSessionIdException: Message: Tried to run command without establishing a connection

