2025-12-05 11:55:01,365-DEBUG-root-46228::logging_config::logger|189:: Log file created: 'Log\GESIT03\TIR__20251205115501343.log'
2025-12-05 11:55:01,366-INFO-root-46228::base::Start|1183:: TIR Version: 2.4.3
2025-12-05 11:55:01,366-INFO-root-46228::base::Start|1184:: Python Version: 3.12.10
2025-12-05 11:55:01,366-INFO-root-46228::base::Start|1185:: Starting the browser
2025-12-05 11:55:09,077-INFO-root-46228::base::get_url|1294:: Page is ready!
2025-12-05 11:55:09,128-INFO-root-46228::base::Start|1256:: Browser maximized to 1936x1048
2025-12-05 11:55:09,128-INFO-root-46228::base::Start|1258:: Screen size is different from default used in headless mode
2025-12-05 11:55:09,297-INFO-root-46228::webapp_internal::Setup|247:: ***System Info*** in Setup():
2025-12-05 11:55:09,297-DEBUG-root-46228::psutil_info::system_info|5:: CPU USAGE: 20.5%
2025-12-05 11:55:09,298-DEBUG-root-46228::psutil_info::system_info|6:: MEMORY USAGE: 90.4%
2025-12-05 11:55:09,298-DEBUG-root-46228::psutil_info::system_info|7:: MEMORY AVAILABLE: 9.64%
2025-12-05 11:55:09,305-INFO-root-46228::base::webapp_shadowroot|1394:: Webapp: 10.1.6-RC4
2025-12-05 11:55:09,338-INFO-root-46228::webapp_internal::filling_initial_program|449:: Filling Initial Program: "SIGAMDI"
2025-12-05 11:55:09,339-DEBUG-root-46228::webapp_internal::wait_element|7623:: Waiting for element
2025-12-05 11:55:09,402-DEBUG-root-46228::webapp_internal::wait_element|7653:: Element found! Waiting for element to be displayed.
2025-12-05 11:55:09,569-DEBUG-root-46228::base::click|192:: Click Type: ClickType.JS
2025-12-05 11:55:09,579-DEBUG-root-46228::webapp_internal::try_send_keys|7976:: Trying to send keys to element using technique 0
2025-12-05 11:55:09,956-DEBUG-root-46228::webapp_internal::get_web_value|3232:: Current value: SIGAMDI
2025-12-05 11:55:09,956-INFO-root-46228::webapp_internal::filling_server_environment|463:: Filling Server Environment: "POUPEX_TST"
2025-12-05 11:55:09,956-DEBUG-root-46228::webapp_internal::wait_element|7623:: Waiting for element
2025-12-05 11:55:09,988-DEBUG-root-46228::webapp_internal::wait_element|7653:: Element found! Waiting for element to be displayed.
2025-12-05 11:55:10,167-DEBUG-root-46228::base::click|192:: Click Type: ClickType.JS
2025-12-05 11:55:10,173-DEBUG-root-46228::webapp_internal::try_send_keys|7976:: Trying to send keys to element using technique 0
2025-12-05 11:55:10,576-DEBUG-root-46228::webapp_internal::get_web_value|3232:: Current value: POUPEX_TST
2025-12-05 11:55:10,599-DEBUG-root-46228::base::click|192:: Click Type: ClickType.JS
2025-12-05 11:55:10,636-DEBUG-root-46228::webapp_internal::user_screen|519:: Filling user screen
2025-12-05 11:55:17,934-DEBUG-root-46228::webapp_internal::wait_element_timeout|7726:: Element found! Waiting for element to be displayed.
2025-12-05 11:55:17,971-DEBUG-root-46228::base::scroll_to_element|759:: ********Warining scroll_to_element exception: Message: TypeError: can't access property "scrollIntoView", arguments[0] is null
Stacktrace:
@https://qasrverp:10020/webapp/:2:7
@https://qasrverp:10020/webapp/:3:8
*********
2025-12-05 11:55:18,090-INFO-root-46228::webapp_internal::user_screen|561:: Filling User
2025-12-05 11:55:18,119-DEBUG-root-46228::base::double_click|259:: Click Type: ClickType.SELENIUM
2025-12-05 11:55:18,309-DEBUG-root-46228::webapp_internal::get_web_value|3232:: Current value: 97137227104
2025-12-05 11:55:18,333-INFO-root-46228::webapp_internal::user_screen|621:: Filling Password
2025-12-05 11:55:18,355-DEBUG-root-46228::base::click|192:: Click Type: ClickType.JS
2025-12-05 11:55:18,428-DEBUG-root-46228::webapp_internal::get_web_value|3232:: Current value: Val20221080080094+
2025-12-05 11:55:18,429-DEBUG-root-46228::webapp_internal::wait_blocker|2444:: Waiting blocker to continue...
2025-12-05 11:55:18,457-DEBUG-root-46228::webapp_internal::wait_blocker|2469:: Blocker status: None
2025-12-05 11:55:18,478-DEBUG-root-46228::webapp_internal::wait_blocker|2444:: Waiting blocker to continue...
2025-12-05 11:55:18,505-DEBUG-root-46228::webapp_internal::wait_blocker|2469:: Blocker status: None
2025-12-05 11:55:18,537-DEBUG-root-46228::webapp_internal::wait_blocker|2444:: Waiting blocker to continue...
2025-12-05 11:55:18,571-DEBUG-root-46228::webapp_internal::wait_blocker|2469:: Blocker status: None
2025-12-05 11:55:18,571-DEBUG-root-46228::webapp_internal::send_action|10480:: Trying to send action
2025-12-05 11:55:18,578-DEBUG-root-46228::base::click|192:: Click Type: ClickType.JS
2025-12-05 11:55:19,614-DEBUG-root-46228::webapp_internal::send_action|10522:: send_action method result = True
2025-12-05 11:55:19,614-DEBUG-root-46228::webapp_internal::send_action|10523:: send_action selenium status: False
2025-12-05 11:55:21,983-DEBUG-root-46228::base::scroll_to_element|759:: ********Warining scroll_to_element exception: Message: TypeError: can't access property "scrollIntoView", arguments[0] is null
Stacktrace:
@https://qasrverp:10020/webapp/:2:7
@https://qasrverp:10020/webapp/:3:8
*********
2025-12-05 11:55:22,029-INFO-root-46228::webapp_internal::filling_date|885:: Filling Date: "05/12/2025"
2025-12-05 11:55:22,029-DEBUG-root-46228::webapp_internal::wait_blocker|2444:: Waiting blocker to continue...
2025-12-05 11:55:22,063-DEBUG-root-46228::webapp_internal::wait_blocker|2469:: Blocker status: None
2025-12-05 11:55:22,067-DEBUG-root-46228::base::click|192:: Click Type: ClickType.JS
2025-12-05 11:55:22,087-DEBUG-root-46228::webapp_internal::try_send_keys|7976:: Trying to send keys to element using technique 1
2025-12-05 11:55:22,157-DEBUG-root-46228::webapp_internal::get_web_value|3232:: Current value: 05/12/2025
2025-12-05 11:55:23,240-INFO-root-46228::webapp_internal::filling_group|955:: Filling Group: "02"
2025-12-05 11:55:23,240-DEBUG-root-46228::webapp_internal::wait_blocker|2444:: Waiting blocker to continue...
2025-12-05 11:55:23,271-DEBUG-root-46228::webapp_internal::wait_blocker|2469:: Blocker status: None
2025-12-05 11:55:23,273-DEBUG-root-46228::base::click|192:: Click Type: ClickType.JS
2025-12-05 11:55:23,320-DEBUG-root-46228::webapp_internal::get_web_value|3232:: Current value: 02
2025-12-05 11:55:24,383-INFO-root-46228::webapp_internal::filling_branch|1047:: Filling Branch: "02DF0001"
2025-12-05 11:55:24,383-DEBUG-root-46228::webapp_internal::wait_blocker|2444:: Waiting blocker to continue...
2025-12-05 11:55:24,413-DEBUG-root-46228::webapp_internal::wait_blocker|2469:: Blocker status: None
2025-12-05 11:55:24,415-DEBUG-root-46228::base::click|192:: Click Type: ClickType.JS
2025-12-05 11:55:24,463-DEBUG-root-46228::webapp_internal::get_web_value|3232:: Current value: 02DF0001
2025-12-05 11:55:25,546-INFO-root-46228::webapp_internal::filling_environment|1113:: Filling Environment: "07"
2025-12-05 11:55:25,546-DEBUG-root-46228::webapp_internal::wait_blocker|2444:: Waiting blocker to continue...
2025-12-05 11:55:25,580-DEBUG-root-46228::webapp_internal::wait_blocker|2469:: Blocker status: None
2025-12-05 11:55:25,583-DEBUG-root-46228::base::click|192:: Click Type: ClickType.JS
2025-12-05 11:55:25,634-DEBUG-root-46228::webapp_internal::get_web_value|3232:: Current value: 07
2025-12-05 11:55:26,642-DEBUG-root-46228::webapp_internal::close_warning_screen|1489:: Closing warning screen!
2025-12-05 11:55:27,674-DEBUG-root-46228::webapp_internal::check_screen_element|1291:: Checking screen element: "Atenção": False
2025-12-05 11:55:28,775-INFO-root-46228::webapp_internal::environment_screen|796:: Clicking on Button
2025-12-05 11:55:28,775-DEBUG-root-46228::webapp_internal::wait_blocker|2444:: Waiting blocker to continue...
2025-12-05 11:55:28,810-DEBUG-root-46228::webapp_internal::wait_blocker|2469:: Blocker status: None
2025-12-05 11:55:28,813-DEBUG-root-46228::base::click|192:: Click Type: ClickType.JS
2025-12-05 11:55:29,824-DEBUG-root-46228::base::click|192:: Click Type: ClickType.JS
2025-12-05 11:55:30,832-DEBUG-root-46228::base::click|192:: Click Type: ClickType.JS
2025-12-05 11:55:31,839-DEBUG-root-46228::base::click|192:: Click Type: ClickType.JS
2025-12-05 11:55:32,845-DEBUG-root-46228::base::click|192:: Click Type: ClickType.JS
2025-12-05 11:55:33,853-DEBUG-root-46228::base::click|192:: Click Type: ClickType.JS
2025-12-05 11:55:34,861-DEBUG-root-46228::webapp_internal::close_screen_before_menu|368:: Closing screen before the menu
2025-12-05 11:55:34,907-DEBUG-root-46228::webapp_internal::close_warning_screen|1489:: Closing warning screen!
2025-12-05 11:55:35,946-DEBUG-root-46228::webapp_internal::check_screen_element|1291:: Checking screen element: "Atenção": False
2025-12-05 11:55:35,946-DEBUG-root-46228::webapp_internal::close_coin_screen|1424:: Closing coin screen!
2025-12-05 11:55:36,499-DEBUG-root-46228::base::click|192:: Click Type: ClickType.JS
2025-12-05 11:55:36,555-DEBUG-root-46228::webapp_internal::close_warning_screen|1489:: Closing warning screen!
2025-12-05 11:55:37,606-DEBUG-root-46228::webapp_internal::check_screen_element|1291:: Checking screen element: "Atenção": False
2025-12-05 11:55:37,606-DEBUG-root-46228::webapp_internal::close_coin_screen|1424:: Closing coin screen!
2025-12-05 11:55:37,732-INFO-root-46228::webapp_internal::set_log_info|1623:: Getting log info
2025-12-05 11:55:37,733-INFO-root-46228::webapp_internal::SetLateralMenu|4184:: Navigating lateral menu: Ajuda > Sobre
2025-12-05 11:55:37,745-DEBUG-root-46228::webapp_internal::wait_element|7623:: Waiting for element
2025-12-05 11:55:37,787-DEBUG-root-46228::webapp_internal::wait_element|7653:: Element found! Waiting for element to be displayed.
2025-12-05 11:55:37,954-INFO-root-46228::webapp_internal::SetLateralMenu|4203:: Menu item: "Ajuda"
2025-12-05 11:55:37,954-DEBUG-root-46228::webapp_internal::wait_blocker|2444:: Waiting blocker to continue...
2025-12-05 11:55:38,030-DEBUG-root-46228::webapp_internal::wait_blocker|2469:: Blocker status: False
2025-12-05 11:55:38,380-DEBUG-root-46228::webapp_internal::wait_element_timeout|7726:: Element found! Waiting for element to be displayed.
2025-12-05 11:55:38,691-DEBUG-root-46228::webapp_internal::wait_blocker|2444:: Waiting blocker to continue...
2025-12-05 11:55:38,753-DEBUG-root-46228::webapp_internal::wait_blocker|2469:: Blocker status: False
2025-12-05 11:55:41,050-INFO-root-46228::webapp_internal::SetLateralMenu|4203:: Menu item: "Sobre"
2025-12-05 11:55:41,051-DEBUG-root-46228::webapp_internal::wait_blocker|2444:: Waiting blocker to continue...
2025-12-05 11:55:41,134-DEBUG-root-46228::webapp_internal::wait_blocker|2469:: Blocker status: False
2025-12-05 11:55:41,524-DEBUG-root-46228::webapp_internal::wait_element_timeout|7726:: Element found! Waiting for element to be displayed.
2025-12-05 11:55:41,892-DEBUG-root-46228::webapp_internal::wait_blocker|2444:: Waiting blocker to continue...
2025-12-05 11:55:41,952-DEBUG-root-46228::webapp_internal::wait_blocker|2469:: Blocker status: False
2025-12-05 11:55:44,557-DEBUG-root-46228::webapp_internal::wait_blocker|2444:: Waiting blocker to continue...
2025-12-05 11:55:44,627-DEBUG-root-46228::webapp_internal::wait_blocker|2469:: Blocker status: False
2025-12-05 11:55:44,693-DEBUG-root-46228::webapp_internal::wait_element|7623:: Waiting for element
2025-12-05 11:55:44,737-DEBUG-root-46228::webapp_internal::wait_element|7653:: Element found! Waiting for element to be displayed.
2025-12-05 11:55:44,908-INFO-root-46228::webapp_internal::SetButton|4444:: Clicking on Fechar
2025-12-05 11:55:44,908-DEBUG-root-46228::webapp_internal::wait_blocker|2444:: Waiting blocker to continue...
2025-12-05 11:55:44,977-DEBUG-root-46228::webapp_internal::wait_blocker|2469:: Blocker status: False
2025-12-05 11:55:45,167-DEBUG-root-46228::webapp_internal::wait_element_timeout|7726:: Element found! Waiting for element to be displayed.
2025-12-05 11:55:45,247-DEBUG-root-46228::webapp_internal::SetButton|4481:: ***System Info*** Before Clicking on button:Fechar
2025-12-05 11:55:45,248-DEBUG-root-46228::psutil_info::system_info|5:: CPU USAGE: 9.3%
2025-12-05 11:55:45,248-DEBUG-root-46228::psutil_info::system_info|6:: MEMORY USAGE: 90.2%
2025-12-05 11:55:45,249-DEBUG-root-46228::psutil_info::system_info|7:: MEMORY AVAILABLE: 9.81%
2025-12-05 11:55:45,435-DEBUG-root-46228::webapp_internal::wait_element_timeout|7726:: Element found! Waiting for element to be displayed.
2025-12-05 11:55:45,573-DEBUG-root-46228::webapp_internal::wait_blocker|2444:: Waiting blocker to continue...
2025-12-05 11:55:45,647-DEBUG-root-46228::webapp_internal::wait_blocker|2469:: Blocker status: False
2025-12-05 11:55:45,665-DEBUG-root-46228::webapp_internal::wait_blocker|2444:: Waiting blocker to continue...
2025-12-05 11:55:45,740-DEBUG-root-46228::webapp_internal::wait_blocker|2469:: Blocker status: False
2025-12-05 11:55:45,741-DEBUG-root-46228::webapp_internal::send_action|10480:: Trying to send action
2025-12-05 11:55:45,743-DEBUG-root-46228::base::click|192:: Click Type: ClickType.JS
2025-12-05 11:55:46,773-DEBUG-root-46228::webapp_internal::send_action|10522:: send_action method result = True
2025-12-05 11:55:46,773-DEBUG-root-46228::webapp_internal::send_action|10523:: send_action selenium status: False
2025-12-05 11:55:46,774-DEBUG-root-46228::webapp_internal::SetButton|4683:: ***System Info*** After Clicking on button:
2025-12-05 11:55:46,774-DEBUG-root-46228::psutil_info::system_info|5:: CPU USAGE: 15.5%
2025-12-05 11:55:46,774-DEBUG-root-46228::psutil_info::system_info|6:: MEMORY USAGE: 90.4%
2025-12-05 11:55:46,775-DEBUG-root-46228::psutil_info::system_info|7:: MEMORY AVAILABLE: 9.62%
2025-12-05 11:55:46,775-DEBUG-root-46228::webapp_internal::wait_element|7623:: Waiting for element
2025-12-05 11:55:46,902-INFO-root-46228::webapp_internal::SetLateralMenu|4184:: Navigating lateral menu: Atualizações > Gestao de Viagens > Solicitações
2025-12-05 11:55:46,913-DEBUG-root-46228::webapp_internal::wait_element|7623:: Waiting for element
2025-12-05 11:55:46,953-DEBUG-root-46228::webapp_internal::wait_element|7653:: Element found! Waiting for element to be displayed.
2025-12-05 11:55:47,115-INFO-root-46228::webapp_internal::SetLateralMenu|4203:: Menu item: "Atualizações"
2025-12-05 11:55:47,115-DEBUG-root-46228::webapp_internal::wait_blocker|2444:: Waiting blocker to continue...
2025-12-05 11:55:47,187-DEBUG-root-46228::webapp_internal::wait_blocker|2469:: Blocker status: False
2025-12-05 11:55:47,610-DEBUG-root-46228::webapp_internal::wait_element_timeout|7726:: Element found! Waiting for element to be displayed.
2025-12-05 11:55:47,978-DEBUG-root-46228::webapp_internal::wait_blocker|2444:: Waiting blocker to continue...
2025-12-05 11:55:48,042-DEBUG-root-46228::webapp_internal::wait_blocker|2469:: Blocker status: False
2025-12-05 11:55:50,339-INFO-root-46228::webapp_internal::SetLateralMenu|4203:: Menu item: "Gestao de Viagens"
2025-12-05 11:55:50,339-DEBUG-root-46228::webapp_internal::wait_blocker|2444:: Waiting blocker to continue...
2025-12-05 11:55:50,435-DEBUG-root-46228::webapp_internal::wait_blocker|2469:: Blocker status: False
2025-12-05 11:55:51,295-DEBUG-root-46228::webapp_internal::wait_element_timeout|7726:: Element found! Waiting for element to be displayed.
2025-12-05 11:55:52,007-DEBUG-root-46228::webapp_internal::wait_blocker|2444:: Waiting blocker to continue...
2025-12-05 11:55:52,103-DEBUG-root-46228::webapp_internal::wait_blocker|2469:: Blocker status: False
2025-12-05 11:55:54,374-INFO-root-46228::webapp_internal::SetLateralMenu|4203:: Menu item: "Solicitações"
2025-12-05 11:55:54,374-DEBUG-root-46228::webapp_internal::wait_blocker|2444:: Waiting blocker to continue...
2025-12-05 11:55:54,449-DEBUG-root-46228::webapp_internal::wait_blocker|2469:: Blocker status: False
2025-12-05 11:55:55,348-DEBUG-root-46228::webapp_internal::wait_element_timeout|7726:: Element found! Waiting for element to be displayed.
2025-12-05 11:55:56,170-DEBUG-root-46228::webapp_internal::wait_blocker|2444:: Waiting blocker to continue...
2025-12-05 11:55:56,247-DEBUG-root-46228::webapp_internal::wait_blocker|2469:: Blocker status: False
2025-12-05 11:55:59,818-DEBUG-root-46228::webapp_internal::wait_blocker|2444:: Waiting blocker to continue...
2025-12-05 11:55:59,897-DEBUG-root-46228::webapp_internal::wait_blocker|2469:: Blocker status: False
2025-12-05 11:55:59,970-INFO-root-46228::webapp_internal::WaitShow|4980:: Waiting show text 'Este ambiente utiliza base de Homologação.'...
2025-12-05 11:56:05,104-INFO-root-46228::webapp_internal::WaitShow|4980:: Waiting show text 'Moedas'...
2025-12-05 11:56:10,525-INFO-root-46228::webapp_internal::WaitShow|4980:: Waiting show text 'Solicitação de Viagens/Treinamento'...
2025-12-05 11:56:10,580-INFO-root-46228::webapp_internal::WaitShow|4996:: Text found! 
2025-12-05 11:56:10,581-INFO-root-46228::webapp_internal::SetButton|4444:: Clicking on Incluir
2025-12-05 11:56:10,581-DEBUG-root-46228::webapp_internal::wait_blocker|2444:: Waiting blocker to continue...
2025-12-05 11:56:10,675-DEBUG-root-46228::webapp_internal::wait_blocker|2469:: Blocker status: False
2025-12-05 11:56:11,050-DEBUG-root-46228::webapp_internal::wait_element_timeout|7726:: Element found! Waiting for element to be displayed.
2025-12-05 11:56:11,314-DEBUG-root-46228::webapp_internal::SetButton|4481:: ***System Info*** Before Clicking on button:Incluir
2025-12-05 11:56:11,314-DEBUG-root-46228::psutil_info::system_info|5:: CPU USAGE: 12.8%
2025-12-05 11:56:11,315-DEBUG-root-46228::psutil_info::system_info|6:: MEMORY USAGE: 90.2%
2025-12-05 11:56:11,315-DEBUG-root-46228::psutil_info::system_info|7:: MEMORY AVAILABLE: 9.82%
2025-12-05 11:56:11,677-DEBUG-root-46228::webapp_internal::wait_element_timeout|7726:: Element found! Waiting for element to be displayed.
2025-12-05 11:56:11,998-DEBUG-root-46228::webapp_internal::wait_blocker|2444:: Waiting blocker to continue...
2025-12-05 11:56:12,090-DEBUG-root-46228::webapp_internal::wait_blocker|2469:: Blocker status: False
2025-12-05 11:56:12,112-DEBUG-root-46228::webapp_internal::wait_blocker|2444:: Waiting blocker to continue...
2025-12-05 11:56:12,207-DEBUG-root-46228::webapp_internal::wait_blocker|2469:: Blocker status: False
2025-12-05 11:56:12,207-DEBUG-root-46228::webapp_internal::send_action|10480:: Trying to send action
2025-12-05 11:56:12,210-DEBUG-root-46228::base::click|192:: Click Type: ClickType.JS
2025-12-05 11:56:13,466-DEBUG-root-46228::webapp_internal::send_action|10522:: send_action method result = True
2025-12-05 11:56:13,467-DEBUG-root-46228::webapp_internal::send_action|10523:: send_action selenium status: True
2025-12-05 11:56:13,467-DEBUG-root-46228::webapp_internal::SetButton|4683:: ***System Info*** After Clicking on button:
2025-12-05 11:56:13,467-DEBUG-root-46228::psutil_info::system_info|5:: CPU USAGE: 8.7%
2025-12-05 11:56:13,468-DEBUG-root-46228::psutil_info::system_info|6:: MEMORY USAGE: 89.8%
2025-12-05 11:56:13,468-DEBUG-root-46228::psutil_info::system_info|7:: MEMORY AVAILABLE: 10.16%
2025-12-05 11:56:13,669-DEBUG-root-46228::webapp_internal::wait_blocker|2444:: Waiting blocker to continue...
2025-12-05 11:56:13,763-DEBUG-root-46228::webapp_internal::wait_blocker|2469:: Blocker status: False
2025-12-05 11:56:13,763-INFO-root-46228::webapp_internal::SearchBrowse|2003:: Searching: 02DF0001
2025-12-05 11:56:13,912-DEBUG-root-46228::webapp_internal::wait_element_timeout|7726:: Element found! Waiting for element to be displayed.
2025-12-05 11:56:13,998-DEBUG-root-46228::webapp_internal::wait_blocker|2444:: Waiting blocker to continue...
2025-12-05 11:56:14,093-DEBUG-root-46228::webapp_internal::wait_blocker|2469:: Blocker status: False
2025-12-05 11:56:14,100-DEBUG-root-46228::webapp_internal::wait_blocker|2444:: Waiting blocker to continue...
2025-12-05 11:56:14,195-DEBUG-root-46228::webapp_internal::wait_blocker|2469:: Blocker status: False
2025-12-05 11:56:14,197-INFO-root-46228::webapp_internal::fill_search_browse|2399:: Filling: 02DF0001
2025-12-05 11:56:14,210-DEBUG-root-46228::base::click|192:: Click Type: ClickType.JS
2025-12-05 11:56:15,276-DEBUG-root-46228::webapp_internal::wait_blocker|2444:: Waiting blocker to continue...
2025-12-05 11:56:15,377-DEBUG-root-46228::webapp_internal::wait_blocker|2469:: Blocker status: False
2025-12-05 11:56:15,377-INFO-root-46228::webapp_internal::fill_search_browse|2399:: Filling: 02DF0001
2025-12-05 11:56:15,390-DEBUG-root-46228::base::click|192:: Click Type: ClickType.JS
2025-12-05 11:56:16,456-DEBUG-root-46228::webapp_internal::wait_blocker|2444:: Waiting blocker to continue...
2025-12-05 11:56:16,560-DEBUG-root-46228::webapp_internal::wait_blocker|2469:: Blocker status: False
2025-12-05 11:56:16,560-INFO-root-46228::webapp_internal::fill_search_browse|2399:: Filling: 02DF0001
2025-12-05 11:56:16,571-DEBUG-root-46228::base::click|192:: Click Type: ClickType.JS
2025-12-05 11:56:17,641-DEBUG-root-46228::webapp_internal::wait_blocker|2444:: Waiting blocker to continue...
2025-12-05 11:56:17,732-DEBUG-root-46228::webapp_internal::wait_blocker|2469:: Blocker status: False
2025-12-05 11:56:17,732-INFO-root-46228::webapp_internal::fill_search_browse|2399:: Filling: 02DF0001
2025-12-05 11:56:17,744-DEBUG-root-46228::base::click|192:: Click Type: ClickType.JS
2025-12-05 11:56:18,811-DEBUG-root-46228::webapp_internal::wait_blocker|2444:: Waiting blocker to continue...
2025-12-05 11:56:18,925-DEBUG-root-46228::webapp_internal::wait_blocker|2469:: Blocker status: False
2025-12-05 11:56:18,926-INFO-root-46228::webapp_internal::fill_search_browse|2399:: Filling: 02DF0001
2025-12-05 11:56:18,936-DEBUG-root-46228::base::click|192:: Click Type: ClickType.JS
2025-12-05 11:56:20,007-DEBUG-root-46228::webapp_internal::wait_blocker|2444:: Waiting blocker to continue...
2025-12-05 11:56:20,105-DEBUG-root-46228::webapp_internal::wait_blocker|2469:: Blocker status: False
2025-12-05 11:56:20,106-INFO-root-46228::webapp_internal::fill_search_browse|2399:: Filling: 02DF0001
2025-12-05 11:56:20,115-DEBUG-root-46228::base::click|192:: Click Type: ClickType.JS
2025-12-05 11:56:21,200-DEBUG-root-46228::webapp_internal::wait_blocker|2444:: Waiting blocker to continue...
2025-12-05 11:56:21,300-DEBUG-root-46228::webapp_internal::wait_blocker|2469:: Blocker status: False
2025-12-05 11:56:21,301-INFO-root-46228::webapp_internal::fill_search_browse|2399:: Filling: 02DF0001
2025-12-05 11:56:21,325-DEBUG-root-46228::base::click|192:: Click Type: ClickType.JS
2025-12-05 11:56:22,427-DEBUG-root-46228::webapp_internal::wait_blocker|2444:: Waiting blocker to continue...
2025-12-05 11:56:22,539-DEBUG-root-46228::webapp_internal::wait_blocker|2469:: Blocker status: False
2025-12-05 11:56:22,541-DEBUG-root-46228::base::double_click|259:: Click Type: ClickType.SELENIUM
2025-12-05 11:56:22,547-WARNING-root-46228::base::double_click|280:: Warning double_click method Exception: Message: Element <button class="button-image" type="button"> is not clickable at point (1258,360) because another element <wa-button id="COMP6023" class="dict-tbutton focus"> obscures it
Stacktrace:
RemoteError@chrome://remote/content/shared/RemoteError.sys.mjs:8:8
WebDriverError@chrome://remote/content/shared/webdriver/Errors.sys.mjs:202:5
ElementClickInterceptedError@chrome://remote/content/shared/webdriver/Errors.sys.mjs:354:5
webdriverClickElement@chrome://remote/content/marionette/interaction.sys.mjs:175:11
interaction.clickElement@chrome://remote/content/marionette/interaction.sys.mjs:134:11
clickElement@chrome://remote/content/marionette/actors/MarionetteCommandsChild.sys.mjs:327:29
receiveMessage@chrome://remote/content/marionette/actors/MarionetteCommandsChild.sys.mjs:210:31

2025-12-05 11:56:22,847-INFO-root-46228::webapp_internal::SetButton|4444:: Clicking on OK
2025-12-05 11:56:22,848-DEBUG-root-46228::webapp_internal::wait_blocker|2444:: Waiting blocker to continue...
2025-12-05 11:56:22,963-DEBUG-root-46228::webapp_internal::wait_blocker|2469:: Blocker status: False
2025-12-05 11:56:23,274-DEBUG-root-46228::webapp_internal::wait_element_timeout|7726:: Element found! Waiting for element to be displayed.
2025-12-05 11:56:23,530-DEBUG-root-46228::webapp_internal::SetButton|4481:: ***System Info*** Before Clicking on button:OK
2025-12-05 11:56:23,531-DEBUG-root-46228::psutil_info::system_info|5:: CPU USAGE: 7.2%
2025-12-05 11:56:23,531-DEBUG-root-46228::psutil_info::system_info|6:: MEMORY USAGE: 89.8%
2025-12-05 11:56:23,532-DEBUG-root-46228::psutil_info::system_info|7:: MEMORY AVAILABLE: 10.2%
2025-12-05 11:56:23,910-DEBUG-root-46228::webapp_internal::wait_element_timeout|7726:: Element found! Waiting for element to be displayed.
2025-12-05 11:56:24,191-DEBUG-root-46228::webapp_internal::wait_blocker|2444:: Waiting blocker to continue...
2025-12-05 11:56:24,298-DEBUG-root-46228::webapp_internal::wait_blocker|2469:: Blocker status: False
2025-12-05 11:56:24,355-DEBUG-root-46228::webapp_internal::wait_blocker|2444:: Waiting blocker to continue...
2025-12-05 11:56:24,457-DEBUG-root-46228::webapp_internal::wait_blocker|2469:: Blocker status: False
2025-12-05 11:56:24,457-DEBUG-root-46228::webapp_internal::send_action|10480:: Trying to send action
2025-12-05 11:56:24,459-DEBUG-root-46228::base::click|192:: Click Type: ClickType.JS
2025-12-05 11:56:26,972-DEBUG-root-46228::webapp_internal::send_action|10522:: send_action method result = True
2025-12-05 11:56:26,973-DEBUG-root-46228::webapp_internal::send_action|10523:: send_action selenium status: True
2025-12-05 11:56:26,973-DEBUG-root-46228::webapp_internal::SetButton|4683:: ***System Info*** After Clicking on button:
2025-12-05 11:56:26,973-DEBUG-root-46228::psutil_info::system_info|5:: CPU USAGE: 15.4%
2025-12-05 11:56:26,974-DEBUG-root-46228::psutil_info::system_info|6:: MEMORY USAGE: 91.2%
2025-12-05 11:56:26,974-DEBUG-root-46228::psutil_info::system_info|7:: MEMORY AVAILABLE: 8.75%
2025-12-05 11:56:27,175-INFO-root-46228::webapp_internal::WaitShow|4980:: Waiting show text 'Solicitacoes de Viagens - INCLUIR'...
2025-12-05 11:56:27,401-INFO-root-46228::webapp_internal::WaitShow|4996:: Text found! 
2025-12-05 11:56:27,402-DEBUG-root-46228::webapp_internal::wait_blocker|2444:: Waiting blocker to continue...
2025-12-05 11:56:27,546-DEBUG-root-46228::webapp_internal::wait_blocker|2469:: Blocker status: False
2025-12-05 11:56:27,546-DEBUG-root-46228::webapp_internal::wait_element|7623:: Waiting for element
2025-12-05 11:56:27,628-DEBUG-root-46228::webapp_internal::wait_element|7653:: Element found! Waiting for element to be displayed.
2025-12-05 11:56:27,697-INFO-root-46228::webapp_internal::input_value|2941:: Looking for element: ZV3_DESCRI
2025-12-05 11:56:27,861-INFO-root-46228::webapp_internal::input_value|2951:: Element: ZV3_DESCRI Found!
2025-12-05 11:56:27,861-INFO-root-46228::webapp_internal::input_value|2953:: Filling element: ZV3_DESCRI
2025-12-05 11:56:27,884-DEBUG-root-46228::webapp_internal::get_web_value|3232:: Current value:                                                   
2025-12-05 11:56:27,924-DEBUG-root-46228::base::double_click|259:: Click Type: ClickType.SELENIUM
2025-12-05 11:56:28,194-DEBUG-root-46228::webapp_internal::wait_blocker|2444:: Waiting blocker to continue...
2025-12-05 11:56:28,344-DEBUG-root-46228::webapp_internal::wait_blocker|2469:: Blocker status: False
2025-12-05 11:56:28,710-DEBUG-root-46228::webapp_internal::get_web_value|3232:: Current value: USO PARA TESTE AUTOMATIZADO                       
2025-12-05 11:56:28,710-INFO-root-46228::webapp_internal::input_value|3059:: Current field value: USO PARA TESTE AUTOMATIZADO
2025-12-05 11:56:28,740-DEBUG-root-46228::webapp_internal::wait_blocker|2444:: Waiting blocker to continue...
2025-12-05 11:56:28,885-DEBUG-root-46228::webapp_internal::wait_blocker|2469:: Blocker status: False
2025-12-05 11:56:28,885-DEBUG-root-46228::webapp_internal::wait_element|7623:: Waiting for element
2025-12-05 11:56:28,990-DEBUG-root-46228::webapp_internal::wait_element|7653:: Element found! Waiting for element to be displayed.
2025-12-05 11:56:29,097-INFO-root-46228::webapp_internal::input_value|2941:: Looking for element: ZV3_DTINI
2025-12-05 11:56:29,295-INFO-root-46228::webapp_internal::input_value|2951:: Element: ZV3_DTINI Found!
2025-12-05 11:56:29,295-INFO-root-46228::webapp_internal::input_value|2953:: Filling element: ZV3_DTINI
2025-12-05 11:56:29,331-DEBUG-root-46228::webapp_internal::get_web_value|3232:: Current value:   /  /    
2025-12-05 11:56:29,368-DEBUG-root-46228::base::double_click|259:: Click Type: ClickType.SELENIUM
2025-12-05 11:56:29,625-DEBUG-root-46228::webapp_internal::wait_blocker|2444:: Waiting blocker to continue...
2025-12-05 11:56:29,762-DEBUG-root-46228::webapp_internal::wait_blocker|2469:: Blocker status: False
2025-12-05 11:56:30,093-DEBUG-root-46228::webapp_internal::get_web_value|3232:: Current value: 20/12/2025
2025-12-05 11:56:30,093-INFO-root-46228::webapp_internal::input_value|3059:: Current field value: 20122025
2025-12-05 11:56:30,100-DEBUG-root-46228::webapp_internal::wait_blocker|2444:: Waiting blocker to continue...
2025-12-05 11:56:30,281-DEBUG-root-46228::webapp_internal::wait_blocker|2469:: Blocker status: False
2025-12-05 11:56:30,282-DEBUG-root-46228::webapp_internal::wait_element|7623:: Waiting for element
2025-12-05 11:56:30,363-DEBUG-root-46228::webapp_internal::wait_element|7653:: Element found! Waiting for element to be displayed.
2025-12-05 11:56:30,434-INFO-root-46228::webapp_internal::input_value|2941:: Looking for element: ZV3_DTFIM
2025-12-05 11:56:30,619-INFO-root-46228::webapp_internal::input_value|2951:: Element: ZV3_DTFIM Found!
2025-12-05 11:56:30,619-INFO-root-46228::webapp_internal::input_value|2953:: Filling element: ZV3_DTFIM
2025-12-05 11:56:30,679-DEBUG-root-46228::webapp_internal::get_web_value|3232:: Current value:   /  /    
2025-12-05 11:56:30,714-DEBUG-root-46228::base::double_click|259:: Click Type: ClickType.SELENIUM
2025-12-05 11:56:30,975-DEBUG-root-46228::webapp_internal::wait_blocker|2444:: Waiting blocker to continue...
2025-12-05 11:56:31,115-DEBUG-root-46228::webapp_internal::wait_blocker|2469:: Blocker status: False
2025-12-05 11:56:31,457-DEBUG-root-46228::webapp_internal::get_web_value|3232:: Current value: 27/12/2025
2025-12-05 11:56:31,458-INFO-root-46228::webapp_internal::input_value|3059:: Current field value: 27122025
2025-12-05 11:56:32,467-DEBUG-root-46228::webapp_internal::wait_blocker|2444:: Waiting blocker to continue...
2025-12-05 11:56:32,607-DEBUG-root-46228::webapp_internal::wait_blocker|2469:: Blocker status: False
2025-12-05 11:56:32,608-DEBUG-root-46228::webapp_internal::wait_element|7623:: Waiting for element
2025-12-05 11:56:32,692-DEBUG-root-46228::webapp_internal::wait_element|7653:: Element found! Waiting for element to be displayed.
2025-12-05 11:56:32,762-INFO-root-46228::webapp_internal::input_value|2941:: Looking for element: ZV3_CC
2025-12-05 11:56:32,942-INFO-root-46228::webapp_internal::input_value|2951:: Element: ZV3_CC Found!
2025-12-05 11:56:32,942-INFO-root-46228::webapp_internal::input_value|2953:: Filling element: ZV3_CC
2025-12-05 11:56:32,966-DEBUG-root-46228::webapp_internal::get_web_value|3232:: Current value:          
2025-12-05 11:56:33,001-DEBUG-root-46228::base::double_click|259:: Click Type: ClickType.SELENIUM
2025-12-05 11:56:33,276-DEBUG-root-46228::webapp_internal::wait_blocker|2444:: Waiting blocker to continue...
2025-12-05 11:56:33,441-DEBUG-root-46228::webapp_internal::wait_blocker|2469:: Blocker status: False
2025-12-05 11:56:33,818-DEBUG-root-46228::webapp_internal::get_web_value|3232:: Current value: 000000677
2025-12-05 11:56:33,818-INFO-root-46228::webapp_internal::input_value|3059:: Current field value: 000000677
2025-12-05 11:56:33,835-DEBUG-root-46228::webapp_internal::wait_blocker|2444:: Waiting blocker to continue...
2025-12-05 11:56:34,034-DEBUG-root-46228::webapp_internal::wait_blocker|2469:: Blocker status: False
2025-12-05 11:56:34,034-DEBUG-root-46228::webapp_internal::wait_element|7623:: Waiting for element
2025-12-05 11:56:34,127-DEBUG-root-46228::webapp_internal::wait_element|7653:: Element found! Waiting for element to be displayed.
2025-12-05 11:56:34,203-INFO-root-46228::webapp_internal::input_value|2941:: Looking for element: ZV3_TIPO
2025-12-05 11:56:34,398-INFO-root-46228::webapp_internal::input_value|2951:: Element: ZV3_TIPO Found!
2025-12-05 11:56:34,398-INFO-root-46228::webapp_internal::input_value|2953:: Filling element: ZV3_TIPO
2025-12-05 11:56:35,589-INFO-root-46228::base::select_combo|871:: Selected value for combo is: 1 - Servico
2025-12-05 11:56:35,629-DEBUG-root-46228::webapp_internal::wait_blocker|2444:: Waiting blocker to continue...
2025-12-05 11:56:35,789-DEBUG-root-46228::webapp_internal::wait_blocker|2469:: Blocker status: False
2025-12-05 11:56:35,789-DEBUG-root-46228::webapp_internal::wait_element|7623:: Waiting for element
2025-12-05 11:56:35,914-DEBUG-root-46228::webapp_internal::wait_element|7653:: Element found! Waiting for element to be displayed.
2025-12-05 11:56:35,985-INFO-root-46228::webapp_internal::input_value|2941:: Looking for element: ZV3_OBS
2025-12-05 11:56:36,158-INFO-root-46228::webapp_internal::input_value|2951:: Element: ZV3_OBS Found!
2025-12-05 11:56:36,159-INFO-root-46228::webapp_internal::input_value|2953:: Filling element: ZV3_OBS
2025-12-05 11:56:36,189-DEBUG-root-46228::webapp_internal::get_web_value|3232:: Current value: 
2025-12-05 11:56:36,211-DEBUG-root-46228::base::double_click|259:: Click Type: ClickType.SELENIUM
2025-12-05 11:56:36,465-DEBUG-root-46228::webapp_internal::wait_blocker|2444:: Waiting blocker to continue...
2025-12-05 11:56:36,605-DEBUG-root-46228::webapp_internal::wait_blocker|2469:: Blocker status: False
2025-12-05 11:56:36,955-DEBUG-root-46228::webapp_internal::get_web_value|3232:: Current value: TESTE DE SOLICITAÇÃO DE VIAGEM
2025-12-05 11:56:36,956-INFO-root-46228::webapp_internal::input_value|3059:: Current field value: TESTE DE SOLICITAÇÃO DE VIAGEM
2025-12-05 11:56:36,967-DEBUG-root-46228::webapp_internal::wait_blocker|2444:: Waiting blocker to continue...
2025-12-05 11:56:37,109-DEBUG-root-46228::webapp_internal::wait_blocker|2469:: Blocker status: False
2025-12-05 11:56:37,109-INFO-root-46228::webapp_internal::SetKey|5822:: Key pressed: TAB
2025-12-05 11:56:37,109-DEBUG-root-46228::webapp_internal::SetKey|5857:: Trying press key
2025-12-05 11:56:37,250-DEBUG-root-46228::webapp_internal::wait_blocker|2444:: Waiting blocker to continue...
2025-12-05 11:56:37,390-DEBUG-root-46228::webapp_internal::wait_blocker|2469:: Blocker status: False
2025-12-05 11:56:37,417-DEBUG-root-46228::webapp_internal::wait_blocker|2444:: Waiting blocker to continue...
2025-12-05 11:56:37,565-DEBUG-root-46228::webapp_internal::wait_blocker|2469:: Blocker status: False
2025-12-05 11:56:37,565-DEBUG-root-46228::webapp_internal::send_action|10480:: Trying to send action
2025-12-05 11:56:38,608-DEBUG-root-46228::webapp_internal::send_action|10522:: send_action method result = True
2025-12-05 11:56:38,609-DEBUG-root-46228::webapp_internal::send_action|10523:: send_action selenium status: False
2025-12-05 11:56:38,609-DEBUG-root-46228::webapp_internal::SetFocus|6011:: Setting focus on element Favorecidos.
2025-12-05 11:55:01,365-DEBUG-root-46228::logging_config::logger|189:: Log file created: 'Log\GESIT03\TIR__20251205115501343.log'
2025-12-05 11:55:01,366-INFO-root-46228::base::Start|1183:: TIR Version: 2.4.3
2025-12-05 11:55:01,366-INFO-root-46228::base::Start|1184:: Python Version: 3.12.10
2025-12-05 11:55:01,366-INFO-root-46228::base::Start|1185:: Starting the browser
2025-12-05 11:55:09,077-INFO-root-46228::base::get_url|1294:: Page is ready!
2025-12-05 11:55:09,128-INFO-root-46228::base::Start|1256:: Browser maximized to 1936x1048
2025-12-05 11:55:09,128-INFO-root-46228::base::Start|1258:: Screen size is different from default used in headless mode
2025-12-05 11:55:09,297-INFO-root-46228::webapp_internal::Setup|247:: ***System Info*** in Setup():
2025-12-05 11:55:09,297-DEBUG-root-46228::psutil_info::system_info|5:: CPU USAGE: 20.5%
2025-12-05 11:55:09,298-DEBUG-root-46228::psutil_info::system_info|6:: MEMORY USAGE: 90.4%
2025-12-05 11:55:09,298-DEBUG-root-46228::psutil_info::system_info|7:: MEMORY AVAILABLE: 9.64%
2025-12-05 11:55:09,305-INFO-root-46228::base::webapp_shadowroot|1394:: Webapp: 10.1.6-RC4
2025-12-05 11:55:09,338-INFO-root-46228::webapp_internal::filling_initial_program|449:: Filling Initial Program: "SIGAMDI"
2025-12-05 11:55:09,339-DEBUG-root-46228::webapp_internal::wait_element|7623:: Waiting for element
2025-12-05 11:55:09,402-DEBUG-root-46228::webapp_internal::wait_element|7653:: Element found! Waiting for element to be displayed.
2025-12-05 11:55:09,569-DEBUG-root-46228::base::click|192:: Click Type: ClickType.JS
2025-12-05 11:55:09,579-DEBUG-root-46228::webapp_internal::try_send_keys|7976:: Trying to send keys to element using technique 0
2025-12-05 11:55:09,956-DEBUG-root-46228::webapp_internal::get_web_value|3232:: Current value: SIGAMDI
2025-12-05 11:55:09,956-INFO-root-46228::webapp_internal::filling_server_environment|463:: Filling Server Environment: "POUPEX_TST"
2025-12-05 11:55:09,956-DEBUG-root-46228::webapp_internal::wait_element|7623:: Waiting for element
2025-12-05 11:55:09,988-DEBUG-root-46228::webapp_internal::wait_element|7653:: Element found! Waiting for element to be displayed.
2025-12-05 11:55:10,167-DEBUG-root-46228::base::click|192:: Click Type: ClickType.JS
2025-12-05 11:55:10,173-DEBUG-root-46228::webapp_internal::try_send_keys|7976:: Trying to send keys to element using technique 0
2025-12-05 11:55:10,576-DEBUG-root-46228::webapp_internal::get_web_value|3232:: Current value: POUPEX_TST
2025-12-05 11:55:10,599-DEBUG-root-46228::base::click|192:: Click Type: ClickType.JS
2025-12-05 11:55:10,636-DEBUG-root-46228::webapp_internal::user_screen|519:: Filling user screen
2025-12-05 11:55:17,934-DEBUG-root-46228::webapp_internal::wait_element_timeout|7726:: Element found! Waiting for element to be displayed.
2025-12-05 11:55:17,971-DEBUG-root-46228::base::scroll_to_element|759:: ********Warining scroll_to_element exception: Message: TypeError: can't access property "scrollIntoView", arguments[0] is null
Stacktrace:
@https://qasrverp:10020/webapp/:2:7
@https://qasrverp:10020/webapp/:3:8
*********
2025-12-05 11:55:18,090-INFO-root-46228::webapp_internal::user_screen|561:: Filling User
2025-12-05 11:55:18,119-DEBUG-root-46228::base::double_click|259:: Click Type: ClickType.SELENIUM
2025-12-05 11:55:18,309-DEBUG-root-46228::webapp_internal::get_web_value|3232:: Current value: 97137227104
2025-12-05 11:55:18,333-INFO-root-46228::webapp_internal::user_screen|621:: Filling Password
2025-12-05 11:55:18,355-DEBUG-root-46228::base::click|192:: Click Type: ClickType.JS
2025-12-05 11:55:18,428-DEBUG-root-46228::webapp_internal::get_web_value|3232:: Current value: Val20221080080094+
2025-12-05 11:55:18,429-DEBUG-root-46228::webapp_internal::wait_blocker|2444:: Waiting blocker to continue...
2025-12-05 11:55:18,457-DEBUG-root-46228::webapp_internal::wait_blocker|2469:: Blocker status: None
2025-12-05 11:55:18,478-DEBUG-root-46228::webapp_internal::wait_blocker|2444:: Waiting blocker to continue...
2025-12-05 11:55:18,505-DEBUG-root-46228::webapp_internal::wait_blocker|2469:: Blocker status: None
2025-12-05 11:55:18,537-DEBUG-root-46228::webapp_internal::wait_blocker|2444:: Waiting blocker to continue...
2025-12-05 11:55:18,571-DEBUG-root-46228::webapp_internal::wait_blocker|2469:: Blocker status: None
2025-12-05 11:55:18,571-DEBUG-root-46228::webapp_internal::send_action|10480:: Trying to send action
2025-12-05 11:55:18,578-DEBUG-root-46228::base::click|192:: Click Type: ClickType.JS
2025-12-05 11:55:19,614-DEBUG-root-46228::webapp_internal::send_action|10522:: send_action method result = True
2025-12-05 11:55:19,614-DEBUG-root-46228::webapp_internal::send_action|10523:: send_action selenium status: False
2025-12-05 11:55:21,983-DEBUG-root-46228::base::scroll_to_element|759:: ********Warining scroll_to_element exception: Message: TypeError: can't access property "scrollIntoView", arguments[0] is null
Stacktrace:
@https://qasrverp:10020/webapp/:2:7
@https://qasrverp:10020/webapp/:3:8
*********
2025-12-05 11:55:22,029-INFO-root-46228::webapp_internal::filling_date|885:: Filling Date: "05/12/2025"
2025-12-05 11:55:22,029-DEBUG-root-46228::webapp_internal::wait_blocker|2444:: Waiting blocker to continue...
2025-12-05 11:55:22,063-DEBUG-root-46228::webapp_internal::wait_blocker|2469:: Blocker status: None
2025-12-05 11:55:22,067-DEBUG-root-46228::base::click|192:: Click Type: ClickType.JS
2025-12-05 11:55:22,087-DEBUG-root-46228::webapp_internal::try_send_keys|7976:: Trying to send keys to element using technique 1
2025-12-05 11:55:22,157-DEBUG-root-46228::webapp_internal::get_web_value|3232:: Current value: 05/12/2025
2025-12-05 11:55:23,240-INFO-root-46228::webapp_internal::filling_group|955:: Filling Group: "02"
2025-12-05 11:55:23,240-DEBUG-root-46228::webapp_internal::wait_blocker|2444:: Waiting blocker to continue...
2025-12-05 11:55:23,271-DEBUG-root-46228::webapp_internal::wait_blocker|2469:: Blocker status: None
2025-12-05 11:55:23,273-DEBUG-root-46228::base::click|192:: Click Type: ClickType.JS
2025-12-05 11:55:23,320-DEBUG-root-46228::webapp_internal::get_web_value|3232:: Current value: 02
2025-12-05 11:55:24,383-INFO-root-46228::webapp_internal::filling_branch|1047:: Filling Branch: "02DF0001"
2025-12-05 11:55:24,383-DEBUG-root-46228::webapp_internal::wait_blocker|2444:: Waiting blocker to continue...
2025-12-05 11:55:24,413-DEBUG-root-46228::webapp_internal::wait_blocker|2469:: Blocker status: None
2025-12-05 11:55:24,415-DEBUG-root-46228::base::click|192:: Click Type: ClickType.JS
2025-12-05 11:55:24,463-DEBUG-root-46228::webapp_internal::get_web_value|3232:: Current value: 02DF0001
2025-12-05 11:55:25,546-INFO-root-46228::webapp_internal::filling_environment|1113:: Filling Environment: "07"
2025-12-05 11:55:25,546-DEBUG-root-46228::webapp_internal::wait_blocker|2444:: Waiting blocker to continue...
2025-12-05 11:55:25,580-DEBUG-root-46228::webapp_internal::wait_blocker|2469:: Blocker status: None
2025-12-05 11:55:25,583-DEBUG-root-46228::base::click|192:: Click Type: ClickType.JS
2025-12-05 11:55:25,634-DEBUG-root-46228::webapp_internal::get_web_value|3232:: Current value: 07
2025-12-05 11:55:26,642-DEBUG-root-46228::webapp_internal::close_warning_screen|1489:: Closing warning screen!
2025-12-05 11:55:27,674-DEBUG-root-46228::webapp_internal::check_screen_element|1291:: Checking screen element: "Atenção": False
2025-12-05 11:55:28,775-INFO-root-46228::webapp_internal::environment_screen|796:: Clicking on Button
2025-12-05 11:55:28,775-DEBUG-root-46228::webapp_internal::wait_blocker|2444:: Waiting blocker to continue...
2025-12-05 11:55:28,810-DEBUG-root-46228::webapp_internal::wait_blocker|2469:: Blocker status: None
2025-12-05 11:55:28,813-DEBUG-root-46228::base::click|192:: Click Type: ClickType.JS
2025-12-05 11:55:29,824-DEBUG-root-46228::base::click|192:: Click Type: ClickType.JS
2025-12-05 11:55:30,832-DEBUG-root-46228::base::click|192:: Click Type: ClickType.JS
2025-12-05 11:55:31,839-DEBUG-root-46228::base::click|192:: Click Type: ClickType.JS
2025-12-05 11:55:32,845-DEBUG-root-46228::base::click|192:: Click Type: ClickType.JS
2025-12-05 11:55:33,853-DEBUG-root-46228::base::click|192:: Click Type: ClickType.JS
2025-12-05 11:55:34,861-DEBUG-root-46228::webapp_internal::close_screen_before_menu|368:: Closing screen before the menu
2025-12-05 11:55:34,907-DEBUG-root-46228::webapp_internal::close_warning_screen|1489:: Closing warning screen!
2025-12-05 11:55:35,946-DEBUG-root-46228::webapp_internal::check_screen_element|1291:: Checking screen element: "Atenção": False
2025-12-05 11:55:35,946-DEBUG-root-46228::webapp_internal::close_coin_screen|1424:: Closing coin screen!
2025-12-05 11:55:36,499-DEBUG-root-46228::base::click|192:: Click Type: ClickType.JS
2025-12-05 11:55:36,555-DEBUG-root-46228::webapp_internal::close_warning_screen|1489:: Closing warning screen!
2025-12-05 11:55:37,606-DEBUG-root-46228::webapp_internal::check_screen_element|1291:: Checking screen element: "Atenção": False
2025-12-05 11:55:37,606-DEBUG-root-46228::webapp_internal::close_coin_screen|1424:: Closing coin screen!
2025-12-05 11:55:37,732-INFO-root-46228::webapp_internal::set_log_info|1623:: Getting log info
2025-12-05 11:55:37,733-INFO-root-46228::webapp_internal::SetLateralMenu|4184:: Navigating lateral menu: Ajuda > Sobre
2025-12-05 11:55:37,745-DEBUG-root-46228::webapp_internal::wait_element|7623:: Waiting for element
2025-12-05 11:55:37,787-DEBUG-root-46228::webapp_internal::wait_element|7653:: Element found! Waiting for element to be displayed.
2025-12-05 11:55:37,954-INFO-root-46228::webapp_internal::SetLateralMenu|4203:: Menu item: "Ajuda"
2025-12-05 11:55:37,954-DEBUG-root-46228::webapp_internal::wait_blocker|2444:: Waiting blocker to continue...
2025-12-05 11:55:38,030-DEBUG-root-46228::webapp_internal::wait_blocker|2469:: Blocker status: False
2025-12-05 11:55:38,380-DEBUG-root-46228::webapp_internal::wait_element_timeout|7726:: Element found! Waiting for element to be displayed.
2025-12-05 11:55:38,691-DEBUG-root-46228::webapp_internal::wait_blocker|2444:: Waiting blocker to continue...
2025-12-05 11:55:38,753-DEBUG-root-46228::webapp_internal::wait_blocker|2469:: Blocker status: False
2025-12-05 11:55:41,050-INFO-root-46228::webapp_internal::SetLateralMenu|4203:: Menu item: "Sobre"
2025-12-05 11:55:41,051-DEBUG-root-46228::webapp_internal::wait_blocker|2444:: Waiting blocker to continue...
2025-12-05 11:55:41,134-DEBUG-root-46228::webapp_internal::wait_blocker|2469:: Blocker status: False
2025-12-05 11:55:41,524-DEBUG-root-46228::webapp_internal::wait_element_timeout|7726:: Element found! Waiting for element to be displayed.
2025-12-05 11:55:41,892-DEBUG-root-46228::webapp_internal::wait_blocker|2444:: Waiting blocker to continue...
2025-12-05 11:55:41,952-DEBUG-root-46228::webapp_internal::wait_blocker|2469:: Blocker status: False
2025-12-05 11:55:44,557-DEBUG-root-46228::webapp_internal::wait_blocker|2444:: Waiting blocker to continue...
2025-12-05 11:55:44,627-DEBUG-root-46228::webapp_internal::wait_blocker|2469:: Blocker status: False
2025-12-05 11:55:44,693-DEBUG-root-46228::webapp_internal::wait_element|7623:: Waiting for element
2025-12-05 11:55:44,737-DEBUG-root-46228::webapp_internal::wait_element|7653:: Element found! Waiting for element to be displayed.
2025-12-05 11:55:44,908-INFO-root-46228::webapp_internal::SetButton|4444:: Clicking on Fechar
2025-12-05 11:55:44,908-DEBUG-root-46228::webapp_internal::wait_blocker|2444:: Waiting blocker to continue...
2025-12-05 11:55:44,977-DEBUG-root-46228::webapp_internal::wait_blocker|2469:: Blocker status: False
2025-12-05 11:55:45,167-DEBUG-root-46228::webapp_internal::wait_element_timeout|7726:: Element found! Waiting for element to be displayed.
2025-12-05 11:55:45,247-DEBUG-root-46228::webapp_internal::SetButton|4481:: ***System Info*** Before Clicking on button:Fechar
2025-12-05 11:55:45,248-DEBUG-root-46228::psutil_info::system_info|5:: CPU USAGE: 9.3%
2025-12-05 11:55:45,248-DEBUG-root-46228::psutil_info::system_info|6:: MEMORY USAGE: 90.2%
2025-12-05 11:55:45,249-DEBUG-root-46228::psutil_info::system_info|7:: MEMORY AVAILABLE: 9.81%
2025-12-05 11:55:45,435-DEBUG-root-46228::webapp_internal::wait_element_timeout|7726:: Element found! Waiting for element to be displayed.
2025-12-05 11:55:45,573-DEBUG-root-46228::webapp_internal::wait_blocker|2444:: Waiting blocker to continue...
2025-12-05 11:55:45,647-DEBUG-root-46228::webapp_internal::wait_blocker|2469:: Blocker status: False
2025-12-05 11:55:45,665-DEBUG-root-46228::webapp_internal::wait_blocker|2444:: Waiting blocker to continue...
2025-12-05 11:55:45,740-DEBUG-root-46228::webapp_internal::wait_blocker|2469:: Blocker status: False
2025-12-05 11:55:45,741-DEBUG-root-46228::webapp_internal::send_action|10480:: Trying to send action
2025-12-05 11:55:45,743-DEBUG-root-46228::base::click|192:: Click Type: ClickType.JS
2025-12-05 11:55:46,773-DEBUG-root-46228::webapp_internal::send_action|10522:: send_action method result = True
2025-12-05 11:55:46,773-DEBUG-root-46228::webapp_internal::send_action|10523:: send_action selenium status: False
2025-12-05 11:55:46,774-DEBUG-root-46228::webapp_internal::SetButton|4683:: ***System Info*** After Clicking on button:
2025-12-05 11:55:46,774-DEBUG-root-46228::psutil_info::system_info|5:: CPU USAGE: 15.5%
2025-12-05 11:55:46,774-DEBUG-root-46228::psutil_info::system_info|6:: MEMORY USAGE: 90.4%
2025-12-05 11:55:46,775-DEBUG-root-46228::psutil_info::system_info|7:: MEMORY AVAILABLE: 9.62%
2025-12-05 11:55:46,775-DEBUG-root-46228::webapp_internal::wait_element|7623:: Waiting for element
2025-12-05 11:55:46,902-INFO-root-46228::webapp_internal::SetLateralMenu|4184:: Navigating lateral menu: Atualizações > Gestao de Viagens > Solicitações
2025-12-05 11:55:46,913-DEBUG-root-46228::webapp_internal::wait_element|7623:: Waiting for element
2025-12-05 11:55:46,953-DEBUG-root-46228::webapp_internal::wait_element|7653:: Element found! Waiting for element to be displayed.
2025-12-05 11:55:47,115-INFO-root-46228::webapp_internal::SetLateralMenu|4203:: Menu item: "Atualizações"
2025-12-05 11:55:47,115-DEBUG-root-46228::webapp_internal::wait_blocker|2444:: Waiting blocker to continue...
2025-12-05 11:55:47,187-DEBUG-root-46228::webapp_internal::wait_blocker|2469:: Blocker status: False
2025-12-05 11:55:47,610-DEBUG-root-46228::webapp_internal::wait_element_timeout|7726:: Element found! Waiting for element to be displayed.
2025-12-05 11:55:47,978-DEBUG-root-46228::webapp_internal::wait_blocker|2444:: Waiting blocker to continue...
2025-12-05 11:55:48,042-DEBUG-root-46228::webapp_internal::wait_blocker|2469:: Blocker status: False
2025-12-05 11:55:50,339-INFO-root-46228::webapp_internal::SetLateralMenu|4203:: Menu item: "Gestao de Viagens"
2025-12-05 11:55:50,339-DEBUG-root-46228::webapp_internal::wait_blocker|2444:: Waiting blocker to continue...
2025-12-05 11:55:50,435-DEBUG-root-46228::webapp_internal::wait_blocker|2469:: Blocker status: False
2025-12-05 11:55:51,295-DEBUG-root-46228::webapp_internal::wait_element_timeout|7726:: Element found! Waiting for element to be displayed.
2025-12-05 11:55:52,007-DEBUG-root-46228::webapp_internal::wait_blocker|2444:: Waiting blocker to continue...
2025-12-05 11:55:52,103-DEBUG-root-46228::webapp_internal::wait_blocker|2469:: Blocker status: False
2025-12-05 11:55:54,374-INFO-root-46228::webapp_internal::SetLateralMenu|4203:: Menu item: "Solicitações"
2025-12-05 11:55:54,374-DEBUG-root-46228::webapp_internal::wait_blocker|2444:: Waiting blocker to continue...
2025-12-05 11:55:54,449-DEBUG-root-46228::webapp_internal::wait_blocker|2469:: Blocker status: False
2025-12-05 11:55:55,348-DEBUG-root-46228::webapp_internal::wait_element_timeout|7726:: Element found! Waiting for element to be displayed.
2025-12-05 11:55:56,170-DEBUG-root-46228::webapp_internal::wait_blocker|2444:: Waiting blocker to continue...
2025-12-05 11:55:56,247-DEBUG-root-46228::webapp_internal::wait_blocker|2469:: Blocker status: False
2025-12-05 11:55:59,818-DEBUG-root-46228::webapp_internal::wait_blocker|2444:: Waiting blocker to continue...
2025-12-05 11:55:59,897-DEBUG-root-46228::webapp_internal::wait_blocker|2469:: Blocker status: False
2025-12-05 11:55:59,970-INFO-root-46228::webapp_internal::WaitShow|4980:: Waiting show text 'Este ambiente utiliza base de Homologação.'...
2025-12-05 11:56:05,104-INFO-root-46228::webapp_internal::WaitShow|4980:: Waiting show text 'Moedas'...
2025-12-05 11:56:10,525-INFO-root-46228::webapp_internal::WaitShow|4980:: Waiting show text 'Solicitação de Viagens/Treinamento'...
2025-12-05 11:56:10,580-INFO-root-46228::webapp_internal::WaitShow|4996:: Text found! 
2025-12-05 11:56:10,581-INFO-root-46228::webapp_internal::SetButton|4444:: Clicking on Incluir
2025-12-05 11:56:10,581-DEBUG-root-46228::webapp_internal::wait_blocker|2444:: Waiting blocker to continue...
2025-12-05 11:56:10,675-DEBUG-root-46228::webapp_internal::wait_blocker|2469:: Blocker status: False
2025-12-05 11:56:11,050-DEBUG-root-46228::webapp_internal::wait_element_timeout|7726:: Element found! Waiting for element to be displayed.
2025-12-05 11:56:11,314-DEBUG-root-46228::webapp_internal::SetButton|4481:: ***System Info*** Before Clicking on button:Incluir
2025-12-05 11:56:11,314-DEBUG-root-46228::psutil_info::system_info|5:: CPU USAGE: 12.8%
2025-12-05 11:56:11,315-DEBUG-root-46228::psutil_info::system_info|6:: MEMORY USAGE: 90.2%
2025-12-05 11:56:11,315-DEBUG-root-46228::psutil_info::system_info|7:: MEMORY AVAILABLE: 9.82%
2025-12-05 11:56:11,677-DEBUG-root-46228::webapp_internal::wait_element_timeout|7726:: Element found! Waiting for element to be displayed.
2025-12-05 11:56:11,998-DEBUG-root-46228::webapp_internal::wait_blocker|2444:: Waiting blocker to continue...
2025-12-05 11:56:12,090-DEBUG-root-46228::webapp_internal::wait_blocker|2469:: Blocker status: False
2025-12-05 11:56:12,112-DEBUG-root-46228::webapp_internal::wait_blocker|2444:: Waiting blocker to continue...
2025-12-05 11:56:12,207-DEBUG-root-46228::webapp_internal::wait_blocker|2469:: Blocker status: False
2025-12-05 11:56:12,207-DEBUG-root-46228::webapp_internal::send_action|10480:: Trying to send action
2025-12-05 11:56:12,210-DEBUG-root-46228::base::click|192:: Click Type: ClickType.JS
2025-12-05 11:56:13,466-DEBUG-root-46228::webapp_internal::send_action|10522:: send_action method result = True
2025-12-05 11:56:13,467-DEBUG-root-46228::webapp_internal::send_action|10523:: send_action selenium status: True
2025-12-05 11:56:13,467-DEBUG-root-46228::webapp_internal::SetButton|4683:: ***System Info*** After Clicking on button:
2025-12-05 11:56:13,467-DEBUG-root-46228::psutil_info::system_info|5:: CPU USAGE: 8.7%
2025-12-05 11:56:13,468-DEBUG-root-46228::psutil_info::system_info|6:: MEMORY USAGE: 89.8%
2025-12-05 11:56:13,468-DEBUG-root-46228::psutil_info::system_info|7:: MEMORY AVAILABLE: 10.16%
2025-12-05 11:56:13,669-DEBUG-root-46228::webapp_internal::wait_blocker|2444:: Waiting blocker to continue...
2025-12-05 11:56:13,763-DEBUG-root-46228::webapp_internal::wait_blocker|2469:: Blocker status: False
2025-12-05 11:56:13,763-INFO-root-46228::webapp_internal::SearchBrowse|2003:: Searching: 02DF0001
2025-12-05 11:56:13,912-DEBUG-root-46228::webapp_internal::wait_element_timeout|7726:: Element found! Waiting for element to be displayed.
2025-12-05 11:56:13,998-DEBUG-root-46228::webapp_internal::wait_blocker|2444:: Waiting blocker to continue...
2025-12-05 11:56:14,093-DEBUG-root-46228::webapp_internal::wait_blocker|2469:: Blocker status: False
2025-12-05 11:56:14,100-DEBUG-root-46228::webapp_internal::wait_blocker|2444:: Waiting blocker to continue...
2025-12-05 11:56:14,195-DEBUG-root-46228::webapp_internal::wait_blocker|2469:: Blocker status: False
2025-12-05 11:56:14,197-INFO-root-46228::webapp_internal::fill_search_browse|2399:: Filling: 02DF0001
2025-12-05 11:56:14,210-DEBUG-root-46228::base::click|192:: Click Type: ClickType.JS
2025-12-05 11:56:15,276-DEBUG-root-46228::webapp_internal::wait_blocker|2444:: Waiting blocker to continue...
2025-12-05 11:56:15,377-DEBUG-root-46228::webapp_internal::wait_blocker|2469:: Blocker status: False
2025-12-05 11:56:15,377-INFO-root-46228::webapp_internal::fill_search_browse|2399:: Filling: 02DF0001
2025-12-05 11:56:15,390-DEBUG-root-46228::base::click|192:: Click Type: ClickType.JS
2025-12-05 11:56:16,456-DEBUG-root-46228::webapp_internal::wait_blocker|2444:: Waiting blocker to continue...
2025-12-05 11:56:16,560-DEBUG-root-46228::webapp_internal::wait_blocker|2469:: Blocker status: False
2025-12-05 11:56:16,560-INFO-root-46228::webapp_internal::fill_search_browse|2399:: Filling: 02DF0001
2025-12-05 11:56:16,571-DEBUG-root-46228::base::click|192:: Click Type: ClickType.JS
2025-12-05 11:56:17,641-DEBUG-root-46228::webapp_internal::wait_blocker|2444:: Waiting blocker to continue...
2025-12-05 11:56:17,732-DEBUG-root-46228::webapp_internal::wait_blocker|2469:: Blocker status: False
2025-12-05 11:56:17,732-INFO-root-46228::webapp_internal::fill_search_browse|2399:: Filling: 02DF0001
2025-12-05 11:56:17,744-DEBUG-root-46228::base::click|192:: Click Type: ClickType.JS
2025-12-05 11:56:18,811-DEBUG-root-46228::webapp_internal::wait_blocker|2444:: Waiting blocker to continue...
2025-12-05 11:56:18,925-DEBUG-root-46228::webapp_internal::wait_blocker|2469:: Blocker status: False
2025-12-05 11:56:18,926-INFO-root-46228::webapp_internal::fill_search_browse|2399:: Filling: 02DF0001
2025-12-05 11:56:18,936-DEBUG-root-46228::base::click|192:: Click Type: ClickType.JS
2025-12-05 11:56:20,007-DEBUG-root-46228::webapp_internal::wait_blocker|2444:: Waiting blocker to continue...
2025-12-05 11:56:20,105-DEBUG-root-46228::webapp_internal::wait_blocker|2469:: Blocker status: False
2025-12-05 11:56:20,106-INFO-root-46228::webapp_internal::fill_search_browse|2399:: Filling: 02DF0001
2025-12-05 11:56:20,115-DEBUG-root-46228::base::click|192:: Click Type: ClickType.JS
2025-12-05 11:56:21,200-DEBUG-root-46228::webapp_internal::wait_blocker|2444:: Waiting blocker to continue...
2025-12-05 11:56:21,300-DEBUG-root-46228::webapp_internal::wait_blocker|2469:: Blocker status: False
2025-12-05 11:56:21,301-INFO-root-46228::webapp_internal::fill_search_browse|2399:: Filling: 02DF0001
2025-12-05 11:56:21,325-DEBUG-root-46228::base::click|192:: Click Type: ClickType.JS
2025-12-05 11:56:22,427-DEBUG-root-46228::webapp_internal::wait_blocker|2444:: Waiting blocker to continue...
2025-12-05 11:56:22,539-DEBUG-root-46228::webapp_internal::wait_blocker|2469:: Blocker status: False
2025-12-05 11:56:22,541-DEBUG-root-46228::base::double_click|259:: Click Type: ClickType.SELENIUM
2025-12-05 11:56:22,547-WARNING-root-46228::base::double_click|280:: Warning double_click method Exception: Message: Element <button class="button-image" type="button"> is not clickable at point (1258,360) because another element <wa-button id="COMP6023" class="dict-tbutton focus"> obscures it
Stacktrace:
RemoteError@chrome://remote/content/shared/RemoteError.sys.mjs:8:8
WebDriverError@chrome://remote/content/shared/webdriver/Errors.sys.mjs:202:5
ElementClickInterceptedError@chrome://remote/content/shared/webdriver/Errors.sys.mjs:354:5
webdriverClickElement@chrome://remote/content/marionette/interaction.sys.mjs:175:11
interaction.clickElement@chrome://remote/content/marionette/interaction.sys.mjs:134:11
clickElement@chrome://remote/content/marionette/actors/MarionetteCommandsChild.sys.mjs:327:29
receiveMessage@chrome://remote/content/marionette/actors/MarionetteCommandsChild.sys.mjs:210:31

2025-12-05 11:56:22,847-INFO-root-46228::webapp_internal::SetButton|4444:: Clicking on OK
2025-12-05 11:56:22,848-DEBUG-root-46228::webapp_internal::wait_blocker|2444:: Waiting blocker to continue...
2025-12-05 11:56:22,963-DEBUG-root-46228::webapp_internal::wait_blocker|2469:: Blocker status: False
2025-12-05 11:56:23,274-DEBUG-root-46228::webapp_internal::wait_element_timeout|7726:: Element found! Waiting for element to be displayed.
2025-12-05 11:56:23,530-DEBUG-root-46228::webapp_internal::SetButton|4481:: ***System Info*** Before Clicking on button:OK
2025-12-05 11:56:23,531-DEBUG-root-46228::psutil_info::system_info|5:: CPU USAGE: 7.2%
2025-12-05 11:56:23,531-DEBUG-root-46228::psutil_info::system_info|6:: MEMORY USAGE: 89.8%
2025-12-05 11:56:23,532-DEBUG-root-46228::psutil_info::system_info|7:: MEMORY AVAILABLE: 10.2%
2025-12-05 11:56:23,910-DEBUG-root-46228::webapp_internal::wait_element_timeout|7726:: Element found! Waiting for element to be displayed.
2025-12-05 11:56:24,191-DEBUG-root-46228::webapp_internal::wait_blocker|2444:: Waiting blocker to continue...
2025-12-05 11:56:24,298-DEBUG-root-46228::webapp_internal::wait_blocker|2469:: Blocker status: False
2025-12-05 11:56:24,355-DEBUG-root-46228::webapp_internal::wait_blocker|2444:: Waiting blocker to continue...
2025-12-05 11:56:24,457-DEBUG-root-46228::webapp_internal::wait_blocker|2469:: Blocker status: False
2025-12-05 11:56:24,457-DEBUG-root-46228::webapp_internal::send_action|10480:: Trying to send action
2025-12-05 11:56:24,459-DEBUG-root-46228::base::click|192:: Click Type: ClickType.JS
2025-12-05 11:56:26,972-DEBUG-root-46228::webapp_internal::send_action|10522:: send_action method result = True
2025-12-05 11:56:26,973-DEBUG-root-46228::webapp_internal::send_action|10523:: send_action selenium status: True
2025-12-05 11:56:26,973-DEBUG-root-46228::webapp_internal::SetButton|4683:: ***System Info*** After Clicking on button:
2025-12-05 11:56:26,973-DEBUG-root-46228::psutil_info::system_info|5:: CPU USAGE: 15.4%
2025-12-05 11:56:26,974-DEBUG-root-46228::psutil_info::system_info|6:: MEMORY USAGE: 91.2%
2025-12-05 11:56:26,974-DEBUG-root-46228::psutil_info::system_info|7:: MEMORY AVAILABLE: 8.75%
2025-12-05 11:56:27,175-INFO-root-46228::webapp_internal::WaitShow|4980:: Waiting show text 'Solicitacoes de Viagens - INCLUIR'...
2025-12-05 11:56:27,401-INFO-root-46228::webapp_internal::WaitShow|4996:: Text found! 
2025-12-05 11:56:27,402-DEBUG-root-46228::webapp_internal::wait_blocker|2444:: Waiting blocker to continue...
2025-12-05 11:56:27,546-DEBUG-root-46228::webapp_internal::wait_blocker|2469:: Blocker status: False
2025-12-05 11:56:27,546-DEBUG-root-46228::webapp_internal::wait_element|7623:: Waiting for element
2025-12-05 11:56:27,628-DEBUG-root-46228::webapp_internal::wait_element|7653:: Element found! Waiting for element to be displayed.
2025-12-05 11:56:27,697-INFO-root-46228::webapp_internal::input_value|2941:: Looking for element: ZV3_DESCRI
2025-12-05 11:56:27,861-INFO-root-46228::webapp_internal::input_value|2951:: Element: ZV3_DESCRI Found!
2025-12-05 11:56:27,861-INFO-root-46228::webapp_internal::input_value|2953:: Filling element: ZV3_DESCRI
2025-12-05 11:56:27,884-DEBUG-root-46228::webapp_internal::get_web_value|3232:: Current value:                                                   
2025-12-05 11:56:27,924-DEBUG-root-46228::base::double_click|259:: Click Type: ClickType.SELENIUM
2025-12-05 11:56:28,194-DEBUG-root-46228::webapp_internal::wait_blocker|2444:: Waiting blocker to continue...
2025-12-05 11:56:28,344-DEBUG-root-46228::webapp_internal::wait_blocker|2469:: Blocker status: False
2025-12-05 11:56:28,710-DEBUG-root-46228::webapp_internal::get_web_value|3232:: Current value: USO PARA TESTE AUTOMATIZADO                       
2025-12-05 11:56:28,710-INFO-root-46228::webapp_internal::input_value|3059:: Current field value: USO PARA TESTE AUTOMATIZADO
2025-12-05 11:56:28,740-DEBUG-root-46228::webapp_internal::wait_blocker|2444:: Waiting blocker to continue...
2025-12-05 11:56:28,885-DEBUG-root-46228::webapp_internal::wait_blocker|2469:: Blocker status: False
2025-12-05 11:56:28,885-DEBUG-root-46228::webapp_internal::wait_element|7623:: Waiting for element
2025-12-05 11:56:28,990-DEBUG-root-46228::webapp_internal::wait_element|7653:: Element found! Waiting for element to be displayed.
2025-12-05 11:56:29,097-INFO-root-46228::webapp_internal::input_value|2941:: Looking for element: ZV3_DTINI
2025-12-05 11:56:29,295-INFO-root-46228::webapp_internal::input_value|2951:: Element: ZV3_DTINI Found!
2025-12-05 11:56:29,295-INFO-root-46228::webapp_internal::input_value|2953:: Filling element: ZV3_DTINI
2025-12-05 11:56:29,331-DEBUG-root-46228::webapp_internal::get_web_value|3232:: Current value:   /  /    
2025-12-05 11:56:29,368-DEBUG-root-46228::base::double_click|259:: Click Type: ClickType.SELENIUM
2025-12-05 11:56:29,625-DEBUG-root-46228::webapp_internal::wait_blocker|2444:: Waiting blocker to continue...
2025-12-05 11:56:29,762-DEBUG-root-46228::webapp_internal::wait_blocker|2469:: Blocker status: False
2025-12-05 11:56:30,093-DEBUG-root-46228::webapp_internal::get_web_value|3232:: Current value: 20/12/2025
2025-12-05 11:56:30,093-INFO-root-46228::webapp_internal::input_value|3059:: Current field value: 20122025
2025-12-05 11:56:30,100-DEBUG-root-46228::webapp_internal::wait_blocker|2444:: Waiting blocker to continue...
2025-12-05 11:56:30,281-DEBUG-root-46228::webapp_internal::wait_blocker|2469:: Blocker status: False
2025-12-05 11:56:30,282-DEBUG-root-46228::webapp_internal::wait_element|7623:: Waiting for element
2025-12-05 11:56:30,363-DEBUG-root-46228::webapp_internal::wait_element|7653:: Element found! Waiting for element to be displayed.
2025-12-05 11:56:30,434-INFO-root-46228::webapp_internal::input_value|2941:: Looking for element: ZV3_DTFIM
2025-12-05 11:56:30,619-INFO-root-46228::webapp_internal::input_value|2951:: Element: ZV3_DTFIM Found!
2025-12-05 11:56:30,619-INFO-root-46228::webapp_internal::input_value|2953:: Filling element: ZV3_DTFIM
2025-12-05 11:56:30,679-DEBUG-root-46228::webapp_internal::get_web_value|3232:: Current value:   /  /    
2025-12-05 11:56:30,714-DEBUG-root-46228::base::double_click|259:: Click Type: ClickType.SELENIUM
2025-12-05 11:56:30,975-DEBUG-root-46228::webapp_internal::wait_blocker|2444:: Waiting blocker to continue...
2025-12-05 11:56:31,115-DEBUG-root-46228::webapp_internal::wait_blocker|2469:: Blocker status: False
2025-12-05 11:56:31,457-DEBUG-root-46228::webapp_internal::get_web_value|3232:: Current value: 27/12/2025
2025-12-05 11:56:31,458-INFO-root-46228::webapp_internal::input_value|3059:: Current field value: 27122025
2025-12-05 11:56:32,467-DEBUG-root-46228::webapp_internal::wait_blocker|2444:: Waiting blocker to continue...
2025-12-05 11:56:32,607-DEBUG-root-46228::webapp_internal::wait_blocker|2469:: Blocker status: False
2025-12-05 11:56:32,608-DEBUG-root-46228::webapp_internal::wait_element|7623:: Waiting for element
2025-12-05 11:56:32,692-DEBUG-root-46228::webapp_internal::wait_element|7653:: Element found! Waiting for element to be displayed.
2025-12-05 11:56:32,762-INFO-root-46228::webapp_internal::input_value|2941:: Looking for element: ZV3_CC
2025-12-05 11:56:32,942-INFO-root-46228::webapp_internal::input_value|2951:: Element: ZV3_CC Found!
2025-12-05 11:56:32,942-INFO-root-46228::webapp_internal::input_value|2953:: Filling element: ZV3_CC
2025-12-05 11:56:32,966-DEBUG-root-46228::webapp_internal::get_web_value|3232:: Current value:          
2025-12-05 11:56:33,001-DEBUG-root-46228::base::double_click|259:: Click Type: ClickType.SELENIUM
2025-12-05 11:56:33,276-DEBUG-root-46228::webapp_internal::wait_blocker|2444:: Waiting blocker to continue...
2025-12-05 11:56:33,441-DEBUG-root-46228::webapp_internal::wait_blocker|2469:: Blocker status: False
2025-12-05 11:56:33,818-DEBUG-root-46228::webapp_internal::get_web_value|3232:: Current value: 000000677
2025-12-05 11:56:33,818-INFO-root-46228::webapp_internal::input_value|3059:: Current field value: 000000677
2025-12-05 11:56:33,835-DEBUG-root-46228::webapp_internal::wait_blocker|2444:: Waiting blocker to continue...
2025-12-05 11:56:34,034-DEBUG-root-46228::webapp_internal::wait_blocker|2469:: Blocker status: False
2025-12-05 11:56:34,034-DEBUG-root-46228::webapp_internal::wait_element|7623:: Waiting for element
2025-12-05 11:56:34,127-DEBUG-root-46228::webapp_internal::wait_element|7653:: Element found! Waiting for element to be displayed.
2025-12-05 11:56:34,203-INFO-root-46228::webapp_internal::input_value|2941:: Looking for element: ZV3_TIPO
2025-12-05 11:56:34,398-INFO-root-46228::webapp_internal::input_value|2951:: Element: ZV3_TIPO Found!
2025-12-05 11:56:34,398-INFO-root-46228::webapp_internal::input_value|2953:: Filling element: ZV3_TIPO
2025-12-05 11:56:35,589-INFO-root-46228::base::select_combo|871:: Selected value for combo is: 1 - Servico
2025-12-05 11:56:35,629-DEBUG-root-46228::webapp_internal::wait_blocker|2444:: Waiting blocker to continue...
2025-12-05 11:56:35,789-DEBUG-root-46228::webapp_internal::wait_blocker|2469:: Blocker status: False
2025-12-05 11:56:35,789-DEBUG-root-46228::webapp_internal::wait_element|7623:: Waiting for element
2025-12-05 11:56:35,914-DEBUG-root-46228::webapp_internal::wait_element|7653:: Element found! Waiting for element to be displayed.
2025-12-05 11:56:35,985-INFO-root-46228::webapp_internal::input_value|2941:: Looking for element: ZV3_OBS
2025-12-05 11:56:36,158-INFO-root-46228::webapp_internal::input_value|2951:: Element: ZV3_OBS Found!
2025-12-05 11:56:36,159-INFO-root-46228::webapp_internal::input_value|2953:: Filling element: ZV3_OBS
2025-12-05 11:56:36,189-DEBUG-root-46228::webapp_internal::get_web_value|3232:: Current value: 
2025-12-05 11:56:36,211-DEBUG-root-46228::base::double_click|259:: Click Type: ClickType.SELENIUM
2025-12-05 11:56:36,465-DEBUG-root-46228::webapp_internal::wait_blocker|2444:: Waiting blocker to continue...
2025-12-05 11:56:36,605-DEBUG-root-46228::webapp_internal::wait_blocker|2469:: Blocker status: False
2025-12-05 11:56:36,955-DEBUG-root-46228::webapp_internal::get_web_value|3232:: Current value: TESTE DE SOLICITAÇÃO DE VIAGEM
2025-12-05 11:56:36,956-INFO-root-46228::webapp_internal::input_value|3059:: Current field value: TESTE DE SOLICITAÇÃO DE VIAGEM
2025-12-05 11:56:36,967-DEBUG-root-46228::webapp_internal::wait_blocker|2444:: Waiting blocker to continue...
2025-12-05 11:56:37,109-DEBUG-root-46228::webapp_internal::wait_blocker|2469:: Blocker status: False
2025-12-05 11:56:37,109-INFO-root-46228::webapp_internal::SetKey|5822:: Key pressed: TAB
2025-12-05 11:56:37,109-DEBUG-root-46228::webapp_internal::SetKey|5857:: Trying press key
2025-12-05 11:56:37,250-DEBUG-root-46228::webapp_internal::wait_blocker|2444:: Waiting blocker to continue...
2025-12-05 11:56:37,390-DEBUG-root-46228::webapp_internal::wait_blocker|2469:: Blocker status: False
2025-12-05 11:56:37,417-DEBUG-root-46228::webapp_internal::wait_blocker|2444:: Waiting blocker to continue...
2025-12-05 11:56:37,565-DEBUG-root-46228::webapp_internal::wait_blocker|2469:: Blocker status: False
2025-12-05 11:56:37,565-DEBUG-root-46228::webapp_internal::send_action|10480:: Trying to send action
2025-12-05 11:56:38,608-DEBUG-root-46228::webapp_internal::send_action|10522:: send_action method result = True
2025-12-05 11:56:38,609-DEBUG-root-46228::webapp_internal::send_action|10523:: send_action selenium status: False
2025-12-05 11:56:38,609-DEBUG-root-46228::webapp_internal::SetFocus|6011:: Setting focus on element Favorecidos.
