2025-12-17 07:23:45,711-DEBUG-root-22252::logging_config::logger|189:: Log file created: 'Log\GESIT03\TIR__20251217072345703.log'
2025-12-17 07:23:45,712-INFO-root-22252::base::Start|1183:: TIR Version: 2.4.3
2025-12-17 07:23:45,712-INFO-root-22252::base::Start|1184:: Python Version: 3.12.10
2025-12-17 07:23:45,712-INFO-root-22252::base::Start|1185:: Starting the browser
2025-12-17 07:23:58,450-INFO-root-22252::base::get_url|1294:: Page is ready!
2025-12-17 07:23:58,452-INFO-root-22252::base::Start|1256:: Browser maximized to 1936x1048
2025-12-17 07:23:58,452-INFO-root-22252::base::Start|1258:: Screen size is different from default used in headless mode
2025-12-17 07:23:58,477-INFO-root-22252::webapp_internal::Setup|247:: ***System Info*** in Setup():
2025-12-17 07:23:58,478-DEBUG-root-22252::psutil_info::system_info|5:: CPU USAGE: 12.2%
2025-12-17 07:23:58,479-DEBUG-root-22252::psutil_info::system_info|6:: MEMORY USAGE: 85.3%
2025-12-17 07:23:58,479-DEBUG-root-22252::psutil_info::system_info|7:: MEMORY AVAILABLE: 14.73%
2025-12-17 07:23:58,486-INFO-root-22252::base::webapp_shadowroot|1394:: Webapp: 10.1.6-RC4
2025-12-17 07:23:58,514-INFO-root-22252::webapp_internal::filling_initial_program|449:: Filling Initial Program: "SIGAMDI"
2025-12-17 07:23:58,514-DEBUG-root-22252::webapp_internal::wait_element|7623:: Waiting for element
2025-12-17 07:23:58,545-DEBUG-root-22252::webapp_internal::wait_element|7653:: Element found! Waiting for element to be displayed.
2025-12-17 07:23:58,737-DEBUG-root-22252::base::click|192:: Click Type: ClickType.JS
2025-12-17 07:23:58,742-DEBUG-root-22252::webapp_internal::try_send_keys|7976:: Trying to send keys to element using technique 0
2025-12-17 07:23:59,086-DEBUG-root-22252::webapp_internal::get_web_value|3232:: Current value: SIGAMDI
2025-12-17 07:23:59,086-INFO-root-22252::webapp_internal::filling_server_environment|463:: Filling Server Environment: "POUPEX_TST"
2025-12-17 07:23:59,087-DEBUG-root-22252::webapp_internal::wait_element|7623:: Waiting for element
2025-12-17 07:23:59,111-DEBUG-root-22252::webapp_internal::wait_element|7653:: Element found! Waiting for element to be displayed.
2025-12-17 07:23:59,273-DEBUG-root-22252::base::click|192:: Click Type: ClickType.JS
2025-12-17 07:23:59,278-DEBUG-root-22252::webapp_internal::try_send_keys|7976:: Trying to send keys to element using technique 0
2025-12-17 07:23:59,604-DEBUG-root-22252::webapp_internal::get_web_value|3232:: Current value: POUPEX_TST
2025-12-17 07:23:59,624-DEBUG-root-22252::base::click|192:: Click Type: ClickType.JS
2025-12-17 07:23:59,650-DEBUG-root-22252::webapp_internal::user_screen|519:: Filling user screen
