2025-12-15 09:26:17,525-DEBUG-root-4756::logging_config::logger|189:: Log file created: 'Log\GESIT03\TIR__20251215092617517.log'
2025-12-15 09:26:17,525-INFO-root-4756::base::Start|1183:: TIR Version: 2.4.3
2025-12-15 09:26:17,525-INFO-root-4756::base::Start|1184:: Python Version: 3.12.10
2025-12-15 09:26:17,525-INFO-root-4756::base::Start|1185:: Starting the browser
2025-12-15 09:26:25,056-INFO-root-4756::base::get_url|1294:: Page is ready!
2025-12-15 09:26:25,060-INFO-root-4756::base::Start|1256:: Browser maximized to 1936x1048
2025-12-15 09:26:25,060-INFO-root-4756::base::Start|1258:: Screen size is different from default used in headless mode
2025-12-15 09:26:25,193-INFO-root-4756::webapp_internal::Setup|247:: ***System Info*** in Setup():
2025-12-15 09:26:25,194-DEBUG-root-4756::psutil_info::system_info|5:: CPU USAGE: 20.9%
2025-12-15 09:26:25,194-DEBUG-root-4756::psutil_info::system_info|6:: MEMORY USAGE: 91.3%
2025-12-15 09:26:25,194-DEBUG-root-4756::psutil_info::system_info|7:: MEMORY AVAILABLE: 8.73%
2025-12-15 09:26:25,206-INFO-root-4756::base::webapp_shadowroot|1394:: Webapp: 10.1.6-RC4
2025-12-15 09:26:25,232-INFO-root-4756::webapp_internal::filling_initial_program|449:: Filling Initial Program: "SIGAMDI"
2025-12-15 09:26:25,233-DEBUG-root-4756::webapp_internal::wait_element|7623:: Waiting for element
2025-12-15 09:26:25,291-DEBUG-root-4756::webapp_internal::wait_element|7653:: Element found! Waiting for element to be displayed.
2025-12-15 09:26:25,455-DEBUG-root-4756::base::click|192:: Click Type: ClickType.JS
2025-12-15 09:26:25,460-DEBUG-root-4756::webapp_internal::try_send_keys|7976:: Trying to send keys to element using technique 0
2025-12-15 09:26:26,026-DEBUG-root-4756::webapp_internal::get_web_value|3232:: Current value: SIGAMDI
2025-12-15 09:26:26,026-INFO-root-4756::webapp_internal::filling_server_environment|463:: Filling Server Environment: "POUPEX_TST"
2025-12-15 09:26:26,026-DEBUG-root-4756::webapp_internal::wait_element|7623:: Waiting for element
2025-12-15 09:26:26,050-DEBUG-root-4756::webapp_internal::wait_element|7653:: Element found! Waiting for element to be displayed.
2025-12-15 09:26:26,218-DEBUG-root-4756::base::click|192:: Click Type: ClickType.JS
2025-12-15 09:26:26,224-DEBUG-root-4756::webapp_internal::try_send_keys|7976:: Trying to send keys to element using technique 0
2025-12-15 09:26:26,553-DEBUG-root-4756::webapp_internal::get_web_value|3232:: Current value: POUPEX_TST
2025-12-15 09:26:26,577-DEBUG-root-4756::base::click|192:: Click Type: ClickType.JS
2025-12-15 09:26:26,593-DEBUG-root-4756::webapp_internal::user_screen|519:: Filling user screen
2025-12-15 09:26:33,090-DEBUG-root-4756::webapp_internal::wait_element_timeout|7726:: Element found! Waiting for element to be displayed.
2025-12-15 09:26:33,153-DEBUG-root-4756::base::scroll_to_element|759:: ********Warining scroll_to_element exception: Message: TypeError: can't access property "scrollIntoView", arguments[0] is null
Stacktrace:
@https://qasrverp:10020/webapp/:2:7
@https://qasrverp:10020/webapp/:3:8
*********
2025-12-15 09:26:33,302-INFO-root-4756::webapp_internal::user_screen|561:: Filling User
2025-12-15 09:26:33,330-DEBUG-root-4756::base::double_click|259:: Click Type: ClickType.SELENIUM
2025-12-15 09:26:33,529-DEBUG-root-4756::webapp_internal::get_web_value|3232:: Current value: 97137227104
2025-12-15 09:26:33,556-INFO-root-4756::webapp_internal::user_screen|621:: Filling Password
2025-12-15 09:26:33,580-DEBUG-root-4756::base::click|192:: Click Type: ClickType.JS
2025-12-15 09:26:33,660-DEBUG-root-4756::webapp_internal::get_web_value|3232:: Current value: Deire20191817+
2025-12-15 09:26:33,660-DEBUG-root-4756::webapp_internal::wait_blocker|2444:: Waiting blocker to continue...
2025-12-15 09:26:33,688-DEBUG-root-4756::webapp_internal::wait_blocker|2469:: Blocker status: None
2025-12-15 09:26:33,714-DEBUG-root-4756::webapp_internal::wait_blocker|2444:: Waiting blocker to continue...
2025-12-15 09:26:33,743-DEBUG-root-4756::webapp_internal::wait_blocker|2469:: Blocker status: None
2025-12-15 09:26:33,778-DEBUG-root-4756::webapp_internal::wait_blocker|2444:: Waiting blocker to continue...
2025-12-15 09:26:33,812-DEBUG-root-4756::webapp_internal::wait_blocker|2469:: Blocker status: None
2025-12-15 09:26:33,812-DEBUG-root-4756::webapp_internal::send_action|10480:: Trying to send action
2025-12-15 09:26:33,820-DEBUG-root-4756::base::click|192:: Click Type: ClickType.JS
2025-12-15 09:26:34,862-DEBUG-root-4756::webapp_internal::send_action|10522:: send_action method result = True
2025-12-15 09:26:34,862-DEBUG-root-4756::webapp_internal::send_action|10523:: send_action selenium status: False
2025-12-15 09:26:37,373-DEBUG-root-4756::base::scroll_to_element|759:: ********Warining scroll_to_element exception: Message: TypeError: can't access property "scrollIntoView", arguments[0] is null
Stacktrace:
@https://qasrverp:10020/webapp/:2:7
@https://qasrverp:10020/webapp/:3:8
*********
2025-12-15 09:26:37,425-INFO-root-4756::webapp_internal::filling_date|885:: Filling Date: "15/12/2025"
2025-12-15 09:26:37,425-DEBUG-root-4756::webapp_internal::wait_blocker|2444:: Waiting blocker to continue...
2025-12-15 09:26:37,465-DEBUG-root-4756::webapp_internal::wait_blocker|2469:: Blocker status: None
2025-12-15 09:26:37,470-DEBUG-root-4756::base::click|192:: Click Type: ClickType.JS
2025-12-15 09:26:37,493-DEBUG-root-4756::webapp_internal::try_send_keys|7976:: Trying to send keys to element using technique 1
2025-12-15 09:26:37,585-DEBUG-root-4756::webapp_internal::get_web_value|3232:: Current value: 15/12/2025
2025-12-15 09:26:38,671-INFO-root-4756::webapp_internal::filling_group|955:: Filling Group: "02"
2025-12-15 09:26:38,671-DEBUG-root-4756::webapp_internal::wait_blocker|2444:: Waiting blocker to continue...
2025-12-15 09:26:38,705-DEBUG-root-4756::webapp_internal::wait_blocker|2469:: Blocker status: None
2025-12-15 09:26:38,708-DEBUG-root-4756::base::click|192:: Click Type: ClickType.JS
2025-12-15 09:26:38,767-DEBUG-root-4756::webapp_internal::get_web_value|3232:: Current value: 02
2025-12-15 09:26:39,835-INFO-root-4756::webapp_internal::filling_branch|1047:: Filling Branch: "02DF0001"
2025-12-15 09:26:39,836-DEBUG-root-4756::webapp_internal::wait_blocker|2444:: Waiting blocker to continue...
2025-12-15 09:26:39,872-DEBUG-root-4756::webapp_internal::wait_blocker|2469:: Blocker status: None
2025-12-15 09:26:39,875-DEBUG-root-4756::base::click|192:: Click Type: ClickType.JS
2025-12-15 09:26:39,931-DEBUG-root-4756::webapp_internal::get_web_value|3232:: Current value: 02DF0001
2025-12-15 09:26:41,020-INFO-root-4756::webapp_internal::filling_environment|1113:: Filling Environment: "07"
2025-12-15 09:26:41,020-DEBUG-root-4756::webapp_internal::wait_blocker|2444:: Waiting blocker to continue...
2025-12-15 09:26:41,059-DEBUG-root-4756::webapp_internal::wait_blocker|2469:: Blocker status: None
2025-12-15 09:26:41,061-DEBUG-root-4756::base::click|192:: Click Type: ClickType.JS
2025-12-15 09:26:41,121-DEBUG-root-4756::webapp_internal::get_web_value|3232:: Current value: 07
2025-12-15 09:26:42,129-DEBUG-root-4756::webapp_internal::close_warning_screen|1489:: Closing warning screen!
2025-12-15 09:26:43,167-DEBUG-root-4756::webapp_internal::check_screen_element|1291:: Checking screen element: "Atenção": False
2025-12-15 09:26:44,275-INFO-root-4756::webapp_internal::environment_screen|796:: Clicking on Button
2025-12-15 09:26:44,275-DEBUG-root-4756::webapp_internal::wait_blocker|2444:: Waiting blocker to continue...
2025-12-15 09:26:44,308-DEBUG-root-4756::webapp_internal::wait_blocker|2469:: Blocker status: None
2025-12-15 09:26:44,311-DEBUG-root-4756::base::click|192:: Click Type: ClickType.JS
2025-12-15 09:26:45,323-DEBUG-root-4756::base::click|192:: Click Type: ClickType.JS
2025-12-15 09:26:46,331-DEBUG-root-4756::base::click|192:: Click Type: ClickType.JS
2025-12-15 09:26:47,342-DEBUG-root-4756::base::click|192:: Click Type: ClickType.JS
2025-12-15 09:26:48,354-DEBUG-root-4756::base::click|192:: Click Type: ClickType.JS
2025-12-15 09:26:49,370-DEBUG-root-4756::base::click|192:: Click Type: ClickType.JS
2025-12-15 09:26:50,382-DEBUG-root-4756::webapp_internal::close_screen_before_menu|368:: Closing screen before the menu
2025-12-15 09:26:50,460-DEBUG-root-4756::webapp_internal::close_warning_screen|1489:: Closing warning screen!
2025-12-15 09:26:51,543-DEBUG-root-4756::webapp_internal::check_screen_element|1291:: Checking screen element: "Atenção": False
2025-12-15 09:26:51,543-DEBUG-root-4756::webapp_internal::close_coin_screen|1424:: Closing coin screen!
2025-12-15 09:26:52,132-DEBUG-root-4756::base::click|192:: Click Type: ClickType.JS
2025-12-15 09:26:52,238-DEBUG-root-4756::webapp_internal::close_warning_screen|1489:: Closing warning screen!
2025-12-15 09:26:53,326-DEBUG-root-4756::webapp_internal::check_screen_element|1291:: Checking screen element: "Atenção": False
2025-12-15 09:26:53,326-DEBUG-root-4756::webapp_internal::close_coin_screen|1424:: Closing coin screen!
2025-12-15 09:26:53,507-INFO-root-4756::webapp_internal::set_log_info|1623:: Getting log info
2025-12-15 09:26:53,507-INFO-root-4756::webapp_internal::SetLateralMenu|4184:: Navigating lateral menu: Ajuda > Sobre
2025-12-15 09:26:53,538-DEBUG-root-4756::webapp_internal::wait_element|7623:: Waiting for element
2025-12-15 09:26:53,630-DEBUG-root-4756::webapp_internal::wait_element|7653:: Element found! Waiting for element to be displayed.
2025-12-15 09:26:53,870-INFO-root-4756::webapp_internal::SetLateralMenu|4203:: Menu item: "Ajuda"
2025-12-15 09:26:53,873-DEBUG-root-4756::webapp_internal::wait_blocker|2444:: Waiting blocker to continue...
2025-12-15 09:26:53,990-DEBUG-root-4756::webapp_internal::wait_blocker|2469:: Blocker status: False
2025-12-15 09:26:54,461-DEBUG-root-4756::webapp_internal::wait_element_timeout|7726:: Element found! Waiting for element to be displayed.
2025-12-15 09:26:54,944-DEBUG-root-4756::webapp_internal::wait_blocker|2444:: Waiting blocker to continue...
2025-12-15 09:26:55,044-DEBUG-root-4756::webapp_internal::wait_blocker|2469:: Blocker status: False
2025-12-15 09:26:57,338-INFO-root-4756::webapp_internal::SetLateralMenu|4203:: Menu item: "Sobre"
2025-12-15 09:26:57,339-DEBUG-root-4756::webapp_internal::wait_blocker|2444:: Waiting blocker to continue...
2025-12-15 09:26:57,435-DEBUG-root-4756::webapp_internal::wait_blocker|2469:: Blocker status: False
2025-12-15 09:26:57,923-DEBUG-root-4756::webapp_internal::wait_element_timeout|7726:: Element found! Waiting for element to be displayed.
2025-12-15 09:26:58,443-DEBUG-root-4756::webapp_internal::wait_blocker|2444:: Waiting blocker to continue...
2025-12-15 09:26:58,547-DEBUG-root-4756::webapp_internal::wait_blocker|2469:: Blocker status: False
2025-12-15 09:27:01,360-DEBUG-root-4756::webapp_internal::wait_blocker|2444:: Waiting blocker to continue...
2025-12-15 09:27:01,465-DEBUG-root-4756::webapp_internal::wait_blocker|2469:: Blocker status: False
2025-12-15 09:27:01,590-DEBUG-root-4756::webapp_internal::wait_element|7623:: Waiting for element
2025-12-15 09:27:01,664-DEBUG-root-4756::webapp_internal::wait_element|7653:: Element found! Waiting for element to be displayed.
2025-12-15 09:27:01,869-INFO-root-4756::webapp_internal::SetButton|4444:: Clicking on Fechar
2025-12-15 09:27:01,870-DEBUG-root-4756::webapp_internal::wait_blocker|2444:: Waiting blocker to continue...
2025-12-15 09:27:01,986-DEBUG-root-4756::webapp_internal::wait_blocker|2469:: Blocker status: False
2025-12-15 09:27:02,230-DEBUG-root-4756::webapp_internal::wait_element_timeout|7726:: Element found! Waiting for element to be displayed.
2025-12-15 09:27:02,373-DEBUG-root-4756::webapp_internal::SetButton|4481:: ***System Info*** Before Clicking on button:Fechar
2025-12-15 09:27:02,373-DEBUG-root-4756::psutil_info::system_info|5:: CPU USAGE: 12.6%
2025-12-15 09:27:02,374-DEBUG-root-4756::psutil_info::system_info|6:: MEMORY USAGE: 93.6%
2025-12-15 09:27:02,374-DEBUG-root-4756::psutil_info::system_info|7:: MEMORY AVAILABLE: 6.44%
2025-12-15 09:27:02,592-DEBUG-root-4756::webapp_internal::wait_element_timeout|7726:: Element found! Waiting for element to be displayed.
2025-12-15 09:27:02,827-DEBUG-root-4756::webapp_internal::wait_blocker|2444:: Waiting blocker to continue...
2025-12-15 09:27:02,949-DEBUG-root-4756::webapp_internal::wait_blocker|2469:: Blocker status: False
2025-12-15 09:27:02,982-DEBUG-root-4756::webapp_internal::wait_blocker|2444:: Waiting blocker to continue...
2025-12-15 09:27:03,109-DEBUG-root-4756::webapp_internal::wait_blocker|2469:: Blocker status: False
2025-12-15 09:27:03,110-DEBUG-root-4756::webapp_internal::send_action|10480:: Trying to send action
2025-12-15 09:27:03,114-DEBUG-root-4756::base::click|192:: Click Type: ClickType.JS
2025-12-15 09:27:04,164-DEBUG-root-4756::webapp_internal::send_action|10522:: send_action method result = True
2025-12-15 09:27:04,164-DEBUG-root-4756::webapp_internal::send_action|10523:: send_action selenium status: False
2025-12-15 09:27:04,165-DEBUG-root-4756::webapp_internal::SetButton|4683:: ***System Info*** After Clicking on button:
2025-12-15 09:27:04,166-DEBUG-root-4756::psutil_info::system_info|5:: CPU USAGE: 19.1%
2025-12-15 09:27:04,167-DEBUG-root-4756::psutil_info::system_info|6:: MEMORY USAGE: 93.5%
2025-12-15 09:27:04,168-DEBUG-root-4756::psutil_info::system_info|7:: MEMORY AVAILABLE: 6.54%
2025-12-15 09:27:04,168-DEBUG-root-4756::webapp_internal::wait_element|7623:: Waiting for element
2025-12-15 09:27:04,326-INFO-root-4756::webapp_internal::SetLateralMenu|4184:: Navigating lateral menu: Atualizações > Gestao de Viagens > Solicitações
2025-12-15 09:27:04,342-DEBUG-root-4756::webapp_internal::wait_element|7623:: Waiting for element
2025-12-15 09:27:04,406-DEBUG-root-4756::webapp_internal::wait_element|7653:: Element found! Waiting for element to be displayed.
2025-12-15 09:27:04,613-INFO-root-4756::webapp_internal::SetLateralMenu|4203:: Menu item: "Atualizações"
2025-12-15 09:27:04,613-DEBUG-root-4756::webapp_internal::wait_blocker|2444:: Waiting blocker to continue...
2025-12-15 09:27:04,739-DEBUG-root-4756::webapp_internal::wait_blocker|2469:: Blocker status: False
2025-12-15 09:27:05,269-DEBUG-root-4756::webapp_internal::wait_element_timeout|7726:: Element found! Waiting for element to be displayed.
2025-12-15 09:27:05,799-DEBUG-root-4756::webapp_internal::wait_blocker|2444:: Waiting blocker to continue...
2025-12-15 09:27:05,897-DEBUG-root-4756::webapp_internal::wait_blocker|2469:: Blocker status: False
2025-12-15 09:27:08,200-INFO-root-4756::webapp_internal::SetLateralMenu|4203:: Menu item: "Gestao de Viagens"
2025-12-15 09:27:08,202-DEBUG-root-4756::webapp_internal::wait_blocker|2444:: Waiting blocker to continue...
2025-12-15 09:27:08,378-DEBUG-root-4756::webapp_internal::wait_blocker|2469:: Blocker status: False
2025-12-15 09:27:09,397-DEBUG-root-4756::webapp_internal::wait_element_timeout|7726:: Element found! Waiting for element to be displayed.
2025-12-15 09:27:10,441-DEBUG-root-4756::webapp_internal::wait_blocker|2444:: Waiting blocker to continue...
2025-12-15 09:27:10,599-DEBUG-root-4756::webapp_internal::wait_blocker|2469:: Blocker status: False
2025-12-15 09:27:12,902-INFO-root-4756::webapp_internal::SetLateralMenu|4203:: Menu item: "Solicitações"
2025-12-15 09:27:12,903-DEBUG-root-4756::webapp_internal::wait_blocker|2444:: Waiting blocker to continue...
2025-12-15 09:27:13,026-DEBUG-root-4756::webapp_internal::wait_blocker|2469:: Blocker status: False
2025-12-15 09:27:14,203-DEBUG-root-4756::webapp_internal::wait_element_timeout|7726:: Element found! Waiting for element to be displayed.
2025-12-15 09:27:15,282-DEBUG-root-4756::webapp_internal::wait_blocker|2444:: Waiting blocker to continue...
2025-12-15 09:27:15,405-DEBUG-root-4756::webapp_internal::wait_blocker|2469:: Blocker status: False
2025-12-15 09:27:19,360-DEBUG-root-4756::webapp_internal::wait_blocker|2444:: Waiting blocker to continue...
2025-12-15 09:27:19,487-DEBUG-root-4756::webapp_internal::wait_blocker|2469:: Blocker status: False
2025-12-15 09:27:19,624-INFO-root-4756::webapp_internal::WaitShow|4980:: Waiting show text 'Este ambiente utiliza base de Homologação.'...
2025-12-15 09:27:24,650-INFO-root-4756::webapp_internal::WaitShow|4980:: Waiting show text 'Moedas'...
2025-12-15 09:27:30,129-INFO-root-4756::webapp_internal::WaitShow|4980:: Waiting show text 'Solicitação de Viagens/Treinamento'...
2025-12-15 09:27:30,213-INFO-root-4756::webapp_internal::WaitShow|4996:: Text found! 
2025-12-15 09:27:30,214-DEBUG-root-4756::webapp_internal::wait_blocker|2444:: Waiting blocker to continue...
2025-12-15 09:27:30,340-DEBUG-root-4756::webapp_internal::wait_blocker|2469:: Blocker status: False
2025-12-15 09:27:30,341-INFO-root-4756::webapp_internal::SearchBrowse|2003:: Searching: 02DF0001000310
2025-12-15 09:27:30,539-DEBUG-root-4756::webapp_internal::wait_element_timeout|7726:: Element found! Waiting for element to be displayed.
2025-12-15 09:27:30,675-DEBUG-root-4756::webapp_internal::wait_blocker|2444:: Waiting blocker to continue...
2025-12-15 09:27:30,827-DEBUG-root-4756::webapp_internal::wait_blocker|2469:: Blocker status: False
2025-12-15 09:27:30,843-DEBUG-root-4756::webapp_internal::wait_blocker|2444:: Waiting blocker to continue...
2025-12-15 09:27:30,992-DEBUG-root-4756::webapp_internal::wait_blocker|2469:: Blocker status: False
2025-12-15 09:27:30,992-INFO-root-4756::webapp_internal::fill_search_browse|2399:: Filling: 02DF0001000310
2025-12-15 09:27:31,006-DEBUG-root-4756::base::click|192:: Click Type: ClickType.JS
2025-12-15 09:27:32,113-DEBUG-root-4756::webapp_internal::wait_blocker|2444:: Waiting blocker to continue...
2025-12-15 09:27:32,263-DEBUG-root-4756::webapp_internal::wait_blocker|2469:: Blocker status: False
2025-12-15 09:27:32,266-DEBUG-root-4756::base::double_click|259:: Click Type: ClickType.SELENIUM
2025-12-15 09:27:32,277-WARNING-root-4756::base::double_click|280:: Warning double_click method Exception: Message: Element <button class="button-image" type="button"> is not clickable at point (1844,131) because another element <wa-button id="COMP4530" class="dict-tbutton focus"> obscures it
Stacktrace:
RemoteError@chrome://remote/content/shared/RemoteError.sys.mjs:8:8
WebDriverError@chrome://remote/content/shared/webdriver/Errors.sys.mjs:202:5
ElementClickInterceptedError@chrome://remote/content/shared/webdriver/Errors.sys.mjs:354:5
webdriverClickElement@chrome://remote/content/marionette/interaction.sys.mjs:175:11
interaction.clickElement@chrome://remote/content/marionette/interaction.sys.mjs:134:11
clickElement@chrome://remote/content/marionette/actors/MarionetteCommandsChild.sys.mjs:327:29
receiveMessage@chrome://remote/content/marionette/actors/MarionetteCommandsChild.sys.mjs:210:31

2025-12-15 09:26:17,525-DEBUG-root-4756::logging_config::logger|189:: Log file created: 'Log\GESIT03\TIR__20251215092617517.log'
2025-12-15 09:26:17,525-INFO-root-4756::base::Start|1183:: TIR Version: 2.4.3
2025-12-15 09:26:17,525-INFO-root-4756::base::Start|1184:: Python Version: 3.12.10
2025-12-15 09:26:17,525-INFO-root-4756::base::Start|1185:: Starting the browser
2025-12-15 09:26:25,056-INFO-root-4756::base::get_url|1294:: Page is ready!
2025-12-15 09:26:25,060-INFO-root-4756::base::Start|1256:: Browser maximized to 1936x1048
2025-12-15 09:26:25,060-INFO-root-4756::base::Start|1258:: Screen size is different from default used in headless mode
2025-12-15 09:26:25,193-INFO-root-4756::webapp_internal::Setup|247:: ***System Info*** in Setup():
2025-12-15 09:26:25,194-DEBUG-root-4756::psutil_info::system_info|5:: CPU USAGE: 20.9%
2025-12-15 09:26:25,194-DEBUG-root-4756::psutil_info::system_info|6:: MEMORY USAGE: 91.3%
2025-12-15 09:26:25,194-DEBUG-root-4756::psutil_info::system_info|7:: MEMORY AVAILABLE: 8.73%
2025-12-15 09:26:25,206-INFO-root-4756::base::webapp_shadowroot|1394:: Webapp: 10.1.6-RC4
2025-12-15 09:26:25,232-INFO-root-4756::webapp_internal::filling_initial_program|449:: Filling Initial Program: "SIGAMDI"
2025-12-15 09:26:25,233-DEBUG-root-4756::webapp_internal::wait_element|7623:: Waiting for element
2025-12-15 09:26:25,291-DEBUG-root-4756::webapp_internal::wait_element|7653:: Element found! Waiting for element to be displayed.
2025-12-15 09:26:25,455-DEBUG-root-4756::base::click|192:: Click Type: ClickType.JS
2025-12-15 09:26:25,460-DEBUG-root-4756::webapp_internal::try_send_keys|7976:: Trying to send keys to element using technique 0
2025-12-15 09:26:26,026-DEBUG-root-4756::webapp_internal::get_web_value|3232:: Current value: SIGAMDI
2025-12-15 09:26:26,026-INFO-root-4756::webapp_internal::filling_server_environment|463:: Filling Server Environment: "POUPEX_TST"
2025-12-15 09:26:26,026-DEBUG-root-4756::webapp_internal::wait_element|7623:: Waiting for element
2025-12-15 09:26:26,050-DEBUG-root-4756::webapp_internal::wait_element|7653:: Element found! Waiting for element to be displayed.
2025-12-15 09:26:26,218-DEBUG-root-4756::base::click|192:: Click Type: ClickType.JS
2025-12-15 09:26:26,224-DEBUG-root-4756::webapp_internal::try_send_keys|7976:: Trying to send keys to element using technique 0
2025-12-15 09:26:26,553-DEBUG-root-4756::webapp_internal::get_web_value|3232:: Current value: POUPEX_TST
2025-12-15 09:26:26,577-DEBUG-root-4756::base::click|192:: Click Type: ClickType.JS
2025-12-15 09:26:26,593-DEBUG-root-4756::webapp_internal::user_screen|519:: Filling user screen
2025-12-15 09:26:33,090-DEBUG-root-4756::webapp_internal::wait_element_timeout|7726:: Element found! Waiting for element to be displayed.
2025-12-15 09:26:33,153-DEBUG-root-4756::base::scroll_to_element|759:: ********Warining scroll_to_element exception: Message: TypeError: can't access property "scrollIntoView", arguments[0] is null
Stacktrace:
@https://qasrverp:10020/webapp/:2:7
@https://qasrverp:10020/webapp/:3:8
*********
2025-12-15 09:26:33,302-INFO-root-4756::webapp_internal::user_screen|561:: Filling User
2025-12-15 09:26:33,330-DEBUG-root-4756::base::double_click|259:: Click Type: ClickType.SELENIUM
2025-12-15 09:26:33,529-DEBUG-root-4756::webapp_internal::get_web_value|3232:: Current value: 97137227104
2025-12-15 09:26:33,556-INFO-root-4756::webapp_internal::user_screen|621:: Filling Password
2025-12-15 09:26:33,580-DEBUG-root-4756::base::click|192:: Click Type: ClickType.JS
2025-12-15 09:26:33,660-DEBUG-root-4756::webapp_internal::get_web_value|3232:: Current value: Deire20191817+
2025-12-15 09:26:33,660-DEBUG-root-4756::webapp_internal::wait_blocker|2444:: Waiting blocker to continue...
2025-12-15 09:26:33,688-DEBUG-root-4756::webapp_internal::wait_blocker|2469:: Blocker status: None
2025-12-15 09:26:33,714-DEBUG-root-4756::webapp_internal::wait_blocker|2444:: Waiting blocker to continue...
2025-12-15 09:26:33,743-DEBUG-root-4756::webapp_internal::wait_blocker|2469:: Blocker status: None
2025-12-15 09:26:33,778-DEBUG-root-4756::webapp_internal::wait_blocker|2444:: Waiting blocker to continue...
2025-12-15 09:26:33,812-DEBUG-root-4756::webapp_internal::wait_blocker|2469:: Blocker status: None
2025-12-15 09:26:33,812-DEBUG-root-4756::webapp_internal::send_action|10480:: Trying to send action
2025-12-15 09:26:33,820-DEBUG-root-4756::base::click|192:: Click Type: ClickType.JS
2025-12-15 09:26:34,862-DEBUG-root-4756::webapp_internal::send_action|10522:: send_action method result = True
2025-12-15 09:26:34,862-DEBUG-root-4756::webapp_internal::send_action|10523:: send_action selenium status: False
2025-12-15 09:26:37,373-DEBUG-root-4756::base::scroll_to_element|759:: ********Warining scroll_to_element exception: Message: TypeError: can't access property "scrollIntoView", arguments[0] is null
Stacktrace:
@https://qasrverp:10020/webapp/:2:7
@https://qasrverp:10020/webapp/:3:8
*********
2025-12-15 09:26:37,425-INFO-root-4756::webapp_internal::filling_date|885:: Filling Date: "15/12/2025"
2025-12-15 09:26:37,425-DEBUG-root-4756::webapp_internal::wait_blocker|2444:: Waiting blocker to continue...
2025-12-15 09:26:37,465-DEBUG-root-4756::webapp_internal::wait_blocker|2469:: Blocker status: None
2025-12-15 09:26:37,470-DEBUG-root-4756::base::click|192:: Click Type: ClickType.JS
2025-12-15 09:26:37,493-DEBUG-root-4756::webapp_internal::try_send_keys|7976:: Trying to send keys to element using technique 1
2025-12-15 09:26:37,585-DEBUG-root-4756::webapp_internal::get_web_value|3232:: Current value: 15/12/2025
2025-12-15 09:26:38,671-INFO-root-4756::webapp_internal::filling_group|955:: Filling Group: "02"
2025-12-15 09:26:38,671-DEBUG-root-4756::webapp_internal::wait_blocker|2444:: Waiting blocker to continue...
2025-12-15 09:26:38,705-DEBUG-root-4756::webapp_internal::wait_blocker|2469:: Blocker status: None
2025-12-15 09:26:38,708-DEBUG-root-4756::base::click|192:: Click Type: ClickType.JS
2025-12-15 09:26:38,767-DEBUG-root-4756::webapp_internal::get_web_value|3232:: Current value: 02
2025-12-15 09:26:39,835-INFO-root-4756::webapp_internal::filling_branch|1047:: Filling Branch: "02DF0001"
2025-12-15 09:26:39,836-DEBUG-root-4756::webapp_internal::wait_blocker|2444:: Waiting blocker to continue...
2025-12-15 09:26:39,872-DEBUG-root-4756::webapp_internal::wait_blocker|2469:: Blocker status: None
2025-12-15 09:26:39,875-DEBUG-root-4756::base::click|192:: Click Type: ClickType.JS
2025-12-15 09:26:39,931-DEBUG-root-4756::webapp_internal::get_web_value|3232:: Current value: 02DF0001
2025-12-15 09:26:41,020-INFO-root-4756::webapp_internal::filling_environment|1113:: Filling Environment: "07"
2025-12-15 09:26:41,020-DEBUG-root-4756::webapp_internal::wait_blocker|2444:: Waiting blocker to continue...
2025-12-15 09:26:41,059-DEBUG-root-4756::webapp_internal::wait_blocker|2469:: Blocker status: None
2025-12-15 09:26:41,061-DEBUG-root-4756::base::click|192:: Click Type: ClickType.JS
2025-12-15 09:26:41,121-DEBUG-root-4756::webapp_internal::get_web_value|3232:: Current value: 07
2025-12-15 09:26:42,129-DEBUG-root-4756::webapp_internal::close_warning_screen|1489:: Closing warning screen!
2025-12-15 09:26:43,167-DEBUG-root-4756::webapp_internal::check_screen_element|1291:: Checking screen element: "Atenção": False
2025-12-15 09:26:44,275-INFO-root-4756::webapp_internal::environment_screen|796:: Clicking on Button
2025-12-15 09:26:44,275-DEBUG-root-4756::webapp_internal::wait_blocker|2444:: Waiting blocker to continue...
2025-12-15 09:26:44,308-DEBUG-root-4756::webapp_internal::wait_blocker|2469:: Blocker status: None
2025-12-15 09:26:44,311-DEBUG-root-4756::base::click|192:: Click Type: ClickType.JS
2025-12-15 09:26:45,323-DEBUG-root-4756::base::click|192:: Click Type: ClickType.JS
2025-12-15 09:26:46,331-DEBUG-root-4756::base::click|192:: Click Type: ClickType.JS
2025-12-15 09:26:47,342-DEBUG-root-4756::base::click|192:: Click Type: ClickType.JS
2025-12-15 09:26:48,354-DEBUG-root-4756::base::click|192:: Click Type: ClickType.JS
2025-12-15 09:26:49,370-DEBUG-root-4756::base::click|192:: Click Type: ClickType.JS
2025-12-15 09:26:50,382-DEBUG-root-4756::webapp_internal::close_screen_before_menu|368:: Closing screen before the menu
2025-12-15 09:26:50,460-DEBUG-root-4756::webapp_internal::close_warning_screen|1489:: Closing warning screen!
2025-12-15 09:26:51,543-DEBUG-root-4756::webapp_internal::check_screen_element|1291:: Checking screen element: "Atenção": False
2025-12-15 09:26:51,543-DEBUG-root-4756::webapp_internal::close_coin_screen|1424:: Closing coin screen!
2025-12-15 09:26:52,132-DEBUG-root-4756::base::click|192:: Click Type: ClickType.JS
2025-12-15 09:26:52,238-DEBUG-root-4756::webapp_internal::close_warning_screen|1489:: Closing warning screen!
2025-12-15 09:26:53,326-DEBUG-root-4756::webapp_internal::check_screen_element|1291:: Checking screen element: "Atenção": False
2025-12-15 09:26:53,326-DEBUG-root-4756::webapp_internal::close_coin_screen|1424:: Closing coin screen!
2025-12-15 09:26:53,507-INFO-root-4756::webapp_internal::set_log_info|1623:: Getting log info
2025-12-15 09:26:53,507-INFO-root-4756::webapp_internal::SetLateralMenu|4184:: Navigating lateral menu: Ajuda > Sobre
2025-12-15 09:26:53,538-DEBUG-root-4756::webapp_internal::wait_element|7623:: Waiting for element
2025-12-15 09:26:53,630-DEBUG-root-4756::webapp_internal::wait_element|7653:: Element found! Waiting for element to be displayed.
2025-12-15 09:26:53,870-INFO-root-4756::webapp_internal::SetLateralMenu|4203:: Menu item: "Ajuda"
2025-12-15 09:26:53,873-DEBUG-root-4756::webapp_internal::wait_blocker|2444:: Waiting blocker to continue...
2025-12-15 09:26:53,990-DEBUG-root-4756::webapp_internal::wait_blocker|2469:: Blocker status: False
2025-12-15 09:26:54,461-DEBUG-root-4756::webapp_internal::wait_element_timeout|7726:: Element found! Waiting for element to be displayed.
2025-12-15 09:26:54,944-DEBUG-root-4756::webapp_internal::wait_blocker|2444:: Waiting blocker to continue...
2025-12-15 09:26:55,044-DEBUG-root-4756::webapp_internal::wait_blocker|2469:: Blocker status: False
2025-12-15 09:26:57,338-INFO-root-4756::webapp_internal::SetLateralMenu|4203:: Menu item: "Sobre"
2025-12-15 09:26:57,339-DEBUG-root-4756::webapp_internal::wait_blocker|2444:: Waiting blocker to continue...
2025-12-15 09:26:57,435-DEBUG-root-4756::webapp_internal::wait_blocker|2469:: Blocker status: False
2025-12-15 09:26:57,923-DEBUG-root-4756::webapp_internal::wait_element_timeout|7726:: Element found! Waiting for element to be displayed.
2025-12-15 09:26:58,443-DEBUG-root-4756::webapp_internal::wait_blocker|2444:: Waiting blocker to continue...
2025-12-15 09:26:58,547-DEBUG-root-4756::webapp_internal::wait_blocker|2469:: Blocker status: False
2025-12-15 09:27:01,360-DEBUG-root-4756::webapp_internal::wait_blocker|2444:: Waiting blocker to continue...
2025-12-15 09:27:01,465-DEBUG-root-4756::webapp_internal::wait_blocker|2469:: Blocker status: False
2025-12-15 09:27:01,590-DEBUG-root-4756::webapp_internal::wait_element|7623:: Waiting for element
2025-12-15 09:27:01,664-DEBUG-root-4756::webapp_internal::wait_element|7653:: Element found! Waiting for element to be displayed.
2025-12-15 09:27:01,869-INFO-root-4756::webapp_internal::SetButton|4444:: Clicking on Fechar
2025-12-15 09:27:01,870-DEBUG-root-4756::webapp_internal::wait_blocker|2444:: Waiting blocker to continue...
2025-12-15 09:27:01,986-DEBUG-root-4756::webapp_internal::wait_blocker|2469:: Blocker status: False
2025-12-15 09:27:02,230-DEBUG-root-4756::webapp_internal::wait_element_timeout|7726:: Element found! Waiting for element to be displayed.
2025-12-15 09:27:02,373-DEBUG-root-4756::webapp_internal::SetButton|4481:: ***System Info*** Before Clicking on button:Fechar
2025-12-15 09:27:02,373-DEBUG-root-4756::psutil_info::system_info|5:: CPU USAGE: 12.6%
2025-12-15 09:27:02,374-DEBUG-root-4756::psutil_info::system_info|6:: MEMORY USAGE: 93.6%
2025-12-15 09:27:02,374-DEBUG-root-4756::psutil_info::system_info|7:: MEMORY AVAILABLE: 6.44%
2025-12-15 09:27:02,592-DEBUG-root-4756::webapp_internal::wait_element_timeout|7726:: Element found! Waiting for element to be displayed.
2025-12-15 09:27:02,827-DEBUG-root-4756::webapp_internal::wait_blocker|2444:: Waiting blocker to continue...
2025-12-15 09:27:02,949-DEBUG-root-4756::webapp_internal::wait_blocker|2469:: Blocker status: False
2025-12-15 09:27:02,982-DEBUG-root-4756::webapp_internal::wait_blocker|2444:: Waiting blocker to continue...
2025-12-15 09:27:03,109-DEBUG-root-4756::webapp_internal::wait_blocker|2469:: Blocker status: False
2025-12-15 09:27:03,110-DEBUG-root-4756::webapp_internal::send_action|10480:: Trying to send action
2025-12-15 09:27:03,114-DEBUG-root-4756::base::click|192:: Click Type: ClickType.JS
2025-12-15 09:27:04,164-DEBUG-root-4756::webapp_internal::send_action|10522:: send_action method result = True
2025-12-15 09:27:04,164-DEBUG-root-4756::webapp_internal::send_action|10523:: send_action selenium status: False
2025-12-15 09:27:04,165-DEBUG-root-4756::webapp_internal::SetButton|4683:: ***System Info*** After Clicking on button:
2025-12-15 09:27:04,166-DEBUG-root-4756::psutil_info::system_info|5:: CPU USAGE: 19.1%
2025-12-15 09:27:04,167-DEBUG-root-4756::psutil_info::system_info|6:: MEMORY USAGE: 93.5%
2025-12-15 09:27:04,168-DEBUG-root-4756::psutil_info::system_info|7:: MEMORY AVAILABLE: 6.54%
2025-12-15 09:27:04,168-DEBUG-root-4756::webapp_internal::wait_element|7623:: Waiting for element
2025-12-15 09:27:04,326-INFO-root-4756::webapp_internal::SetLateralMenu|4184:: Navigating lateral menu: Atualizações > Gestao de Viagens > Solicitações
2025-12-15 09:27:04,342-DEBUG-root-4756::webapp_internal::wait_element|7623:: Waiting for element
2025-12-15 09:27:04,406-DEBUG-root-4756::webapp_internal::wait_element|7653:: Element found! Waiting for element to be displayed.
2025-12-15 09:27:04,613-INFO-root-4756::webapp_internal::SetLateralMenu|4203:: Menu item: "Atualizações"
2025-12-15 09:27:04,613-DEBUG-root-4756::webapp_internal::wait_blocker|2444:: Waiting blocker to continue...
2025-12-15 09:27:04,739-DEBUG-root-4756::webapp_internal::wait_blocker|2469:: Blocker status: False
2025-12-15 09:27:05,269-DEBUG-root-4756::webapp_internal::wait_element_timeout|7726:: Element found! Waiting for element to be displayed.
2025-12-15 09:27:05,799-DEBUG-root-4756::webapp_internal::wait_blocker|2444:: Waiting blocker to continue...
2025-12-15 09:27:05,897-DEBUG-root-4756::webapp_internal::wait_blocker|2469:: Blocker status: False
2025-12-15 09:27:08,200-INFO-root-4756::webapp_internal::SetLateralMenu|4203:: Menu item: "Gestao de Viagens"
2025-12-15 09:27:08,202-DEBUG-root-4756::webapp_internal::wait_blocker|2444:: Waiting blocker to continue...
2025-12-15 09:27:08,378-DEBUG-root-4756::webapp_internal::wait_blocker|2469:: Blocker status: False
2025-12-15 09:27:09,397-DEBUG-root-4756::webapp_internal::wait_element_timeout|7726:: Element found! Waiting for element to be displayed.
2025-12-15 09:27:10,441-DEBUG-root-4756::webapp_internal::wait_blocker|2444:: Waiting blocker to continue...
2025-12-15 09:27:10,599-DEBUG-root-4756::webapp_internal::wait_blocker|2469:: Blocker status: False
2025-12-15 09:27:12,902-INFO-root-4756::webapp_internal::SetLateralMenu|4203:: Menu item: "Solicitações"
2025-12-15 09:27:12,903-DEBUG-root-4756::webapp_internal::wait_blocker|2444:: Waiting blocker to continue...
2025-12-15 09:27:13,026-DEBUG-root-4756::webapp_internal::wait_blocker|2469:: Blocker status: False
2025-12-15 09:27:14,203-DEBUG-root-4756::webapp_internal::wait_element_timeout|7726:: Element found! Waiting for element to be displayed.
2025-12-15 09:27:15,282-DEBUG-root-4756::webapp_internal::wait_blocker|2444:: Waiting blocker to continue...
2025-12-15 09:27:15,405-DEBUG-root-4756::webapp_internal::wait_blocker|2469:: Blocker status: False
2025-12-15 09:27:19,360-DEBUG-root-4756::webapp_internal::wait_blocker|2444:: Waiting blocker to continue...
2025-12-15 09:27:19,487-DEBUG-root-4756::webapp_internal::wait_blocker|2469:: Blocker status: False
2025-12-15 09:27:19,624-INFO-root-4756::webapp_internal::WaitShow|4980:: Waiting show text 'Este ambiente utiliza base de Homologação.'...
2025-12-15 09:27:24,650-INFO-root-4756::webapp_internal::WaitShow|4980:: Waiting show text 'Moedas'...
2025-12-15 09:27:30,129-INFO-root-4756::webapp_internal::WaitShow|4980:: Waiting show text 'Solicitação de Viagens/Treinamento'...
2025-12-15 09:27:30,213-INFO-root-4756::webapp_internal::WaitShow|4996:: Text found! 
2025-12-15 09:27:30,214-DEBUG-root-4756::webapp_internal::wait_blocker|2444:: Waiting blocker to continue...
2025-12-15 09:27:30,340-DEBUG-root-4756::webapp_internal::wait_blocker|2469:: Blocker status: False
2025-12-15 09:27:30,341-INFO-root-4756::webapp_internal::SearchBrowse|2003:: Searching: 02DF0001000310
2025-12-15 09:27:30,539-DEBUG-root-4756::webapp_internal::wait_element_timeout|7726:: Element found! Waiting for element to be displayed.
2025-12-15 09:27:30,675-DEBUG-root-4756::webapp_internal::wait_blocker|2444:: Waiting blocker to continue...
2025-12-15 09:27:30,827-DEBUG-root-4756::webapp_internal::wait_blocker|2469:: Blocker status: False
2025-12-15 09:27:30,843-DEBUG-root-4756::webapp_internal::wait_blocker|2444:: Waiting blocker to continue...
2025-12-15 09:27:30,992-DEBUG-root-4756::webapp_internal::wait_blocker|2469:: Blocker status: False
2025-12-15 09:27:30,992-INFO-root-4756::webapp_internal::fill_search_browse|2399:: Filling: 02DF0001000310
2025-12-15 09:27:31,006-DEBUG-root-4756::base::click|192:: Click Type: ClickType.JS
2025-12-15 09:27:32,113-DEBUG-root-4756::webapp_internal::wait_blocker|2444:: Waiting blocker to continue...
2025-12-15 09:27:32,263-DEBUG-root-4756::webapp_internal::wait_blocker|2469:: Blocker status: False
2025-12-15 09:27:32,266-DEBUG-root-4756::base::double_click|259:: Click Type: ClickType.SELENIUM
2025-12-15 09:27:32,277-WARNING-root-4756::base::double_click|280:: Warning double_click method Exception: Message: Element <button class="button-image" type="button"> is not clickable at point (1844,131) because another element <wa-button id="COMP4530" class="dict-tbutton focus"> obscures it
Stacktrace:
RemoteError@chrome://remote/content/shared/RemoteError.sys.mjs:8:8
WebDriverError@chrome://remote/content/shared/webdriver/Errors.sys.mjs:202:5
ElementClickInterceptedError@chrome://remote/content/shared/webdriver/Errors.sys.mjs:354:5
webdriverClickElement@chrome://remote/content/marionette/interaction.sys.mjs:175:11
interaction.clickElement@chrome://remote/content/marionette/interaction.sys.mjs:134:11
clickElement@chrome://remote/content/marionette/actors/MarionetteCommandsChild.sys.mjs:327:29
receiveMessage@chrome://remote/content/marionette/actors/MarionetteCommandsChild.sys.mjs:210:31

